<html>
<head>
<title>TestNG:  Test</title>
<link href="../testng.css" rel="stylesheet" type="text/css" />
<link href="../my-testng.css" rel="stylesheet" type="text/css" />

<style type="text/css">
.log { display: none;} 
.stack-trace { display: none;} 
</style>
<script type="text/javascript">
<!--
function flip(e) {
  current = e.style.display;
  if (current == 'block') {
    e.style.display = 'none';
    return 0;
  }
  else {
    e.style.display = 'block';
    return 1;
  }
}

function toggleBox(szDivId, elem, msg1, msg2)
{
  var res = -1;  if (document.getElementById) {
    res = flip(document.getElementById(szDivId));
  }
  else if (document.all) {
    // this is the way old msie versions work
    res = flip(document.all[szDivId]);
  }
  if(elem) {
    if(res == 0) elem.innerHTML = msg1; else elem.innerHTML = msg2;
  }

}

function toggleAllBoxes() {
  if (document.getElementsByTagName) {
    d = document.getElementsByTagName('div');
    for (i = 0; i < d.length; i++) {
      if (d[i].className == 'log') {
        flip(d[i]);
      }
    }
  }
}

// -->
</script>

</head>
<body>
<h2 align='center'>Test</h2><table border='1' align="center">
<tr>
<td>Tests passed/Failed/Skipped:</td><td>195/7/0</td>
</tr><tr>
<td>Started on:</td><td>Mon Jan 02 11:33:00 IST 2023</td>
</tr>
<tr><td>Total time:</td><td>7407 seconds (7407424 ms)</td>
</tr><tr>
<td>Included groups:</td><td></td>
</tr><tr>
<td>Excluded groups:</td><td></td>
</tr>
</table><p/>
<small><i>(Hover the method name to see the test class name)</i></small><p/>
<table width='100%' border='1' class='invocation-failed'>
<tr><td colspan='4' align='center'><b>FAILED TESTS</b></td></tr>
<tr><td><b>Test method</b></td>
<td width="30%"><b>Exception</b></td>
<td width="10%"><b>Time (seconds)</b></td>
<td><b>Instance</b></td>
</tr>
<tr>
<td title='com.focus.testcases.BatchNegativeTestingOptionsTest.checkAuthorisedVoucherInSalesOrder()'><b>checkAuthorisedVoucherInSalesOrder</b><br>Test class: com.focus.testcases.BatchNegativeTestingOptionsTest<br/>
<a href="#Output-1023312173" onClick='toggleBox("Output-1023312173", this, "Show output", "Hide output");'>Show output</a>

<a href="#Output-1023312173" onClick="toggleAllBoxes();">Show all outputs</a>
<div class='log' id="Output-1023312173">
Completed executing following method : BatchNegativeTestingOptionsTest.checkAuthorisedVoucherInSalesOrder<br/>
Test Method resides in com.focus.testcases.BatchNegativeTestingOptionsTest<br/>
Test Status: Failed<br/>
About to begin executing following method : BaseEngine.afterMethodExecution<br/>
</div>
</td>
<td><div><pre>java.lang.AssertionError: expected [true] but found [false]
	at com.focus.testcases.BatchNegativeTestingOptionsTest.checkAuthorisedVoucherInSalesOrder(BatchNegativeTestingOptionsTest.java:3076)
... Removed 30 stack frames</pre></div><a href='#' onClick='toggleBox("stack-trace1023312173", this, "Click to show all stack frames", "Click to hide stack frames")'>Click to show all stack frames</a>
<div class='stack-trace' id='stack-trace1023312173'><pre>java.lang.AssertionError: expected [true] but found [false]
	at org.testng.Assert.fail(Assert.java:94)
	at org.testng.Assert.failNotEquals(Assert.java:513)
	at org.testng.Assert.assertEqualsImpl(Assert.java:135)
	at org.testng.Assert.assertEquals(Assert.java:116)
	at org.testng.Assert.assertEquals(Assert.java:305)
	at org.testng.Assert.assertEquals(Assert.java:315)
	at com.focus.testcases.BatchNegativeTestingOptionsTest.checkAuthorisedVoucherInSalesOrder(BatchNegativeTestingOptionsTest.java:3076)
	at sun.reflect.NativeMethodAccessorImpl.invoke0(Native Method)
	at sun.reflect.NativeMethodAccessorImpl.invoke(Unknown Source)
	at sun.reflect.DelegatingMethodAccessorImpl.invoke(Unknown Source)
	at java.lang.reflect.Method.invoke(Unknown Source)
	at org.testng.internal.MethodInvocationHelper.invokeMethod(MethodInvocationHelper.java:86)
	at org.testng.internal.Invoker.invokeMethod(Invoker.java:643)
	at org.testng.internal.Invoker.invokeTestMethod(Invoker.java:820)
	at org.testng.internal.Invoker.invokeTestMethods(Invoker.java:1128)
	at org.testng.internal.TestMethodWorker.invokeTestMethods(TestMethodWorker.java:129)
	at org.testng.internal.TestMethodWorker.run(TestMethodWorker.java:112)
	at org.testng.TestRunner.privateRun(TestRunner.java:782)
	at org.testng.TestRunner.run(TestRunner.java:632)
	at org.testng.SuiteRunner.runTest(SuiteRunner.java:366)
	at org.testng.SuiteRunner.runSequentially(SuiteRunner.java:361)
	at org.testng.SuiteRunner.privateRun(SuiteRunner.java:319)
	at org.testng.SuiteRunner.run(SuiteRunner.java:268)
	at org.testng.SuiteRunnerWorker.runSuite(SuiteRunnerWorker.java:52)
	at org.testng.SuiteRunnerWorker.run(SuiteRunnerWorker.java:86)
	at org.testng.TestNG.runSuitesSequentially(TestNG.java:1244)
	at org.testng.TestNG.runSuitesLocally(TestNG.java:1169)
	at org.testng.TestNG.run(TestNG.java:1064)
	at org.testng.remote.AbstractRemoteTestNG.run(AbstractRemoteTestNG.java:114)
	at org.testng.remote.RemoteTestNG.initAndRun(RemoteTestNG.java:251)
	at org.testng.remote.RemoteTestNG.main(RemoteTestNG.java:77)
</pre></div></td>
<td>36</td>
<td>com.focus.testcases.BatchNegativeTestingOptionsTest@23e028a9</td></tr>
<tr>
<td title='com.focus.testcases.BatchNegativeTestingOptionsTest.checkReSavingPurchaseVoucherVATVoucher1WithCurrentDate()'><b>checkReSavingPurchaseVoucherVATVoucher1WithCurrentDate</b><br>Test class: com.focus.testcases.BatchNegativeTestingOptionsTest<br/>
<a href="#Output-1364075386" onClick='toggleBox("Output-1364075386", this, "Show output", "Hide output");'>Show output</a>

<a href="#Output-1364075386" onClick="toggleAllBoxes();">Show all outputs</a>
<div class='log' id="Output-1364075386">
Completed executing following method : BatchNegativeTestingOptionsTest.checkReSavingPurchaseVoucherVATVoucher1WithCurrentDate<br/>
Test Method resides in com.focus.testcases.BatchNegativeTestingOptionsTest<br/>
Test Status: Failed<br/>
About to begin executing following method : BaseEngine.afterMethodExecution<br/>
</div>
</td>
<td><div><pre>java.lang.AssertionError: expected [true] but found [false]
	at com.focus.testcases.BatchNegativeTestingOptionsTest.checkReSavingPurchaseVoucherVATVoucher1WithCurrentDate(BatchNegativeTestingOptionsTest.java:1594)
... Removed 30 stack frames</pre></div><a href='#' onClick='toggleBox("stack-trace1364075386", this, "Click to show all stack frames", "Click to hide stack frames")'>Click to show all stack frames</a>
<div class='stack-trace' id='stack-trace1364075386'><pre>java.lang.AssertionError: expected [true] but found [false]
	at org.testng.Assert.fail(Assert.java:94)
	at org.testng.Assert.failNotEquals(Assert.java:513)
	at org.testng.Assert.assertEqualsImpl(Assert.java:135)
	at org.testng.Assert.assertEquals(Assert.java:116)
	at org.testng.Assert.assertEquals(Assert.java:305)
	at org.testng.Assert.assertEquals(Assert.java:315)
	at com.focus.testcases.BatchNegativeTestingOptionsTest.checkReSavingPurchaseVoucherVATVoucher1WithCurrentDate(BatchNegativeTestingOptionsTest.java:1594)
	at sun.reflect.NativeMethodAccessorImpl.invoke0(Native Method)
	at sun.reflect.NativeMethodAccessorImpl.invoke(Unknown Source)
	at sun.reflect.DelegatingMethodAccessorImpl.invoke(Unknown Source)
	at java.lang.reflect.Method.invoke(Unknown Source)
	at org.testng.internal.MethodInvocationHelper.invokeMethod(MethodInvocationHelper.java:86)
	at org.testng.internal.Invoker.invokeMethod(Invoker.java:643)
	at org.testng.internal.Invoker.invokeTestMethod(Invoker.java:820)
	at org.testng.internal.Invoker.invokeTestMethods(Invoker.java:1128)
	at org.testng.internal.TestMethodWorker.invokeTestMethods(TestMethodWorker.java:129)
	at org.testng.internal.TestMethodWorker.run(TestMethodWorker.java:112)
	at org.testng.TestRunner.privateRun(TestRunner.java:782)
	at org.testng.TestRunner.run(TestRunner.java:632)
	at org.testng.SuiteRunner.runTest(SuiteRunner.java:366)
	at org.testng.SuiteRunner.runSequentially(SuiteRunner.java:361)
	at org.testng.SuiteRunner.privateRun(SuiteRunner.java:319)
	at org.testng.SuiteRunner.run(SuiteRunner.java:268)
	at org.testng.SuiteRunnerWorker.runSuite(SuiteRunnerWorker.java:52)
	at org.testng.SuiteRunnerWorker.run(SuiteRunnerWorker.java:86)
	at org.testng.TestNG.runSuitesSequentially(TestNG.java:1244)
	at org.testng.TestNG.runSuitesLocally(TestNG.java:1169)
	at org.testng.TestNG.run(TestNG.java:1064)
	at org.testng.remote.AbstractRemoteTestNG.run(AbstractRemoteTestNG.java:114)
	at org.testng.remote.RemoteTestNG.initAndRun(RemoteTestNG.java:251)
	at org.testng.remote.RemoteTestNG.main(RemoteTestNG.java:77)
</pre></div></td>
<td>21</td>
<td>com.focus.testcases.BatchNegativeTestingOptionsTest@23e028a9</td></tr>
<tr>
<td title='com.focus.testcases.BatchNegativeTestingOptionsTest.checkReSavingPurchaseVoucherVATVoucher1WithDateNextToCurrentDate()'><b>checkReSavingPurchaseVoucherVATVoucher1WithDateNextToCurrentDate</b><br>Test class: com.focus.testcases.BatchNegativeTestingOptionsTest<br/>
<a href="#Output-1215823547" onClick='toggleBox("Output-1215823547", this, "Show output", "Hide output");'>Show output</a>

<a href="#Output-1215823547" onClick="toggleAllBoxes();">Show all outputs</a>
<div class='log' id="Output-1215823547">
Completed executing following method : BatchNegativeTestingOptionsTest.checkReSavingPurchaseVoucherVATVoucher1WithDateNextToCurrentDate<br/>
Test Method resides in com.focus.testcases.BatchNegativeTestingOptionsTest<br/>
Test Status: Failed<br/>
About to begin executing following method : BaseEngine.afterMethodExecution<br/>
</div>
</td>
<td><div><pre>java.lang.AssertionError: expected [true] but found [false]
	at com.focus.testcases.BatchNegativeTestingOptionsTest.checkReSavingPurchaseVoucherVATVoucher1WithDateNextToCurrentDate(BatchNegativeTestingOptionsTest.java:1549)
... Removed 30 stack frames</pre></div><a href='#' onClick='toggleBox("stack-trace1215823547", this, "Click to show all stack frames", "Click to hide stack frames")'>Click to show all stack frames</a>
<div class='stack-trace' id='stack-trace1215823547'><pre>java.lang.AssertionError: expected [true] but found [false]
	at org.testng.Assert.fail(Assert.java:94)
	at org.testng.Assert.failNotEquals(Assert.java:513)
	at org.testng.Assert.assertEqualsImpl(Assert.java:135)
	at org.testng.Assert.assertEquals(Assert.java:116)
	at org.testng.Assert.assertEquals(Assert.java:305)
	at org.testng.Assert.assertEquals(Assert.java:315)
	at com.focus.testcases.BatchNegativeTestingOptionsTest.checkReSavingPurchaseVoucherVATVoucher1WithDateNextToCurrentDate(BatchNegativeTestingOptionsTest.java:1549)
	at sun.reflect.NativeMethodAccessorImpl.invoke0(Native Method)
	at sun.reflect.NativeMethodAccessorImpl.invoke(Unknown Source)
	at sun.reflect.DelegatingMethodAccessorImpl.invoke(Unknown Source)
	at java.lang.reflect.Method.invoke(Unknown Source)
	at org.testng.internal.MethodInvocationHelper.invokeMethod(MethodInvocationHelper.java:86)
	at org.testng.internal.Invoker.invokeMethod(Invoker.java:643)
	at org.testng.internal.Invoker.invokeTestMethod(Invoker.java:820)
	at org.testng.internal.Invoker.invokeTestMethods(Invoker.java:1128)
	at org.testng.internal.TestMethodWorker.invokeTestMethods(TestMethodWorker.java:129)
	at org.testng.internal.TestMethodWorker.run(TestMethodWorker.java:112)
	at org.testng.TestRunner.privateRun(TestRunner.java:782)
	at org.testng.TestRunner.run(TestRunner.java:632)
	at org.testng.SuiteRunner.runTest(SuiteRunner.java:366)
	at org.testng.SuiteRunner.runSequentially(SuiteRunner.java:361)
	at org.testng.SuiteRunner.privateRun(SuiteRunner.java:319)
	at org.testng.SuiteRunner.run(SuiteRunner.java:268)
	at org.testng.SuiteRunnerWorker.runSuite(SuiteRunnerWorker.java:52)
	at org.testng.SuiteRunnerWorker.run(SuiteRunnerWorker.java:86)
	at org.testng.TestNG.runSuitesSequentially(TestNG.java:1244)
	at org.testng.TestNG.runSuitesLocally(TestNG.java:1169)
	at org.testng.TestNG.run(TestNG.java:1064)
	at org.testng.remote.AbstractRemoteTestNG.run(AbstractRemoteTestNG.java:114)
	at org.testng.remote.RemoteTestNG.initAndRun(RemoteTestNG.java:251)
	at org.testng.remote.RemoteTestNG.main(RemoteTestNG.java:77)
</pre></div></td>
<td>60</td>
<td>com.focus.testcases.BatchNegativeTestingOptionsTest@23e028a9</td></tr>
<tr>
<td title='com.focus.testcases.BatchNegativeTestingOptionsTest.checkReSavingPurchaseVoucherVATVoucher1WithDateNextToCurrentDateAfterSuspendingSalesInvoice()'><b>checkReSavingPurchaseVoucherVATVoucher1WithDateNextToCurrentDateAfterSuspendingSalesInvoice</b><br>Test class: com.focus.testcases.BatchNegativeTestingOptionsTest<br/>
<a href="#Output-1857251031" onClick='toggleBox("Output-1857251031", this, "Show output", "Hide output");'>Show output</a>

<a href="#Output-1857251031" onClick="toggleAllBoxes();">Show all outputs</a>
<div class='log' id="Output-1857251031">
Completed executing following method : BatchNegativeTestingOptionsTest.checkReSavingPurchaseVoucherVATVoucher1WithDateNextToCurrentDateAfterSuspendingSalesInvoice<br/>
Test Method resides in com.focus.testcases.BatchNegativeTestingOptionsTest<br/>
Test Status: Failed<br/>
About to begin executing following method : BaseEngine.afterMethodExecution<br/>
</div>
</td>
<td><div><pre>java.lang.AssertionError: expected [true] but found [false]
	at com.focus.testcases.BatchNegativeTestingOptionsTest.checkReSavingPurchaseVoucherVATVoucher1WithDateNextToCurrentDateAfterSuspendingSalesInvoice(BatchNegativeTestingOptionsTest.java:1570)
... Removed 30 stack frames</pre></div><a href='#' onClick='toggleBox("stack-trace1857251031", this, "Click to show all stack frames", "Click to hide stack frames")'>Click to show all stack frames</a>
<div class='stack-trace' id='stack-trace1857251031'><pre>java.lang.AssertionError: expected [true] but found [false]
	at org.testng.Assert.fail(Assert.java:94)
	at org.testng.Assert.failNotEquals(Assert.java:513)
	at org.testng.Assert.assertEqualsImpl(Assert.java:135)
	at org.testng.Assert.assertEquals(Assert.java:116)
	at org.testng.Assert.assertEquals(Assert.java:305)
	at org.testng.Assert.assertEquals(Assert.java:315)
	at com.focus.testcases.BatchNegativeTestingOptionsTest.checkReSavingPurchaseVoucherVATVoucher1WithDateNextToCurrentDateAfterSuspendingSalesInvoice(BatchNegativeTestingOptionsTest.java:1570)
	at sun.reflect.NativeMethodAccessorImpl.invoke0(Native Method)
	at sun.reflect.NativeMethodAccessorImpl.invoke(Unknown Source)
	at sun.reflect.DelegatingMethodAccessorImpl.invoke(Unknown Source)
	at java.lang.reflect.Method.invoke(Unknown Source)
	at org.testng.internal.MethodInvocationHelper.invokeMethod(MethodInvocationHelper.java:86)
	at org.testng.internal.Invoker.invokeMethod(Invoker.java:643)
	at org.testng.internal.Invoker.invokeTestMethod(Invoker.java:820)
	at org.testng.internal.Invoker.invokeTestMethods(Invoker.java:1128)
	at org.testng.internal.TestMethodWorker.invokeTestMethods(TestMethodWorker.java:129)
	at org.testng.internal.TestMethodWorker.run(TestMethodWorker.java:112)
	at org.testng.TestRunner.privateRun(TestRunner.java:782)
	at org.testng.TestRunner.run(TestRunner.java:632)
	at org.testng.SuiteRunner.runTest(SuiteRunner.java:366)
	at org.testng.SuiteRunner.runSequentially(SuiteRunner.java:361)
	at org.testng.SuiteRunner.privateRun(SuiteRunner.java:319)
	at org.testng.SuiteRunner.run(SuiteRunner.java:268)
	at org.testng.SuiteRunnerWorker.runSuite(SuiteRunnerWorker.java:52)
	at org.testng.SuiteRunnerWorker.run(SuiteRunnerWorker.java:86)
	at org.testng.TestNG.runSuitesSequentially(TestNG.java:1244)
	at org.testng.TestNG.runSuitesLocally(TestNG.java:1169)
	at org.testng.TestNG.run(TestNG.java:1064)
	at org.testng.remote.AbstractRemoteTestNG.run(AbstractRemoteTestNG.java:114)
	at org.testng.remote.RemoteTestNG.initAndRun(RemoteTestNG.java:251)
	at org.testng.remote.RemoteTestNG.main(RemoteTestNG.java:77)
</pre></div></td>
<td>21</td>
<td>com.focus.testcases.BatchNegativeTestingOptionsTest@23e028a9</td></tr>
<tr>
<td title='com.focus.testcases.BatchNegativeTestingOptionsTest.checkSavingSIWithLoadingLinks()'><b>checkSavingSIWithLoadingLinks</b><br>Test class: com.focus.testcases.BatchNegativeTestingOptionsTest<br/>
<a href="#Output-1083590778" onClick='toggleBox("Output-1083590778", this, "Show output", "Hide output");'>Show output</a>

<a href="#Output-1083590778" onClick="toggleAllBoxes();">Show all outputs</a>
<div class='log' id="Output-1083590778">
Completed executing following method : BatchNegativeTestingOptionsTest.checkSavingSIWithLoadingLinks<br/>
Test Method resides in com.focus.testcases.BatchNegativeTestingOptionsTest<br/>
Test Status: Failed<br/>
About to begin executing following method : BaseEngine.afterMethodExecution<br/>
</div>
</td>
<td><div><pre>org.openqa.selenium.UnhandledAlertException: unexpected alert open: {Alert text : You are trying to issues batch quantity which is not reserved against this link. 

 Are you sure you want to continue?}
  (Session info: chrome=108.0.5359.125): You are trying to issues batch quantity which is not reserved against this link. 

 Are you sure you want to continue?
Build info: version: &apos;3.12.0&apos;, revision: &apos;7c6e0b3&apos;, time: &apos;2018-05-08T14:04:26.12Z&apos;
System info: host: &apos;FOCUS-QA-133&apos;, ip: &apos;192.168.4.108&apos;, os.name: &apos;Windows 10&apos;, os.arch: &apos;amd64&apos;, os.version: &apos;10.0&apos;, java.version: &apos;1.8.0_111&apos;
Driver info: org.openqa.selenium.chrome.ChromeDriver
Capabilities {acceptInsecureCerts: false, browserName: chrome, browserVersion: 108.0.5359.125, chrome: {chromedriverVersion: 108.0.5359.71 (1e0e3868ee06..., userDataDir: C:\Users\Sanjeev\AppData\Lo...}, goog:chromeOptions: {debuggerAddress: localhost:52065}, javascriptEnabled: true, networkConnectionEnabled: false, pageLoadStrategy: normal, platform: WINDOWS, platformName: WINDOWS, proxy: Proxy(), setWindowRect: true, strictFileInteractability: false, timeouts: {implicit: 0, pageLoad: 300000, script: 30000}, unhandledPromptBehavior: dismiss and notify, webauthn:extension:credBlob: true, webauthn:extension:largeBlob: true, webauthn:virtualAuthenticators: true}
Session ID: 420938ad11b9dfc00575674499c66038
*** Element info: {Using=xpath, value=//*[@id=&apos;id_transaction_entry_detail_table_body&apos;]/tr[1]/td[20]}
	at org.openqa.selenium.remote.http.W3CHttpResponseCodec.decode(W3CHttpResponseCodec.java:120)
	at org.openqa.selenium.remote.http.W3CHttpResponseCodec.decode(W3CHttpResponseCodec.java:49)
	at org.openqa.selenium.remote.HttpCommandExecutor.execute(HttpCommandExecutor.java:158)
	at org.openqa.selenium.remote.service.DriverCommandExecutor.execute(DriverCommandExecutor.java:83)
	at org.openqa.selenium.remote.RemoteWebDriver.execute(RemoteWebDriver.java:543)
	at org.openqa.selenium.remote.RemoteWebDriver.findElement(RemoteWebDriver.java:317)
	at org.openqa.selenium.remote.RemoteWebDriver.findElementByXPath(RemoteWebDriver.java:419)
	at org.openqa.selenium.By$ByXPath.findElement(By.java:353)
	at org.openqa.selenium.remote.RemoteWebDriver.findElement(RemoteWebDriver.java:309)
	at org.openqa.selenium.support.pagefactory.DefaultElementLocator.findElement(DefaultElementLocator.java:69)
	at org.openqa.selenium.support.pagefactory.internal.LocatingElementHandler.invoke(LocatingElementHandler.java:38)
	at com.sun.proxy.$Proxy12.isDisplayed(Unknown Source)
	at org.openqa.selenium.support.ui.ExpectedConditions.elementIfVisible(ExpectedConditions.java:315)
	at org.openqa.selenium.support.ui.ExpectedConditions.access$100(ExpectedConditions.java:44)
	at org.openqa.selenium.support.ui.ExpectedConditions$10.apply(ExpectedConditions.java:301)
	at org.openqa.selenium.support.ui.ExpectedConditions$10.apply(ExpectedConditions.java:298)
	at org.openqa.selenium.support.ui.ExpectedConditions$23.apply(ExpectedConditions.java:686)
	at org.openqa.selenium.support.ui.ExpectedConditions$23.apply(ExpectedConditions.java:682)
	at org.openqa.selenium.support.ui.FluentWait.until(FluentWait.java:248)
	at com.focus.Pages.BatchNegativeTestingOptionsPage.checkSavingSIWithLoadingLinks(BatchNegativeTestingOptionsPage.java:44166)
	at com.focus.testcases.BatchNegativeTestingOptionsTest.checkSavingSIWithLoadingLinks(BatchNegativeTestingOptionsTest.java:3009)
... Removed 24 stack frames</pre></div><a href='#' onClick='toggleBox("stack-trace1083590778", this, "Click to show all stack frames", "Click to hide stack frames")'>Click to show all stack frames</a>
<div class='stack-trace' id='stack-trace1083590778'><pre>org.openqa.selenium.UnhandledAlertException: unexpected alert open: {Alert text : You are trying to issues batch quantity which is not reserved against this link. 

 Are you sure you want to continue?}
  (Session info: chrome=108.0.5359.125): You are trying to issues batch quantity which is not reserved against this link. 

 Are you sure you want to continue?
Build info: version: &apos;3.12.0&apos;, revision: &apos;7c6e0b3&apos;, time: &apos;2018-05-08T14:04:26.12Z&apos;
System info: host: &apos;FOCUS-QA-133&apos;, ip: &apos;192.168.4.108&apos;, os.name: &apos;Windows 10&apos;, os.arch: &apos;amd64&apos;, os.version: &apos;10.0&apos;, java.version: &apos;1.8.0_111&apos;
Driver info: org.openqa.selenium.chrome.ChromeDriver
Capabilities {acceptInsecureCerts: false, browserName: chrome, browserVersion: 108.0.5359.125, chrome: {chromedriverVersion: 108.0.5359.71 (1e0e3868ee06..., userDataDir: C:\Users\Sanjeev\AppData\Lo...}, goog:chromeOptions: {debuggerAddress: localhost:52065}, javascriptEnabled: true, networkConnectionEnabled: false, pageLoadStrategy: normal, platform: WINDOWS, platformName: WINDOWS, proxy: Proxy(), setWindowRect: true, strictFileInteractability: false, timeouts: {implicit: 0, pageLoad: 300000, script: 30000}, unhandledPromptBehavior: dismiss and notify, webauthn:extension:credBlob: true, webauthn:extension:largeBlob: true, webauthn:virtualAuthenticators: true}
Session ID: 420938ad11b9dfc00575674499c66038
*** Element info: {Using=xpath, value=//*[@id=&apos;id_transaction_entry_detail_table_body&apos;]/tr[1]/td[20]}
	at org.openqa.selenium.remote.http.W3CHttpResponseCodec.decode(W3CHttpResponseCodec.java:120)
	at org.openqa.selenium.remote.http.W3CHttpResponseCodec.decode(W3CHttpResponseCodec.java:49)
	at org.openqa.selenium.remote.HttpCommandExecutor.execute(HttpCommandExecutor.java:158)
	at org.openqa.selenium.remote.service.DriverCommandExecutor.execute(DriverCommandExecutor.java:83)
	at org.openqa.selenium.remote.RemoteWebDriver.execute(RemoteWebDriver.java:543)
	at org.openqa.selenium.remote.RemoteWebDriver.findElement(RemoteWebDriver.java:317)
	at org.openqa.selenium.remote.RemoteWebDriver.findElementByXPath(RemoteWebDriver.java:419)
	at org.openqa.selenium.By$ByXPath.findElement(By.java:353)
	at org.openqa.selenium.remote.RemoteWebDriver.findElement(RemoteWebDriver.java:309)
	at org.openqa.selenium.support.pagefactory.DefaultElementLocator.findElement(DefaultElementLocator.java:69)
	at org.openqa.selenium.support.pagefactory.internal.LocatingElementHandler.invoke(LocatingElementHandler.java:38)
	at com.sun.proxy.$Proxy12.isDisplayed(Unknown Source)
	at org.openqa.selenium.support.ui.ExpectedConditions.elementIfVisible(ExpectedConditions.java:315)
	at org.openqa.selenium.support.ui.ExpectedConditions.access$100(ExpectedConditions.java:44)
	at org.openqa.selenium.support.ui.ExpectedConditions$10.apply(ExpectedConditions.java:301)
	at org.openqa.selenium.support.ui.ExpectedConditions$10.apply(ExpectedConditions.java:298)
	at org.openqa.selenium.support.ui.ExpectedConditions$23.apply(ExpectedConditions.java:686)
	at org.openqa.selenium.support.ui.ExpectedConditions$23.apply(ExpectedConditions.java:682)
	at org.openqa.selenium.support.ui.FluentWait.until(FluentWait.java:248)
	at com.focus.Pages.BatchNegativeTestingOptionsPage.checkSavingSIWithLoadingLinks(BatchNegativeTestingOptionsPage.java:44166)
	at com.focus.testcases.BatchNegativeTestingOptionsTest.checkSavingSIWithLoadingLinks(BatchNegativeTestingOptionsTest.java:3009)
	at sun.reflect.NativeMethodAccessorImpl.invoke0(Native Method)
	at sun.reflect.NativeMethodAccessorImpl.invoke(Unknown Source)
	at sun.reflect.DelegatingMethodAccessorImpl.invoke(Unknown Source)
	at java.lang.reflect.Method.invoke(Unknown Source)
	at org.testng.internal.MethodInvocationHelper.invokeMethod(MethodInvocationHelper.java:86)
	at org.testng.internal.Invoker.invokeMethod(Invoker.java:643)
	at org.testng.internal.Invoker.invokeTestMethod(Invoker.java:820)
	at org.testng.internal.Invoker.invokeTestMethods(Invoker.java:1128)
	at org.testng.internal.TestMethodWorker.invokeTestMethods(TestMethodWorker.java:129)
	at org.testng.internal.TestMethodWorker.run(TestMethodWorker.java:112)
	at org.testng.TestRunner.privateRun(TestRunner.java:782)
	at org.testng.TestRunner.run(TestRunner.java:632)
	at org.testng.SuiteRunner.runTest(SuiteRunner.java:366)
	at org.testng.SuiteRunner.runSequentially(SuiteRunner.java:361)
	at org.testng.SuiteRunner.privateRun(SuiteRunner.java:319)
	at org.testng.SuiteRunner.run(SuiteRunner.java:268)
	at org.testng.SuiteRunnerWorker.runSuite(SuiteRunnerWorker.java:52)
	at org.testng.SuiteRunnerWorker.run(SuiteRunnerWorker.java:86)
	at org.testng.TestNG.runSuitesSequentially(TestNG.java:1244)
	at org.testng.TestNG.runSuitesLocally(TestNG.java:1169)
	at org.testng.TestNG.run(TestNG.java:1064)
	at org.testng.remote.AbstractRemoteTestNG.run(AbstractRemoteTestNG.java:114)
	at org.testng.remote.RemoteTestNG.initAndRun(RemoteTestNG.java:251)
	at org.testng.remote.RemoteTestNG.main(RemoteTestNG.java:77)
</pre></div></td>
<td>45</td>
<td>com.focus.testcases.BatchNegativeTestingOptionsTest@23e028a9</td></tr>
<tr>
<td title='com.focus.testcases.BatchNegativeTestingOptionsTest.checkSavingSalesInvoiceVoucherWithLinks()'><b>checkSavingSalesInvoiceVoucherWithLinks</b><br>Test class: com.focus.testcases.BatchNegativeTestingOptionsTest<br/>
<a href="#Output-1254401240" onClick='toggleBox("Output-1254401240", this, "Show output", "Hide output");'>Show output</a>

<a href="#Output-1254401240" onClick="toggleAllBoxes();">Show all outputs</a>
<div class='log' id="Output-1254401240">
Completed executing following method : BatchNegativeTestingOptionsTest.checkSavingSalesInvoiceVoucherWithLinks<br/>
Test Method resides in com.focus.testcases.BatchNegativeTestingOptionsTest<br/>
Test Status: Failed<br/>
About to begin executing following method : BaseEngine.afterMethodExecution<br/>
</div>
</td>
<td><div><pre>org.openqa.selenium.UnhandledAlertException: unexpected alert open: {Alert text : You are trying to issues batch quantity which is not reserved against this link. 

 Are you sure you want to continue?}
  (Session info: chrome=108.0.5359.125): You are trying to issues batch quantity which is not reserved against this link. 

 Are you sure you want to continue?
Build info: version: &apos;3.12.0&apos;, revision: &apos;7c6e0b3&apos;, time: &apos;2018-05-08T14:04:26.12Z&apos;
System info: host: &apos;FOCUS-QA-133&apos;, ip: &apos;192.168.4.108&apos;, os.name: &apos;Windows 10&apos;, os.arch: &apos;amd64&apos;, os.version: &apos;10.0&apos;, java.version: &apos;1.8.0_111&apos;
Driver info: org.openqa.selenium.chrome.ChromeDriver
Capabilities {acceptInsecureCerts: false, browserName: chrome, browserVersion: 108.0.5359.125, chrome: {chromedriverVersion: 108.0.5359.71 (1e0e3868ee06..., userDataDir: C:\Users\Sanjeev\AppData\Lo...}, goog:chromeOptions: {debuggerAddress: localhost:52065}, javascriptEnabled: true, networkConnectionEnabled: false, pageLoadStrategy: normal, platform: WINDOWS, platformName: WINDOWS, proxy: Proxy(), setWindowRect: true, strictFileInteractability: false, timeouts: {implicit: 0, pageLoad: 300000, script: 30000}, unhandledPromptBehavior: dismiss and notify, webauthn:extension:credBlob: true, webauthn:extension:largeBlob: true, webauthn:virtualAuthenticators: true}
Session ID: 420938ad11b9dfc00575674499c66038
*** Element info: {Using=xpath, value=//*[@id=&apos;id_transaction_entry_detail_table_body&apos;]/tr[1]/td[20]}
	at org.openqa.selenium.remote.http.W3CHttpResponseCodec.decode(W3CHttpResponseCodec.java:120)
	at org.openqa.selenium.remote.http.W3CHttpResponseCodec.decode(W3CHttpResponseCodec.java:49)
	at org.openqa.selenium.remote.HttpCommandExecutor.execute(HttpCommandExecutor.java:158)
	at org.openqa.selenium.remote.service.DriverCommandExecutor.execute(DriverCommandExecutor.java:83)
	at org.openqa.selenium.remote.RemoteWebDriver.execute(RemoteWebDriver.java:543)
	at org.openqa.selenium.remote.RemoteWebDriver.findElement(RemoteWebDriver.java:317)
	at org.openqa.selenium.remote.RemoteWebDriver.findElementByXPath(RemoteWebDriver.java:419)
	at org.openqa.selenium.By$ByXPath.findElement(By.java:353)
	at org.openqa.selenium.remote.RemoteWebDriver.findElement(RemoteWebDriver.java:309)
	at org.openqa.selenium.support.pagefactory.DefaultElementLocator.findElement(DefaultElementLocator.java:69)
	at org.openqa.selenium.support.pagefactory.internal.LocatingElementHandler.invoke(LocatingElementHandler.java:38)
	at com.sun.proxy.$Proxy12.isDisplayed(Unknown Source)
	at org.openqa.selenium.support.ui.ExpectedConditions.elementIfVisible(ExpectedConditions.java:315)
	at org.openqa.selenium.support.ui.ExpectedConditions.access$100(ExpectedConditions.java:44)
	at org.openqa.selenium.support.ui.ExpectedConditions$10.apply(ExpectedConditions.java:301)
	at org.openqa.selenium.support.ui.ExpectedConditions$10.apply(ExpectedConditions.java:298)
	at org.openqa.selenium.support.ui.ExpectedConditions$23.apply(ExpectedConditions.java:686)
	at org.openqa.selenium.support.ui.ExpectedConditions$23.apply(ExpectedConditions.java:682)
	at org.openqa.selenium.support.ui.FluentWait.until(FluentWait.java:248)
	at com.focus.Pages.BatchNegativeTestingOptionsPage.checkSavingSalesInvoiceVoucherWithLinks(BatchNegativeTestingOptionsPage.java:41739)
	at com.focus.testcases.BatchNegativeTestingOptionsTest.checkSavingSalesInvoiceVoucherWithLinks(BatchNegativeTestingOptionsTest.java:2851)
... Removed 24 stack frames</pre></div><a href='#' onClick='toggleBox("stack-trace1254401240", this, "Click to show all stack frames", "Click to hide stack frames")'>Click to show all stack frames</a>
<div class='stack-trace' id='stack-trace1254401240'><pre>org.openqa.selenium.UnhandledAlertException: unexpected alert open: {Alert text : You are trying to issues batch quantity which is not reserved against this link. 

 Are you sure you want to continue?}
  (Session info: chrome=108.0.5359.125): You are trying to issues batch quantity which is not reserved against this link. 

 Are you sure you want to continue?
Build info: version: &apos;3.12.0&apos;, revision: &apos;7c6e0b3&apos;, time: &apos;2018-05-08T14:04:26.12Z&apos;
System info: host: &apos;FOCUS-QA-133&apos;, ip: &apos;192.168.4.108&apos;, os.name: &apos;Windows 10&apos;, os.arch: &apos;amd64&apos;, os.version: &apos;10.0&apos;, java.version: &apos;1.8.0_111&apos;
Driver info: org.openqa.selenium.chrome.ChromeDriver
Capabilities {acceptInsecureCerts: false, browserName: chrome, browserVersion: 108.0.5359.125, chrome: {chromedriverVersion: 108.0.5359.71 (1e0e3868ee06..., userDataDir: C:\Users\Sanjeev\AppData\Lo...}, goog:chromeOptions: {debuggerAddress: localhost:52065}, javascriptEnabled: true, networkConnectionEnabled: false, pageLoadStrategy: normal, platform: WINDOWS, platformName: WINDOWS, proxy: Proxy(), setWindowRect: true, strictFileInteractability: false, timeouts: {implicit: 0, pageLoad: 300000, script: 30000}, unhandledPromptBehavior: dismiss and notify, webauthn:extension:credBlob: true, webauthn:extension:largeBlob: true, webauthn:virtualAuthenticators: true}
Session ID: 420938ad11b9dfc00575674499c66038
*** Element info: {Using=xpath, value=//*[@id=&apos;id_transaction_entry_detail_table_body&apos;]/tr[1]/td[20]}
	at org.openqa.selenium.remote.http.W3CHttpResponseCodec.decode(W3CHttpResponseCodec.java:120)
	at org.openqa.selenium.remote.http.W3CHttpResponseCodec.decode(W3CHttpResponseCodec.java:49)
	at org.openqa.selenium.remote.HttpCommandExecutor.execute(HttpCommandExecutor.java:158)
	at org.openqa.selenium.remote.service.DriverCommandExecutor.execute(DriverCommandExecutor.java:83)
	at org.openqa.selenium.remote.RemoteWebDriver.execute(RemoteWebDriver.java:543)
	at org.openqa.selenium.remote.RemoteWebDriver.findElement(RemoteWebDriver.java:317)
	at org.openqa.selenium.remote.RemoteWebDriver.findElementByXPath(RemoteWebDriver.java:419)
	at org.openqa.selenium.By$ByXPath.findElement(By.java:353)
	at org.openqa.selenium.remote.RemoteWebDriver.findElement(RemoteWebDriver.java:309)
	at org.openqa.selenium.support.pagefactory.DefaultElementLocator.findElement(DefaultElementLocator.java:69)
	at org.openqa.selenium.support.pagefactory.internal.LocatingElementHandler.invoke(LocatingElementHandler.java:38)
	at com.sun.proxy.$Proxy12.isDisplayed(Unknown Source)
	at org.openqa.selenium.support.ui.ExpectedConditions.elementIfVisible(ExpectedConditions.java:315)
	at org.openqa.selenium.support.ui.ExpectedConditions.access$100(ExpectedConditions.java:44)
	at org.openqa.selenium.support.ui.ExpectedConditions$10.apply(ExpectedConditions.java:301)
	at org.openqa.selenium.support.ui.ExpectedConditions$10.apply(ExpectedConditions.java:298)
	at org.openqa.selenium.support.ui.ExpectedConditions$23.apply(ExpectedConditions.java:686)
	at org.openqa.selenium.support.ui.ExpectedConditions$23.apply(ExpectedConditions.java:682)
	at org.openqa.selenium.support.ui.FluentWait.until(FluentWait.java:248)
	at com.focus.Pages.BatchNegativeTestingOptionsPage.checkSavingSalesInvoiceVoucherWithLinks(BatchNegativeTestingOptionsPage.java:41739)
	at com.focus.testcases.BatchNegativeTestingOptionsTest.checkSavingSalesInvoiceVoucherWithLinks(BatchNegativeTestingOptionsTest.java:2851)
	at sun.reflect.NativeMethodAccessorImpl.invoke0(Native Method)
	at sun.reflect.NativeMethodAccessorImpl.invoke(Unknown Source)
	at sun.reflect.DelegatingMethodAccessorImpl.invoke(Unknown Source)
	at java.lang.reflect.Method.invoke(Unknown Source)
	at org.testng.internal.MethodInvocationHelper.invokeMethod(MethodInvocationHelper.java:86)
	at org.testng.internal.Invoker.invokeMethod(Invoker.java:643)
	at org.testng.internal.Invoker.invokeTestMethod(Invoker.java:820)
	at org.testng.internal.Invoker.invokeTestMethods(Invoker.java:1128)
	at org.testng.internal.TestMethodWorker.invokeTestMethods(TestMethodWorker.java:129)
	at org.testng.internal.TestMethodWorker.run(TestMethodWorker.java:112)
	at org.testng.TestRunner.privateRun(TestRunner.java:782)
	at org.testng.TestRunner.run(TestRunner.java:632)
	at org.testng.SuiteRunner.runTest(SuiteRunner.java:366)
	at org.testng.SuiteRunner.runSequentially(SuiteRunner.java:361)
	at org.testng.SuiteRunner.privateRun(SuiteRunner.java:319)
	at org.testng.SuiteRunner.run(SuiteRunner.java:268)
	at org.testng.SuiteRunnerWorker.runSuite(SuiteRunnerWorker.java:52)
	at org.testng.SuiteRunnerWorker.run(SuiteRunnerWorker.java:86)
	at org.testng.TestNG.runSuitesSequentially(TestNG.java:1244)
	at org.testng.TestNG.runSuitesLocally(TestNG.java:1169)
	at org.testng.TestNG.run(TestNG.java:1064)
	at org.testng.remote.AbstractRemoteTestNG.run(AbstractRemoteTestNG.java:114)
	at org.testng.remote.RemoteTestNG.initAndRun(RemoteTestNG.java:251)
	at org.testng.remote.RemoteTestNG.main(RemoteTestNG.java:77)
</pre></div></td>
<td>131</td>
<td>com.focus.testcases.BatchNegativeTestingOptionsTest@23e028a9</td></tr>
<tr>
<td title='com.focus.testcases.BatchNegativeTestingOptionsTest.checksavingsalesInvoiceVATAfterTwoVouchersAuthorised()'><b>checksavingsalesInvoiceVATAfterTwoVouchersAuthorised</b><br>Test class: com.focus.testcases.BatchNegativeTestingOptionsTest<br/>
<a href="#Output-931087041" onClick='toggleBox("Output-931087041", this, "Show output", "Hide output");'>Show output</a>

<a href="#Output-931087041" onClick="toggleAllBoxes();">Show all outputs</a>
<div class='log' id="Output-931087041">
Completed executing following method : BatchNegativeTestingOptionsTest.checksavingsalesInvoiceVATAfterTwoVouchersAuthorised<br/>
Test Method resides in com.focus.testcases.BatchNegativeTestingOptionsTest<br/>
Test Status: Failed<br/>
About to begin executing following method : BaseEngine.afterMethodExecution<br/>
</div>
</td>
<td><div><pre>java.lang.AssertionError: expected [true] but found [false]
	at com.focus.testcases.BatchNegativeTestingOptionsTest.checksavingsalesInvoiceVATAfterTwoVouchersAuthorised(BatchNegativeTestingOptionsTest.java:3083)
... Removed 30 stack frames</pre></div><a href='#' onClick='toggleBox("stack-trace931087041", this, "Click to show all stack frames", "Click to hide stack frames")'>Click to show all stack frames</a>
<div class='stack-trace' id='stack-trace931087041'><pre>java.lang.AssertionError: expected [true] but found [false]
	at org.testng.Assert.fail(Assert.java:94)
	at org.testng.Assert.failNotEquals(Assert.java:513)
	at org.testng.Assert.assertEqualsImpl(Assert.java:135)
	at org.testng.Assert.assertEquals(Assert.java:116)
	at org.testng.Assert.assertEquals(Assert.java:305)
	at org.testng.Assert.assertEquals(Assert.java:315)
	at com.focus.testcases.BatchNegativeTestingOptionsTest.checksavingsalesInvoiceVATAfterTwoVouchersAuthorised(BatchNegativeTestingOptionsTest.java:3083)
	at sun.reflect.NativeMethodAccessorImpl.invoke0(Native Method)
	at sun.reflect.NativeMethodAccessorImpl.invoke(Unknown Source)
	at sun.reflect.DelegatingMethodAccessorImpl.invoke(Unknown Source)
	at java.lang.reflect.Method.invoke(Unknown Source)
	at org.testng.internal.MethodInvocationHelper.invokeMethod(MethodInvocationHelper.java:86)
	at org.testng.internal.Invoker.invokeMethod(Invoker.java:643)
	at org.testng.internal.Invoker.invokeTestMethod(Invoker.java:820)
	at org.testng.internal.Invoker.invokeTestMethods(Invoker.java:1128)
	at org.testng.internal.TestMethodWorker.invokeTestMethods(TestMethodWorker.java:129)
	at org.testng.internal.TestMethodWorker.run(TestMethodWorker.java:112)
	at org.testng.TestRunner.privateRun(TestRunner.java:782)
	at org.testng.TestRunner.run(TestRunner.java:632)
	at org.testng.SuiteRunner.runTest(SuiteRunner.java:366)
	at org.testng.SuiteRunner.runSequentially(SuiteRunner.java:361)
	at org.testng.SuiteRunner.privateRun(SuiteRunner.java:319)
	at org.testng.SuiteRunner.run(SuiteRunner.java:268)
	at org.testng.SuiteRunnerWorker.runSuite(SuiteRunnerWorker.java:52)
	at org.testng.SuiteRunnerWorker.run(SuiteRunnerWorker.java:86)
	at org.testng.TestNG.runSuitesSequentially(TestNG.java:1244)
	at org.testng.TestNG.runSuitesLocally(TestNG.java:1169)
	at org.testng.TestNG.run(TestNG.java:1064)
	at org.testng.remote.AbstractRemoteTestNG.run(AbstractRemoteTestNG.java:114)
	at org.testng.remote.RemoteTestNG.initAndRun(RemoteTestNG.java:251)
	at org.testng.remote.RemoteTestNG.main(RemoteTestNG.java:77)
</pre></div></td>
<td>14</td>
<td>com.focus.testcases.BatchNegativeTestingOptionsTest@23e028a9</td></tr>
</table><p>
<table width='100%' border='1' class='invocation-passed'>
<tr><td colspan='4' align='center'><b>PASSED TESTS</b></td></tr>
<tr><td><b>Test method</b></td>
<td width="30%"><b>Exception</b></td>
<td width="10%"><b>Time (seconds)</b></td>
<td><b>Instance</b></td>
</tr>
<tr>
<td title='com.focus.testcases.BatchNegativeTestingOptionsTest.chechAuthoriseVoucher2AfterAuthorisation1stVoucher()'><b>chechAuthoriseVoucher2AfterAuthorisation1stVoucher</b><br>Test class: com.focus.testcases.BatchNegativeTestingOptionsTest<br/>
<a href="#Output-1662966660" onClick='toggleBox("Output-1662966660", this, "Show output", "Hide output");'>Show output</a>

<a href="#Output-1662966660" onClick="toggleAllBoxes();">Show all outputs</a>
<div class='log' id="Output-1662966660">
Completed executing following method : BatchNegativeTestingOptionsTest.chechAuthoriseVoucher2AfterAuthorisation1stVoucher<br/>
Test Method resides in com.focus.testcases.BatchNegativeTestingOptionsTest<br/>
Test Status: Pass<br/>
About to begin executing following method : BaseEngine.afterMethodExecution<br/>
</div>
</td>
<td></td>
<td>14</td>
<td>com.focus.testcases.BatchNegativeTestingOptionsTest@23e028a9</td></tr>
<tr>
<td title='com.focus.testcases.BatchNegativeTestingOptionsTest.checkAddingLinkFromPurchaseVoucherVATToSalesInvoiceN()'><b>checkAddingLinkFromPurchaseVoucherVATToSalesInvoiceN</b><br>Test class: com.focus.testcases.BatchNegativeTestingOptionsTest<br/>
<a href="#Output-1966909692" onClick='toggleBox("Output-1966909692", this, "Show output", "Hide output");'>Show output</a>

<a href="#Output-1966909692" onClick="toggleAllBoxes();">Show all outputs</a>
<div class='log' id="Output-1966909692">
Completed executing following method : BatchNegativeTestingOptionsTest.checkAddingLinkFromPurchaseVoucherVATToSalesInvoiceN<br/>
Test Method resides in com.focus.testcases.BatchNegativeTestingOptionsTest<br/>
Test Status: Pass<br/>
About to begin executing following method : BaseEngine.afterMethodExecution<br/>
</div>
</td>
<td></td>
<td>30</td>
<td>com.focus.testcases.BatchNegativeTestingOptionsTest@23e028a9</td></tr>
<tr>
<td title='com.focus.testcases.BatchNegativeTestingOptionsTest.checkAuthorisationOFSalesInvoiceDocumentWithoutEnablingInventoryOptionUnderkeepUnposted()'><b>checkAuthorisationOFSalesInvoiceDocumentWithoutEnablingInventoryOptionUnderkeepUnposted</b><br>Test class: com.focus.testcases.BatchNegativeTestingOptionsTest<br/>
<a href="#Output-1055601822" onClick='toggleBox("Output-1055601822", this, "Show output", "Hide output");'>Show output</a>

<a href="#Output-1055601822" onClick="toggleAllBoxes();">Show all outputs</a>
<div class='log' id="Output-1055601822">
Completed executing following method : BatchNegativeTestingOptionsTest.checkAuthorisationOFSalesInvoiceDocumentWithoutEnablingInventoryOptionUnderkeepUnposted<br/>
Test Method resides in com.focus.testcases.BatchNegativeTestingOptionsTest<br/>
Test Status: Pass<br/>
About to begin executing following method : BaseEngine.afterMethodExecution<br/>
</div>
</td>
<td></td>
<td>35</td>
<td>com.focus.testcases.BatchNegativeTestingOptionsTest@23e028a9</td></tr>
<tr>
<td title='com.focus.testcases.BatchNegativeTestingOptionsTest.checkBatchPopupInSalesInvoiceVATVoucher2ByLoadingFromWorkflowAndSelectingSalesOrderDoc2()'><b>checkBatchPopupInSalesInvoiceVATVoucher2ByLoadingFromWorkflowAndSelectingSalesOrderDoc2</b><br>Test class: com.focus.testcases.BatchNegativeTestingOptionsTest<br/>
<a href="#Output-143790869" onClick='toggleBox("Output-143790869", this, "Show output", "Hide output");'>Show output</a>

<a href="#Output-143790869" onClick="toggleAllBoxes();">Show all outputs</a>
<div class='log' id="Output-143790869">
Completed executing following method : BatchNegativeTestingOptionsTest.checkBatchPopupInSalesInvoiceVATVoucher2ByLoadingFromWorkflowAndSelectingSalesOrderDoc2<br/>
Test Method resides in com.focus.testcases.BatchNegativeTestingOptionsTest<br/>
Test Status: Pass<br/>
About to begin executing following method : BaseEngine.afterMethodExecution<br/>
</div>
</td>
<td></td>
<td>26</td>
<td>com.focus.testcases.BatchNegativeTestingOptionsTest@23e028a9</td></tr>
<tr>
<td title='com.focus.testcases.BatchNegativeTestingOptionsTest.checkBatchPopupInSalesInvoiceVATVoucher2ByLoadingFromWorkflowAndSelectingSalesOrderDoc2AfterEnablingInputBatchEvenIfStockIsNotUpdated()'><b>checkBatchPopupInSalesInvoiceVATVoucher2ByLoadingFromWorkflowAndSelectingSalesOrderDoc2AfterEnablingInputBatchEvenIfStockIsNotUpdated</b><br>Test class: com.focus.testcases.BatchNegativeTestingOptionsTest<br/>
<a href="#Output-1435903884" onClick='toggleBox("Output-1435903884", this, "Show output", "Hide output");'>Show output</a>

<a href="#Output-1435903884" onClick="toggleAllBoxes();">Show all outputs</a>
<div class='log' id="Output-1435903884">
Completed executing following method : BatchNegativeTestingOptionsTest.checkBatchPopupInSalesInvoiceVATVoucher2ByLoadingFromWorkflowAndSelectingSalesOrderDoc2AfterEnablingInputBatchEvenIfStockIsNotUpdated<br/>
Test Method resides in com.focus.testcases.BatchNegativeTestingOptionsTest<br/>
Test Status: Pass<br/>
About to begin executing following method : BaseEngine.afterMethodExecution<br/>
</div>
</td>
<td></td>
<td>26</td>
<td>com.focus.testcases.BatchNegativeTestingOptionsTest@23e028a9</td></tr>
<tr>
<td title='com.focus.testcases.BatchNegativeTestingOptionsTest.checkBatchPopupIsDisplayingWithValuesInSalesInvoiceVATVoucher1AfterEnablingAllowBatchNegativeQuantityOption()'><b>checkBatchPopupIsDisplayingWithValuesInSalesInvoiceVATVoucher1AfterEnablingAllowBatchNegativeQuantityOption</b><br>Test class: com.focus.testcases.BatchNegativeTestingOptionsTest<br/>
<a href="#Output-1993226485" onClick='toggleBox("Output-1993226485", this, "Show output", "Hide output");'>Show output</a>

<a href="#Output-1993226485" onClick="toggleAllBoxes();">Show all outputs</a>
<div class='log' id="Output-1993226485">
Completed executing following method : BatchNegativeTestingOptionsTest.checkBatchPopupIsDisplayingWithValuesInSalesInvoiceVATVoucher1AfterEnablingAllowBatchNegativeQuantityOption<br/>
Test Method resides in com.focus.testcases.BatchNegativeTestingOptionsTest<br/>
Test Status: Pass<br/>
About to begin executing following method : BaseEngine.afterMethodExecution<br/>
</div>
</td>
<td></td>
<td>43</td>
<td>com.focus.testcases.BatchNegativeTestingOptionsTest@23e028a9</td></tr>
<tr>
<td title='com.focus.testcases.BatchNegativeTestingOptionsTest.checkBatchPopupIsDisplayingWithValuesInSalesInvoiceVATVoucher1AfterSavingPurchaseVoucher1()'><b>checkBatchPopupIsDisplayingWithValuesInSalesInvoiceVATVoucher1AfterSavingPurchaseVoucher1</b><br>Test class: com.focus.testcases.BatchNegativeTestingOptionsTest<br/>
<a href="#Output-546402011" onClick='toggleBox("Output-546402011", this, "Show output", "Hide output");'>Show output</a>

<a href="#Output-546402011" onClick="toggleAllBoxes();">Show all outputs</a>
<div class='log' id="Output-546402011">
Completed executing following method : BatchNegativeTestingOptionsTest.checkBatchPopupIsDisplayingWithValuesInSalesInvoiceVATVoucher1AfterSavingPurchaseVoucher1<br/>
Test Method resides in com.focus.testcases.BatchNegativeTestingOptionsTest<br/>
Test Status: Pass<br/>
About to begin executing following method : BaseEngine.afterMethodExecution<br/>
</div>
</td>
<td></td>
<td>84</td>
<td>com.focus.testcases.BatchNegativeTestingOptionsTest@23e028a9</td></tr>
<tr>
<td title='com.focus.testcases.BatchNegativeTestingOptionsTest.checkBatchPopupIsDisplayingWithValuesInSalesInvoiceVATVoucher1WithQuantity11()'><b>checkBatchPopupIsDisplayingWithValuesInSalesInvoiceVATVoucher1WithQuantity11</b><br>Test class: com.focus.testcases.BatchNegativeTestingOptionsTest<br/>
<a href="#Output-1238644154" onClick='toggleBox("Output-1238644154", this, "Show output", "Hide output");'>Show output</a>

<a href="#Output-1238644154" onClick="toggleAllBoxes();">Show all outputs</a>
<div class='log' id="Output-1238644154">
Completed executing following method : BatchNegativeTestingOptionsTest.checkBatchPopupIsDisplayingWithValuesInSalesInvoiceVATVoucher1WithQuantity11<br/>
Test Method resides in com.focus.testcases.BatchNegativeTestingOptionsTest<br/>
Test Status: Pass<br/>
About to begin executing following method : BaseEngine.afterMethodExecution<br/>
</div>
</td>
<td></td>
<td>42</td>
<td>com.focus.testcases.BatchNegativeTestingOptionsTest@23e028a9</td></tr>
<tr>
<td title='com.focus.testcases.BatchNegativeTestingOptionsTest.checkBatchPopupValuesInDeliveryNoteVoucher1AfterSavingPurchaseVoucherVAT1()'><b>checkBatchPopupValuesInDeliveryNoteVoucher1AfterSavingPurchaseVoucherVAT1</b><br>Test class: com.focus.testcases.BatchNegativeTestingOptionsTest<br/>
<a href="#Output-1237228571" onClick='toggleBox("Output-1237228571", this, "Show output", "Hide output");'>Show output</a>

<a href="#Output-1237228571" onClick="toggleAllBoxes();">Show all outputs</a>
<div class='log' id="Output-1237228571">
Completed executing following method : BatchNegativeTestingOptionsTest.checkBatchPopupValuesInDeliveryNoteVoucher1AfterSavingPurchaseVoucherVAT1<br/>
Test Method resides in com.focus.testcases.BatchNegativeTestingOptionsTest<br/>
Test Status: Pass<br/>
About to begin executing following method : BaseEngine.afterMethodExecution<br/>
</div>
</td>
<td></td>
<td>28</td>
<td>com.focus.testcases.BatchNegativeTestingOptionsTest@23e028a9</td></tr>
<tr>
<td title='com.focus.testcases.BatchNegativeTestingOptionsTest.checkChangingBatchInPurchaseVoucherVATAfterAfterBatchConsumed()'><b>checkChangingBatchInPurchaseVoucherVATAfterAfterBatchConsumed</b><br>Test class: com.focus.testcases.BatchNegativeTestingOptionsTest<br/>
<a href="#Output-417082337" onClick='toggleBox("Output-417082337", this, "Show output", "Hide output");'>Show output</a>

<a href="#Output-417082337" onClick="toggleAllBoxes();">Show all outputs</a>
<div class='log' id="Output-417082337">
Completed executing following method : BatchNegativeTestingOptionsTest.checkChangingBatchInPurchaseVoucherVATAfterAfterBatchConsumed<br/>
Test Method resides in com.focus.testcases.BatchNegativeTestingOptionsTest<br/>
Test Status: Pass<br/>
About to begin executing following method : BaseEngine.afterMethodExecution<br/>
</div>
</td>
<td></td>
<td>30</td>
<td>com.focus.testcases.BatchNegativeTestingOptionsTest@23e028a9</td></tr>
<tr>
<td title='com.focus.testcases.BatchNegativeTestingOptionsTest.checkChangingBatchNameInPVVATAfterBatchConsumed()'><b>checkChangingBatchNameInPVVATAfterBatchConsumed</b><br>Test class: com.focus.testcases.BatchNegativeTestingOptionsTest<br/>
<a href="#Output-202093237" onClick='toggleBox("Output-202093237", this, "Show output", "Hide output");'>Show output</a>

<a href="#Output-202093237" onClick="toggleAllBoxes();">Show all outputs</a>
<div class='log' id="Output-202093237">
Completed executing following method : BatchNegativeTestingOptionsTest.checkChangingBatchNameInPVVATAfterBatchConsumed<br/>
Test Method resides in com.focus.testcases.BatchNegativeTestingOptionsTest<br/>
Test Status: Pass<br/>
About to begin executing following method : BaseEngine.afterMethodExecution<br/>
</div>
</td>
<td></td>
<td>33</td>
<td>com.focus.testcases.BatchNegativeTestingOptionsTest@23e028a9</td></tr>
<tr>
<td title='com.focus.testcases.BatchNegativeTestingOptionsTest.checkChangingItemAndBatchAndWareHouseInConsumedPVVAT()'><b>checkChangingItemAndBatchAndWareHouseInConsumedPVVAT</b><br>Test class: com.focus.testcases.BatchNegativeTestingOptionsTest<br/>
<a href="#Output-935766212" onClick='toggleBox("Output-935766212", this, "Show output", "Hide output");'>Show output</a>

<a href="#Output-935766212" onClick="toggleAllBoxes();">Show all outputs</a>
<div class='log' id="Output-935766212">
Completed executing following method : BatchNegativeTestingOptionsTest.checkChangingItemAndBatchAndWareHouseInConsumedPVVAT<br/>
Test Method resides in com.focus.testcases.BatchNegativeTestingOptionsTest<br/>
Test Status: Pass<br/>
About to begin executing following method : BaseEngine.afterMethodExecution<br/>
</div>
</td>
<td></td>
<td>106</td>
<td>com.focus.testcases.BatchNegativeTestingOptionsTest@23e028a9</td></tr>
<tr>
<td title='com.focus.testcases.BatchNegativeTestingOptionsTest.checkChangingItemInPvVAT()'><b>checkChangingItemInPvVAT</b><br>Test class: com.focus.testcases.BatchNegativeTestingOptionsTest<br/>
<a href="#Output-599291646" onClick='toggleBox("Output-599291646", this, "Show output", "Hide output");'>Show output</a>

<a href="#Output-599291646" onClick="toggleAllBoxes();">Show all outputs</a>
<div class='log' id="Output-599291646">
Completed executing following method : BatchNegativeTestingOptionsTest.checkChangingItemInPvVAT<br/>
Test Method resides in com.focus.testcases.BatchNegativeTestingOptionsTest<br/>
Test Status: Pass<br/>
About to begin executing following method : BaseEngine.afterMethodExecution<br/>
</div>
</td>
<td></td>
<td>38</td>
<td>com.focus.testcases.BatchNegativeTestingOptionsTest@23e028a9</td></tr>
<tr>
<td title='com.focus.testcases.BatchNegativeTestingOptionsTest.checkChangingQtyInPurVouVATAfterSavingSalesOrder()'><b>checkChangingQtyInPurVouVATAfterSavingSalesOrder</b><br>Test class: com.focus.testcases.BatchNegativeTestingOptionsTest<br/>
<a href="#Output-904882128" onClick='toggleBox("Output-904882128", this, "Show output", "Hide output");'>Show output</a>

<a href="#Output-904882128" onClick="toggleAllBoxes();">Show all outputs</a>
<div class='log' id="Output-904882128">
Completed executing following method : BatchNegativeTestingOptionsTest.checkChangingQtyInPurVouVATAfterSavingSalesOrder<br/>
Test Method resides in com.focus.testcases.BatchNegativeTestingOptionsTest<br/>
Test Status: Pass<br/>
About to begin executing following method : BaseEngine.afterMethodExecution<br/>
</div>
</td>
<td></td>
<td>29</td>
<td>com.focus.testcases.BatchNegativeTestingOptionsTest@23e028a9</td></tr>
<tr>
<td title='com.focus.testcases.BatchNegativeTestingOptionsTest.checkChangingQtyinPurVoucherAfterSalesOrderVouSuspended()'><b>checkChangingQtyinPurVoucherAfterSalesOrderVouSuspended</b><br>Test class: com.focus.testcases.BatchNegativeTestingOptionsTest<br/>
<a href="#Output-1695954276" onClick='toggleBox("Output-1695954276", this, "Show output", "Hide output");'>Show output</a>

<a href="#Output-1695954276" onClick="toggleAllBoxes();">Show all outputs</a>
<div class='log' id="Output-1695954276">
Completed executing following method : BatchNegativeTestingOptionsTest.checkChangingQtyinPurVoucherAfterSalesOrderVouSuspended<br/>
Test Method resides in com.focus.testcases.BatchNegativeTestingOptionsTest<br/>
Test Status: Pass<br/>
About to begin executing following method : BaseEngine.afterMethodExecution<br/>
</div>
</td>
<td></td>
<td>29</td>
<td>com.focus.testcases.BatchNegativeTestingOptionsTest@23e028a9</td></tr>
<tr>
<td title='com.focus.testcases.BatchNegativeTestingOptionsTest.checkChangingQuantityInPurchaseVoucherAfterBatchConsumed()'><b>checkChangingQuantityInPurchaseVoucherAfterBatchConsumed</b><br>Test class: com.focus.testcases.BatchNegativeTestingOptionsTest<br/>
<a href="#Output-1148400443" onClick='toggleBox("Output-1148400443", this, "Show output", "Hide output");'>Show output</a>

<a href="#Output-1148400443" onClick="toggleAllBoxes();">Show all outputs</a>
<div class='log' id="Output-1148400443">
Completed executing following method : BatchNegativeTestingOptionsTest.checkChangingQuantityInPurchaseVoucherAfterBatchConsumed<br/>
Test Method resides in com.focus.testcases.BatchNegativeTestingOptionsTest<br/>
Test Status: Pass<br/>
About to begin executing following method : BaseEngine.afterMethodExecution<br/>
</div>
</td>
<td></td>
<td>26</td>
<td>com.focus.testcases.BatchNegativeTestingOptionsTest@23e028a9</td></tr>
<tr>
<td title='com.focus.testcases.BatchNegativeTestingOptionsTest.checkChangingQunatityInPurchaseVoucherAfterConsumed()'><b>checkChangingQunatityInPurchaseVoucherAfterConsumed</b><br>Test class: com.focus.testcases.BatchNegativeTestingOptionsTest<br/>
<a href="#Output-889801812" onClick='toggleBox("Output-889801812", this, "Show output", "Hide output");'>Show output</a>

<a href="#Output-889801812" onClick="toggleAllBoxes();">Show all outputs</a>
<div class='log' id="Output-889801812">
Completed executing following method : BatchNegativeTestingOptionsTest.checkChangingQunatityInPurchaseVoucherAfterConsumed<br/>
Test Method resides in com.focus.testcases.BatchNegativeTestingOptionsTest<br/>
Test Status: Pass<br/>
About to begin executing following method : BaseEngine.afterMethodExecution<br/>
</div>
</td>
<td></td>
<td>29</td>
<td>com.focus.testcases.BatchNegativeTestingOptionsTest@23e028a9</td></tr>
<tr>
<td title='com.focus.testcases.BatchNegativeTestingOptionsTest.checkChangingWarehouseInPVVATAfterAfterBatchConsumed()'><b>checkChangingWarehouseInPVVATAfterAfterBatchConsumed</b><br>Test class: com.focus.testcases.BatchNegativeTestingOptionsTest<br/>
<a href="#Output-894524930" onClick='toggleBox("Output-894524930", this, "Show output", "Hide output");'>Show output</a>

<a href="#Output-894524930" onClick="toggleAllBoxes();">Show all outputs</a>
<div class='log' id="Output-894524930">
Completed executing following method : BatchNegativeTestingOptionsTest.checkChangingWarehouseInPVVATAfterAfterBatchConsumed<br/>
Test Method resides in com.focus.testcases.BatchNegativeTestingOptionsTest<br/>
Test Status: Pass<br/>
About to begin executing following method : BaseEngine.afterMethodExecution<br/>
</div>
</td>
<td></td>
<td>33</td>
<td>com.focus.testcases.BatchNegativeTestingOptionsTest@23e028a9</td></tr>
<tr>
<td title='com.focus.testcases.LoginPageTest.checkCompanyTextDisplayInCompanyListDropdown()'><b>checkCompanyTextDisplayInCompanyListDropdown</b><br>Test class: com.focus.testcases.LoginPageTest<br/>
<a href="#Output-720803395" onClick='toggleBox("Output-720803395", this, "Show output", "Hide output");'>Show output</a>

<a href="#Output-720803395" onClick="toggleAllBoxes();">Show all outputs</a>
<div class='log' id="Output-720803395">
Completed executing following method : LoginPageTest.checkCompanyTextDisplayInCompanyListDropdown<br/>
Test Method resides in com.focus.testcases.LoginPageTest<br/>
Test Status: Pass<br/>
About to begin executing following method : BaseEngine.afterMethodExecution<br/>
</div>
</td>
<td></td>
<td>0</td>
<td>com.focus.testcases.LoginPageTest@47ef968d</td></tr>
<tr>
<td title='com.focus.testcases.BatchNegativeTestingOptionsTest.checkDefineAuthorizationOnSalesOrderDocumentWithKeepUnpostingReservationsOption()'><b>checkDefineAuthorizationOnSalesOrderDocumentWithKeepUnpostingReservationsOption</b><br>Test class: com.focus.testcases.BatchNegativeTestingOptionsTest<br/>
<a href="#Output-1823944185" onClick='toggleBox("Output-1823944185", this, "Show output", "Hide output");'>Show output</a>

<a href="#Output-1823944185" onClick="toggleAllBoxes();">Show all outputs</a>
<div class='log' id="Output-1823944185">
Completed executing following method : BatchNegativeTestingOptionsTest.checkDefineAuthorizationOnSalesOrderDocumentWithKeepUnpostingReservationsOption<br/>
Test Method resides in com.focus.testcases.BatchNegativeTestingOptionsTest<br/>
Test Status: Pass<br/>
About to begin executing following method : BaseEngine.afterMethodExecution<br/>
</div>
</td>
<td></td>
<td>38</td>
<td>com.focus.testcases.BatchNegativeTestingOptionsTest@23e028a9</td></tr>
<tr>
<td title='com.focus.testcases.BatchNegativeTestingOptionsTest.checkDefineAuthorizationWithoutKeepunpostingOptionOnInventoryDocumentInSalesOrder()'><b>checkDefineAuthorizationWithoutKeepunpostingOptionOnInventoryDocumentInSalesOrder</b><br>Test class: com.focus.testcases.BatchNegativeTestingOptionsTest<br/>
<a href="#Output-1005591264" onClick='toggleBox("Output-1005591264", this, "Show output", "Hide output");'>Show output</a>

<a href="#Output-1005591264" onClick="toggleAllBoxes();">Show all outputs</a>
<div class='log' id="Output-1005591264">
Completed executing following method : BatchNegativeTestingOptionsTest.checkDefineAuthorizationWithoutKeepunpostingOptionOnInventoryDocumentInSalesOrder<br/>
Test Method resides in com.focus.testcases.BatchNegativeTestingOptionsTest<br/>
Test Status: Pass<br/>
About to begin executing following method : BaseEngine.afterMethodExecution<br/>
</div>
</td>
<td></td>
<td>28</td>
<td>com.focus.testcases.BatchNegativeTestingOptionsTest@23e028a9</td></tr>
<tr>
<td title='com.focus.testcases.BatchNegativeTestingOptionsTest.checkDeletingPurchasVatVoucherAfterBatchConsumedinSalesInvoice()'><b>checkDeletingPurchasVatVoucherAfterBatchConsumedinSalesInvoice</b><br>Test class: com.focus.testcases.BatchNegativeTestingOptionsTest<br/>
<a href="#Output-658246398" onClick='toggleBox("Output-658246398", this, "Show output", "Hide output");'>Show output</a>

<a href="#Output-658246398" onClick="toggleAllBoxes();">Show all outputs</a>
<div class='log' id="Output-658246398">
Completed executing following method : BatchNegativeTestingOptionsTest.checkDeletingPurchasVatVoucherAfterBatchConsumedinSalesInvoice<br/>
Test Method resides in com.focus.testcases.BatchNegativeTestingOptionsTest<br/>
Test Status: Pass<br/>
About to begin executing following method : BaseEngine.afterMethodExecution<br/>
</div>
</td>
<td></td>
<td>14</td>
<td>com.focus.testcases.BatchNegativeTestingOptionsTest@23e028a9</td></tr>
<tr>
<td title='com.focus.testcases.BatchNegativeTestingOptionsTest.checkDeletingPurchaseReturnsVoucher1And2()'><b>checkDeletingPurchaseReturnsVoucher1And2</b><br>Test class: com.focus.testcases.BatchNegativeTestingOptionsTest<br/>
<a href="#Output-1318314487" onClick='toggleBox("Output-1318314487", this, "Show output", "Hide output");'>Show output</a>

<a href="#Output-1318314487" onClick="toggleAllBoxes();">Show all outputs</a>
<div class='log' id="Output-1318314487">
Completed executing following method : BatchNegativeTestingOptionsTest.checkDeletingPurchaseReturnsVoucher1And2<br/>
Test Method resides in com.focus.testcases.BatchNegativeTestingOptionsTest<br/>
Test Status: Pass<br/>
About to begin executing following method : BaseEngine.afterMethodExecution<br/>
</div>
</td>
<td></td>
<td>22</td>
<td>com.focus.testcases.BatchNegativeTestingOptionsTest@23e028a9</td></tr>
<tr>
<td title='com.focus.testcases.BatchNegativeTestingOptionsTest.checkDeletingPurchaseReturnsVoucher1ForSixtyNinthScenario()'><b>checkDeletingPurchaseReturnsVoucher1ForSixtyNinthScenario</b><br>Test class: com.focus.testcases.BatchNegativeTestingOptionsTest<br/>
<a href="#Output-418231359" onClick='toggleBox("Output-418231359", this, "Show output", "Hide output");'>Show output</a>

<a href="#Output-418231359" onClick="toggleAllBoxes();">Show all outputs</a>
<div class='log' id="Output-418231359">
Completed executing following method : BatchNegativeTestingOptionsTest.checkDeletingPurchaseReturnsVoucher1ForSixtyNinthScenario<br/>
Test Method resides in com.focus.testcases.BatchNegativeTestingOptionsTest<br/>
Test Status: Pass<br/>
About to begin executing following method : BaseEngine.afterMethodExecution<br/>
</div>
</td>
<td></td>
<td>15</td>
<td>com.focus.testcases.BatchNegativeTestingOptionsTest@23e028a9</td></tr>
<tr>
<td title='com.focus.testcases.BatchNegativeTestingOptionsTest.checkDeletingPurchaseVoucherVATAfterBatchConsumedInSalesInvoiceVat()'><b>checkDeletingPurchaseVoucherVATAfterBatchConsumedInSalesInvoiceVat</b><br>Test class: com.focus.testcases.BatchNegativeTestingOptionsTest<br/>
<a href="#Output-889410700" onClick='toggleBox("Output-889410700", this, "Show output", "Hide output");'>Show output</a>

<a href="#Output-889410700" onClick="toggleAllBoxes();">Show all outputs</a>
<div class='log' id="Output-889410700">
Completed executing following method : BatchNegativeTestingOptionsTest.checkDeletingPurchaseVoucherVATAfterBatchConsumedInSalesInvoiceVat<br/>
Test Method resides in com.focus.testcases.BatchNegativeTestingOptionsTest<br/>
Test Status: Pass<br/>
About to begin executing following method : BaseEngine.afterMethodExecution<br/>
</div>
</td>
<td></td>
<td>12</td>
<td>com.focus.testcases.BatchNegativeTestingOptionsTest@23e028a9</td></tr>
<tr>
<td title='com.focus.testcases.BatchNegativeTestingOptionsTest.checkDeletingSalesInvoiceNVoucher1ForSixtyFourthScenario()'><b>checkDeletingSalesInvoiceNVoucher1ForSixtyFourthScenario</b><br>Test class: com.focus.testcases.BatchNegativeTestingOptionsTest<br/>
<a href="#Output-2107751204" onClick='toggleBox("Output-2107751204", this, "Show output", "Hide output");'>Show output</a>

<a href="#Output-2107751204" onClick="toggleAllBoxes();">Show all outputs</a>
<div class='log' id="Output-2107751204">
Completed executing following method : BatchNegativeTestingOptionsTest.checkDeletingSalesInvoiceNVoucher1ForSixtyFourthScenario<br/>
Test Method resides in com.focus.testcases.BatchNegativeTestingOptionsTest<br/>
Test Status: Pass<br/>
About to begin executing following method : BaseEngine.afterMethodExecution<br/>
</div>
</td>
<td></td>
<td>17</td>
<td>com.focus.testcases.BatchNegativeTestingOptionsTest@23e028a9</td></tr>
<tr>
<td title='com.focus.testcases.BatchNegativeTestingOptionsTest.checkDeletingSalesInvoiceVATVoucher1AfterAddingSalesInvoiceNInDesignWorkFlow()'><b>checkDeletingSalesInvoiceVATVoucher1AfterAddingSalesInvoiceNInDesignWorkFlow</b><br>Test class: com.focus.testcases.BatchNegativeTestingOptionsTest<br/>
<a href="#Output-605179979" onClick='toggleBox("Output-605179979", this, "Show output", "Hide output");'>Show output</a>

<a href="#Output-605179979" onClick="toggleAllBoxes();">Show all outputs</a>
<div class='log' id="Output-605179979">
Completed executing following method : BatchNegativeTestingOptionsTest.checkDeletingSalesInvoiceVATVoucher1AfterAddingSalesInvoiceNInDesignWorkFlow<br/>
Test Method resides in com.focus.testcases.BatchNegativeTestingOptionsTest<br/>
Test Status: Pass<br/>
About to begin executing following method : BaseEngine.afterMethodExecution<br/>
</div>
</td>
<td></td>
<td>17</td>
<td>com.focus.testcases.BatchNegativeTestingOptionsTest@23e028a9</td></tr>
<tr>
<td title='com.focus.testcases.BatchNegativeTestingOptionsTest.checkDeletingSalesInvoiceVATVoucher1AfterChangingWarehouseInPurchaseVoucher()'><b>checkDeletingSalesInvoiceVATVoucher1AfterChangingWarehouseInPurchaseVoucher</b><br>Test class: com.focus.testcases.BatchNegativeTestingOptionsTest<br/>
<a href="#Output-1414750749" onClick='toggleBox("Output-1414750749", this, "Show output", "Hide output");'>Show output</a>

<a href="#Output-1414750749" onClick="toggleAllBoxes();">Show all outputs</a>
<div class='log' id="Output-1414750749">
Completed executing following method : BatchNegativeTestingOptionsTest.checkDeletingSalesInvoiceVATVoucher1AfterChangingWarehouseInPurchaseVoucher<br/>
Test Method resides in com.focus.testcases.BatchNegativeTestingOptionsTest<br/>
Test Status: Pass<br/>
About to begin executing following method : BaseEngine.afterMethodExecution<br/>
</div>
</td>
<td></td>
<td>15</td>
<td>com.focus.testcases.BatchNegativeTestingOptionsTest@23e028a9</td></tr>
<tr>
<td title='com.focus.testcases.BatchNegativeTestingOptionsTest.checkDeletingSalesInvoiceVATVoucher1ForSavingWithConsumingPartially()'><b>checkDeletingSalesInvoiceVATVoucher1ForSavingWithConsumingPartially</b><br>Test class: com.focus.testcases.BatchNegativeTestingOptionsTest<br/>
<a href="#Output-580749587" onClick='toggleBox("Output-580749587", this, "Show output", "Hide output");'>Show output</a>

<a href="#Output-580749587" onClick="toggleAllBoxes();">Show all outputs</a>
<div class='log' id="Output-580749587">
Completed executing following method : BatchNegativeTestingOptionsTest.checkDeletingSalesInvoiceVATVoucher1ForSavingWithConsumingPartially<br/>
Test Method resides in com.focus.testcases.BatchNegativeTestingOptionsTest<br/>
Test Status: Pass<br/>
About to begin executing following method : BaseEngine.afterMethodExecution<br/>
</div>
</td>
<td></td>
<td>15</td>
<td>com.focus.testcases.BatchNegativeTestingOptionsTest@23e028a9</td></tr>
<tr>
<td title='com.focus.testcases.BatchNegativeTestingOptionsTest.checkDeletingVoucherInSIAndSuspendingVoucherInSO()'><b>checkDeletingVoucherInSIAndSuspendingVoucherInSO</b><br>Test class: com.focus.testcases.BatchNegativeTestingOptionsTest<br/>
<a href="#Output-720380395" onClick='toggleBox("Output-720380395", this, "Show output", "Hide output");'>Show output</a>

<a href="#Output-720380395" onClick="toggleAllBoxes();">Show all outputs</a>
<div class='log' id="Output-720380395">
Completed executing following method : BatchNegativeTestingOptionsTest.checkDeletingVoucherInSIAndSuspendingVoucherInSO<br/>
Test Method resides in com.focus.testcases.BatchNegativeTestingOptionsTest<br/>
Test Status: Pass<br/>
About to begin executing following method : BaseEngine.afterMethodExecution<br/>
</div>
</td>
<td></td>
<td>20</td>
<td>com.focus.testcases.BatchNegativeTestingOptionsTest@23e028a9</td></tr>
<tr>
<td title='com.focus.testcases.BatchNegativeTestingOptionsTest.checkDeletingVoucherInSalesInvoiceVATWhenStatusInPending()'><b>checkDeletingVoucherInSalesInvoiceVATWhenStatusInPending</b><br>Test class: com.focus.testcases.BatchNegativeTestingOptionsTest<br/>
<a href="#Output-1710783610" onClick='toggleBox("Output-1710783610", this, "Show output", "Hide output");'>Show output</a>

<a href="#Output-1710783610" onClick="toggleAllBoxes();">Show all outputs</a>
<div class='log' id="Output-1710783610">
Completed executing following method : BatchNegativeTestingOptionsTest.checkDeletingVoucherInSalesInvoiceVATWhenStatusInPending<br/>
Test Method resides in com.focus.testcases.BatchNegativeTestingOptionsTest<br/>
Test Status: Pass<br/>
About to begin executing following method : BaseEngine.afterMethodExecution<br/>
</div>
</td>
<td></td>
<td>11</td>
<td>com.focus.testcases.BatchNegativeTestingOptionsTest@23e028a9</td></tr>
<tr>
<td title='com.focus.testcases.BatchNegativeTestingOptionsTest.checkDeletingVoucherInSalesInvoiceWithAuthorisationStatusPending()'><b>checkDeletingVoucherInSalesInvoiceWithAuthorisationStatusPending</b><br>Test class: com.focus.testcases.BatchNegativeTestingOptionsTest<br/>
<a href="#Output-566298133" onClick='toggleBox("Output-566298133", this, "Show output", "Hide output");'>Show output</a>

<a href="#Output-566298133" onClick="toggleAllBoxes();">Show all outputs</a>
<div class='log' id="Output-566298133">
Completed executing following method : BatchNegativeTestingOptionsTest.checkDeletingVoucherInSalesInvoiceWithAuthorisationStatusPending<br/>
Test Method resides in com.focus.testcases.BatchNegativeTestingOptionsTest<br/>
Test Status: Pass<br/>
About to begin executing following method : BaseEngine.afterMethodExecution<br/>
</div>
</td>
<td></td>
<td>9</td>
<td>com.focus.testcases.BatchNegativeTestingOptionsTest@23e028a9</td></tr>
<tr>
<td title='com.focus.testcases.BatchNegativeTestingOptionsTest.checkDeletingVoucherInsalesOrder()'><b>checkDeletingVoucherInsalesOrder</b><br>Test class: com.focus.testcases.BatchNegativeTestingOptionsTest<br/>
<a href="#Output-2141362457" onClick='toggleBox("Output-2141362457", this, "Show output", "Hide output");'>Show output</a>

<a href="#Output-2141362457" onClick="toggleAllBoxes();">Show all outputs</a>
<div class='log' id="Output-2141362457">
Completed executing following method : BatchNegativeTestingOptionsTest.checkDeletingVoucherInsalesOrder<br/>
Test Method resides in com.focus.testcases.BatchNegativeTestingOptionsTest<br/>
Test Status: Pass<br/>
About to begin executing following method : BaseEngine.afterMethodExecution<br/>
</div>
</td>
<td></td>
<td>16</td>
<td>com.focus.testcases.BatchNegativeTestingOptionsTest@23e028a9</td></tr>
<tr>
<td title='com.focus.testcases.BatchNegativeTestingOptionsTest.checkDisablingAllowNegativeBatchQuantityOption()'><b>checkDisablingAllowNegativeBatchQuantityOption</b><br>Test class: com.focus.testcases.BatchNegativeTestingOptionsTest<br/>
<a href="#Output-1448147359" onClick='toggleBox("Output-1448147359", this, "Show output", "Hide output");'>Show output</a>

<a href="#Output-1448147359" onClick="toggleAllBoxes();">Show all outputs</a>
<div class='log' id="Output-1448147359">
Completed executing following method : BatchNegativeTestingOptionsTest.checkDisablingAllowNegativeBatchQuantityOption<br/>
Test Method resides in com.focus.testcases.BatchNegativeTestingOptionsTest<br/>
Test Status: Pass<br/>
About to begin executing following method : BaseEngine.afterMethodExecution<br/>
</div>
</td>
<td></td>
<td>8</td>
<td>com.focus.testcases.BatchNegativeTestingOptionsTest@23e028a9</td></tr>
<tr>
<td title='com.focus.testcases.BatchNegativeTestingOptionsTest.checkEditingQtyInPVVATAfterSavingSalesInvoiceVAT()'><b>checkEditingQtyInPVVATAfterSavingSalesInvoiceVAT</b><br>Test class: com.focus.testcases.BatchNegativeTestingOptionsTest<br/>
<a href="#Output-1429894381" onClick='toggleBox("Output-1429894381", this, "Show output", "Hide output");'>Show output</a>

<a href="#Output-1429894381" onClick="toggleAllBoxes();">Show all outputs</a>
<div class='log' id="Output-1429894381">
Completed executing following method : BatchNegativeTestingOptionsTest.checkEditingQtyInPVVATAfterSavingSalesInvoiceVAT<br/>
Test Method resides in com.focus.testcases.BatchNegativeTestingOptionsTest<br/>
Test Status: Pass<br/>
About to begin executing following method : BaseEngine.afterMethodExecution<br/>
</div>
</td>
<td></td>
<td>25</td>
<td>com.focus.testcases.BatchNegativeTestingOptionsTest@23e028a9</td></tr>
<tr>
<td title='com.focus.testcases.BatchNegativeTestingOptionsTest.checkEnableInputBatchEvenStockIsNotUpdatedOptionInSalesOrder()'><b>checkEnableInputBatchEvenStockIsNotUpdatedOptionInSalesOrder</b><br>Test class: com.focus.testcases.BatchNegativeTestingOptionsTest<br/>
<a href="#Output-1623558146" onClick='toggleBox("Output-1623558146", this, "Show output", "Hide output");'>Show output</a>

<a href="#Output-1623558146" onClick="toggleAllBoxes();">Show all outputs</a>
<div class='log' id="Output-1623558146">
Completed executing following method : BatchNegativeTestingOptionsTest.checkEnableInputBatchEvenStockIsNotUpdatedOptionInSalesOrder<br/>
Test Method resides in com.focus.testcases.BatchNegativeTestingOptionsTest<br/>
Test Status: Pass<br/>
About to begin executing following method : BaseEngine.afterMethodExecution<br/>
</div>
</td>
<td></td>
<td>21</td>
<td>com.focus.testcases.BatchNegativeTestingOptionsTest@23e028a9</td></tr>
<tr>
<td title='com.focus.testcases.BatchNegativeTestingOptionsTest.checkEnablingAllowNegativeBatchQuantityOption()'><b>checkEnablingAllowNegativeBatchQuantityOption</b><br>Test class: com.focus.testcases.BatchNegativeTestingOptionsTest<br/>
<a href="#Output-1536814563" onClick='toggleBox("Output-1536814563", this, "Show output", "Hide output");'>Show output</a>

<a href="#Output-1536814563" onClick="toggleAllBoxes();">Show all outputs</a>
<div class='log' id="Output-1536814563">
Completed executing following method : BatchNegativeTestingOptionsTest.checkEnablingAllowNegativeBatchQuantityOption<br/>
Test Method resides in com.focus.testcases.BatchNegativeTestingOptionsTest<br/>
Test Status: Pass<br/>
About to begin executing following method : BaseEngine.afterMethodExecution<br/>
</div>
</td>
<td></td>
<td>23</td>
<td>com.focus.testcases.BatchNegativeTestingOptionsTest@23e028a9</td></tr>
<tr>
<td title='com.focus.testcases.BatchNegativeTestingOptionsTest.checkEnablingDoNotClubWithCommonBaseFromPurchaseVoucherVATToSalesInvoiceN()'><b>checkEnablingDoNotClubWithCommonBaseFromPurchaseVoucherVATToSalesInvoiceN</b><br>Test class: com.focus.testcases.BatchNegativeTestingOptionsTest<br/>
<a href="#Output-1116437035" onClick='toggleBox("Output-1116437035", this, "Show output", "Hide output");'>Show output</a>

<a href="#Output-1116437035" onClick="toggleAllBoxes();">Show all outputs</a>
<div class='log' id="Output-1116437035">
Completed executing following method : BatchNegativeTestingOptionsTest.checkEnablingDoNotClubWithCommonBaseFromPurchaseVoucherVATToSalesInvoiceN<br/>
Test Method resides in com.focus.testcases.BatchNegativeTestingOptionsTest<br/>
Test Status: Pass<br/>
About to begin executing following method : BaseEngine.afterMethodExecution<br/>
</div>
</td>
<td></td>
<td>23</td>
<td>com.focus.testcases.BatchNegativeTestingOptionsTest@23e028a9</td></tr>
<tr>
<td title='com.focus.testcases.BatchNegativeTestingOptionsTest.checkEnablingInputBatchEvenIfStockIsNotUpdatedInSalesOrderVoucher()'><b>checkEnablingInputBatchEvenIfStockIsNotUpdatedInSalesOrderVoucher</b><br>Test class: com.focus.testcases.BatchNegativeTestingOptionsTest<br/>
<a href="#Output-1077011307" onClick='toggleBox("Output-1077011307", this, "Show output", "Hide output");'>Show output</a>

<a href="#Output-1077011307" onClick="toggleAllBoxes();">Show all outputs</a>
<div class='log' id="Output-1077011307">
Completed executing following method : BatchNegativeTestingOptionsTest.checkEnablingInputBatchEvenIfStockIsNotUpdatedInSalesOrderVoucher<br/>
Test Method resides in com.focus.testcases.BatchNegativeTestingOptionsTest<br/>
Test Status: Pass<br/>
About to begin executing following method : BaseEngine.afterMethodExecution<br/>
</div>
</td>
<td></td>
<td>15</td>
<td>com.focus.testcases.BatchNegativeTestingOptionsTest@23e028a9</td></tr>
<tr>
<td title='com.focus.testcases.BatchNegativeTestingOptionsTest.checkEnablingInventoryoptionUnderkeepUnpostedInTransdactionAuthorisationOfSalesType()'><b>checkEnablingInventoryoptionUnderkeepUnpostedInTransdactionAuthorisationOfSalesType</b><br>Test class: com.focus.testcases.BatchNegativeTestingOptionsTest<br/>
<a href="#Output-305385710" onClick='toggleBox("Output-305385710", this, "Show output", "Hide output");'>Show output</a>

<a href="#Output-305385710" onClick="toggleAllBoxes();">Show all outputs</a>
<div class='log' id="Output-305385710">
Completed executing following method : BatchNegativeTestingOptionsTest.checkEnablingInventoryoptionUnderkeepUnpostedInTransdactionAuthorisationOfSalesType<br/>
Test Method resides in com.focus.testcases.BatchNegativeTestingOptionsTest<br/>
Test Status: Pass<br/>
About to begin executing following method : BaseEngine.afterMethodExecution<br/>
</div>
</td>
<td></td>
<td>29</td>
<td>com.focus.testcases.BatchNegativeTestingOptionsTest@23e028a9</td></tr>
<tr>
<td title='com.focus.testcases.BatchNegativeTestingOptionsTest.checkEraseAllDATA()'><b>checkEraseAllDATA</b><br>Test class: com.focus.testcases.BatchNegativeTestingOptionsTest<br/>
<a href="#Output-95138577" onClick='toggleBox("Output-95138577", this, "Show output", "Hide output");'>Show output</a>

<a href="#Output-95138577" onClick="toggleAllBoxes();">Show all outputs</a>
<div class='log' id="Output-95138577">
Completed executing following method : BatchNegativeTestingOptionsTest.checkEraseAllDATA<br/>
Test Method resides in com.focus.testcases.BatchNegativeTestingOptionsTest<br/>
Test Status: Pass<br/>
About to begin executing following method : BaseEngine.afterMethodExecution<br/>
</div>
</td>
<td></td>
<td>4</td>
<td>com.focus.testcases.BatchNegativeTestingOptionsTest@23e028a9</td></tr>
<tr>
<td title='com.focus.testcases.BatchNegativeTestingOptionsTest.checkEraseAllTransactionsLogoutAndLogin()'><b>checkEraseAllTransactionsLogoutAndLogin</b><br>Test class: com.focus.testcases.BatchNegativeTestingOptionsTest<br/>
<a href="#Output-2014583896" onClick='toggleBox("Output-2014583896", this, "Show output", "Hide output");'>Show output</a>

<a href="#Output-2014583896" onClick="toggleAllBoxes();">Show all outputs</a>
<div class='log' id="Output-2014583896">
Completed executing following method : BatchNegativeTestingOptionsTest.checkEraseAllTransactionsLogoutAndLogin<br/>
Test Method resides in com.focus.testcases.BatchNegativeTestingOptionsTest<br/>
Test Status: Pass<br/>
About to begin executing following method : BaseEngine.afterMethodExecution<br/>
</div>
</td>
<td></td>
<td>39</td>
<td>com.focus.testcases.BatchNegativeTestingOptionsTest@23e028a9</td></tr>
<tr>
<td title='com.focus.testcases.BatchNegativeTestingOptionsTest.checkEraseAllTransactionsLogoutAndLoginAfterAllowNegativeBatchQuantityOption()'><b>checkEraseAllTransactionsLogoutAndLoginAfterAllowNegativeBatchQuantityOption</b><br>Test class: com.focus.testcases.BatchNegativeTestingOptionsTest<br/>
<a href="#Output-1963006180" onClick='toggleBox("Output-1963006180", this, "Show output", "Hide output");'>Show output</a>

<a href="#Output-1963006180" onClick="toggleAllBoxes();">Show all outputs</a>
<div class='log' id="Output-1963006180">
Completed executing following method : BatchNegativeTestingOptionsTest.checkEraseAllTransactionsLogoutAndLoginAfterAllowNegativeBatchQuantityOption<br/>
Test Method resides in com.focus.testcases.BatchNegativeTestingOptionsTest<br/>
Test Status: Pass<br/>
About to begin executing following method : BaseEngine.afterMethodExecution<br/>
</div>
</td>
<td></td>
<td>32</td>
<td>com.focus.testcases.BatchNegativeTestingOptionsTest@23e028a9</td></tr>
<tr>
<td title='com.focus.testcases.BatchNegativeTestingOptionsTest.checkEraseAllTransactionsLogoutAndLoginAfterConsolidateBatchesByBatchNoOption()'><b>checkEraseAllTransactionsLogoutAndLoginAfterConsolidateBatchesByBatchNoOption</b><br>Test class: com.focus.testcases.BatchNegativeTestingOptionsTest<br/>
<a href="#Output-928894120" onClick='toggleBox("Output-928894120", this, "Show output", "Hide output");'>Show output</a>

<a href="#Output-928894120" onClick="toggleAllBoxes();">Show all outputs</a>
<div class='log' id="Output-928894120">
Completed executing following method : BatchNegativeTestingOptionsTest.checkEraseAllTransactionsLogoutAndLoginAfterConsolidateBatchesByBatchNoOption<br/>
Test Method resides in com.focus.testcases.BatchNegativeTestingOptionsTest<br/>
Test Status: Pass<br/>
About to begin executing following method : BaseEngine.afterMethodExecution<br/>
</div>
</td>
<td></td>
<td>31</td>
<td>com.focus.testcases.BatchNegativeTestingOptionsTest@23e028a9</td></tr>
<tr>
<td title='com.focus.testcases.BatchNegativeTestingOptionsTest.checkEraseAllTransactionsLogoutAndLoginAfterExpiryDatesForBatchOption()'><b>checkEraseAllTransactionsLogoutAndLoginAfterExpiryDatesForBatchOption</b><br>Test class: com.focus.testcases.BatchNegativeTestingOptionsTest<br/>
<a href="#Output-1721108003" onClick='toggleBox("Output-1721108003", this, "Show output", "Hide output");'>Show output</a>

<a href="#Output-1721108003" onClick="toggleAllBoxes();">Show all outputs</a>
<div class='log' id="Output-1721108003">
Completed executing following method : BatchNegativeTestingOptionsTest.checkEraseAllTransactionsLogoutAndLoginAfterExpiryDatesForBatchOption<br/>
Test Method resides in com.focus.testcases.BatchNegativeTestingOptionsTest<br/>
Test Status: Pass<br/>
About to begin executing following method : BaseEngine.afterMethodExecution<br/>
</div>
</td>
<td></td>
<td>31</td>
<td>com.focus.testcases.BatchNegativeTestingOptionsTest@23e028a9</td></tr>
<tr>
<td title='com.focus.testcases.BatchNegativeTestingOptionsTest.checkEraseAllTransactionsLogoutAndLoginForSeventyForthScenario()'><b>checkEraseAllTransactionsLogoutAndLoginForSeventyForthScenario</b><br>Test class: com.focus.testcases.BatchNegativeTestingOptionsTest<br/>
<a href="#Output-1991627043" onClick='toggleBox("Output-1991627043", this, "Show output", "Hide output");'>Show output</a>

<a href="#Output-1991627043" onClick="toggleAllBoxes();">Show all outputs</a>
<div class='log' id="Output-1991627043">
Completed executing following method : BatchNegativeTestingOptionsTest.checkEraseAllTransactionsLogoutAndLoginForSeventyForthScenario<br/>
Test Method resides in com.focus.testcases.BatchNegativeTestingOptionsTest<br/>
Test Status: Pass<br/>
About to begin executing following method : BaseEngine.afterMethodExecution<br/>
</div>
</td>
<td></td>
<td>31</td>
<td>com.focus.testcases.BatchNegativeTestingOptionsTest@23e028a9</td></tr>
<tr>
<td title='com.focus.testcases.BatchNegativeTestingOptionsTest.checkEraseAllTransactionsLogoutAndLoginForSeventyOneScenario()'><b>checkEraseAllTransactionsLogoutAndLoginForSeventyOneScenario</b><br>Test class: com.focus.testcases.BatchNegativeTestingOptionsTest<br/>
<a href="#Output-1368753136" onClick='toggleBox("Output-1368753136", this, "Show output", "Hide output");'>Show output</a>

<a href="#Output-1368753136" onClick="toggleAllBoxes();">Show all outputs</a>
<div class='log' id="Output-1368753136">
Completed executing following method : BatchNegativeTestingOptionsTest.checkEraseAllTransactionsLogoutAndLoginForSeventyOneScenario<br/>
Test Method resides in com.focus.testcases.BatchNegativeTestingOptionsTest<br/>
Test Status: Pass<br/>
About to begin executing following method : BaseEngine.afterMethodExecution<br/>
</div>
</td>
<td></td>
<td>30</td>
<td>com.focus.testcases.BatchNegativeTestingOptionsTest@23e028a9</td></tr>
<tr>
<td title='com.focus.testcases.BatchNegativeTestingOptionsTest.checkEraseAllTransactionsLogoutAndLoginForSixtyEightScenario()'><b>checkEraseAllTransactionsLogoutAndLoginForSixtyEightScenario</b><br>Test class: com.focus.testcases.BatchNegativeTestingOptionsTest<br/>
<a href="#Output-457474468" onClick='toggleBox("Output-457474468", this, "Show output", "Hide output");'>Show output</a>

<a href="#Output-457474468" onClick="toggleAllBoxes();">Show all outputs</a>
<div class='log' id="Output-457474468">
Completed executing following method : BatchNegativeTestingOptionsTest.checkEraseAllTransactionsLogoutAndLoginForSixtyEightScenario<br/>
Test Method resides in com.focus.testcases.BatchNegativeTestingOptionsTest<br/>
Test Status: Pass<br/>
About to begin executing following method : BaseEngine.afterMethodExecution<br/>
</div>
</td>
<td></td>
<td>31</td>
<td>com.focus.testcases.BatchNegativeTestingOptionsTest@23e028a9</td></tr>
<tr>
<td title='com.focus.testcases.BatchNegativeTestingOptionsTest.checkEraseAllTransactionsLogoutAndLoginForSixtyFifthScenario()'><b>checkEraseAllTransactionsLogoutAndLoginForSixtyFifthScenario</b><br>Test class: com.focus.testcases.BatchNegativeTestingOptionsTest<br/>
<a href="#Output-2012888613" onClick='toggleBox("Output-2012888613", this, "Show output", "Hide output");'>Show output</a>

<a href="#Output-2012888613" onClick="toggleAllBoxes();">Show all outputs</a>
<div class='log' id="Output-2012888613">
Completed executing following method : BatchNegativeTestingOptionsTest.checkEraseAllTransactionsLogoutAndLoginForSixtyFifthScenario<br/>
Test Method resides in com.focus.testcases.BatchNegativeTestingOptionsTest<br/>
Test Status: Pass<br/>
About to begin executing following method : BaseEngine.afterMethodExecution<br/>
</div>
</td>
<td></td>
<td>31</td>
<td>com.focus.testcases.BatchNegativeTestingOptionsTest@23e028a9</td></tr>
<tr>
<td title='com.focus.testcases.BatchNegativeTestingOptionsTest.checkEraseAllTransactionsLogoutAndLoginForSixtySixthScenario()'><b>checkEraseAllTransactionsLogoutAndLoginForSixtySixthScenario</b><br>Test class: com.focus.testcases.BatchNegativeTestingOptionsTest<br/>
<a href="#Output-1846703523" onClick='toggleBox("Output-1846703523", this, "Show output", "Hide output");'>Show output</a>

<a href="#Output-1846703523" onClick="toggleAllBoxes();">Show all outputs</a>
<div class='log' id="Output-1846703523">
Completed executing following method : BatchNegativeTestingOptionsTest.checkEraseAllTransactionsLogoutAndLoginForSixtySixthScenario<br/>
Test Method resides in com.focus.testcases.BatchNegativeTestingOptionsTest<br/>
Test Status: Pass<br/>
About to begin executing following method : BaseEngine.afterMethodExecution<br/>
</div>
</td>
<td></td>
<td>31</td>
<td>com.focus.testcases.BatchNegativeTestingOptionsTest@23e028a9</td></tr>
<tr>
<td title='com.focus.testcases.BatchNegativeTestingOptionsTest.checkEraseAllTransactionsLogoutAndLoginSeventySixthScenario()'><b>checkEraseAllTransactionsLogoutAndLoginSeventySixthScenario</b><br>Test class: com.focus.testcases.BatchNegativeTestingOptionsTest<br/>
<a href="#Output-1443114677" onClick='toggleBox("Output-1443114677", this, "Show output", "Hide output");'>Show output</a>

<a href="#Output-1443114677" onClick="toggleAllBoxes();">Show all outputs</a>
<div class='log' id="Output-1443114677">
Completed executing following method : BatchNegativeTestingOptionsTest.checkEraseAllTransactionsLogoutAndLoginSeventySixthScenario<br/>
Test Method resides in com.focus.testcases.BatchNegativeTestingOptionsTest<br/>
Test Status: Pass<br/>
About to begin executing following method : BaseEngine.afterMethodExecution<br/>
</div>
</td>
<td></td>
<td>31</td>
<td>com.focus.testcases.BatchNegativeTestingOptionsTest@23e028a9</td></tr>
<tr>
<td title='com.focus.testcases.BatchNegativeTestingOptionsTest.checkLinksInSalesInvoiceAfterSavingSalesOrder()'><b>checkLinksInSalesInvoiceAfterSavingSalesOrder</b><br>Test class: com.focus.testcases.BatchNegativeTestingOptionsTest<br/>
<a href="#Output-1664642085" onClick='toggleBox("Output-1664642085", this, "Show output", "Hide output");'>Show output</a>

<a href="#Output-1664642085" onClick="toggleAllBoxes();">Show all outputs</a>
<div class='log' id="Output-1664642085">
Completed executing following method : BatchNegativeTestingOptionsTest.checkLinksInSalesInvoiceAfterSavingSalesOrder<br/>
Test Method resides in com.focus.testcases.BatchNegativeTestingOptionsTest<br/>
Test Status: Pass<br/>
About to begin executing following method : BaseEngine.afterMethodExecution<br/>
</div>
</td>
<td></td>
<td>16</td>
<td>com.focus.testcases.BatchNegativeTestingOptionsTest@23e028a9</td></tr>
<tr>
<td title='com.focus.testcases.BatchNegativeTestingOptionsTest.checkLoadingWorkflowInSalesInvoiceNVoucher1AfterFullConsumingInPurchaseReturns()'><b>checkLoadingWorkflowInSalesInvoiceNVoucher1AfterFullConsumingInPurchaseReturns</b><br>Test class: com.focus.testcases.BatchNegativeTestingOptionsTest<br/>
<a href="#Output-356314334" onClick='toggleBox("Output-356314334", this, "Show output", "Hide output");'>Show output</a>

<a href="#Output-356314334" onClick="toggleAllBoxes();">Show all outputs</a>
<div class='log' id="Output-356314334">
Completed executing following method : BatchNegativeTestingOptionsTest.checkLoadingWorkflowInSalesInvoiceNVoucher1AfterFullConsumingInPurchaseReturns<br/>
Test Method resides in com.focus.testcases.BatchNegativeTestingOptionsTest<br/>
Test Status: Pass<br/>
About to begin executing following method : BaseEngine.afterMethodExecution<br/>
</div>
</td>
<td></td>
<td>14</td>
<td>com.focus.testcases.BatchNegativeTestingOptionsTest@23e028a9</td></tr>
<tr>
<td title='com.focus.testcases.LoginPageTest.checkLoginPageAvailablityOfFields()'><b>checkLoginPageAvailablityOfFields</b><br>Test class: com.focus.testcases.LoginPageTest<br/>
<a href="#Output-3768050" onClick='toggleBox("Output-3768050", this, "Show output", "Hide output");'>Show output</a>

<a href="#Output-3768050" onClick="toggleAllBoxes();">Show all outputs</a>
<div class='log' id="Output-3768050">
Completed executing following method : LoginPageTest.checkLoginPageAvailablityOfFields<br/>
Test Method resides in com.focus.testcases.LoginPageTest<br/>
Test Status: Pass<br/>
About to begin executing following method : BaseEngine.afterMethodExecution<br/>
</div>
</td>
<td></td>
<td>1</td>
<td>com.focus.testcases.LoginPageTest@47ef968d</td></tr>
<tr>
<td title='com.focus.testcases.URLBrowserTest.checkLoginPageTitleByURLInputInBrowser()'><b>checkLoginPageTitleByURLInputInBrowser</b><br>Test class: com.focus.testcases.URLBrowserTest<br/>
<a href="#Output-814377348" onClick='toggleBox("Output-814377348", this, "Show output", "Hide output");'>Show output</a>

<a href="#Output-814377348" onClick="toggleAllBoxes();">Show all outputs</a>
<div class='log' id="Output-814377348">
Completed executing following method : URLBrowserTest.checkLoginPageTitleByURLInputInBrowser<br/>
Test Method resides in com.focus.testcases.URLBrowserTest<br/>
Test Status: Pass<br/>
About to begin executing following method : BaseEngine.afterMethodExecution<br/>
</div>
</td>
<td></td>
<td>5</td>
<td>com.focus.testcases.URLBrowserTest@5bc79255</td></tr>
<tr>
<td title='com.focus.testcases.BatchNegativeTestingOptionsTest.checkLoginToAuthoriseUserForSalesAuthorisation()'><b>checkLoginToAuthoriseUserForSalesAuthorisation</b><br>Test class: com.focus.testcases.BatchNegativeTestingOptionsTest<br/>
<a href="#Output-991230058" onClick='toggleBox("Output-991230058", this, "Show output", "Hide output");'>Show output</a>

<a href="#Output-991230058" onClick="toggleAllBoxes();">Show all outputs</a>
<div class='log' id="Output-991230058">
Completed executing following method : BatchNegativeTestingOptionsTest.checkLoginToAuthoriseUserForSalesAuthorisation<br/>
Test Method resides in com.focus.testcases.BatchNegativeTestingOptionsTest<br/>
Test Status: Pass<br/>
About to begin executing following method : BaseEngine.afterMethodExecution<br/>
</div>
</td>
<td></td>
<td>40</td>
<td>com.focus.testcases.BatchNegativeTestingOptionsTest@23e028a9</td></tr>
<tr>
<td title='com.focus.testcases.BatchNegativeTestingOptionsTest.checkLoginToSuperUserAndSavingSalesInvioceVAT2AfterAuthorisation()'><b>checkLoginToSuperUserAndSavingSalesInvioceVAT2AfterAuthorisation</b><br>Test class: com.focus.testcases.BatchNegativeTestingOptionsTest<br/>
<a href="#Output-426107882" onClick='toggleBox("Output-426107882", this, "Show output", "Hide output");'>Show output</a>

<a href="#Output-426107882" onClick="toggleAllBoxes();">Show all outputs</a>
<div class='log' id="Output-426107882">
Completed executing following method : BatchNegativeTestingOptionsTest.checkLoginToSuperUserAndSavingSalesInvioceVAT2AfterAuthorisation<br/>
Test Method resides in com.focus.testcases.BatchNegativeTestingOptionsTest<br/>
Test Status: Pass<br/>
About to begin executing following method : BaseEngine.afterMethodExecution<br/>
</div>
</td>
<td></td>
<td>109</td>
<td>com.focus.testcases.BatchNegativeTestingOptionsTest@23e028a9</td></tr>
<tr>
<td title='com.focus.testcases.BatchNegativeTestingOptionsTest.checkLoginToUserAllOptionsToAuthoriseSalesVouchers1()'><b>checkLoginToUserAllOptionsToAuthoriseSalesVouchers1</b><br>Test class: com.focus.testcases.BatchNegativeTestingOptionsTest<br/>
<a href="#Output-835587006" onClick='toggleBox("Output-835587006", this, "Show output", "Hide output");'>Show output</a>

<a href="#Output-835587006" onClick="toggleAllBoxes();">Show all outputs</a>
<div class='log' id="Output-835587006">
Completed executing following method : BatchNegativeTestingOptionsTest.checkLoginToUserAllOptionsToAuthoriseSalesVouchers1<br/>
Test Method resides in com.focus.testcases.BatchNegativeTestingOptionsTest<br/>
Test Status: Pass<br/>
About to begin executing following method : BaseEngine.afterMethodExecution<br/>
</div>
</td>
<td></td>
<td>43</td>
<td>com.focus.testcases.BatchNegativeTestingOptionsTest@23e028a9</td></tr>
<tr>
<td title='com.focus.testcases.BatchNegativeTestingOptionsTest.checkLoginToUserForAuthorisationINSalesOrder()'><b>checkLoginToUserForAuthorisationINSalesOrder</b><br>Test class: com.focus.testcases.BatchNegativeTestingOptionsTest<br/>
<a href="#Output-560904799" onClick='toggleBox("Output-560904799", this, "Show output", "Hide output");'>Show output</a>

<a href="#Output-560904799" onClick="toggleAllBoxes();">Show all outputs</a>
<div class='log' id="Output-560904799">
Completed executing following method : BatchNegativeTestingOptionsTest.checkLoginToUserForAuthorisationINSalesOrder<br/>
Test Method resides in com.focus.testcases.BatchNegativeTestingOptionsTest<br/>
Test Status: Pass<br/>
About to begin executing following method : BaseEngine.afterMethodExecution<br/>
</div>
</td>
<td></td>
<td>53</td>
<td>com.focus.testcases.BatchNegativeTestingOptionsTest@23e028a9</td></tr>
<tr>
<td title='com.focus.testcases.BatchNegativeTestingOptionsTest.checkLoginToUserallOptionsForAuthoriseSalesOrder()'><b>checkLoginToUserallOptionsForAuthoriseSalesOrder</b><br>Test class: com.focus.testcases.BatchNegativeTestingOptionsTest<br/>
<a href="#Output-293856630" onClick='toggleBox("Output-293856630", this, "Show output", "Hide output");'>Show output</a>

<a href="#Output-293856630" onClick="toggleAllBoxes();">Show all outputs</a>
<div class='log' id="Output-293856630">
Completed executing following method : BatchNegativeTestingOptionsTest.checkLoginToUserallOptionsForAuthoriseSalesOrder<br/>
Test Method resides in com.focus.testcases.BatchNegativeTestingOptionsTest<br/>
Test Status: Pass<br/>
About to begin executing following method : BaseEngine.afterMethodExecution<br/>
</div>
</td>
<td></td>
<td>47</td>
<td>com.focus.testcases.BatchNegativeTestingOptionsTest@23e028a9</td></tr>
<tr>
<td title='com.focus.testcases.BatchNegativeTestingOptionsTest.checkLogintoSuperUseAndSavingSalesInvoice2After1stVoucherAuthorised()'><b>checkLogintoSuperUseAndSavingSalesInvoice2After1stVoucherAuthorised</b><br>Test class: com.focus.testcases.BatchNegativeTestingOptionsTest<br/>
<a href="#Output-326209743" onClick='toggleBox("Output-326209743", this, "Show output", "Hide output");'>Show output</a>

<a href="#Output-326209743" onClick="toggleAllBoxes();">Show all outputs</a>
<div class='log' id="Output-326209743">
Completed executing following method : BatchNegativeTestingOptionsTest.checkLogintoSuperUseAndSavingSalesInvoice2After1stVoucherAuthorised<br/>
Test Method resides in com.focus.testcases.BatchNegativeTestingOptionsTest<br/>
Test Status: Pass<br/>
About to begin executing following method : BaseEngine.afterMethodExecution<br/>
</div>
</td>
<td></td>
<td>111</td>
<td>com.focus.testcases.BatchNegativeTestingOptionsTest@23e028a9</td></tr>
<tr>
<td title='com.focus.testcases.BatchNegativeTestingOptionsTest.checkLogoutAndLogin()'><b>checkLogoutAndLogin</b><br>Test class: com.focus.testcases.BatchNegativeTestingOptionsTest<br/>
<a href="#Output-1902756228" onClick='toggleBox("Output-1902756228", this, "Show output", "Hide output");'>Show output</a>

<a href="#Output-1902756228" onClick="toggleAllBoxes();">Show all outputs</a>
<div class='log' id="Output-1902756228">
Completed executing following method : BatchNegativeTestingOptionsTest.checkLogoutAndLogin<br/>
Test Method resides in com.focus.testcases.BatchNegativeTestingOptionsTest<br/>
Test Status: Pass<br/>
About to begin executing following method : BaseEngine.afterMethodExecution<br/>
</div>
</td>
<td></td>
<td>33</td>
<td>com.focus.testcases.BatchNegativeTestingOptionsTest@23e028a9</td></tr>
<tr>
<td title='com.focus.testcases.BatchNegativeTestingOptionsTest.checkLogoutAndLoginAfterDisablingAllowNegativeBatchQuantityOption()'><b>checkLogoutAndLoginAfterDisablingAllowNegativeBatchQuantityOption</b><br>Test class: com.focus.testcases.BatchNegativeTestingOptionsTest<br/>
<a href="#Output-1260411607" onClick='toggleBox("Output-1260411607", this, "Show output", "Hide output");'>Show output</a>

<a href="#Output-1260411607" onClick="toggleAllBoxes();">Show all outputs</a>
<div class='log' id="Output-1260411607">
Completed executing following method : BatchNegativeTestingOptionsTest.checkLogoutAndLoginAfterDisablingAllowNegativeBatchQuantityOption<br/>
Test Method resides in com.focus.testcases.BatchNegativeTestingOptionsTest<br/>
Test Status: Pass<br/>
About to begin executing following method : BaseEngine.afterMethodExecution<br/>
</div>
</td>
<td></td>
<td>24</td>
<td>com.focus.testcases.BatchNegativeTestingOptionsTest@23e028a9</td></tr>
<tr>
<td title='com.focus.testcases.BatchNegativeTestingOptionsTest.checkReSavingPurchaseReturnsVoucher1AfterConsumingFullQuantityInPurchaseReturnsVoucher2()'><b>checkReSavingPurchaseReturnsVoucher1AfterConsumingFullQuantityInPurchaseReturnsVoucher2</b><br>Test class: com.focus.testcases.BatchNegativeTestingOptionsTest<br/>
<a href="#Output-575118336" onClick='toggleBox("Output-575118336", this, "Show output", "Hide output");'>Show output</a>

<a href="#Output-575118336" onClick="toggleAllBoxes();">Show all outputs</a>
<div class='log' id="Output-575118336">
Completed executing following method : BatchNegativeTestingOptionsTest.checkReSavingPurchaseReturnsVoucher1AfterConsumingFullQuantityInPurchaseReturnsVoucher2<br/>
Test Method resides in com.focus.testcases.BatchNegativeTestingOptionsTest<br/>
Test Status: Pass<br/>
About to begin executing following method : BaseEngine.afterMethodExecution<br/>
</div>
</td>
<td></td>
<td>7</td>
<td>com.focus.testcases.BatchNegativeTestingOptionsTest@23e028a9</td></tr>
<tr>
<td title='com.focus.testcases.BatchNegativeTestingOptionsTest.checkReSavingPurchaseReturnsVoucher1ByLoadingWorkFlow()'><b>checkReSavingPurchaseReturnsVoucher1ByLoadingWorkFlow</b><br>Test class: com.focus.testcases.BatchNegativeTestingOptionsTest<br/>
<a href="#Output-988794345" onClick='toggleBox("Output-988794345", this, "Show output", "Hide output");'>Show output</a>

<a href="#Output-988794345" onClick="toggleAllBoxes();">Show all outputs</a>
<div class='log' id="Output-988794345">
Completed executing following method : BatchNegativeTestingOptionsTest.checkReSavingPurchaseReturnsVoucher1ByLoadingWorkFlow<br/>
Test Method resides in com.focus.testcases.BatchNegativeTestingOptionsTest<br/>
Test Status: Pass<br/>
About to begin executing following method : BaseEngine.afterMethodExecution<br/>
</div>
</td>
<td></td>
<td>21</td>
<td>com.focus.testcases.BatchNegativeTestingOptionsTest@23e028a9</td></tr>
<tr>
<td title='com.focus.testcases.BatchNegativeTestingOptionsTest.checkReSavingPurchaseVoucherVATVoucher1ByBatchNoIn1stRow()'><b>checkReSavingPurchaseVoucherVATVoucher1ByBatchNoIn1stRow</b><br>Test class: com.focus.testcases.BatchNegativeTestingOptionsTest<br/>
<a href="#Output-1596503809" onClick='toggleBox("Output-1596503809", this, "Show output", "Hide output");'>Show output</a>

<a href="#Output-1596503809" onClick="toggleAllBoxes();">Show all outputs</a>
<div class='log' id="Output-1596503809">
Completed executing following method : BatchNegativeTestingOptionsTest.checkReSavingPurchaseVoucherVATVoucher1ByBatchNoIn1stRow<br/>
Test Method resides in com.focus.testcases.BatchNegativeTestingOptionsTest<br/>
Test Status: Pass<br/>
About to begin executing following method : BaseEngine.afterMethodExecution<br/>
</div>
</td>
<td></td>
<td>19</td>
<td>com.focus.testcases.BatchNegativeTestingOptionsTest@23e028a9</td></tr>
<tr>
<td title='com.focus.testcases.BatchNegativeTestingOptionsTest.checkReSavingPurchaseVoucherVATVoucher1ByBatchNoIn2ndRow()'><b>checkReSavingPurchaseVoucherVATVoucher1ByBatchNoIn2ndRow</b><br>Test class: com.focus.testcases.BatchNegativeTestingOptionsTest<br/>
<a href="#Output-430301674" onClick='toggleBox("Output-430301674", this, "Show output", "Hide output");'>Show output</a>

<a href="#Output-430301674" onClick="toggleAllBoxes();">Show all outputs</a>
<div class='log' id="Output-430301674">
Completed executing following method : BatchNegativeTestingOptionsTest.checkReSavingPurchaseVoucherVATVoucher1ByBatchNoIn2ndRow<br/>
Test Method resides in com.focus.testcases.BatchNegativeTestingOptionsTest<br/>
Test Status: Pass<br/>
About to begin executing following method : BaseEngine.afterMethodExecution<br/>
</div>
</td>
<td></td>
<td>19</td>
<td>com.focus.testcases.BatchNegativeTestingOptionsTest@23e028a9</td></tr>
<tr>
<td title='com.focus.testcases.BatchNegativeTestingOptionsTest.checkReSavingPurchaseVoucherVATVoucher1ByChangingExpiryDate()'><b>checkReSavingPurchaseVoucherVATVoucher1ByChangingExpiryDate</b><br>Test class: com.focus.testcases.BatchNegativeTestingOptionsTest<br/>
<a href="#Output-742058505" onClick='toggleBox("Output-742058505", this, "Show output", "Hide output");'>Show output</a>

<a href="#Output-742058505" onClick="toggleAllBoxes();">Show all outputs</a>
<div class='log' id="Output-742058505">
Completed executing following method : BatchNegativeTestingOptionsTest.checkReSavingPurchaseVoucherVATVoucher1ByChangingExpiryDate<br/>
Test Method resides in com.focus.testcases.BatchNegativeTestingOptionsTest<br/>
Test Status: Pass<br/>
About to begin executing following method : BaseEngine.afterMethodExecution<br/>
</div>
</td>
<td></td>
<td>16</td>
<td>com.focus.testcases.BatchNegativeTestingOptionsTest@23e028a9</td></tr>
<tr>
<td title='com.focus.testcases.BatchNegativeTestingOptionsTest.checkReSavingPurchaseVoucherVATVoucher1ByChangingExpiryDateAfterConsumingFullQuantityInSalesInvoice()'><b>checkReSavingPurchaseVoucherVATVoucher1ByChangingExpiryDateAfterConsumingFullQuantityInSalesInvoice</b><br>Test class: com.focus.testcases.BatchNegativeTestingOptionsTest<br/>
<a href="#Output-834754473" onClick='toggleBox("Output-834754473", this, "Show output", "Hide output");'>Show output</a>

<a href="#Output-834754473" onClick="toggleAllBoxes();">Show all outputs</a>
<div class='log' id="Output-834754473">
Completed executing following method : BatchNegativeTestingOptionsTest.checkReSavingPurchaseVoucherVATVoucher1ByChangingExpiryDateAfterConsumingFullQuantityInSalesInvoice<br/>
Test Method resides in com.focus.testcases.BatchNegativeTestingOptionsTest<br/>
Test Status: Pass<br/>
About to begin executing following method : BaseEngine.afterMethodExecution<br/>
</div>
</td>
<td></td>
<td>15</td>
<td>com.focus.testcases.BatchNegativeTestingOptionsTest@23e028a9</td></tr>
<tr>
<td title='com.focus.testcases.BatchNegativeTestingOptionsTest.checkReSavingPurchaseVoucherVATVoucher1ByChangingItemToBATCHBRITEMIn1stRow()'><b>checkReSavingPurchaseVoucherVATVoucher1ByChangingItemToBATCHBRITEMIn1stRow</b><br>Test class: com.focus.testcases.BatchNegativeTestingOptionsTest<br/>
<a href="#Output-694531823" onClick='toggleBox("Output-694531823", this, "Show output", "Hide output");'>Show output</a>

<a href="#Output-694531823" onClick="toggleAllBoxes();">Show all outputs</a>
<div class='log' id="Output-694531823">
Completed executing following method : BatchNegativeTestingOptionsTest.checkReSavingPurchaseVoucherVATVoucher1ByChangingItemToBATCHBRITEMIn1stRow<br/>
Test Method resides in com.focus.testcases.BatchNegativeTestingOptionsTest<br/>
Test Status: Pass<br/>
About to begin executing following method : BaseEngine.afterMethodExecution<br/>
</div>
</td>
<td></td>
<td>27</td>
<td>com.focus.testcases.BatchNegativeTestingOptionsTest@23e028a9</td></tr>
<tr>
<td title='com.focus.testcases.BatchNegativeTestingOptionsTest.checkReSavingPurchaseVoucherVATVoucher1ByChangingItemToBATCHBRITEMIn2ndRow()'><b>checkReSavingPurchaseVoucherVATVoucher1ByChangingItemToBATCHBRITEMIn2ndRow</b><br>Test class: com.focus.testcases.BatchNegativeTestingOptionsTest<br/>
<a href="#Output-1326552525" onClick='toggleBox("Output-1326552525", this, "Show output", "Hide output");'>Show output</a>

<a href="#Output-1326552525" onClick="toggleAllBoxes();">Show all outputs</a>
<div class='log' id="Output-1326552525">
Completed executing following method : BatchNegativeTestingOptionsTest.checkReSavingPurchaseVoucherVATVoucher1ByChangingItemToBATCHBRITEMIn2ndRow<br/>
Test Method resides in com.focus.testcases.BatchNegativeTestingOptionsTest<br/>
Test Status: Pass<br/>
About to begin executing following method : BaseEngine.afterMethodExecution<br/>
</div>
</td>
<td></td>
<td>25</td>
<td>com.focus.testcases.BatchNegativeTestingOptionsTest@23e028a9</td></tr>
<tr>
<td title='com.focus.testcases.BatchNegativeTestingOptionsTest.checkReSavingPurchaseVoucherVATVoucher1ByChangingQuantityTo12In1stRow()'><b>checkReSavingPurchaseVoucherVATVoucher1ByChangingQuantityTo12In1stRow</b><br>Test class: com.focus.testcases.BatchNegativeTestingOptionsTest<br/>
<a href="#Output-133662080" onClick='toggleBox("Output-133662080", this, "Show output", "Hide output");'>Show output</a>

<a href="#Output-133662080" onClick="toggleAllBoxes();">Show all outputs</a>
<div class='log' id="Output-133662080">
Completed executing following method : BatchNegativeTestingOptionsTest.checkReSavingPurchaseVoucherVATVoucher1ByChangingQuantityTo12In1stRow<br/>
Test Method resides in com.focus.testcases.BatchNegativeTestingOptionsTest<br/>
Test Status: Pass<br/>
About to begin executing following method : BaseEngine.afterMethodExecution<br/>
</div>
</td>
<td></td>
<td>25</td>
<td>com.focus.testcases.BatchNegativeTestingOptionsTest@23e028a9</td></tr>
<tr>
<td title='com.focus.testcases.BatchNegativeTestingOptionsTest.checkReSavingPurchaseVoucherVATVoucher1ByChangingQuantityTo12In2ndRow()'><b>checkReSavingPurchaseVoucherVATVoucher1ByChangingQuantityTo12In2ndRow</b><br>Test class: com.focus.testcases.BatchNegativeTestingOptionsTest<br/>
<a href="#Output-1805043827" onClick='toggleBox("Output-1805043827", this, "Show output", "Hide output");'>Show output</a>

<a href="#Output-1805043827" onClick="toggleAllBoxes();">Show all outputs</a>
<div class='log' id="Output-1805043827">
Completed executing following method : BatchNegativeTestingOptionsTest.checkReSavingPurchaseVoucherVATVoucher1ByChangingQuantityTo12In2ndRow<br/>
Test Method resides in com.focus.testcases.BatchNegativeTestingOptionsTest<br/>
Test Status: Pass<br/>
About to begin executing following method : BaseEngine.afterMethodExecution<br/>
</div>
</td>
<td></td>
<td>21</td>
<td>com.focus.testcases.BatchNegativeTestingOptionsTest@23e028a9</td></tr>
<tr>
<td title='com.focus.testcases.BatchNegativeTestingOptionsTest.checkReSavingPurchaseVoucherVATVoucher1ByChangingWarehouseFromHyderabadToSecunderabad()'><b>checkReSavingPurchaseVoucherVATVoucher1ByChangingWarehouseFromHyderabadToSecunderabad</b><br>Test class: com.focus.testcases.BatchNegativeTestingOptionsTest<br/>
<a href="#Output-789106023" onClick='toggleBox("Output-789106023", this, "Show output", "Hide output");'>Show output</a>

<a href="#Output-789106023" onClick="toggleAllBoxes();">Show all outputs</a>
<div class='log' id="Output-789106023">
Completed executing following method : BatchNegativeTestingOptionsTest.checkReSavingPurchaseVoucherVATVoucher1ByChangingWarehouseFromHyderabadToSecunderabad<br/>
Test Method resides in com.focus.testcases.BatchNegativeTestingOptionsTest<br/>
Test Status: Pass<br/>
About to begin executing following method : BaseEngine.afterMethodExecution<br/>
</div>
</td>
<td></td>
<td>31</td>
<td>com.focus.testcases.BatchNegativeTestingOptionsTest@23e028a9</td></tr>
<tr>
<td title='com.focus.testcases.BatchNegativeTestingOptionsTest.checkReSavingPurchaseVoucherVATVoucher1ByChangingWarehouseFromHyderabadToSecunderabadAfterSuspendingSalesInvoice()'><b>checkReSavingPurchaseVoucherVATVoucher1ByChangingWarehouseFromHyderabadToSecunderabadAfterSuspendingSalesInvoice</b><br>Test class: com.focus.testcases.BatchNegativeTestingOptionsTest<br/>
<a href="#Output-1276926456" onClick='toggleBox("Output-1276926456", this, "Show output", "Hide output");'>Show output</a>

<a href="#Output-1276926456" onClick="toggleAllBoxes();">Show all outputs</a>
<div class='log' id="Output-1276926456">
Completed executing following method : BatchNegativeTestingOptionsTest.checkReSavingPurchaseVoucherVATVoucher1ByChangingWarehouseFromHyderabadToSecunderabadAfterSuspendingSalesInvoice<br/>
Test Method resides in com.focus.testcases.BatchNegativeTestingOptionsTest<br/>
Test Status: Pass<br/>
About to begin executing following method : BaseEngine.afterMethodExecution<br/>
</div>
</td>
<td></td>
<td>33</td>
<td>com.focus.testcases.BatchNegativeTestingOptionsTest@23e028a9</td></tr>
<tr>
<td title='com.focus.testcases.BatchNegativeTestingOptionsTest.checkReSavingPurchaseVoucherVATVoucher1ByChangingWarehouseFromSecunderabadToHyderabad()'><b>checkReSavingPurchaseVoucherVATVoucher1ByChangingWarehouseFromSecunderabadToHyderabad</b><br>Test class: com.focus.testcases.BatchNegativeTestingOptionsTest<br/>
<a href="#Output-1449755329" onClick='toggleBox("Output-1449755329", this, "Show output", "Hide output");'>Show output</a>

<a href="#Output-1449755329" onClick="toggleAllBoxes();">Show all outputs</a>
<div class='log' id="Output-1449755329">
Completed executing following method : BatchNegativeTestingOptionsTest.checkReSavingPurchaseVoucherVATVoucher1ByChangingWarehouseFromSecunderabadToHyderabad<br/>
Test Method resides in com.focus.testcases.BatchNegativeTestingOptionsTest<br/>
Test Status: Pass<br/>
About to begin executing following method : BaseEngine.afterMethodExecution<br/>
</div>
</td>
<td></td>
<td>33</td>
<td>com.focus.testcases.BatchNegativeTestingOptionsTest@23e028a9</td></tr>
<tr>
<td title='com.focus.testcases.BatchNegativeTestingOptionsTest.checkReSavingPurchaseVoucherVATVoucher1ByDeleting1stRow()'><b>checkReSavingPurchaseVoucherVATVoucher1ByDeleting1stRow</b><br>Test class: com.focus.testcases.BatchNegativeTestingOptionsTest<br/>
<a href="#Output-1143410395" onClick='toggleBox("Output-1143410395", this, "Show output", "Hide output");'>Show output</a>

<a href="#Output-1143410395" onClick="toggleAllBoxes();">Show all outputs</a>
<div class='log' id="Output-1143410395">
Completed executing following method : BatchNegativeTestingOptionsTest.checkReSavingPurchaseVoucherVATVoucher1ByDeleting1stRow<br/>
Test Method resides in com.focus.testcases.BatchNegativeTestingOptionsTest<br/>
Test Status: Pass<br/>
About to begin executing following method : BaseEngine.afterMethodExecution<br/>
</div>
</td>
<td></td>
<td>38</td>
<td>com.focus.testcases.BatchNegativeTestingOptionsTest@23e028a9</td></tr>
<tr>
<td title='com.focus.testcases.BatchNegativeTestingOptionsTest.checkReSavingPurchaseVoucherVATVoucher1ByDeleting2ndRow()'><b>checkReSavingPurchaseVoucherVATVoucher1ByDeleting2ndRow</b><br>Test class: com.focus.testcases.BatchNegativeTestingOptionsTest<br/>
<a href="#Output-1090916100" onClick='toggleBox("Output-1090916100", this, "Show output", "Hide output");'>Show output</a>

<a href="#Output-1090916100" onClick="toggleAllBoxes();">Show all outputs</a>
<div class='log' id="Output-1090916100">
Completed executing following method : BatchNegativeTestingOptionsTest.checkReSavingPurchaseVoucherVATVoucher1ByDeleting2ndRow<br/>
Test Method resides in com.focus.testcases.BatchNegativeTestingOptionsTest<br/>
Test Status: Pass<br/>
About to begin executing following method : BaseEngine.afterMethodExecution<br/>
</div>
</td>
<td></td>
<td>40</td>
<td>com.focus.testcases.BatchNegativeTestingOptionsTest@23e028a9</td></tr>
<tr>
<td title='com.focus.testcases.BatchNegativeTestingOptionsTest.checkReSavingSalesInvoiceVATVoucher1AfterResavingPurchaseVoucherVAT1WithCurrentDate()'><b>checkReSavingSalesInvoiceVATVoucher1AfterResavingPurchaseVoucherVAT1WithCurrentDate</b><br>Test class: com.focus.testcases.BatchNegativeTestingOptionsTest<br/>
<a href="#Output-2013657531" onClick='toggleBox("Output-2013657531", this, "Show output", "Hide output");'>Show output</a>

<a href="#Output-2013657531" onClick="toggleAllBoxes();">Show all outputs</a>
<div class='log' id="Output-2013657531">
Completed executing following method : BatchNegativeTestingOptionsTest.checkReSavingSalesInvoiceVATVoucher1AfterResavingPurchaseVoucherVAT1WithCurrentDate<br/>
Test Method resides in com.focus.testcases.BatchNegativeTestingOptionsTest<br/>
Test Status: Pass<br/>
About to begin executing following method : BaseEngine.afterMethodExecution<br/>
</div>
</td>
<td></td>
<td>18</td>
<td>com.focus.testcases.BatchNegativeTestingOptionsTest@23e028a9</td></tr>
<tr>
<td title='com.focus.testcases.BatchNegativeTestingOptionsTest.checkReSavingSalesInvoiceVATVoucher1AfterSalesInvoiceVoucher2BySelectingSalesOrderVoucher2()'><b>checkReSavingSalesInvoiceVATVoucher1AfterSalesInvoiceVoucher2BySelectingSalesOrderVoucher2</b><br>Test class: com.focus.testcases.BatchNegativeTestingOptionsTest<br/>
<a href="#Output-2009618643" onClick='toggleBox("Output-2009618643", this, "Show output", "Hide output");'>Show output</a>

<a href="#Output-2009618643" onClick="toggleAllBoxes();">Show all outputs</a>
<div class='log' id="Output-2009618643">
Completed executing following method : BatchNegativeTestingOptionsTest.checkReSavingSalesInvoiceVATVoucher1AfterSalesInvoiceVoucher2BySelectingSalesOrderVoucher2<br/>
Test Method resides in com.focus.testcases.BatchNegativeTestingOptionsTest<br/>
Test Status: Pass<br/>
About to begin executing following method : BaseEngine.afterMethodExecution<br/>
</div>
</td>
<td></td>
<td>7</td>
<td>com.focus.testcases.BatchNegativeTestingOptionsTest@23e028a9</td></tr>
<tr>
<td title='com.focus.testcases.BatchNegativeTestingOptionsTest.checkReSavingSalesInvoiceVATVoucher1ByConsumingFullQuantity()'><b>checkReSavingSalesInvoiceVATVoucher1ByConsumingFullQuantity</b><br>Test class: com.focus.testcases.BatchNegativeTestingOptionsTest<br/>
<a href="#Output-351589329" onClick='toggleBox("Output-351589329", this, "Show output", "Hide output");'>Show output</a>

<a href="#Output-351589329" onClick="toggleAllBoxes();">Show all outputs</a>
<div class='log' id="Output-351589329">
Completed executing following method : BatchNegativeTestingOptionsTest.checkReSavingSalesInvoiceVATVoucher1ByConsumingFullQuantity<br/>
Test Method resides in com.focus.testcases.BatchNegativeTestingOptionsTest<br/>
Test Status: Pass<br/>
About to begin executing following method : BaseEngine.afterMethodExecution<br/>
</div>
</td>
<td></td>
<td>31</td>
<td>com.focus.testcases.BatchNegativeTestingOptionsTest@23e028a9</td></tr>
<tr>
<td title='com.focus.testcases.BatchNegativeTestingOptionsTest.checkReSavingSalesInvoiceVATVoucherAfterChangingDateNextToCurrentDateInPurchaseVoucherVAT1()'><b>checkReSavingSalesInvoiceVATVoucherAfterChangingDateNextToCurrentDateInPurchaseVoucherVAT1</b><br>Test class: com.focus.testcases.BatchNegativeTestingOptionsTest<br/>
<a href="#Output-474704134" onClick='toggleBox("Output-474704134", this, "Show output", "Hide output");'>Show output</a>

<a href="#Output-474704134" onClick="toggleAllBoxes();">Show all outputs</a>
<div class='log' id="Output-474704134">
Completed executing following method : BatchNegativeTestingOptionsTest.checkReSavingSalesInvoiceVATVoucherAfterChangingDateNextToCurrentDateInPurchaseVoucherVAT1<br/>
Test Method resides in com.focus.testcases.BatchNegativeTestingOptionsTest<br/>
Test Status: Pass<br/>
About to begin executing following method : BaseEngine.afterMethodExecution<br/>
</div>
</td>
<td></td>
<td>20</td>
<td>com.focus.testcases.BatchNegativeTestingOptionsTest@23e028a9</td></tr>
<tr>
<td title='com.focus.testcases.BatchNegativeTestingOptionsTest.checkReSavingSalesInvoiceVATVoucherAfterChangingWarehouseToSecunderabadInPurchaseVoucherVAT1()'><b>checkReSavingSalesInvoiceVATVoucherAfterChangingWarehouseToSecunderabadInPurchaseVoucherVAT1</b><br>Test class: com.focus.testcases.BatchNegativeTestingOptionsTest<br/>
<a href="#Output-1697119211" onClick='toggleBox("Output-1697119211", this, "Show output", "Hide output");'>Show output</a>

<a href="#Output-1697119211" onClick="toggleAllBoxes();">Show all outputs</a>
<div class='log' id="Output-1697119211">
Completed executing following method : BatchNegativeTestingOptionsTest.checkReSavingSalesInvoiceVATVoucherAfterChangingWarehouseToSecunderabadInPurchaseVoucherVAT1<br/>
Test Method resides in com.focus.testcases.BatchNegativeTestingOptionsTest<br/>
Test Status: Pass<br/>
About to begin executing following method : BaseEngine.afterMethodExecution<br/>
</div>
</td>
<td></td>
<td>17</td>
<td>com.focus.testcases.BatchNegativeTestingOptionsTest@23e028a9</td></tr>
<tr>
<td title='com.focus.testcases.BatchNegativeTestingOptionsTest.checkReSavingSalesInvoiceVATVoucherAfterConsumingFullQuantityInPurchaseReturnsVoucher1()'><b>checkReSavingSalesInvoiceVATVoucherAfterConsumingFullQuantityInPurchaseReturnsVoucher1</b><br>Test class: com.focus.testcases.BatchNegativeTestingOptionsTest<br/>
<a href="#Output-253419237" onClick='toggleBox("Output-253419237", this, "Show output", "Hide output");'>Show output</a>

<a href="#Output-253419237" onClick="toggleAllBoxes();">Show all outputs</a>
<div class='log' id="Output-253419237">
Completed executing following method : BatchNegativeTestingOptionsTest.checkReSavingSalesInvoiceVATVoucherAfterConsumingFullQuantityInPurchaseReturnsVoucher1<br/>
Test Method resides in com.focus.testcases.BatchNegativeTestingOptionsTest<br/>
Test Status: Pass<br/>
About to begin executing following method : BaseEngine.afterMethodExecution<br/>
</div>
</td>
<td></td>
<td>18</td>
<td>com.focus.testcases.BatchNegativeTestingOptionsTest@23e028a9</td></tr>
<tr>
<td title='com.focus.testcases.BatchNegativeTestingOptionsTest.checkReSavingSalesInvoiceVATVoucherAfterSalesInvoiceVoucher2()'><b>checkReSavingSalesInvoiceVATVoucherAfterSalesInvoiceVoucher2</b><br>Test class: com.focus.testcases.BatchNegativeTestingOptionsTest<br/>
<a href="#Output-1732784117" onClick='toggleBox("Output-1732784117", this, "Show output", "Hide output");'>Show output</a>

<a href="#Output-1732784117" onClick="toggleAllBoxes();">Show all outputs</a>
<div class='log' id="Output-1732784117">
Completed executing following method : BatchNegativeTestingOptionsTest.checkReSavingSalesInvoiceVATVoucherAfterSalesInvoiceVoucher2<br/>
Test Method resides in com.focus.testcases.BatchNegativeTestingOptionsTest<br/>
Test Status: Pass<br/>
About to begin executing following method : BaseEngine.afterMethodExecution<br/>
</div>
</td>
<td></td>
<td>9</td>
<td>com.focus.testcases.BatchNegativeTestingOptionsTest@23e028a9</td></tr>
<tr>
<td title='com.focus.testcases.BatchNegativeTestingOptionsTest.checkReSavingSalesOrder()'><b>checkReSavingSalesOrder</b><br>Test class: com.focus.testcases.BatchNegativeTestingOptionsTest<br/>
<a href="#Output-863617683" onClick='toggleBox("Output-863617683", this, "Show output", "Hide output");'>Show output</a>

<a href="#Output-863617683" onClick="toggleAllBoxes();">Show all outputs</a>
<div class='log' id="Output-863617683">
Completed executing following method : BatchNegativeTestingOptionsTest.checkReSavingSalesOrder<br/>
Test Method resides in com.focus.testcases.BatchNegativeTestingOptionsTest<br/>
Test Status: Pass<br/>
About to begin executing following method : BaseEngine.afterMethodExecution<br/>
</div>
</td>
<td></td>
<td>18</td>
<td>com.focus.testcases.BatchNegativeTestingOptionsTest@23e028a9</td></tr>
<tr>
<td title='com.focus.testcases.BatchNegativeTestingOptionsTest.checkResavingDeliveryNotesVoucher1AfterConsumingFullQuantityInSalesInvoiceN()'><b>checkResavingDeliveryNotesVoucher1AfterConsumingFullQuantityInSalesInvoiceN</b><br>Test class: com.focus.testcases.BatchNegativeTestingOptionsTest<br/>
<a href="#Output-2035481302" onClick='toggleBox("Output-2035481302", this, "Show output", "Hide output");'>Show output</a>

<a href="#Output-2035481302" onClick="toggleAllBoxes();">Show all outputs</a>
<div class='log' id="Output-2035481302">
Completed executing following method : BatchNegativeTestingOptionsTest.checkResavingDeliveryNotesVoucher1AfterConsumingFullQuantityInSalesInvoiceN<br/>
Test Method resides in com.focus.testcases.BatchNegativeTestingOptionsTest<br/>
Test Status: Pass<br/>
About to begin executing following method : BaseEngine.afterMethodExecution<br/>
</div>
</td>
<td></td>
<td>14</td>
<td>com.focus.testcases.BatchNegativeTestingOptionsTest@23e028a9</td></tr>
<tr>
<td title='com.focus.testcases.BatchNegativeTestingOptionsTest.checkResavingPurchaseReturnsVoucher1AfterConsumingFullQuantityInSalesInvoiceN()'><b>checkResavingPurchaseReturnsVoucher1AfterConsumingFullQuantityInSalesInvoiceN</b><br>Test class: com.focus.testcases.BatchNegativeTestingOptionsTest<br/>
<a href="#Output-318708106" onClick='toggleBox("Output-318708106", this, "Show output", "Hide output");'>Show output</a>

<a href="#Output-318708106" onClick="toggleAllBoxes();">Show all outputs</a>
<div class='log' id="Output-318708106">
Completed executing following method : BatchNegativeTestingOptionsTest.checkResavingPurchaseReturnsVoucher1AfterConsumingFullQuantityInSalesInvoiceN<br/>
Test Method resides in com.focus.testcases.BatchNegativeTestingOptionsTest<br/>
Test Status: Pass<br/>
About to begin executing following method : BaseEngine.afterMethodExecution<br/>
</div>
</td>
<td></td>
<td>18</td>
<td>com.focus.testcases.BatchNegativeTestingOptionsTest@23e028a9</td></tr>
<tr>
<td title='com.focus.testcases.BatchNegativeTestingOptionsTest.checkResavingPurchaseReturnsVoucher1AfterConsumingQuantityInSalesInvoiceN()'><b>checkResavingPurchaseReturnsVoucher1AfterConsumingQuantityInSalesInvoiceN</b><br>Test class: com.focus.testcases.BatchNegativeTestingOptionsTest<br/>
<a href="#Output-2012082200" onClick='toggleBox("Output-2012082200", this, "Show output", "Hide output");'>Show output</a>

<a href="#Output-2012082200" onClick="toggleAllBoxes();">Show all outputs</a>
<div class='log' id="Output-2012082200">
Completed executing following method : BatchNegativeTestingOptionsTest.checkResavingPurchaseReturnsVoucher1AfterConsumingQuantityInSalesInvoiceN<br/>
Test Method resides in com.focus.testcases.BatchNegativeTestingOptionsTest<br/>
Test Status: Pass<br/>
About to begin executing following method : BaseEngine.afterMethodExecution<br/>
</div>
</td>
<td></td>
<td>18</td>
<td>com.focus.testcases.BatchNegativeTestingOptionsTest@23e028a9</td></tr>
<tr>
<td title='com.focus.testcases.BatchNegativeTestingOptionsTest.checkResavingPurchaseReturnsVoucher1AfterConsumingQuantityInSalesInvoiceNWithDoNotConsolidateWithCommonBase()'><b>checkResavingPurchaseReturnsVoucher1AfterConsumingQuantityInSalesInvoiceNWithDoNotConsolidateWithCommonBase</b><br>Test class: com.focus.testcases.BatchNegativeTestingOptionsTest<br/>
<a href="#Output-677793584" onClick='toggleBox("Output-677793584", this, "Show output", "Hide output");'>Show output</a>

<a href="#Output-677793584" onClick="toggleAllBoxes();">Show all outputs</a>
<div class='log' id="Output-677793584">
Completed executing following method : BatchNegativeTestingOptionsTest.checkResavingPurchaseReturnsVoucher1AfterConsumingQuantityInSalesInvoiceNWithDoNotConsolidateWithCommonBase<br/>
Test Method resides in com.focus.testcases.BatchNegativeTestingOptionsTest<br/>
Test Status: Pass<br/>
About to begin executing following method : BaseEngine.afterMethodExecution<br/>
</div>
</td>
<td></td>
<td>18</td>
<td>com.focus.testcases.BatchNegativeTestingOptionsTest@23e028a9</td></tr>
<tr>
<td title='com.focus.testcases.BatchNegativeTestingOptionsTest.checkResavingSales1stVoucherAfterBatchConsumedIn2ndVoucher()'><b>checkResavingSales1stVoucherAfterBatchConsumedIn2ndVoucher</b><br>Test class: com.focus.testcases.BatchNegativeTestingOptionsTest<br/>
<a href="#Output-1465566830" onClick='toggleBox("Output-1465566830", this, "Show output", "Hide output");'>Show output</a>

<a href="#Output-1465566830" onClick="toggleAllBoxes();">Show all outputs</a>
<div class='log' id="Output-1465566830">
Completed executing following method : BatchNegativeTestingOptionsTest.checkResavingSales1stVoucherAfterBatchConsumedIn2ndVoucher<br/>
Test Method resides in com.focus.testcases.BatchNegativeTestingOptionsTest<br/>
Test Status: Pass<br/>
About to begin executing following method : BaseEngine.afterMethodExecution<br/>
</div>
</td>
<td></td>
<td>21</td>
<td>com.focus.testcases.BatchNegativeTestingOptionsTest@23e028a9</td></tr>
<tr>
<td title='com.focus.testcases.BatchNegativeTestingOptionsTest.checkResavingSalesInvoice1VoucherAfterBatchConsumedinVoucher2()'><b>checkResavingSalesInvoice1VoucherAfterBatchConsumedinVoucher2</b><br>Test class: com.focus.testcases.BatchNegativeTestingOptionsTest<br/>
<a href="#Output-1175705441" onClick='toggleBox("Output-1175705441", this, "Show output", "Hide output");'>Show output</a>

<a href="#Output-1175705441" onClick="toggleAllBoxes();">Show all outputs</a>
<div class='log' id="Output-1175705441">
Completed executing following method : BatchNegativeTestingOptionsTest.checkResavingSalesInvoice1VoucherAfterBatchConsumedinVoucher2<br/>
Test Method resides in com.focus.testcases.BatchNegativeTestingOptionsTest<br/>
Test Status: Pass<br/>
About to begin executing following method : BaseEngine.afterMethodExecution<br/>
</div>
</td>
<td></td>
<td>20</td>
<td>com.focus.testcases.BatchNegativeTestingOptionsTest@23e028a9</td></tr>
<tr>
<td title='com.focus.testcases.BatchNegativeTestingOptionsTest.checkResavingSalesOrd1AfterSavingSalesOrd2()'><b>checkResavingSalesOrd1AfterSavingSalesOrd2</b><br>Test class: com.focus.testcases.BatchNegativeTestingOptionsTest<br/>
<a href="#Output-1512854325" onClick='toggleBox("Output-1512854325", this, "Show output", "Hide output");'>Show output</a>

<a href="#Output-1512854325" onClick="toggleAllBoxes();">Show all outputs</a>
<div class='log' id="Output-1512854325">
Completed executing following method : BatchNegativeTestingOptionsTest.checkResavingSalesOrd1AfterSavingSalesOrd2<br/>
Test Method resides in com.focus.testcases.BatchNegativeTestingOptionsTest<br/>
Test Status: Pass<br/>
About to begin executing following method : BaseEngine.afterMethodExecution<br/>
</div>
</td>
<td></td>
<td>18</td>
<td>com.focus.testcases.BatchNegativeTestingOptionsTest@23e028a9</td></tr>
<tr>
<td title='com.focus.testcases.BatchNegativeTestingOptionsTest.checkResavingSalesOrder1AfterSavingVoucher2WithFullBatchConsumption()'><b>checkResavingSalesOrder1AfterSavingVoucher2WithFullBatchConsumption</b><br>Test class: com.focus.testcases.BatchNegativeTestingOptionsTest<br/>
<a href="#Output-636196511" onClick='toggleBox("Output-636196511", this, "Show output", "Hide output");'>Show output</a>

<a href="#Output-636196511" onClick="toggleAllBoxes();">Show all outputs</a>
<div class='log' id="Output-636196511">
Completed executing following method : BatchNegativeTestingOptionsTest.checkResavingSalesOrder1AfterSavingVoucher2WithFullBatchConsumption<br/>
Test Method resides in com.focus.testcases.BatchNegativeTestingOptionsTest<br/>
Test Status: Pass<br/>
About to begin executing following method : BaseEngine.afterMethodExecution<br/>
</div>
</td>
<td></td>
<td>12</td>
<td>com.focus.testcases.BatchNegativeTestingOptionsTest@23e028a9</td></tr>
<tr>
<td title='com.focus.testcases.BatchNegativeTestingOptionsTest.checkResavingSalesOrderVou1AfterVou2Saved()'><b>checkResavingSalesOrderVou1AfterVou2Saved</b><br>Test class: com.focus.testcases.BatchNegativeTestingOptionsTest<br/>
<a href="#Output-1869149239" onClick='toggleBox("Output-1869149239", this, "Show output", "Hide output");'>Show output</a>

<a href="#Output-1869149239" onClick="toggleAllBoxes();">Show all outputs</a>
<div class='log' id="Output-1869149239">
Completed executing following method : BatchNegativeTestingOptionsTest.checkResavingSalesOrderVou1AfterVou2Saved<br/>
Test Method resides in com.focus.testcases.BatchNegativeTestingOptionsTest<br/>
Test Status: Pass<br/>
About to begin executing following method : BaseEngine.afterMethodExecution<br/>
</div>
</td>
<td></td>
<td>17</td>
<td>com.focus.testcases.BatchNegativeTestingOptionsTest@23e028a9</td></tr>
<tr>
<td title='com.focus.testcases.BatchNegativeTestingOptionsTest.checkResavingSalesOrderWithGraeterQtyThanInward()'><b>checkResavingSalesOrderWithGraeterQtyThanInward</b><br>Test class: com.focus.testcases.BatchNegativeTestingOptionsTest<br/>
<a href="#Output-1848152903" onClick='toggleBox("Output-1848152903", this, "Show output", "Hide output");'>Show output</a>

<a href="#Output-1848152903" onClick="toggleAllBoxes();">Show all outputs</a>
<div class='log' id="Output-1848152903">
Completed executing following method : BatchNegativeTestingOptionsTest.checkResavingSalesOrderWithGraeterQtyThanInward<br/>
Test Method resides in com.focus.testcases.BatchNegativeTestingOptionsTest<br/>
Test Status: Pass<br/>
About to begin executing following method : BaseEngine.afterMethodExecution<br/>
</div>
</td>
<td></td>
<td>31</td>
<td>com.focus.testcases.BatchNegativeTestingOptionsTest@23e028a9</td></tr>
<tr>
<td title='com.focus.testcases.BatchNegativeTestingOptionsTest.checkReservedPopAfterBatchFullConsumedinSalesOrder()'><b>checkReservedPopAfterBatchFullConsumedinSalesOrder</b><br>Test class: com.focus.testcases.BatchNegativeTestingOptionsTest<br/>
<a href="#Output-1621550097" onClick='toggleBox("Output-1621550097", this, "Show output", "Hide output");'>Show output</a>

<a href="#Output-1621550097" onClick="toggleAllBoxes();">Show all outputs</a>
<div class='log' id="Output-1621550097">
Completed executing following method : BatchNegativeTestingOptionsTest.checkReservedPopAfterBatchFullConsumedinSalesOrder<br/>
Test Method resides in com.focus.testcases.BatchNegativeTestingOptionsTest<br/>
Test Status: Pass<br/>
About to begin executing following method : BaseEngine.afterMethodExecution<br/>
</div>
</td>
<td></td>
<td>30</td>
<td>com.focus.testcases.BatchNegativeTestingOptionsTest@23e028a9</td></tr>
<tr>
<td title='com.focus.testcases.BatchNegativeTestingOptionsTest.checkSalesInvoiceVAT1WithFutureDateAfterSavingAuthorisationOnSales()'><b>checkSalesInvoiceVAT1WithFutureDateAfterSavingAuthorisationOnSales</b><br>Test class: com.focus.testcases.BatchNegativeTestingOptionsTest<br/>
<a href="#Output-1305384380" onClick='toggleBox("Output-1305384380", this, "Show output", "Hide output");'>Show output</a>

<a href="#Output-1305384380" onClick="toggleAllBoxes();">Show all outputs</a>
<div class='log' id="Output-1305384380">
Completed executing following method : BatchNegativeTestingOptionsTest.checkSalesInvoiceVAT1WithFutureDateAfterSavingAuthorisationOnSales<br/>
Test Method resides in com.focus.testcases.BatchNegativeTestingOptionsTest<br/>
Test Status: Pass<br/>
About to begin executing following method : BaseEngine.afterMethodExecution<br/>
</div>
</td>
<td></td>
<td>190</td>
<td>com.focus.testcases.BatchNegativeTestingOptionsTest@23e028a9</td></tr>
<tr>
<td title='com.focus.testcases.BatchNegativeTestingOptionsTest.checkSalesOrderInReservationTypeIsManualAndinputBatchEvenIfStockNoyUpdatedChkbox()'><b>checkSalesOrderInReservationTypeIsManualAndinputBatchEvenIfStockNoyUpdatedChkbox</b><br>Test class: com.focus.testcases.BatchNegativeTestingOptionsTest<br/>
<a href="#Output-1568856803" onClick='toggleBox("Output-1568856803", this, "Show output", "Hide output");'>Show output</a>

<a href="#Output-1568856803" onClick="toggleAllBoxes();">Show all outputs</a>
<div class='log' id="Output-1568856803">
Completed executing following method : BatchNegativeTestingOptionsTest.checkSalesOrderInReservationTypeIsManualAndinputBatchEvenIfStockNoyUpdatedChkbox<br/>
Test Method resides in com.focus.testcases.BatchNegativeTestingOptionsTest<br/>
Test Status: Pass<br/>
About to begin executing following method : BaseEngine.afterMethodExecution<br/>
</div>
</td>
<td></td>
<td>24</td>
<td>com.focus.testcases.BatchNegativeTestingOptionsTest@23e028a9</td></tr>
<tr>
<td title='com.focus.testcases.BatchNegativeTestingOptionsTest.checkSavingDeliveryNoteVoucher1AfterSavingPurchaseVoucherVAT1()'><b>checkSavingDeliveryNoteVoucher1AfterSavingPurchaseVoucherVAT1</b><br>Test class: com.focus.testcases.BatchNegativeTestingOptionsTest<br/>
<a href="#Output-1473680590" onClick='toggleBox("Output-1473680590", this, "Show output", "Hide output");'>Show output</a>

<a href="#Output-1473680590" onClick="toggleAllBoxes();">Show all outputs</a>
<div class='log' id="Output-1473680590">
Completed executing following method : BatchNegativeTestingOptionsTest.checkSavingDeliveryNoteVoucher1AfterSavingPurchaseVoucherVAT1<br/>
Test Method resides in com.focus.testcases.BatchNegativeTestingOptionsTest<br/>
Test Status: Pass<br/>
About to begin executing following method : BaseEngine.afterMethodExecution<br/>
</div>
</td>
<td></td>
<td>6</td>
<td>com.focus.testcases.BatchNegativeTestingOptionsTest@23e028a9</td></tr>
<tr>
<td title='com.focus.testcases.BatchNegativeTestingOptionsTest.checkSavingPVVATAndSOVoucherAfterAuthorisation()'><b>checkSavingPVVATAndSOVoucherAfterAuthorisation</b><br>Test class: com.focus.testcases.BatchNegativeTestingOptionsTest<br/>
<a href="#Output-351795182" onClick='toggleBox("Output-351795182", this, "Show output", "Hide output");'>Show output</a>

<a href="#Output-351795182" onClick="toggleAllBoxes();">Show all outputs</a>
<div class='log' id="Output-351795182">
Completed executing following method : BatchNegativeTestingOptionsTest.checkSavingPVVATAndSOVoucherAfterAuthorisation<br/>
Test Method resides in com.focus.testcases.BatchNegativeTestingOptionsTest<br/>
Test Status: Pass<br/>
About to begin executing following method : BaseEngine.afterMethodExecution<br/>
</div>
</td>
<td></td>
<td>66</td>
<td>com.focus.testcases.BatchNegativeTestingOptionsTest@23e028a9</td></tr>
<tr>
<td title='com.focus.testcases.BatchNegativeTestingOptionsTest.checkSavingPVVatAndSO()'><b>checkSavingPVVatAndSO</b><br>Test class: com.focus.testcases.BatchNegativeTestingOptionsTest<br/>
<a href="#Output-629661629" onClick='toggleBox("Output-629661629", this, "Show output", "Hide output");'>Show output</a>

<a href="#Output-629661629" onClick="toggleAllBoxes();">Show all outputs</a>
<div class='log' id="Output-629661629">
Completed executing following method : BatchNegativeTestingOptionsTest.checkSavingPVVatAndSO<br/>
Test Method resides in com.focus.testcases.BatchNegativeTestingOptionsTest<br/>
Test Status: Pass<br/>
About to begin executing following method : BaseEngine.afterMethodExecution<br/>
</div>
</td>
<td></td>
<td>142</td>
<td>com.focus.testcases.BatchNegativeTestingOptionsTest@23e028a9</td></tr>
<tr>
<td title='com.focus.testcases.BatchNegativeTestingOptionsTest.checkSavingPVWithChangingWareHouseAfterVoucherConsumed()'><b>checkSavingPVWithChangingWareHouseAfterVoucherConsumed</b><br>Test class: com.focus.testcases.BatchNegativeTestingOptionsTest<br/>
<a href="#Output-756356433" onClick='toggleBox("Output-756356433", this, "Show output", "Hide output");'>Show output</a>

<a href="#Output-756356433" onClick="toggleAllBoxes();">Show all outputs</a>
<div class='log' id="Output-756356433">
Completed executing following method : BatchNegativeTestingOptionsTest.checkSavingPVWithChangingWareHouseAfterVoucherConsumed<br/>
Test Method resides in com.focus.testcases.BatchNegativeTestingOptionsTest<br/>
Test Status: Pass<br/>
About to begin executing following method : BaseEngine.afterMethodExecution<br/>
</div>
</td>
<td></td>
<td>30</td>
<td>com.focus.testcases.BatchNegativeTestingOptionsTest@23e028a9</td></tr>
<tr>
<td title='com.focus.testcases.BatchNegativeTestingOptionsTest.checkSavingPurchaseReturnsVoucher1AfterConsumingFullQuantityInSalesInvoiceVoucher1()'><b>checkSavingPurchaseReturnsVoucher1AfterConsumingFullQuantityInSalesInvoiceVoucher1</b><br>Test class: com.focus.testcases.BatchNegativeTestingOptionsTest<br/>
<a href="#Output-1479171499" onClick='toggleBox("Output-1479171499", this, "Show output", "Hide output");'>Show output</a>

<a href="#Output-1479171499" onClick="toggleAllBoxes();">Show all outputs</a>
<div class='log' id="Output-1479171499">
Completed executing following method : BatchNegativeTestingOptionsTest.checkSavingPurchaseReturnsVoucher1AfterConsumingFullQuantityInSalesInvoiceVoucher1<br/>
Test Method resides in com.focus.testcases.BatchNegativeTestingOptionsTest<br/>
Test Status: Pass<br/>
About to begin executing following method : BaseEngine.afterMethodExecution<br/>
</div>
</td>
<td></td>
<td>31</td>
<td>com.focus.testcases.BatchNegativeTestingOptionsTest@23e028a9</td></tr>
<tr>
<td title='com.focus.testcases.BatchNegativeTestingOptionsTest.checkSavingPurchaseReturnsVoucher1AfterPartiallyConsumingQuantityInSalesInvoiceVoucher1()'><b>checkSavingPurchaseReturnsVoucher1AfterPartiallyConsumingQuantityInSalesInvoiceVoucher1</b><br>Test class: com.focus.testcases.BatchNegativeTestingOptionsTest<br/>
<a href="#Output-1210189133" onClick='toggleBox("Output-1210189133", this, "Show output", "Hide output");'>Show output</a>

<a href="#Output-1210189133" onClick="toggleAllBoxes();">Show all outputs</a>
<div class='log' id="Output-1210189133">
Completed executing following method : BatchNegativeTestingOptionsTest.checkSavingPurchaseReturnsVoucher1AfterPartiallyConsumingQuantityInSalesInvoiceVoucher1<br/>
Test Method resides in com.focus.testcases.BatchNegativeTestingOptionsTest<br/>
Test Status: Pass<br/>
About to begin executing following method : BaseEngine.afterMethodExecution<br/>
</div>
</td>
<td></td>
<td>29</td>
<td>com.focus.testcases.BatchNegativeTestingOptionsTest@23e028a9</td></tr>
<tr>
<td title='com.focus.testcases.BatchNegativeTestingOptionsTest.checkSavingPurchaseReturnsVoucher1AfterSuspendingSalesInvoiceVoucher1()'><b>checkSavingPurchaseReturnsVoucher1AfterSuspendingSalesInvoiceVoucher1</b><br>Test class: com.focus.testcases.BatchNegativeTestingOptionsTest<br/>
<a href="#Output-1085585714" onClick='toggleBox("Output-1085585714", this, "Show output", "Hide output");'>Show output</a>

<a href="#Output-1085585714" onClick="toggleAllBoxes();">Show all outputs</a>
<div class='log' id="Output-1085585714">
Completed executing following method : BatchNegativeTestingOptionsTest.checkSavingPurchaseReturnsVoucher1AfterSuspendingSalesInvoiceVoucher1<br/>
Test Method resides in com.focus.testcases.BatchNegativeTestingOptionsTest<br/>
Test Status: Pass<br/>
About to begin executing following method : BaseEngine.afterMethodExecution<br/>
</div>
</td>
<td></td>
<td>32</td>
<td>com.focus.testcases.BatchNegativeTestingOptionsTest@23e028a9</td></tr>
<tr>
<td title='com.focus.testcases.BatchNegativeTestingOptionsTest.checkSavingPurchaseReturnsVoucher1ByConsumingFullQuantityAfterSavingPurchaseVoucher1()'><b>checkSavingPurchaseReturnsVoucher1ByConsumingFullQuantityAfterSavingPurchaseVoucher1</b><br>Test class: com.focus.testcases.BatchNegativeTestingOptionsTest<br/>
<a href="#Output-1527704319" onClick='toggleBox("Output-1527704319", this, "Show output", "Hide output");'>Show output</a>

<a href="#Output-1527704319" onClick="toggleAllBoxes();">Show all outputs</a>
<div class='log' id="Output-1527704319">
Completed executing following method : BatchNegativeTestingOptionsTest.checkSavingPurchaseReturnsVoucher1ByConsumingFullQuantityAfterSavingPurchaseVoucher1<br/>
Test Method resides in com.focus.testcases.BatchNegativeTestingOptionsTest<br/>
Test Status: Pass<br/>
About to begin executing following method : BaseEngine.afterMethodExecution<br/>
</div>
</td>
<td></td>
<td>33</td>
<td>com.focus.testcases.BatchNegativeTestingOptionsTest@23e028a9</td></tr>
<tr>
<td title='com.focus.testcases.BatchNegativeTestingOptionsTest.checkSavingPurchaseReturnsVoucher1ByConsumingPartialQuantity()'><b>checkSavingPurchaseReturnsVoucher1ByConsumingPartialQuantity</b><br>Test class: com.focus.testcases.BatchNegativeTestingOptionsTest<br/>
<a href="#Output-1833344571" onClick='toggleBox("Output-1833344571", this, "Show output", "Hide output");'>Show output</a>

<a href="#Output-1833344571" onClick="toggleAllBoxes();">Show all outputs</a>
<div class='log' id="Output-1833344571">
Completed executing following method : BatchNegativeTestingOptionsTest.checkSavingPurchaseReturnsVoucher1ByConsumingPartialQuantity<br/>
Test Method resides in com.focus.testcases.BatchNegativeTestingOptionsTest<br/>
Test Status: Pass<br/>
About to begin executing following method : BaseEngine.afterMethodExecution<br/>
</div>
</td>
<td></td>
<td>36</td>
<td>com.focus.testcases.BatchNegativeTestingOptionsTest@23e028a9</td></tr>
<tr>
<td title='com.focus.testcases.BatchNegativeTestingOptionsTest.checkSavingPurchaseReturnsVoucher1ByConsumingPartialQuantityAfterSavingPurchaseVoucherVATVoucher1()'><b>checkSavingPurchaseReturnsVoucher1ByConsumingPartialQuantityAfterSavingPurchaseVoucherVATVoucher1</b><br>Test class: com.focus.testcases.BatchNegativeTestingOptionsTest<br/>
<a href="#Output-850237652" onClick='toggleBox("Output-850237652", this, "Show output", "Hide output");'>Show output</a>

<a href="#Output-850237652" onClick="toggleAllBoxes();">Show all outputs</a>
<div class='log' id="Output-850237652">
Completed executing following method : BatchNegativeTestingOptionsTest.checkSavingPurchaseReturnsVoucher1ByConsumingPartialQuantityAfterSavingPurchaseVoucherVATVoucher1<br/>
Test Method resides in com.focus.testcases.BatchNegativeTestingOptionsTest<br/>
Test Status: Pass<br/>
About to begin executing following method : BaseEngine.afterMethodExecution<br/>
</div>
</td>
<td></td>
<td>34</td>
<td>com.focus.testcases.BatchNegativeTestingOptionsTest@23e028a9</td></tr>
<tr>
<td title='com.focus.testcases.BatchNegativeTestingOptionsTest.checkSavingPurchaseReturnsVoucher1ByConsumingPartialQuantityAfterSuspendingDeliveryNotesVoucher1()'><b>checkSavingPurchaseReturnsVoucher1ByConsumingPartialQuantityAfterSuspendingDeliveryNotesVoucher1</b><br>Test class: com.focus.testcases.BatchNegativeTestingOptionsTest<br/>
<a href="#Output-1708926452" onClick='toggleBox("Output-1708926452", this, "Show output", "Hide output");'>Show output</a>

<a href="#Output-1708926452" onClick="toggleAllBoxes();">Show all outputs</a>
<div class='log' id="Output-1708926452">
Completed executing following method : BatchNegativeTestingOptionsTest.checkSavingPurchaseReturnsVoucher1ByConsumingPartialQuantityAfterSuspendingDeliveryNotesVoucher1<br/>
Test Method resides in com.focus.testcases.BatchNegativeTestingOptionsTest<br/>
Test Status: Pass<br/>
About to begin executing following method : BaseEngine.afterMethodExecution<br/>
</div>
</td>
<td></td>
<td>35</td>
<td>com.focus.testcases.BatchNegativeTestingOptionsTest@23e028a9</td></tr>
<tr>
<td title='com.focus.testcases.BatchNegativeTestingOptionsTest.checkSavingPurchaseReturnsVoucher2AfterSuspendingPurchaseReturnsVoucher1()'><b>checkSavingPurchaseReturnsVoucher2AfterSuspendingPurchaseReturnsVoucher1</b><br>Test class: com.focus.testcases.BatchNegativeTestingOptionsTest<br/>
<a href="#Output-2070212069" onClick='toggleBox("Output-2070212069", this, "Show output", "Hide output");'>Show output</a>

<a href="#Output-2070212069" onClick="toggleAllBoxes();">Show all outputs</a>
<div class='log' id="Output-2070212069">
Completed executing following method : BatchNegativeTestingOptionsTest.checkSavingPurchaseReturnsVoucher2AfterSuspendingPurchaseReturnsVoucher1<br/>
Test Method resides in com.focus.testcases.BatchNegativeTestingOptionsTest<br/>
Test Status: Pass<br/>
About to begin executing following method : BaseEngine.afterMethodExecution<br/>
</div>
</td>
<td></td>
<td>25</td>
<td>com.focus.testcases.BatchNegativeTestingOptionsTest@23e028a9</td></tr>
<tr>
<td title='com.focus.testcases.BatchNegativeTestingOptionsTest.checkSavingPurchaseVoucherVAT()'><b>checkSavingPurchaseVoucherVAT</b><br>Test class: com.focus.testcases.BatchNegativeTestingOptionsTest<br/>
<a href="#Output-1329672094" onClick='toggleBox("Output-1329672094", this, "Show output", "Hide output");'>Show output</a>

<a href="#Output-1329672094" onClick="toggleAllBoxes();">Show all outputs</a>
<div class='log' id="Output-1329672094">
Completed executing following method : BatchNegativeTestingOptionsTest.checkSavingPurchaseVoucherVAT<br/>
Test Method resides in com.focus.testcases.BatchNegativeTestingOptionsTest<br/>
Test Status: Pass<br/>
About to begin executing following method : BaseEngine.afterMethodExecution<br/>
</div>
</td>
<td></td>
<td>49</td>
<td>com.focus.testcases.BatchNegativeTestingOptionsTest@23e028a9</td></tr>
<tr>
<td title='com.focus.testcases.BatchNegativeTestingOptionsTest.checkSavingPurchaseVoucherVATForReservation()'><b>checkSavingPurchaseVoucherVATForReservation</b><br>Test class: com.focus.testcases.BatchNegativeTestingOptionsTest<br/>
<a href="#Output-2066729960" onClick='toggleBox("Output-2066729960", this, "Show output", "Hide output");'>Show output</a>

<a href="#Output-2066729960" onClick="toggleAllBoxes();">Show all outputs</a>
<div class='log' id="Output-2066729960">
Completed executing following method : BatchNegativeTestingOptionsTest.checkSavingPurchaseVoucherVATForReservation<br/>
Test Method resides in com.focus.testcases.BatchNegativeTestingOptionsTest<br/>
Test Status: Pass<br/>
About to begin executing following method : BaseEngine.afterMethodExecution<br/>
</div>
</td>
<td></td>
<td>43</td>
<td>com.focus.testcases.BatchNegativeTestingOptionsTest@23e028a9</td></tr>
<tr>
<td title='com.focus.testcases.BatchNegativeTestingOptionsTest.checkSavingPurchaseVoucherVATVoucher()'><b>checkSavingPurchaseVoucherVATVoucher</b><br>Test class: com.focus.testcases.BatchNegativeTestingOptionsTest<br/>
<a href="#Output-1160546924" onClick='toggleBox("Output-1160546924", this, "Show output", "Hide output");'>Show output</a>

<a href="#Output-1160546924" onClick="toggleAllBoxes();">Show all outputs</a>
<div class='log' id="Output-1160546924">
Completed executing following method : BatchNegativeTestingOptionsTest.checkSavingPurchaseVoucherVATVoucher<br/>
Test Method resides in com.focus.testcases.BatchNegativeTestingOptionsTest<br/>
Test Status: Pass<br/>
About to begin executing following method : BaseEngine.afterMethodExecution<br/>
</div>
</td>
<td></td>
<td>93</td>
<td>com.focus.testcases.BatchNegativeTestingOptionsTest@23e028a9</td></tr>
<tr>
<td title='com.focus.testcases.BatchNegativeTestingOptionsTest.checkSavingPurchaseVoucherVATVoucher1AfterAddingLinkFromPurchasesVoucherVATToSalesInvoiceN()'><b>checkSavingPurchaseVoucherVATVoucher1AfterAddingLinkFromPurchasesVoucherVATToSalesInvoiceN</b><br>Test class: com.focus.testcases.BatchNegativeTestingOptionsTest<br/>
<a href="#Output-42901355" onClick='toggleBox("Output-42901355", this, "Show output", "Hide output");'>Show output</a>

<a href="#Output-42901355" onClick="toggleAllBoxes();">Show all outputs</a>
<div class='log' id="Output-42901355">
Completed executing following method : BatchNegativeTestingOptionsTest.checkSavingPurchaseVoucherVATVoucher1AfterAddingLinkFromPurchasesVoucherVATToSalesInvoiceN<br/>
Test Method resides in com.focus.testcases.BatchNegativeTestingOptionsTest<br/>
Test Status: Pass<br/>
About to begin executing following method : BaseEngine.afterMethodExecution<br/>
</div>
</td>
<td></td>
<td>45</td>
<td>com.focus.testcases.BatchNegativeTestingOptionsTest@23e028a9</td></tr>
<tr>
<td title='com.focus.testcases.BatchNegativeTestingOptionsTest.checkSavingPurchaseVoucherVATVoucher1AfterEnablingDoNotClubWithCommonBase()'><b>checkSavingPurchaseVoucherVATVoucher1AfterEnablingDoNotClubWithCommonBase</b><br>Test class: com.focus.testcases.BatchNegativeTestingOptionsTest<br/>
<a href="#Output-1203916025" onClick='toggleBox("Output-1203916025", this, "Show output", "Hide output");'>Show output</a>

<a href="#Output-1203916025" onClick="toggleAllBoxes();">Show all outputs</a>
<div class='log' id="Output-1203916025">
Completed executing following method : BatchNegativeTestingOptionsTest.checkSavingPurchaseVoucherVATVoucher1AfterEnablingDoNotClubWithCommonBase<br/>
Test Method resides in com.focus.testcases.BatchNegativeTestingOptionsTest<br/>
Test Status: Pass<br/>
About to begin executing following method : BaseEngine.afterMethodExecution<br/>
</div>
</td>
<td></td>
<td>40</td>
<td>com.focus.testcases.BatchNegativeTestingOptionsTest@23e028a9</td></tr>
<tr>
<td title='com.focus.testcases.BatchNegativeTestingOptionsTest.checkSavingPurchaseVoucherVATVoucher1ForFiftyNinthScenario()'><b>checkSavingPurchaseVoucherVATVoucher1ForFiftyNinthScenario</b><br>Test class: com.focus.testcases.BatchNegativeTestingOptionsTest<br/>
<a href="#Output-1219521741" onClick='toggleBox("Output-1219521741", this, "Show output", "Hide output");'>Show output</a>

<a href="#Output-1219521741" onClick="toggleAllBoxes();">Show all outputs</a>
<div class='log' id="Output-1219521741">
Completed executing following method : BatchNegativeTestingOptionsTest.checkSavingPurchaseVoucherVATVoucher1ForFiftyNinthScenario<br/>
Test Method resides in com.focus.testcases.BatchNegativeTestingOptionsTest<br/>
Test Status: Pass<br/>
About to begin executing following method : BaseEngine.afterMethodExecution<br/>
</div>
</td>
<td></td>
<td>39</td>
<td>com.focus.testcases.BatchNegativeTestingOptionsTest@23e028a9</td></tr>
<tr>
<td title='com.focus.testcases.BatchNegativeTestingOptionsTest.checkSavingPurchaseVoucherVATVoucher1ForSeventyForthScenario()'><b>checkSavingPurchaseVoucherVATVoucher1ForSeventyForthScenario</b><br>Test class: com.focus.testcases.BatchNegativeTestingOptionsTest<br/>
<a href="#Output-500390101" onClick='toggleBox("Output-500390101", this, "Show output", "Hide output");'>Show output</a>

<a href="#Output-500390101" onClick="toggleAllBoxes();">Show all outputs</a>
<div class='log' id="Output-500390101">
Completed executing following method : BatchNegativeTestingOptionsTest.checkSavingPurchaseVoucherVATVoucher1ForSeventyForthScenario<br/>
Test Method resides in com.focus.testcases.BatchNegativeTestingOptionsTest<br/>
Test Status: Pass<br/>
About to begin executing following method : BaseEngine.afterMethodExecution<br/>
</div>
</td>
<td></td>
<td>40</td>
<td>com.focus.testcases.BatchNegativeTestingOptionsTest@23e028a9</td></tr>
<tr>
<td title='com.focus.testcases.BatchNegativeTestingOptionsTest.checkSavingPurchaseVoucherVATVoucher1ForSeventyOneScenario()'><b>checkSavingPurchaseVoucherVATVoucher1ForSeventyOneScenario</b><br>Test class: com.focus.testcases.BatchNegativeTestingOptionsTest<br/>
<a href="#Output-1425741840" onClick='toggleBox("Output-1425741840", this, "Show output", "Hide output");'>Show output</a>

<a href="#Output-1425741840" onClick="toggleAllBoxes();">Show all outputs</a>
<div class='log' id="Output-1425741840">
Completed executing following method : BatchNegativeTestingOptionsTest.checkSavingPurchaseVoucherVATVoucher1ForSeventyOneScenario<br/>
Test Method resides in com.focus.testcases.BatchNegativeTestingOptionsTest<br/>
Test Status: Pass<br/>
About to begin executing following method : BaseEngine.afterMethodExecution<br/>
</div>
</td>
<td></td>
<td>39</td>
<td>com.focus.testcases.BatchNegativeTestingOptionsTest@23e028a9</td></tr>
<tr>
<td title='com.focus.testcases.BatchNegativeTestingOptionsTest.checkSavingPurchaseVoucherVATVoucher1ForSixtyFifthScenario()'><b>checkSavingPurchaseVoucherVATVoucher1ForSixtyFifthScenario</b><br>Test class: com.focus.testcases.BatchNegativeTestingOptionsTest<br/>
<a href="#Output-1926686282" onClick='toggleBox("Output-1926686282", this, "Show output", "Hide output");'>Show output</a>

<a href="#Output-1926686282" onClick="toggleAllBoxes();">Show all outputs</a>
<div class='log' id="Output-1926686282">
Completed executing following method : BatchNegativeTestingOptionsTest.checkSavingPurchaseVoucherVATVoucher1ForSixtyFifthScenario<br/>
Test Method resides in com.focus.testcases.BatchNegativeTestingOptionsTest<br/>
Test Status: Pass<br/>
About to begin executing following method : BaseEngine.afterMethodExecution<br/>
</div>
</td>
<td></td>
<td>41</td>
<td>com.focus.testcases.BatchNegativeTestingOptionsTest@23e028a9</td></tr>
<tr>
<td title='com.focus.testcases.BatchNegativeTestingOptionsTest.checkSavingPurchaseVoucherVATVoucher1ForSixtySixthScenario()'><b>checkSavingPurchaseVoucherVATVoucher1ForSixtySixthScenario</b><br>Test class: com.focus.testcases.BatchNegativeTestingOptionsTest<br/>
<a href="#Output-1032178769" onClick='toggleBox("Output-1032178769", this, "Show output", "Hide output");'>Show output</a>

<a href="#Output-1032178769" onClick="toggleAllBoxes();">Show all outputs</a>
<div class='log' id="Output-1032178769">
Completed executing following method : BatchNegativeTestingOptionsTest.checkSavingPurchaseVoucherVATVoucher1ForSixtySixthScenario<br/>
Test Method resides in com.focus.testcases.BatchNegativeTestingOptionsTest<br/>
Test Status: Pass<br/>
About to begin executing following method : BaseEngine.afterMethodExecution<br/>
</div>
</td>
<td></td>
<td>41</td>
<td>com.focus.testcases.BatchNegativeTestingOptionsTest@23e028a9</td></tr>
<tr>
<td title='com.focus.testcases.BatchNegativeTestingOptionsTest.checkSavingPurchaseVoucherVATVoucher1With2Rows()'><b>checkSavingPurchaseVoucherVATVoucher1With2Rows</b><br>Test class: com.focus.testcases.BatchNegativeTestingOptionsTest<br/>
<a href="#Output-1715511117" onClick='toggleBox("Output-1715511117", this, "Show output", "Hide output");'>Show output</a>

<a href="#Output-1715511117" onClick="toggleAllBoxes();">Show all outputs</a>
<div class='log' id="Output-1715511117">
Completed executing following method : BatchNegativeTestingOptionsTest.checkSavingPurchaseVoucherVATVoucher1With2Rows<br/>
Test Method resides in com.focus.testcases.BatchNegativeTestingOptionsTest<br/>
Test Status: Pass<br/>
About to begin executing following method : BaseEngine.afterMethodExecution<br/>
</div>
</td>
<td></td>
<td>52</td>
<td>com.focus.testcases.BatchNegativeTestingOptionsTest@23e028a9</td></tr>
<tr>
<td title='com.focus.testcases.BatchNegativeTestingOptionsTest.checkSavingPurchaseVoucherVATVoucher1WithExpiryDate4DaysMoreThanCurrentDate()'><b>checkSavingPurchaseVoucherVATVoucher1WithExpiryDate4DaysMoreThanCurrentDate</b><br>Test class: com.focus.testcases.BatchNegativeTestingOptionsTest<br/>
<a href="#Output-517443783" onClick='toggleBox("Output-517443783", this, "Show output", "Hide output");'>Show output</a>

<a href="#Output-517443783" onClick="toggleAllBoxes();">Show all outputs</a>
<div class='log' id="Output-517443783">
Completed executing following method : BatchNegativeTestingOptionsTest.checkSavingPurchaseVoucherVATVoucher1WithExpiryDate4DaysMoreThanCurrentDate<br/>
Test Method resides in com.focus.testcases.BatchNegativeTestingOptionsTest<br/>
Test Status: Pass<br/>
About to begin executing following method : BaseEngine.afterMethodExecution<br/>
</div>
</td>
<td></td>
<td>41</td>
<td>com.focus.testcases.BatchNegativeTestingOptionsTest@23e028a9</td></tr>
<tr>
<td title='com.focus.testcases.BatchNegativeTestingOptionsTest.checkSavingPurchaseVoucherVATWithChangingItemAfterBatchConsumed()'><b>checkSavingPurchaseVoucherVATWithChangingItemAfterBatchConsumed</b><br>Test class: com.focus.testcases.BatchNegativeTestingOptionsTest<br/>
<a href="#Output-1943728148" onClick='toggleBox("Output-1943728148", this, "Show output", "Hide output");'>Show output</a>

<a href="#Output-1943728148" onClick="toggleAllBoxes();">Show all outputs</a>
<div class='log' id="Output-1943728148">
Completed executing following method : BatchNegativeTestingOptionsTest.checkSavingPurchaseVoucherVATWithChangingItemAfterBatchConsumed<br/>
Test Method resides in com.focus.testcases.BatchNegativeTestingOptionsTest<br/>
Test Status: Pass<br/>
About to begin executing following method : BaseEngine.afterMethodExecution<br/>
</div>
</td>
<td></td>
<td>38</td>
<td>com.focus.testcases.BatchNegativeTestingOptionsTest@23e028a9</td></tr>
<tr>
<td title='com.focus.testcases.BatchNegativeTestingOptionsTest.checkSavingPurchaseVoucherVATWithCurrentdate()'><b>checkSavingPurchaseVoucherVATWithCurrentdate</b><br>Test class: com.focus.testcases.BatchNegativeTestingOptionsTest<br/>
<a href="#Output-1769440926" onClick='toggleBox("Output-1769440926", this, "Show output", "Hide output");'>Show output</a>

<a href="#Output-1769440926" onClick="toggleAllBoxes();">Show all outputs</a>
<div class='log' id="Output-1769440926">
Completed executing following method : BatchNegativeTestingOptionsTest.checkSavingPurchaseVoucherVATWithCurrentdate<br/>
Test Method resides in com.focus.testcases.BatchNegativeTestingOptionsTest<br/>
Test Status: Pass<br/>
About to begin executing following method : BaseEngine.afterMethodExecution<br/>
</div>
</td>
<td></td>
<td>40</td>
<td>com.focus.testcases.BatchNegativeTestingOptionsTest@23e028a9</td></tr>
<tr>
<td title='com.focus.testcases.BatchNegativeTestingOptionsTest.checkSavingPurchaseVoucherVATWithQty20()'><b>checkSavingPurchaseVoucherVATWithQty20</b><br>Test class: com.focus.testcases.BatchNegativeTestingOptionsTest<br/>
<a href="#Output-1366970085" onClick='toggleBox("Output-1366970085", this, "Show output", "Hide output");'>Show output</a>

<a href="#Output-1366970085" onClick="toggleAllBoxes();">Show all outputs</a>
<div class='log' id="Output-1366970085">
Completed executing following method : BatchNegativeTestingOptionsTest.checkSavingPurchaseVoucherVATWithQty20<br/>
Test Method resides in com.focus.testcases.BatchNegativeTestingOptionsTest<br/>
Test Status: Pass<br/>
About to begin executing following method : BaseEngine.afterMethodExecution<br/>
</div>
</td>
<td></td>
<td>53</td>
<td>com.focus.testcases.BatchNegativeTestingOptionsTest@23e028a9</td></tr>
<tr>
<td title='com.focus.testcases.BatchNegativeTestingOptionsTest.checkSavingSO1AfterChangingInAuthorisation()'><b>checkSavingSO1AfterChangingInAuthorisation</b><br>Test class: com.focus.testcases.BatchNegativeTestingOptionsTest<br/>
<a href="#Output-2098819248" onClick='toggleBox("Output-2098819248", this, "Show output", "Hide output");'>Show output</a>

<a href="#Output-2098819248" onClick="toggleAllBoxes();">Show all outputs</a>
<div class='log' id="Output-2098819248">
Completed executing following method : BatchNegativeTestingOptionsTest.checkSavingSO1AfterChangingInAuthorisation<br/>
Test Method resides in com.focus.testcases.BatchNegativeTestingOptionsTest<br/>
Test Status: Pass<br/>
About to begin executing following method : BaseEngine.afterMethodExecution<br/>
</div>
</td>
<td></td>
<td>66</td>
<td>com.focus.testcases.BatchNegativeTestingOptionsTest@23e028a9</td></tr>
<tr>
<td title='com.focus.testcases.BatchNegativeTestingOptionsTest.checkSavingSO2AfterChangingInAuthorisation()'><b>checkSavingSO2AfterChangingInAuthorisation</b><br>Test class: com.focus.testcases.BatchNegativeTestingOptionsTest<br/>
<a href="#Output-164957881" onClick='toggleBox("Output-164957881", this, "Show output", "Hide output");'>Show output</a>

<a href="#Output-164957881" onClick="toggleAllBoxes();">Show all outputs</a>
<div class='log' id="Output-164957881">
Completed executing following method : BatchNegativeTestingOptionsTest.checkSavingSO2AfterChangingInAuthorisation<br/>
Test Method resides in com.focus.testcases.BatchNegativeTestingOptionsTest<br/>
Test Status: Pass<br/>
About to begin executing following method : BaseEngine.afterMethodExecution<br/>
</div>
</td>
<td></td>
<td>66</td>
<td>com.focus.testcases.BatchNegativeTestingOptionsTest@23e028a9</td></tr>
<tr>
<td title='com.focus.testcases.BatchNegativeTestingOptionsTest.checkSavingSalOrdVou1AfterAuthorisation()'><b>checkSavingSalOrdVou1AfterAuthorisation</b><br>Test class: com.focus.testcases.BatchNegativeTestingOptionsTest<br/>
<a href="#Output-2137045875" onClick='toggleBox("Output-2137045875", this, "Show output", "Hide output");'>Show output</a>

<a href="#Output-2137045875" onClick="toggleAllBoxes();">Show all outputs</a>
<div class='log' id="Output-2137045875">
Completed executing following method : BatchNegativeTestingOptionsTest.checkSavingSalOrdVou1AfterAuthorisation<br/>
Test Method resides in com.focus.testcases.BatchNegativeTestingOptionsTest<br/>
Test Status: Pass<br/>
About to begin executing following method : BaseEngine.afterMethodExecution<br/>
</div>
</td>
<td></td>
<td>140</td>
<td>com.focus.testcases.BatchNegativeTestingOptionsTest@23e028a9</td></tr>
<tr>
<td title='com.focus.testcases.BatchNegativeTestingOptionsTest.checkSavingSalesINvoiceVAT2AfterFullBatchConsumedIn1stVoucher()'><b>checkSavingSalesINvoiceVAT2AfterFullBatchConsumedIn1stVoucher</b><br>Test class: com.focus.testcases.BatchNegativeTestingOptionsTest<br/>
<a href="#Output-1392475004" onClick='toggleBox("Output-1392475004", this, "Show output", "Hide output");'>Show output</a>

<a href="#Output-1392475004" onClick="toggleAllBoxes();">Show all outputs</a>
<div class='log' id="Output-1392475004">
Completed executing following method : BatchNegativeTestingOptionsTest.checkSavingSalesINvoiceVAT2AfterFullBatchConsumedIn1stVoucher<br/>
Test Method resides in com.focus.testcases.BatchNegativeTestingOptionsTest<br/>
Test Status: Pass<br/>
About to begin executing following method : BaseEngine.afterMethodExecution<br/>
</div>
</td>
<td></td>
<td>116</td>
<td>com.focus.testcases.BatchNegativeTestingOptionsTest@23e028a9</td></tr>
<tr>
<td title='com.focus.testcases.BatchNegativeTestingOptionsTest.checkSavingSalesInvoiceNVoucher1ByConvertingPendingVoucherAfterSuspendingPurchaseReturns()'><b>checkSavingSalesInvoiceNVoucher1ByConvertingPendingVoucherAfterSuspendingPurchaseReturns</b><br>Test class: com.focus.testcases.BatchNegativeTestingOptionsTest<br/>
<a href="#Output-73234595" onClick='toggleBox("Output-73234595", this, "Show output", "Hide output");'>Show output</a>

<a href="#Output-73234595" onClick="toggleAllBoxes();">Show all outputs</a>
<div class='log' id="Output-73234595">
Completed executing following method : BatchNegativeTestingOptionsTest.checkSavingSalesInvoiceNVoucher1ByConvertingPendingVoucherAfterSuspendingPurchaseReturns<br/>
Test Method resides in com.focus.testcases.BatchNegativeTestingOptionsTest<br/>
Test Status: Pass<br/>
About to begin executing following method : BaseEngine.afterMethodExecution<br/>
</div>
</td>
<td></td>
<td>22</td>
<td>com.focus.testcases.BatchNegativeTestingOptionsTest@23e028a9</td></tr>
<tr>
<td title='com.focus.testcases.BatchNegativeTestingOptionsTest.checkSavingSalesInvoiceNVoucher1ByLoadingFromWorkflow()'><b>checkSavingSalesInvoiceNVoucher1ByLoadingFromWorkflow</b><br>Test class: com.focus.testcases.BatchNegativeTestingOptionsTest<br/>
<a href="#Output-1836062330" onClick='toggleBox("Output-1836062330", this, "Show output", "Hide output");'>Show output</a>

<a href="#Output-1836062330" onClick="toggleAllBoxes();">Show all outputs</a>
<div class='log' id="Output-1836062330">
Completed executing following method : BatchNegativeTestingOptionsTest.checkSavingSalesInvoiceNVoucher1ByLoadingFromWorkflow<br/>
Test Method resides in com.focus.testcases.BatchNegativeTestingOptionsTest<br/>
Test Status: Pass<br/>
About to begin executing following method : BaseEngine.afterMethodExecution<br/>
</div>
</td>
<td></td>
<td>28</td>
<td>com.focus.testcases.BatchNegativeTestingOptionsTest@23e028a9</td></tr>
<tr>
<td title='com.focus.testcases.BatchNegativeTestingOptionsTest.checkSavingSalesInvoiceNVoucher1ByLoadingFromWorkflowAfterConsumingFullQuantityInPurchaseReturns()'><b>checkSavingSalesInvoiceNVoucher1ByLoadingFromWorkflowAfterConsumingFullQuantityInPurchaseReturns</b><br>Test class: com.focus.testcases.BatchNegativeTestingOptionsTest<br/>
<a href="#Output-438942759" onClick='toggleBox("Output-438942759", this, "Show output", "Hide output");'>Show output</a>

<a href="#Output-438942759" onClick="toggleAllBoxes();">Show all outputs</a>
<div class='log' id="Output-438942759">
Completed executing following method : BatchNegativeTestingOptionsTest.checkSavingSalesInvoiceNVoucher1ByLoadingFromWorkflowAfterConsumingFullQuantityInPurchaseReturns<br/>
Test Method resides in com.focus.testcases.BatchNegativeTestingOptionsTest<br/>
Test Status: Pass<br/>
About to begin executing following method : BaseEngine.afterMethodExecution<br/>
</div>
</td>
<td></td>
<td>24</td>
<td>com.focus.testcases.BatchNegativeTestingOptionsTest@23e028a9</td></tr>
<tr>
<td title='com.focus.testcases.BatchNegativeTestingOptionsTest.checkSavingSalesInvoiceNVoucher1ByLoadingFromWorkflowAfterConsumingPartiallyQuantityInPurchaseReturns()'><b>checkSavingSalesInvoiceNVoucher1ByLoadingFromWorkflowAfterConsumingPartiallyQuantityInPurchaseReturns</b><br>Test class: com.focus.testcases.BatchNegativeTestingOptionsTest<br/>
<a href="#Output-1948245147" onClick='toggleBox("Output-1948245147", this, "Show output", "Hide output");'>Show output</a>

<a href="#Output-1948245147" onClick="toggleAllBoxes();">Show all outputs</a>
<div class='log' id="Output-1948245147">
Completed executing following method : BatchNegativeTestingOptionsTest.checkSavingSalesInvoiceNVoucher1ByLoadingFromWorkflowAfterConsumingPartiallyQuantityInPurchaseReturns<br/>
Test Method resides in com.focus.testcases.BatchNegativeTestingOptionsTest<br/>
Test Status: Pass<br/>
About to begin executing following method : BaseEngine.afterMethodExecution<br/>
</div>
</td>
<td></td>
<td>27</td>
<td>com.focus.testcases.BatchNegativeTestingOptionsTest@23e028a9</td></tr>
<tr>
<td title='com.focus.testcases.BatchNegativeTestingOptionsTest.checkSavingSalesInvoiceNVoucher1ByLoadingFromWorkflowAfterSavingPurchaseReturns()'><b>checkSavingSalesInvoiceNVoucher1ByLoadingFromWorkflowAfterSavingPurchaseReturns</b><br>Test class: com.focus.testcases.BatchNegativeTestingOptionsTest<br/>
<a href="#Output-109573257" onClick='toggleBox("Output-109573257", this, "Show output", "Hide output");'>Show output</a>

<a href="#Output-109573257" onClick="toggleAllBoxes();">Show all outputs</a>
<div class='log' id="Output-109573257">
Completed executing following method : BatchNegativeTestingOptionsTest.checkSavingSalesInvoiceNVoucher1ByLoadingFromWorkflowAfterSavingPurchaseReturns<br/>
Test Method resides in com.focus.testcases.BatchNegativeTestingOptionsTest<br/>
Test Status: Pass<br/>
About to begin executing following method : BaseEngine.afterMethodExecution<br/>
</div>
</td>
<td></td>
<td>22</td>
<td>com.focus.testcases.BatchNegativeTestingOptionsTest@23e028a9</td></tr>
<tr>
<td title='com.focus.testcases.BatchNegativeTestingOptionsTest.checkSavingSalesInvoiceNVoucher1ByLoadingFromWorkflowAfterSuspendingPurchaseReturns()'><b>checkSavingSalesInvoiceNVoucher1ByLoadingFromWorkflowAfterSuspendingPurchaseReturns</b><br>Test class: com.focus.testcases.BatchNegativeTestingOptionsTest<br/>
<a href="#Output-93596559" onClick='toggleBox("Output-93596559", this, "Show output", "Hide output");'>Show output</a>

<a href="#Output-93596559" onClick="toggleAllBoxes();">Show all outputs</a>
<div class='log' id="Output-93596559">
Completed executing following method : BatchNegativeTestingOptionsTest.checkSavingSalesInvoiceNVoucher1ByLoadingFromWorkflowAfterSuspendingPurchaseReturns<br/>
Test Method resides in com.focus.testcases.BatchNegativeTestingOptionsTest<br/>
Test Status: Pass<br/>
About to begin executing following method : BaseEngine.afterMethodExecution<br/>
</div>
</td>
<td></td>
<td>23</td>
<td>com.focus.testcases.BatchNegativeTestingOptionsTest@23e028a9</td></tr>
<tr>
<td title='com.focus.testcases.BatchNegativeTestingOptionsTest.checkSavingSalesInvoiceNVoucher1ByLoadingFromWorkflowByConsumingFullQuantity()'><b>checkSavingSalesInvoiceNVoucher1ByLoadingFromWorkflowByConsumingFullQuantity</b><br>Test class: com.focus.testcases.BatchNegativeTestingOptionsTest<br/>
<a href="#Output-1773227156" onClick='toggleBox("Output-1773227156", this, "Show output", "Hide output");'>Show output</a>

<a href="#Output-1773227156" onClick="toggleAllBoxes();">Show all outputs</a>
<div class='log' id="Output-1773227156">
Completed executing following method : BatchNegativeTestingOptionsTest.checkSavingSalesInvoiceNVoucher1ByLoadingFromWorkflowByConsumingFullQuantity<br/>
Test Method resides in com.focus.testcases.BatchNegativeTestingOptionsTest<br/>
Test Status: Pass<br/>
About to begin executing following method : BaseEngine.afterMethodExecution<br/>
</div>
</td>
<td></td>
<td>24</td>
<td>com.focus.testcases.BatchNegativeTestingOptionsTest@23e028a9</td></tr>
<tr>
<td title='com.focus.testcases.BatchNegativeTestingOptionsTest.checkSavingSalesInvoiceVAT1WithCurrentDateAfterBatchConsumed()'><b>checkSavingSalesInvoiceVAT1WithCurrentDateAfterBatchConsumed</b><br>Test class: com.focus.testcases.BatchNegativeTestingOptionsTest<br/>
<a href="#Output-791734465" onClick='toggleBox("Output-791734465", this, "Show output", "Hide output");'>Show output</a>

<a href="#Output-791734465" onClick="toggleAllBoxes();">Show all outputs</a>
<div class='log' id="Output-791734465">
Completed executing following method : BatchNegativeTestingOptionsTest.checkSavingSalesInvoiceVAT1WithCurrentDateAfterBatchConsumed<br/>
Test Method resides in com.focus.testcases.BatchNegativeTestingOptionsTest<br/>
Test Status: Pass<br/>
About to begin executing following method : BaseEngine.afterMethodExecution<br/>
</div>
</td>
<td></td>
<td>88</td>
<td>com.focus.testcases.BatchNegativeTestingOptionsTest@23e028a9</td></tr>
<tr>
<td title='com.focus.testcases.BatchNegativeTestingOptionsTest.checkSavingSalesInvoiceVATVoucher1AfterEnablingAllowBatchNegativeQuantityOption()'><b>checkSavingSalesInvoiceVATVoucher1AfterEnablingAllowBatchNegativeQuantityOption</b><br>Test class: com.focus.testcases.BatchNegativeTestingOptionsTest<br/>
<a href="#Output-1419234020" onClick='toggleBox("Output-1419234020", this, "Show output", "Hide output");'>Show output</a>

<a href="#Output-1419234020" onClick="toggleAllBoxes();">Show all outputs</a>
<div class='log' id="Output-1419234020">
Completed executing following method : BatchNegativeTestingOptionsTest.checkSavingSalesInvoiceVATVoucher1AfterEnablingAllowBatchNegativeQuantityOption<br/>
Test Method resides in com.focus.testcases.BatchNegativeTestingOptionsTest<br/>
Test Status: Pass<br/>
About to begin executing following method : BaseEngine.afterMethodExecution<br/>
</div>
</td>
<td></td>
<td>17</td>
<td>com.focus.testcases.BatchNegativeTestingOptionsTest@23e028a9</td></tr>
<tr>
<td title='com.focus.testcases.BatchNegativeTestingOptionsTest.checkSavingSalesInvoiceVATVoucher1ByConsumingFullQuantityAfterSavingPurchaseVoucher1()'><b>checkSavingSalesInvoiceVATVoucher1ByConsumingFullQuantityAfterSavingPurchaseVoucher1</b><br>Test class: com.focus.testcases.BatchNegativeTestingOptionsTest<br/>
<a href="#Output-669226354" onClick='toggleBox("Output-669226354", this, "Show output", "Hide output");'>Show output</a>

<a href="#Output-669226354" onClick="toggleAllBoxes();">Show all outputs</a>
<div class='log' id="Output-669226354">
Completed executing following method : BatchNegativeTestingOptionsTest.checkSavingSalesInvoiceVATVoucher1ByConsumingFullQuantityAfterSavingPurchaseVoucher1<br/>
Test Method resides in com.focus.testcases.BatchNegativeTestingOptionsTest<br/>
Test Status: Pass<br/>
About to begin executing following method : BaseEngine.afterMethodExecution<br/>
</div>
</td>
<td></td>
<td>12</td>
<td>com.focus.testcases.BatchNegativeTestingOptionsTest@23e028a9</td></tr>
<tr>
<td title='com.focus.testcases.BatchNegativeTestingOptionsTest.checkSavingSalesInvoiceVATVoucher1ByConsumingPartialQuantity()'><b>checkSavingSalesInvoiceVATVoucher1ByConsumingPartialQuantity</b><br>Test class: com.focus.testcases.BatchNegativeTestingOptionsTest<br/>
<a href="#Output-926839291" onClick='toggleBox("Output-926839291", this, "Show output", "Hide output");'>Show output</a>

<a href="#Output-926839291" onClick="toggleAllBoxes();">Show all outputs</a>
<div class='log' id="Output-926839291">
Completed executing following method : BatchNegativeTestingOptionsTest.checkSavingSalesInvoiceVATVoucher1ByConsumingPartialQuantity<br/>
Test Method resides in com.focus.testcases.BatchNegativeTestingOptionsTest<br/>
Test Status: Pass<br/>
About to begin executing following method : BaseEngine.afterMethodExecution<br/>
</div>
</td>
<td></td>
<td>57</td>
<td>com.focus.testcases.BatchNegativeTestingOptionsTest@23e028a9</td></tr>
<tr>
<td title='com.focus.testcases.BatchNegativeTestingOptionsTest.checkSavingSalesInvoiceVATVoucher1ByConsumingPartialQuantity60()'><b>checkSavingSalesInvoiceVATVoucher1ByConsumingPartialQuantity60</b><br>Test class: com.focus.testcases.BatchNegativeTestingOptionsTest<br/>
<a href="#Output-1769007613" onClick='toggleBox("Output-1769007613", this, "Show output", "Hide output");'>Show output</a>

<a href="#Output-1769007613" onClick="toggleAllBoxes();">Show all outputs</a>
<div class='log' id="Output-1769007613">
Completed executing following method : BatchNegativeTestingOptionsTest.checkSavingSalesInvoiceVATVoucher1ByConsumingPartialQuantity60<br/>
Test Method resides in com.focus.testcases.BatchNegativeTestingOptionsTest<br/>
Test Status: Pass<br/>
About to begin executing following method : BaseEngine.afterMethodExecution<br/>
</div>
</td>
<td></td>
<td>47</td>
<td>com.focus.testcases.BatchNegativeTestingOptionsTest@23e028a9</td></tr>
<tr>
<td title='com.focus.testcases.BatchNegativeTestingOptionsTest.checkSavingSalesInvoiceVATVoucher1ByLoadingFromWorkflowAfterSavingSalesOrderDoc1AndDoc2()'><b>checkSavingSalesInvoiceVATVoucher1ByLoadingFromWorkflowAfterSavingSalesOrderDoc1AndDoc2</b><br>Test class: com.focus.testcases.BatchNegativeTestingOptionsTest<br/>
<a href="#Output-381841593" onClick='toggleBox("Output-381841593", this, "Show output", "Hide output");'>Show output</a>

<a href="#Output-381841593" onClick="toggleAllBoxes();">Show all outputs</a>
<div class='log' id="Output-381841593">
Completed executing following method : BatchNegativeTestingOptionsTest.checkSavingSalesInvoiceVATVoucher1ByLoadingFromWorkflowAfterSavingSalesOrderDoc1AndDoc2<br/>
Test Method resides in com.focus.testcases.BatchNegativeTestingOptionsTest<br/>
Test Status: Pass<br/>
About to begin executing following method : BaseEngine.afterMethodExecution<br/>
</div>
</td>
<td></td>
<td>39</td>
<td>com.focus.testcases.BatchNegativeTestingOptionsTest@23e028a9</td></tr>
<tr>
<td title='com.focus.testcases.BatchNegativeTestingOptionsTest.checkSavingSalesInvoiceVATVoucher1ByLoadingFromWorkflowAfterSavingSalesOrderDoc1AndDoc2AfterEnablingInputBatchEvenIfStockIsNotUpdated()'><b>checkSavingSalesInvoiceVATVoucher1ByLoadingFromWorkflowAfterSavingSalesOrderDoc1AndDoc2AfterEnablingInputBatchEvenIfStockIsNotUpdated</b><br>Test class: com.focus.testcases.BatchNegativeTestingOptionsTest<br/>
<a href="#Output-1557372363" onClick='toggleBox("Output-1557372363", this, "Show output", "Hide output");'>Show output</a>

<a href="#Output-1557372363" onClick="toggleAllBoxes();">Show all outputs</a>
<div class='log' id="Output-1557372363">
Completed executing following method : BatchNegativeTestingOptionsTest.checkSavingSalesInvoiceVATVoucher1ByLoadingFromWorkflowAfterSavingSalesOrderDoc1AndDoc2AfterEnablingInputBatchEvenIfStockIsNotUpdated<br/>
Test Method resides in com.focus.testcases.BatchNegativeTestingOptionsTest<br/>
Test Status: Pass<br/>
About to begin executing following method : BaseEngine.afterMethodExecution<br/>
</div>
</td>
<td></td>
<td>38</td>
<td>com.focus.testcases.BatchNegativeTestingOptionsTest@23e028a9</td></tr>
<tr>
<td title='com.focus.testcases.BatchNegativeTestingOptionsTest.checkSavingSalesInvoiceVATVoucher1ByLoadingFromWorkflowAndSelectingSalesOrderDoc1()'><b>checkSavingSalesInvoiceVATVoucher1ByLoadingFromWorkflowAndSelectingSalesOrderDoc1</b><br>Test class: com.focus.testcases.BatchNegativeTestingOptionsTest<br/>
<a href="#Output-2130589387" onClick='toggleBox("Output-2130589387", this, "Show output", "Hide output");'>Show output</a>

<a href="#Output-2130589387" onClick="toggleAllBoxes();">Show all outputs</a>
<div class='log' id="Output-2130589387">
Completed executing following method : BatchNegativeTestingOptionsTest.checkSavingSalesInvoiceVATVoucher1ByLoadingFromWorkflowAndSelectingSalesOrderDoc1<br/>
Test Method resides in com.focus.testcases.BatchNegativeTestingOptionsTest<br/>
Test Status: Pass<br/>
About to begin executing following method : BaseEngine.afterMethodExecution<br/>
</div>
</td>
<td></td>
<td>121</td>
<td>com.focus.testcases.BatchNegativeTestingOptionsTest@23e028a9</td></tr>
<tr>
<td title='com.focus.testcases.BatchNegativeTestingOptionsTest.checkSavingSalesInvoiceVATVoucher1ByLoadingFromWorkflowAndSelectingSalesOrderDoc1AfterEnablingInputBatchEvenIfStockIsNotUpdated()'><b>checkSavingSalesInvoiceVATVoucher1ByLoadingFromWorkflowAndSelectingSalesOrderDoc1AfterEnablingInputBatchEvenIfStockIsNotUpdated</b><br>Test class: com.focus.testcases.BatchNegativeTestingOptionsTest<br/>
<a href="#Output-256496236" onClick='toggleBox("Output-256496236", this, "Show output", "Hide output");'>Show output</a>

<a href="#Output-256496236" onClick="toggleAllBoxes();">Show all outputs</a>
<div class='log' id="Output-256496236">
Completed executing following method : BatchNegativeTestingOptionsTest.checkSavingSalesInvoiceVATVoucher1ByLoadingFromWorkflowAndSelectingSalesOrderDoc1AfterEnablingInputBatchEvenIfStockIsNotUpdated<br/>
Test Method resides in com.focus.testcases.BatchNegativeTestingOptionsTest<br/>
Test Status: Pass<br/>
About to begin executing following method : BaseEngine.afterMethodExecution<br/>
</div>
</td>
<td></td>
<td>117</td>
<td>com.focus.testcases.BatchNegativeTestingOptionsTest@23e028a9</td></tr>
<tr>
<td title='com.focus.testcases.BatchNegativeTestingOptionsTest.checkSavingSalesInvoiceVATVoucher1ByLoadingFromWorkflowAndSelectingSalesOrderDoc2AfterSuspendingSalesInvoiceVoucher1()'><b>checkSavingSalesInvoiceVATVoucher1ByLoadingFromWorkflowAndSelectingSalesOrderDoc2AfterSuspendingSalesInvoiceVoucher1</b><br>Test class: com.focus.testcases.BatchNegativeTestingOptionsTest<br/>
<a href="#Output-571859293" onClick='toggleBox("Output-571859293", this, "Show output", "Hide output");'>Show output</a>

<a href="#Output-571859293" onClick="toggleAllBoxes();">Show all outputs</a>
<div class='log' id="Output-571859293">
Completed executing following method : BatchNegativeTestingOptionsTest.checkSavingSalesInvoiceVATVoucher1ByLoadingFromWorkflowAndSelectingSalesOrderDoc2AfterSuspendingSalesInvoiceVoucher1<br/>
Test Method resides in com.focus.testcases.BatchNegativeTestingOptionsTest<br/>
Test Status: Pass<br/>
About to begin executing following method : BaseEngine.afterMethodExecution<br/>
</div>
</td>
<td></td>
<td>29</td>
<td>com.focus.testcases.BatchNegativeTestingOptionsTest@23e028a9</td></tr>
<tr>
<td title='com.focus.testcases.BatchNegativeTestingOptionsTest.checkSavingSalesInvoiceVATVoucher1WithMoreThanAvailableQuantityInPurchaseVoucherWithoutEnablingAllowNegativeBatchQuantities()'><b>checkSavingSalesInvoiceVATVoucher1WithMoreThanAvailableQuantityInPurchaseVoucherWithoutEnablingAllowNegativeBatchQuantities</b><br>Test class: com.focus.testcases.BatchNegativeTestingOptionsTest<br/>
<a href="#Output-214350510" onClick='toggleBox("Output-214350510", this, "Show output", "Hide output");'>Show output</a>

<a href="#Output-214350510" onClick="toggleAllBoxes();">Show all outputs</a>
<div class='log' id="Output-214350510">
Completed executing following method : BatchNegativeTestingOptionsTest.checkSavingSalesInvoiceVATVoucher1WithMoreThanAvailableQuantityInPurchaseVoucherWithoutEnablingAllowNegativeBatchQuantities<br/>
Test Method resides in com.focus.testcases.BatchNegativeTestingOptionsTest<br/>
Test Status: Pass<br/>
About to begin executing following method : BaseEngine.afterMethodExecution<br/>
</div>
</td>
<td></td>
<td>46</td>
<td>com.focus.testcases.BatchNegativeTestingOptionsTest@23e028a9</td></tr>
<tr>
<td title='com.focus.testcases.BatchNegativeTestingOptionsTest.checkSavingSalesInvoiceVATVoucher1WithQuantity11()'><b>checkSavingSalesInvoiceVATVoucher1WithQuantity11</b><br>Test class: com.focus.testcases.BatchNegativeTestingOptionsTest<br/>
<a href="#Output-630403136" onClick='toggleBox("Output-630403136", this, "Show output", "Hide output");'>Show output</a>

<a href="#Output-630403136" onClick="toggleAllBoxes();">Show all outputs</a>
<div class='log' id="Output-630403136">
Completed executing following method : BatchNegativeTestingOptionsTest.checkSavingSalesInvoiceVATVoucher1WithQuantity11<br/>
Test Method resides in com.focus.testcases.BatchNegativeTestingOptionsTest<br/>
Test Status: Pass<br/>
About to begin executing following method : BaseEngine.afterMethodExecution<br/>
</div>
</td>
<td></td>
<td>13</td>
<td>com.focus.testcases.BatchNegativeTestingOptionsTest@23e028a9</td></tr>
<tr>
<td title='com.focus.testcases.BatchNegativeTestingOptionsTest.checkSavingSalesInvoiceVATVoucher1WithQuantity180()'><b>checkSavingSalesInvoiceVATVoucher1WithQuantity180</b><br>Test class: com.focus.testcases.BatchNegativeTestingOptionsTest<br/>
<a href="#Output-741766951" onClick='toggleBox("Output-741766951", this, "Show output", "Hide output");'>Show output</a>

<a href="#Output-741766951" onClick="toggleAllBoxes();">Show all outputs</a>
<div class='log' id="Output-741766951">
Completed executing following method : BatchNegativeTestingOptionsTest.checkSavingSalesInvoiceVATVoucher1WithQuantity180<br/>
Test Method resides in com.focus.testcases.BatchNegativeTestingOptionsTest<br/>
Test Status: Pass<br/>
About to begin executing following method : BaseEngine.afterMethodExecution<br/>
</div>
</td>
<td></td>
<td>45</td>
<td>com.focus.testcases.BatchNegativeTestingOptionsTest@23e028a9</td></tr>
<tr>
<td title='com.focus.testcases.BatchNegativeTestingOptionsTest.checkSavingSalesInvoiceVATVoucher2ByLoadingFromWorkflowAndSelectingSalesOrderDoc2()'><b>checkSavingSalesInvoiceVATVoucher2ByLoadingFromWorkflowAndSelectingSalesOrderDoc2</b><br>Test class: com.focus.testcases.BatchNegativeTestingOptionsTest<br/>
<a href="#Output-339618452" onClick='toggleBox("Output-339618452", this, "Show output", "Hide output");'>Show output</a>

<a href="#Output-339618452" onClick="toggleAllBoxes();">Show all outputs</a>
<div class='log' id="Output-339618452">
Completed executing following method : BatchNegativeTestingOptionsTest.checkSavingSalesInvoiceVATVoucher2ByLoadingFromWorkflowAndSelectingSalesOrderDoc2<br/>
Test Method resides in com.focus.testcases.BatchNegativeTestingOptionsTest<br/>
Test Status: Pass<br/>
About to begin executing following method : BaseEngine.afterMethodExecution<br/>
</div>
</td>
<td></td>
<td>32</td>
<td>com.focus.testcases.BatchNegativeTestingOptionsTest@23e028a9</td></tr>
<tr>
<td title='com.focus.testcases.BatchNegativeTestingOptionsTest.checkSavingSalesInvoiceVATWihLoadingLinks()'><b>checkSavingSalesInvoiceVATWihLoadingLinks</b><br>Test class: com.focus.testcases.BatchNegativeTestingOptionsTest<br/>
<a href="#Output-1782331644" onClick='toggleBox("Output-1782331644", this, "Show output", "Hide output");'>Show output</a>

<a href="#Output-1782331644" onClick="toggleAllBoxes();">Show all outputs</a>
<div class='log' id="Output-1782331644">
Completed executing following method : BatchNegativeTestingOptionsTest.checkSavingSalesInvoiceVATWihLoadingLinks<br/>
Test Method resides in com.focus.testcases.BatchNegativeTestingOptionsTest<br/>
Test Status: Pass<br/>
About to begin executing following method : BaseEngine.afterMethodExecution<br/>
</div>
</td>
<td></td>
<td>11</td>
<td>com.focus.testcases.BatchNegativeTestingOptionsTest@23e028a9</td></tr>
<tr>
<td title='com.focus.testcases.BatchNegativeTestingOptionsTest.checkSavingSalesInvoiceWithLoadingLinks()'><b>checkSavingSalesInvoiceWithLoadingLinks</b><br>Test class: com.focus.testcases.BatchNegativeTestingOptionsTest<br/>
<a href="#Output-649880884" onClick='toggleBox("Output-649880884", this, "Show output", "Hide output");'>Show output</a>

<a href="#Output-649880884" onClick="toggleAllBoxes();">Show all outputs</a>
<div class='log' id="Output-649880884">
Completed executing following method : BatchNegativeTestingOptionsTest.checkSavingSalesInvoiceWithLoadingLinks<br/>
Test Method resides in com.focus.testcases.BatchNegativeTestingOptionsTest<br/>
Test Status: Pass<br/>
About to begin executing following method : BaseEngine.afterMethodExecution<br/>
</div>
</td>
<td></td>
<td>76</td>
<td>com.focus.testcases.BatchNegativeTestingOptionsTest@23e028a9</td></tr>
<tr>
<td title='com.focus.testcases.BatchNegativeTestingOptionsTest.checkSavingSalesOrder2AfterSuspendingVoucher1()'><b>checkSavingSalesOrder2AfterSuspendingVoucher1</b><br>Test class: com.focus.testcases.BatchNegativeTestingOptionsTest<br/>
<a href="#Output-941766023" onClick='toggleBox("Output-941766023", this, "Show output", "Hide output");'>Show output</a>

<a href="#Output-941766023" onClick="toggleAllBoxes();">Show all outputs</a>
<div class='log' id="Output-941766023">
Completed executing following method : BatchNegativeTestingOptionsTest.checkSavingSalesOrder2AfterSuspendingVoucher1<br/>
Test Method resides in com.focus.testcases.BatchNegativeTestingOptionsTest<br/>
Test Status: Pass<br/>
About to begin executing following method : BaseEngine.afterMethodExecution<br/>
</div>
</td>
<td></td>
<td>43</td>
<td>com.focus.testcases.BatchNegativeTestingOptionsTest@23e028a9</td></tr>
<tr>
<td title='com.focus.testcases.BatchNegativeTestingOptionsTest.checkSavingSalesOrderVopucher2()'><b>checkSavingSalesOrderVopucher2</b><br>Test class: com.focus.testcases.BatchNegativeTestingOptionsTest<br/>
<a href="#Output-254747799" onClick='toggleBox("Output-254747799", this, "Show output", "Hide output");'>Show output</a>

<a href="#Output-254747799" onClick="toggleAllBoxes();">Show all outputs</a>
<div class='log' id="Output-254747799">
Completed executing following method : BatchNegativeTestingOptionsTest.checkSavingSalesOrderVopucher2<br/>
Test Method resides in com.focus.testcases.BatchNegativeTestingOptionsTest<br/>
Test Status: Pass<br/>
About to begin executing following method : BaseEngine.afterMethodExecution<br/>
</div>
</td>
<td></td>
<td>66</td>
<td>com.focus.testcases.BatchNegativeTestingOptionsTest@23e028a9</td></tr>
<tr>
<td title='com.focus.testcases.BatchNegativeTestingOptionsTest.checkSavingSalesOrderVoucher1()'><b>checkSavingSalesOrderVoucher1</b><br>Test class: com.focus.testcases.BatchNegativeTestingOptionsTest<br/>
<a href="#Output-1604369631" onClick='toggleBox("Output-1604369631", this, "Show output", "Hide output");'>Show output</a>

<a href="#Output-1604369631" onClick="toggleAllBoxes();">Show all outputs</a>
<div class='log' id="Output-1604369631">
Completed executing following method : BatchNegativeTestingOptionsTest.checkSavingSalesOrderVoucher1<br/>
Test Method resides in com.focus.testcases.BatchNegativeTestingOptionsTest<br/>
Test Status: Pass<br/>
About to begin executing following method : BaseEngine.afterMethodExecution<br/>
</div>
</td>
<td></td>
<td>41</td>
<td>com.focus.testcases.BatchNegativeTestingOptionsTest@23e028a9</td></tr>
<tr>
<td title='com.focus.testcases.BatchNegativeTestingOptionsTest.checkSavingSalesOrderVoucher1AfterEnablingInputBatchEvenIfStockIsNotUpdated()'><b>checkSavingSalesOrderVoucher1AfterEnablingInputBatchEvenIfStockIsNotUpdated</b><br>Test class: com.focus.testcases.BatchNegativeTestingOptionsTest<br/>
<a href="#Output-105974400" onClick='toggleBox("Output-105974400", this, "Show output", "Hide output");'>Show output</a>

<a href="#Output-105974400" onClick="toggleAllBoxes();">Show all outputs</a>
<div class='log' id="Output-105974400">
Completed executing following method : BatchNegativeTestingOptionsTest.checkSavingSalesOrderVoucher1AfterEnablingInputBatchEvenIfStockIsNotUpdated<br/>
Test Method resides in com.focus.testcases.BatchNegativeTestingOptionsTest<br/>
Test Status: Pass<br/>
About to begin executing following method : BaseEngine.afterMethodExecution<br/>
</div>
</td>
<td></td>
<td>68</td>
<td>com.focus.testcases.BatchNegativeTestingOptionsTest@23e028a9</td></tr>
<tr>
<td title='com.focus.testcases.BatchNegativeTestingOptionsTest.checkSavingSalesOrderVoucher1AfterSavingPurchaseVoucherVAT1()'><b>checkSavingSalesOrderVoucher1AfterSavingPurchaseVoucherVAT1</b><br>Test class: com.focus.testcases.BatchNegativeTestingOptionsTest<br/>
<a href="#Output-1282588102" onClick='toggleBox("Output-1282588102", this, "Show output", "Hide output");'>Show output</a>

<a href="#Output-1282588102" onClick="toggleAllBoxes();">Show all outputs</a>
<div class='log' id="Output-1282588102">
Completed executing following method : BatchNegativeTestingOptionsTest.checkSavingSalesOrderVoucher1AfterSavingPurchaseVoucherVAT1<br/>
Test Method resides in com.focus.testcases.BatchNegativeTestingOptionsTest<br/>
Test Status: Pass<br/>
About to begin executing following method : BaseEngine.afterMethodExecution<br/>
</div>
</td>
<td></td>
<td>30</td>
<td>com.focus.testcases.BatchNegativeTestingOptionsTest@23e028a9</td></tr>
<tr>
<td title='com.focus.testcases.BatchNegativeTestingOptionsTest.checkSavingSalesOrderVoucher2AfterEnablingInputBatchEvenIfStockIsNotUpdated()'><b>checkSavingSalesOrderVoucher2AfterEnablingInputBatchEvenIfStockIsNotUpdated</b><br>Test class: com.focus.testcases.BatchNegativeTestingOptionsTest<br/>
<a href="#Output-1551615554" onClick='toggleBox("Output-1551615554", this, "Show output", "Hide output");'>Show output</a>

<a href="#Output-1551615554" onClick="toggleAllBoxes();">Show all outputs</a>
<div class='log' id="Output-1551615554">
Completed executing following method : BatchNegativeTestingOptionsTest.checkSavingSalesOrderVoucher2AfterEnablingInputBatchEvenIfStockIsNotUpdated<br/>
Test Method resides in com.focus.testcases.BatchNegativeTestingOptionsTest<br/>
Test Status: Pass<br/>
About to begin executing following method : BaseEngine.afterMethodExecution<br/>
</div>
</td>
<td></td>
<td>67</td>
<td>com.focus.testcases.BatchNegativeTestingOptionsTest@23e028a9</td></tr>
<tr>
<td title='com.focus.testcases.BatchNegativeTestingOptionsTest.checkSavingSalesOrderVoucher2AfterSavingPurchaseVoucherVAT1()'><b>checkSavingSalesOrderVoucher2AfterSavingPurchaseVoucherVAT1</b><br>Test class: com.focus.testcases.BatchNegativeTestingOptionsTest<br/>
<a href="#Output-847168849" onClick='toggleBox("Output-847168849", this, "Show output", "Hide output");'>Show output</a>

<a href="#Output-847168849" onClick="toggleAllBoxes();">Show all outputs</a>
<div class='log' id="Output-847168849">
Completed executing following method : BatchNegativeTestingOptionsTest.checkSavingSalesOrderVoucher2AfterSavingPurchaseVoucherVAT1<br/>
Test Method resides in com.focus.testcases.BatchNegativeTestingOptionsTest<br/>
Test Status: Pass<br/>
About to begin executing following method : BaseEngine.afterMethodExecution<br/>
</div>
</td>
<td></td>
<td>20</td>
<td>com.focus.testcases.BatchNegativeTestingOptionsTest@23e028a9</td></tr>
<tr>
<td title='com.focus.testcases.BatchNegativeTestingOptionsTest.checkSavingSalesOrderVoucherAfterEnableInputBatchEvenIfStockNotUpdatedChkbox()'><b>checkSavingSalesOrderVoucherAfterEnableInputBatchEvenIfStockNotUpdatedChkbox</b><br>Test class: com.focus.testcases.BatchNegativeTestingOptionsTest<br/>
<a href="#Output-1200130279" onClick='toggleBox("Output-1200130279", this, "Show output", "Hide output");'>Show output</a>

<a href="#Output-1200130279" onClick="toggleAllBoxes();">Show all outputs</a>
<div class='log' id="Output-1200130279">
Completed executing following method : BatchNegativeTestingOptionsTest.checkSavingSalesOrderVoucherAfterEnableInputBatchEvenIfStockNotUpdatedChkbox<br/>
Test Method resides in com.focus.testcases.BatchNegativeTestingOptionsTest<br/>
Test Status: Pass<br/>
About to begin executing following method : BaseEngine.afterMethodExecution<br/>
</div>
</td>
<td></td>
<td>58</td>
<td>com.focus.testcases.BatchNegativeTestingOptionsTest@23e028a9</td></tr>
<tr>
<td title='com.focus.testcases.BatchNegativeTestingOptionsTest.checkSavingSalesOrderWithConsumingHalfQtyFromPurVouVat()'><b>checkSavingSalesOrderWithConsumingHalfQtyFromPurVouVat</b><br>Test class: com.focus.testcases.BatchNegativeTestingOptionsTest<br/>
<a href="#Output-1670933111" onClick='toggleBox("Output-1670933111", this, "Show output", "Hide output");'>Show output</a>

<a href="#Output-1670933111" onClick="toggleAllBoxes();">Show all outputs</a>
<div class='log' id="Output-1670933111">
Completed executing following method : BatchNegativeTestingOptionsTest.checkSavingSalesOrderWithConsumingHalfQtyFromPurVouVat<br/>
Test Method resides in com.focus.testcases.BatchNegativeTestingOptionsTest<br/>
Test Status: Pass<br/>
About to begin executing following method : BaseEngine.afterMethodExecution<br/>
</div>
</td>
<td></td>
<td>53</td>
<td>com.focus.testcases.BatchNegativeTestingOptionsTest@23e028a9</td></tr>
<tr>
<td title='com.focus.testcases.BatchNegativeTestingOptionsTest.checkSavingSalesOrderWithFullConsumptionInward()'><b>checkSavingSalesOrderWithFullConsumptionInward</b><br>Test class: com.focus.testcases.BatchNegativeTestingOptionsTest<br/>
<a href="#Output-700007738" onClick='toggleBox("Output-700007738", this, "Show output", "Hide output");'>Show output</a>

<a href="#Output-700007738" onClick="toggleAllBoxes();">Show all outputs</a>
<div class='log' id="Output-700007738">
Completed executing following method : BatchNegativeTestingOptionsTest.checkSavingSalesOrderWithFullConsumptionInward<br/>
Test Method resides in com.focus.testcases.BatchNegativeTestingOptionsTest<br/>
Test Status: Pass<br/>
About to begin executing following method : BaseEngine.afterMethodExecution<br/>
</div>
</td>
<td></td>
<td>47</td>
<td>com.focus.testcases.BatchNegativeTestingOptionsTest@23e028a9</td></tr>
<tr>
<td title='com.focus.testcases.BatchNegativeTestingOptionsTest.checkSavingSalesOrdervoucher2AfterConsumedBatchInVoucher1()'><b>checkSavingSalesOrdervoucher2AfterConsumedBatchInVoucher1</b><br>Test class: com.focus.testcases.BatchNegativeTestingOptionsTest<br/>
<a href="#Output-1703307238" onClick='toggleBox("Output-1703307238", this, "Show output", "Hide output");'>Show output</a>

<a href="#Output-1703307238" onClick="toggleAllBoxes();">Show all outputs</a>
<div class='log' id="Output-1703307238">
Completed executing following method : BatchNegativeTestingOptionsTest.checkSavingSalesOrdervoucher2AfterConsumedBatchInVoucher1<br/>
Test Method resides in com.focus.testcases.BatchNegativeTestingOptionsTest<br/>
Test Status: Pass<br/>
About to begin executing following method : BaseEngine.afterMethodExecution<br/>
</div>
</td>
<td></td>
<td>42</td>
<td>com.focus.testcases.BatchNegativeTestingOptionsTest@23e028a9</td></tr>
<tr>
<td title='com.focus.testcases.BatchNegativeTestingOptionsTest.checkSavingSalesVou2AfterSuspendingVou1()'><b>checkSavingSalesVou2AfterSuspendingVou1</b><br>Test class: com.focus.testcases.BatchNegativeTestingOptionsTest<br/>
<a href="#Output-1879825860" onClick='toggleBox("Output-1879825860", this, "Show output", "Hide output");'>Show output</a>

<a href="#Output-1879825860" onClick="toggleAllBoxes();">Show all outputs</a>
<div class='log' id="Output-1879825860">
Completed executing following method : BatchNegativeTestingOptionsTest.checkSavingSalesVou2AfterSuspendingVou1<br/>
Test Method resides in com.focus.testcases.BatchNegativeTestingOptionsTest<br/>
Test Status: Pass<br/>
About to begin executing following method : BaseEngine.afterMethodExecution<br/>
</div>
</td>
<td></td>
<td>57</td>
<td>com.focus.testcases.BatchNegativeTestingOptionsTest@23e028a9</td></tr>
<tr>
<td title='com.focus.testcases.BatchNegativeTestingOptionsTest.checkSavingSalesVoucher2AfterSuspending1stVoucher()'><b>checkSavingSalesVoucher2AfterSuspending1stVoucher</b><br>Test class: com.focus.testcases.BatchNegativeTestingOptionsTest<br/>
<a href="#Output-2041837348" onClick='toggleBox("Output-2041837348", this, "Show output", "Hide output");'>Show output</a>

<a href="#Output-2041837348" onClick="toggleAllBoxes();">Show all outputs</a>
<div class='log' id="Output-2041837348">
Completed executing following method : BatchNegativeTestingOptionsTest.checkSavingSalesVoucher2AfterSuspending1stVoucher<br/>
Test Method resides in com.focus.testcases.BatchNegativeTestingOptionsTest<br/>
Test Status: Pass<br/>
About to begin executing following method : BaseEngine.afterMethodExecution<br/>
</div>
</td>
<td></td>
<td>114</td>
<td>com.focus.testcases.BatchNegativeTestingOptionsTest@23e028a9</td></tr>
<tr>
<td title='com.focus.testcases.BatchNegativeTestingOptionsTest.checkSavingVou2AfterAuthorisationInsalesOrder()'><b>checkSavingVou2AfterAuthorisationInsalesOrder</b><br>Test class: com.focus.testcases.BatchNegativeTestingOptionsTest<br/>
<a href="#Output-1601016162" onClick='toggleBox("Output-1601016162", this, "Show output", "Hide output");'>Show output</a>

<a href="#Output-1601016162" onClick="toggleAllBoxes();">Show all outputs</a>
<div class='log' id="Output-1601016162">
Completed executing following method : BatchNegativeTestingOptionsTest.checkSavingVou2AfterAuthorisationInsalesOrder<br/>
Test Method resides in com.focus.testcases.BatchNegativeTestingOptionsTest<br/>
Test Status: Pass<br/>
About to begin executing following method : BaseEngine.afterMethodExecution<br/>
</div>
</td>
<td></td>
<td>64</td>
<td>com.focus.testcases.BatchNegativeTestingOptionsTest@23e028a9</td></tr>
<tr>
<td title='com.focus.testcases.BatchNegativeTestingOptionsTest.checkSavingVoucherInSO2AfterSuspendingVoucherSO1()'><b>checkSavingVoucherInSO2AfterSuspendingVoucherSO1</b><br>Test class: com.focus.testcases.BatchNegativeTestingOptionsTest<br/>
<a href="#Output-1822281508" onClick='toggleBox("Output-1822281508", this, "Show output", "Hide output");'>Show output</a>

<a href="#Output-1822281508" onClick="toggleAllBoxes();">Show all outputs</a>
<div class='log' id="Output-1822281508">
Completed executing following method : BatchNegativeTestingOptionsTest.checkSavingVoucherInSO2AfterSuspendingVoucherSO1<br/>
Test Method resides in com.focus.testcases.BatchNegativeTestingOptionsTest<br/>
Test Status: Pass<br/>
About to begin executing following method : BaseEngine.afterMethodExecution<br/>
</div>
</td>
<td></td>
<td>80</td>
<td>com.focus.testcases.BatchNegativeTestingOptionsTest@23e028a9</td></tr>
<tr>
<td title='com.focus.testcases.BatchNegativeTestingOptionsTest.checkSavingVoucherInSalesInvoice2AfterSusoendingVocher1()'><b>checkSavingVoucherInSalesInvoice2AfterSusoendingVocher1</b><br>Test class: com.focus.testcases.BatchNegativeTestingOptionsTest<br/>
<a href="#Output-639580767" onClick='toggleBox("Output-639580767", this, "Show output", "Hide output");'>Show output</a>

<a href="#Output-639580767" onClick="toggleAllBoxes();">Show all outputs</a>
<div class='log' id="Output-639580767">
Completed executing following method : BatchNegativeTestingOptionsTest.checkSavingVoucherInSalesInvoice2AfterSusoendingVocher1<br/>
Test Method resides in com.focus.testcases.BatchNegativeTestingOptionsTest<br/>
Test Status: Pass<br/>
About to begin executing following method : BaseEngine.afterMethodExecution<br/>
</div>
</td>
<td></td>
<td>116</td>
<td>com.focus.testcases.BatchNegativeTestingOptionsTest@23e028a9</td></tr>
<tr>
<td title='com.focus.testcases.BatchNegativeTestingOptionsTest.checkSavingVoucherInsalesOrderafterBatchConsumed()'><b>checkSavingVoucherInsalesOrderafterBatchConsumed</b><br>Test class: com.focus.testcases.BatchNegativeTestingOptionsTest<br/>
<a href="#Output-1261020995" onClick='toggleBox("Output-1261020995", this, "Show output", "Hide output");'>Show output</a>

<a href="#Output-1261020995" onClick="toggleAllBoxes();">Show all outputs</a>
<div class='log' id="Output-1261020995">
Completed executing following method : BatchNegativeTestingOptionsTest.checkSavingVoucherInsalesOrderafterBatchConsumed<br/>
Test Method resides in com.focus.testcases.BatchNegativeTestingOptionsTest<br/>
Test Status: Pass<br/>
About to begin executing following method : BaseEngine.afterMethodExecution<br/>
</div>
</td>
<td></td>
<td>40</td>
<td>com.focus.testcases.BatchNegativeTestingOptionsTest@23e028a9</td></tr>
<tr>
<td title='com.focus.testcases.BatchNegativeTestingOptionsTest.checkSavingVoucherinSalesInvoiceVATAfterEnablingInventoryOption()'><b>checkSavingVoucherinSalesInvoiceVATAfterEnablingInventoryOption</b><br>Test class: com.focus.testcases.BatchNegativeTestingOptionsTest<br/>
<a href="#Output-1322350618" onClick='toggleBox("Output-1322350618", this, "Show output", "Hide output");'>Show output</a>

<a href="#Output-1322350618" onClick="toggleAllBoxes();">Show all outputs</a>
<div class='log' id="Output-1322350618">
Completed executing following method : BatchNegativeTestingOptionsTest.checkSavingVoucherinSalesInvoiceVATAfterEnablingInventoryOption<br/>
Test Method resides in com.focus.testcases.BatchNegativeTestingOptionsTest<br/>
Test Status: Pass<br/>
About to begin executing following method : BaseEngine.afterMethodExecution<br/>
</div>
</td>
<td></td>
<td>111</td>
<td>com.focus.testcases.BatchNegativeTestingOptionsTest@23e028a9</td></tr>
<tr>
<td title='com.focus.testcases.LoginPageTest.checkSignInBtnWithValidUserNameAndValidPassword()'><b>checkSignInBtnWithValidUserNameAndValidPassword</b><br>Test class: com.focus.testcases.LoginPageTest<br/>
<a href="#Output-2005675644" onClick='toggleBox("Output-2005675644", this, "Show output", "Hide output");'>Show output</a>

<a href="#Output-2005675644" onClick="toggleAllBoxes();">Show all outputs</a>
<div class='log' id="Output-2005675644">
Completed executing following method : LoginPageTest.checkSignInBtnWithValidUserNameAndValidPassword<br/>
Test Method resides in com.focus.testcases.LoginPageTest<br/>
Test Status: Pass<br/>
About to begin executing following method : BaseEngine.afterMethodExecution<br/>
</div>
</td>
<td></td>
<td>25</td>
<td>com.focus.testcases.LoginPageTest@47ef968d</td></tr>
<tr>
<td title='com.focus.testcases.BatchNegativeTestingOptionsTest.checkSuspendingDeliveryNotesVoucher1FromEntryPage()'><b>checkSuspendingDeliveryNotesVoucher1FromEntryPage</b><br>Test class: com.focus.testcases.BatchNegativeTestingOptionsTest<br/>
<a href="#Output-61223184" onClick='toggleBox("Output-61223184", this, "Show output", "Hide output");'>Show output</a>

<a href="#Output-61223184" onClick="toggleAllBoxes();">Show all outputs</a>
<div class='log' id="Output-61223184">
Completed executing following method : BatchNegativeTestingOptionsTest.checkSuspendingDeliveryNotesVoucher1FromEntryPage<br/>
Test Method resides in com.focus.testcases.BatchNegativeTestingOptionsTest<br/>
Test Status: Pass<br/>
About to begin executing following method : BaseEngine.afterMethodExecution<br/>
</div>
</td>
<td></td>
<td>19</td>
<td>com.focus.testcases.BatchNegativeTestingOptionsTest@23e028a9</td></tr>
<tr>
<td title='com.focus.testcases.BatchNegativeTestingOptionsTest.checkSuspendingPurchasVatVoucherAfterBatchConsumedinSalesInvoice()'><b>checkSuspendingPurchasVatVoucherAfterBatchConsumedinSalesInvoice</b><br>Test class: com.focus.testcases.BatchNegativeTestingOptionsTest<br/>
<a href="#Output-1206474738" onClick='toggleBox("Output-1206474738", this, "Show output", "Hide output");'>Show output</a>

<a href="#Output-1206474738" onClick="toggleAllBoxes();">Show all outputs</a>
<div class='log' id="Output-1206474738">
Completed executing following method : BatchNegativeTestingOptionsTest.checkSuspendingPurchasVatVoucherAfterBatchConsumedinSalesInvoice<br/>
Test Method resides in com.focus.testcases.BatchNegativeTestingOptionsTest<br/>
Test Status: Pass<br/>
About to begin executing following method : BaseEngine.afterMethodExecution<br/>
</div>
</td>
<td></td>
<td>14</td>
<td>com.focus.testcases.BatchNegativeTestingOptionsTest@23e028a9</td></tr>
<tr>
<td title='com.focus.testcases.BatchNegativeTestingOptionsTest.checkSuspendingPurchaseReturnsVoucher1AfterDeletingSalesInvoiceNVoucher1()'><b>checkSuspendingPurchaseReturnsVoucher1AfterDeletingSalesInvoiceNVoucher1</b><br>Test class: com.focus.testcases.BatchNegativeTestingOptionsTest<br/>
<a href="#Output-1414155817" onClick='toggleBox("Output-1414155817", this, "Show output", "Hide output");'>Show output</a>

<a href="#Output-1414155817" onClick="toggleAllBoxes();">Show all outputs</a>
<div class='log' id="Output-1414155817">
Completed executing following method : BatchNegativeTestingOptionsTest.checkSuspendingPurchaseReturnsVoucher1AfterDeletingSalesInvoiceNVoucher1<br/>
Test Method resides in com.focus.testcases.BatchNegativeTestingOptionsTest<br/>
Test Status: Pass<br/>
About to begin executing following method : BaseEngine.afterMethodExecution<br/>
</div>
</td>
<td></td>
<td>14</td>
<td>com.focus.testcases.BatchNegativeTestingOptionsTest@23e028a9</td></tr>
<tr>
<td title='com.focus.testcases.BatchNegativeTestingOptionsTest.checkSuspendingPurchaseReturnsVoucher1ForSeventiethScenario()'><b>checkSuspendingPurchaseReturnsVoucher1ForSeventiethScenario</b><br>Test class: com.focus.testcases.BatchNegativeTestingOptionsTest<br/>
<a href="#Output-215100285" onClick='toggleBox("Output-215100285", this, "Show output", "Hide output");'>Show output</a>

<a href="#Output-215100285" onClick="toggleAllBoxes();">Show all outputs</a>
<div class='log' id="Output-215100285">
Completed executing following method : BatchNegativeTestingOptionsTest.checkSuspendingPurchaseReturnsVoucher1ForSeventiethScenario<br/>
Test Method resides in com.focus.testcases.BatchNegativeTestingOptionsTest<br/>
Test Status: Pass<br/>
About to begin executing following method : BaseEngine.afterMethodExecution<br/>
</div>
</td>
<td></td>
<td>14</td>
<td>com.focus.testcases.BatchNegativeTestingOptionsTest@23e028a9</td></tr>
<tr>
<td title='com.focus.testcases.BatchNegativeTestingOptionsTest.checkSuspendingPurchaseReturnsVoucher1ForSixtiethOneScenario()'><b>checkSuspendingPurchaseReturnsVoucher1ForSixtiethOneScenario</b><br>Test class: com.focus.testcases.BatchNegativeTestingOptionsTest<br/>
<a href="#Output-1738869256" onClick='toggleBox("Output-1738869256", this, "Show output", "Hide output");'>Show output</a>

<a href="#Output-1738869256" onClick="toggleAllBoxes();">Show all outputs</a>
<div class='log' id="Output-1738869256">
Completed executing following method : BatchNegativeTestingOptionsTest.checkSuspendingPurchaseReturnsVoucher1ForSixtiethOneScenario<br/>
Test Method resides in com.focus.testcases.BatchNegativeTestingOptionsTest<br/>
Test Status: Pass<br/>
About to begin executing following method : BaseEngine.afterMethodExecution<br/>
</div>
</td>
<td></td>
<td>14</td>
<td>com.focus.testcases.BatchNegativeTestingOptionsTest@23e028a9</td></tr>
<tr>
<td title='com.focus.testcases.BatchNegativeTestingOptionsTest.checkSuspendingPurchaseReturnsVoucher1ForSixtySeventhScenario()'><b>checkSuspendingPurchaseReturnsVoucher1ForSixtySeventhScenario</b><br>Test class: com.focus.testcases.BatchNegativeTestingOptionsTest<br/>
<a href="#Output-495269842" onClick='toggleBox("Output-495269842", this, "Show output", "Hide output");'>Show output</a>

<a href="#Output-495269842" onClick="toggleAllBoxes();">Show all outputs</a>
<div class='log' id="Output-495269842">
Completed executing following method : BatchNegativeTestingOptionsTest.checkSuspendingPurchaseReturnsVoucher1ForSixtySeventhScenario<br/>
Test Method resides in com.focus.testcases.BatchNegativeTestingOptionsTest<br/>
Test Status: Pass<br/>
About to begin executing following method : BaseEngine.afterMethodExecution<br/>
</div>
</td>
<td></td>
<td>13</td>
<td>com.focus.testcases.BatchNegativeTestingOptionsTest@23e028a9</td></tr>
<tr>
<td title='com.focus.testcases.BatchNegativeTestingOptionsTest.checkSuspendingSalesInvoiceVATVoucher1ForFortyEightScenario()'><b>checkSuspendingSalesInvoiceVATVoucher1ForFortyEightScenario</b><br>Test class: com.focus.testcases.BatchNegativeTestingOptionsTest<br/>
<a href="#Output-1772073456" onClick='toggleBox("Output-1772073456", this, "Show output", "Hide output");'>Show output</a>

<a href="#Output-1772073456" onClick="toggleAllBoxes();">Show all outputs</a>
<div class='log' id="Output-1772073456">
Completed executing following method : BatchNegativeTestingOptionsTest.checkSuspendingSalesInvoiceVATVoucher1ForFortyEightScenario<br/>
Test Method resides in com.focus.testcases.BatchNegativeTestingOptionsTest<br/>
Test Status: Pass<br/>
About to begin executing following method : BaseEngine.afterMethodExecution<br/>
</div>
</td>
<td></td>
<td>13</td>
<td>com.focus.testcases.BatchNegativeTestingOptionsTest@23e028a9</td></tr>
<tr>
<td title='com.focus.testcases.BatchNegativeTestingOptionsTest.checkSuspendingSalesInvoiceVATVoucher1ForFortySixthScenario()'><b>checkSuspendingSalesInvoiceVATVoucher1ForFortySixthScenario</b><br>Test class: com.focus.testcases.BatchNegativeTestingOptionsTest<br/>
<a href="#Output-1707158336" onClick='toggleBox("Output-1707158336", this, "Show output", "Hide output");'>Show output</a>

<a href="#Output-1707158336" onClick="toggleAllBoxes();">Show all outputs</a>
<div class='log' id="Output-1707158336">
Completed executing following method : BatchNegativeTestingOptionsTest.checkSuspendingSalesInvoiceVATVoucher1ForFortySixthScenario<br/>
Test Method resides in com.focus.testcases.BatchNegativeTestingOptionsTest<br/>
Test Status: Pass<br/>
About to begin executing following method : BaseEngine.afterMethodExecution<br/>
</div>
</td>
<td></td>
<td>14</td>
<td>com.focus.testcases.BatchNegativeTestingOptionsTest@23e028a9</td></tr>
<tr>
<td title='com.focus.testcases.BatchNegativeTestingOptionsTest.checkSuspendingSalesInvoiceVATVoucher1ForSeventySixthScenario()'><b>checkSuspendingSalesInvoiceVATVoucher1ForSeventySixthScenario</b><br>Test class: com.focus.testcases.BatchNegativeTestingOptionsTest<br/>
<a href="#Output-1759450843" onClick='toggleBox("Output-1759450843", this, "Show output", "Hide output");'>Show output</a>

<a href="#Output-1759450843" onClick="toggleAllBoxes();">Show all outputs</a>
<div class='log' id="Output-1759450843">
Completed executing following method : BatchNegativeTestingOptionsTest.checkSuspendingSalesInvoiceVATVoucher1ForSeventySixthScenario<br/>
Test Method resides in com.focus.testcases.BatchNegativeTestingOptionsTest<br/>
Test Status: Pass<br/>
About to begin executing following method : BaseEngine.afterMethodExecution<br/>
</div>
</td>
<td></td>
<td>14</td>
<td>com.focus.testcases.BatchNegativeTestingOptionsTest@23e028a9</td></tr>
<tr>
<td title='com.focus.testcases.BatchNegativeTestingOptionsTest.checkSuspendingSalesInvoiceVATVoucher1ForSeventyThirdScenario()'><b>checkSuspendingSalesInvoiceVATVoucher1ForSeventyThirdScenario</b><br>Test class: com.focus.testcases.BatchNegativeTestingOptionsTest<br/>
<a href="#Output-1824013489" onClick='toggleBox("Output-1824013489", this, "Show output", "Hide output");'>Show output</a>

<a href="#Output-1824013489" onClick="toggleAllBoxes();">Show all outputs</a>
<div class='log' id="Output-1824013489">
Completed executing following method : BatchNegativeTestingOptionsTest.checkSuspendingSalesInvoiceVATVoucher1ForSeventyThirdScenario<br/>
Test Method resides in com.focus.testcases.BatchNegativeTestingOptionsTest<br/>
Test Status: Pass<br/>
About to begin executing following method : BaseEngine.afterMethodExecution<br/>
</div>
</td>
<td></td>
<td>13</td>
<td>com.focus.testcases.BatchNegativeTestingOptionsTest@23e028a9</td></tr>
<tr>
<td title='com.focus.testcases.BatchNegativeTestingOptionsTest.checkSuspendingSalesInvoiceVATVoucher1ForSixtiethScenario()'><b>checkSuspendingSalesInvoiceVATVoucher1ForSixtiethScenario</b><br>Test class: com.focus.testcases.BatchNegativeTestingOptionsTest<br/>
<a href="#Output-217936367" onClick='toggleBox("Output-217936367", this, "Show output", "Hide output");'>Show output</a>

<a href="#Output-217936367" onClick="toggleAllBoxes();">Show all outputs</a>
<div class='log' id="Output-217936367">
Completed executing following method : BatchNegativeTestingOptionsTest.checkSuspendingSalesInvoiceVATVoucher1ForSixtiethScenario<br/>
Test Method resides in com.focus.testcases.BatchNegativeTestingOptionsTest<br/>
Test Status: Pass<br/>
About to begin executing following method : BaseEngine.afterMethodExecution<br/>
</div>
</td>
<td></td>
<td>14</td>
<td>com.focus.testcases.BatchNegativeTestingOptionsTest@23e028a9</td></tr>
<tr>
<td title='com.focus.testcases.BatchNegativeTestingOptionsTest.checkSuspendingSalesVou1AfterEnablingOptions()'><b>checkSuspendingSalesVou1AfterEnablingOptions</b><br>Test class: com.focus.testcases.BatchNegativeTestingOptionsTest<br/>
<a href="#Output-1414061851" onClick='toggleBox("Output-1414061851", this, "Show output", "Hide output");'>Show output</a>

<a href="#Output-1414061851" onClick="toggleAllBoxes();">Show all outputs</a>
<div class='log' id="Output-1414061851">
Completed executing following method : BatchNegativeTestingOptionsTest.checkSuspendingSalesVou1AfterEnablingOptions<br/>
Test Method resides in com.focus.testcases.BatchNegativeTestingOptionsTest<br/>
Test Status: Pass<br/>
About to begin executing following method : BaseEngine.afterMethodExecution<br/>
</div>
</td>
<td></td>
<td>14</td>
<td>com.focus.testcases.BatchNegativeTestingOptionsTest@23e028a9</td></tr>
<tr>
<td title='com.focus.testcases.BatchNegativeTestingOptionsTest.checkSuspendingSalesVoucher1AfterAuthorisation()'><b>checkSuspendingSalesVoucher1AfterAuthorisation</b><br>Test class: com.focus.testcases.BatchNegativeTestingOptionsTest<br/>
<a href="#Output-1783634454" onClick='toggleBox("Output-1783634454", this, "Show output", "Hide output");'>Show output</a>

<a href="#Output-1783634454" onClick="toggleAllBoxes();">Show all outputs</a>
<div class='log' id="Output-1783634454">
Completed executing following method : BatchNegativeTestingOptionsTest.checkSuspendingSalesVoucher1AfterAuthorisation<br/>
Test Method resides in com.focus.testcases.BatchNegativeTestingOptionsTest<br/>
Test Status: Pass<br/>
About to begin executing following method : BaseEngine.afterMethodExecution<br/>
</div>
</td>
<td></td>
<td>9</td>
<td>com.focus.testcases.BatchNegativeTestingOptionsTest@23e028a9</td></tr>
<tr>
<td title='com.focus.testcases.BatchNegativeTestingOptionsTest.checkSuspendingVoucherInPurchaseVoucherVAT()'><b>checkSuspendingVoucherInPurchaseVoucherVAT</b><br>Test class: com.focus.testcases.BatchNegativeTestingOptionsTest<br/>
<a href="#Output-1056890800" onClick='toggleBox("Output-1056890800", this, "Show output", "Hide output");'>Show output</a>

<a href="#Output-1056890800" onClick="toggleAllBoxes();">Show all outputs</a>
<div class='log' id="Output-1056890800">
Completed executing following method : BatchNegativeTestingOptionsTest.checkSuspendingVoucherInPurchaseVoucherVAT<br/>
Test Method resides in com.focus.testcases.BatchNegativeTestingOptionsTest<br/>
Test Status: Pass<br/>
About to begin executing following method : BaseEngine.afterMethodExecution<br/>
</div>
</td>
<td></td>
<td>11</td>
<td>com.focus.testcases.BatchNegativeTestingOptionsTest@23e028a9</td></tr>
<tr>
<td title='com.focus.testcases.BatchNegativeTestingOptionsTest.checkSuspendingVoucherInSalesInvoiceVAT()'><b>checkSuspendingVoucherInSalesInvoiceVAT</b><br>Test class: com.focus.testcases.BatchNegativeTestingOptionsTest<br/>
<a href="#Output-873753821" onClick='toggleBox("Output-873753821", this, "Show output", "Hide output");'>Show output</a>

<a href="#Output-873753821" onClick="toggleAllBoxes();">Show all outputs</a>
<div class='log' id="Output-873753821">
Completed executing following method : BatchNegativeTestingOptionsTest.checkSuspendingVoucherInSalesInvoiceVAT<br/>
Test Method resides in com.focus.testcases.BatchNegativeTestingOptionsTest<br/>
Test Status: Pass<br/>
About to begin executing following method : BaseEngine.afterMethodExecution<br/>
</div>
</td>
<td></td>
<td>17</td>
<td>com.focus.testcases.BatchNegativeTestingOptionsTest@23e028a9</td></tr>
<tr>
<td title='com.focus.testcases.BatchNegativeTestingOptionsTest.checkSuspendingVoucherInSalesOrder()'><b>checkSuspendingVoucherInSalesOrder</b><br>Test class: com.focus.testcases.BatchNegativeTestingOptionsTest<br/>
<a href="#Output-1911729060" onClick='toggleBox("Output-1911729060", this, "Show output", "Hide output");'>Show output</a>

<a href="#Output-1911729060" onClick="toggleAllBoxes();">Show all outputs</a>
<div class='log' id="Output-1911729060">
Completed executing following method : BatchNegativeTestingOptionsTest.checkSuspendingVoucherInSalesOrder<br/>
Test Method resides in com.focus.testcases.BatchNegativeTestingOptionsTest<br/>
Test Status: Pass<br/>
About to begin executing following method : BaseEngine.afterMethodExecution<br/>
</div>
</td>
<td></td>
<td>13</td>
<td>com.focus.testcases.BatchNegativeTestingOptionsTest@23e028a9</td></tr>
<tr>
<td title='com.focus.testcases.BatchNegativeTestingOptionsTest.checkSuspendingVoucherInSalesOrderAndChangingBatchNameInPurchaseVouVAT()'><b>checkSuspendingVoucherInSalesOrderAndChangingBatchNameInPurchaseVouVAT</b><br>Test class: com.focus.testcases.BatchNegativeTestingOptionsTest<br/>
<a href="#Output-734648492" onClick='toggleBox("Output-734648492", this, "Show output", "Hide output");'>Show output</a>

<a href="#Output-734648492" onClick="toggleAllBoxes();">Show all outputs</a>
<div class='log' id="Output-734648492">
Completed executing following method : BatchNegativeTestingOptionsTest.checkSuspendingVoucherInSalesOrderAndChangingBatchNameInPurchaseVouVAT<br/>
Test Method resides in com.focus.testcases.BatchNegativeTestingOptionsTest<br/>
Test Status: Pass<br/>
About to begin executing following method : BaseEngine.afterMethodExecution<br/>
</div>
</td>
<td></td>
<td>42</td>
<td>com.focus.testcases.BatchNegativeTestingOptionsTest@23e028a9</td></tr>
<tr>
<td title='com.focus.testcases.BatchNegativeTestingOptionsTest.checkSuspendingVoucherInsalesOrder1()'><b>checkSuspendingVoucherInsalesOrder1</b><br>Test class: com.focus.testcases.BatchNegativeTestingOptionsTest<br/>
<a href="#Output-867549252" onClick='toggleBox("Output-867549252", this, "Show output", "Hide output");'>Show output</a>

<a href="#Output-867549252" onClick="toggleAllBoxes();">Show all outputs</a>
<div class='log' id="Output-867549252">
Completed executing following method : BatchNegativeTestingOptionsTest.checkSuspendingVoucherInsalesOrder1<br/>
Test Method resides in com.focus.testcases.BatchNegativeTestingOptionsTest<br/>
Test Status: Pass<br/>
About to begin executing following method : BaseEngine.afterMethodExecution<br/>
</div>
</td>
<td></td>
<td>12</td>
<td>com.focus.testcases.BatchNegativeTestingOptionsTest@23e028a9</td></tr>
<tr>
<td title='com.focus.testcases.LoginPageTest.checkUserNameInfoInHomePage()'><b>checkUserNameInfoInHomePage</b><br>Test class: com.focus.testcases.LoginPageTest<br/>
<a href="#Output-1686106686" onClick='toggleBox("Output-1686106686", this, "Show output", "Hide output");'>Show output</a>

<a href="#Output-1686106686" onClick="toggleAllBoxes();">Show all outputs</a>
<div class='log' id="Output-1686106686">
Completed executing following method : LoginPageTest.checkUserNameInfoInHomePage<br/>
Test Method resides in com.focus.testcases.LoginPageTest<br/>
Test Status: Pass<br/>
About to begin executing following method : BaseEngine.afterMethodExecution<br/>
</div>
</td>
<td></td>
<td>0</td>
<td>com.focus.testcases.LoginPageTest@47ef968d</td></tr>
<tr>
<td title='com.focus.testcases.BatchNegativeTestingOptionsTest.checkValidatingQuantityInEntryPageAndBatchPopupAfterSavingWithQuantityGreaterThanAvailableQuantity()'><b>checkValidatingQuantityInEntryPageAndBatchPopupAfterSavingWithQuantityGreaterThanAvailableQuantity</b><br>Test class: com.focus.testcases.BatchNegativeTestingOptionsTest<br/>
<a href="#Output-815311450" onClick='toggleBox("Output-815311450", this, "Show output", "Hide output");'>Show output</a>

<a href="#Output-815311450" onClick="toggleAllBoxes();">Show all outputs</a>
<div class='log' id="Output-815311450">
Completed executing following method : BatchNegativeTestingOptionsTest.checkValidatingQuantityInEntryPageAndBatchPopupAfterSavingWithQuantityGreaterThanAvailableQuantity<br/>
Test Method resides in com.focus.testcases.BatchNegativeTestingOptionsTest<br/>
Test Status: Pass<br/>
About to begin executing following method : BaseEngine.afterMethodExecution<br/>
</div>
</td>
<td></td>
<td>17</td>
<td>com.focus.testcases.BatchNegativeTestingOptionsTest@23e028a9</td></tr>
<tr>
<td title='com.focus.testcases.BatchNegativeTestingOptionsTest.checkValidatingQuantityInEntryPageAndBatchPopupInSalesInvoice1AfterDisablingAllowNegativeBatchQuantityOption()'><b>checkValidatingQuantityInEntryPageAndBatchPopupInSalesInvoice1AfterDisablingAllowNegativeBatchQuantityOption</b><br>Test class: com.focus.testcases.BatchNegativeTestingOptionsTest<br/>
<a href="#Output-1223616370" onClick='toggleBox("Output-1223616370", this, "Show output", "Hide output");'>Show output</a>

<a href="#Output-1223616370" onClick="toggleAllBoxes();">Show all outputs</a>
<div class='log' id="Output-1223616370">
Completed executing following method : BatchNegativeTestingOptionsTest.checkValidatingQuantityInEntryPageAndBatchPopupInSalesInvoice1AfterDisablingAllowNegativeBatchQuantityOption<br/>
Test Method resides in com.focus.testcases.BatchNegativeTestingOptionsTest<br/>
Test Status: Pass<br/>
About to begin executing following method : BaseEngine.afterMethodExecution<br/>
</div>
</td>
<td></td>
<td>15</td>
<td>com.focus.testcases.BatchNegativeTestingOptionsTest@23e028a9</td></tr>
<tr>
<td title='com.focus.testcases.BatchNegativeTestingOptionsTest.checksavingPVVATAndSavingSalesOrder()'><b>checksavingPVVATAndSavingSalesOrder</b><br>Test class: com.focus.testcases.BatchNegativeTestingOptionsTest<br/>
<a href="#Output-1070336612" onClick='toggleBox("Output-1070336612", this, "Show output", "Hide output");'>Show output</a>

<a href="#Output-1070336612" onClick="toggleAllBoxes();">Show all outputs</a>
<div class='log' id="Output-1070336612">
Completed executing following method : BatchNegativeTestingOptionsTest.checksavingPVVATAndSavingSalesOrder<br/>
Test Method resides in com.focus.testcases.BatchNegativeTestingOptionsTest<br/>
Test Status: Pass<br/>
About to begin executing following method : BaseEngine.afterMethodExecution<br/>
</div>
</td>
<td></td>
<td>148</td>
<td>com.focus.testcases.BatchNegativeTestingOptionsTest@23e028a9</td></tr>
<tr>
<td title='com.focus.testcases.URLBrowserTest.verifyBrowserOpen()'><b>verifyBrowserOpen</b><br>Test class: com.focus.testcases.URLBrowserTest<br/>
<a href="#Output-788048067" onClick='toggleBox("Output-788048067", this, "Show output", "Hide output");'>Show output</a>

<a href="#Output-788048067" onClick="toggleAllBoxes();">Show all outputs</a>
<div class='log' id="Output-788048067">
Completed executing following method : URLBrowserTest.verifyBrowserOpen<br/>
Test Method resides in com.focus.testcases.URLBrowserTest<br/>
Test Status: Pass<br/>
About to begin executing following method : BaseEngine.afterMethodExecution<br/>
</div>
</td>
<td></td>
<td>9</td>
<td>com.focus.testcases.URLBrowserTest@5bc79255</td></tr>
</table><p>
</body>
</html>