<?xml version="1.0" encoding="UTF-8"?>
<!-- Generated by org.testng.reporters.JUnitXMLReporter -->
<testsuite hostname="FOCUS-QA-133" name="Test" tests="202" failures="7" timestamp="2 Jan 2023 08:06:27 GMT" time="7407.424" errors="0">
  <testcase name="verifyBrowserOpen" time="9.929" classname="com.focus.testcases.URLBrowserTest"/>
  <testcase name="checkLoginPageTitleByURLInputInBrowser" time="5.693" classname="com.focus.testcases.URLBrowserTest"/>
  <testcase name="checkLoginPageAvailablityOfFields" time="1.182" classname="com.focus.testcases.LoginPageTest"/>
  <testcase name="checkCompanyTextDisplayInCompanyListDropdown" time="0.27" classname="com.focus.testcases.LoginPageTest"/>
  <testcase name="checkSignInBtnWithValidUserNameAndValidPassword" time="25.12" classname="com.focus.testcases.LoginPageTest"/>
  <testcase name="checkUserNameInfoInHomePage" time="0.507" classname="com.focus.testcases.LoginPageTest"/>
  <testcase name="checkEraseAllTransactionsLogoutAndLogin" time="39.737" classname="com.focus.testcases.BatchNegativeTestingOptionsTest"/>
  <testcase name="checkSavingPurchaseVoucherVATVoucher" time="93.223" classname="com.focus.testcases.BatchNegativeTestingOptionsTest"/>
  <testcase name="checkSavingSalesInvoiceVATVoucher1WithMoreThanAvailableQuantityInPurchaseVoucherWithoutEnablingAllowNegativeBatchQuantities" time="46.066" classname="com.focus.testcases.BatchNegativeTestingOptionsTest"/>
  <testcase name="checkEnablingAllowNegativeBatchQuantityOption" time="23.305" classname="com.focus.testcases.BatchNegativeTestingOptionsTest"/>
  <testcase name="checkLogoutAndLogin" time="33.784" classname="com.focus.testcases.BatchNegativeTestingOptionsTest"/>
  <testcase name="checkBatchPopupIsDisplayingWithValuesInSalesInvoiceVATVoucher1AfterEnablingAllowBatchNegativeQuantityOption" time="43.666" classname="com.focus.testcases.BatchNegativeTestingOptionsTest"/>
  <testcase name="checkSavingSalesInvoiceVATVoucher1AfterEnablingAllowBatchNegativeQuantityOption" time="17.622" classname="com.focus.testcases.BatchNegativeTestingOptionsTest"/>
  <testcase name="checkValidatingQuantityInEntryPageAndBatchPopupAfterSavingWithQuantityGreaterThanAvailableQuantity" time="17.769" classname="com.focus.testcases.BatchNegativeTestingOptionsTest"/>
  <testcase name="checkDisablingAllowNegativeBatchQuantityOption" time="8.942" classname="com.focus.testcases.BatchNegativeTestingOptionsTest"/>
  <testcase name="checkLogoutAndLoginAfterDisablingAllowNegativeBatchQuantityOption" time="24.083" classname="com.focus.testcases.BatchNegativeTestingOptionsTest"/>
  <testcase name="checkValidatingQuantityInEntryPageAndBatchPopupInSalesInvoice1AfterDisablingAllowNegativeBatchQuantityOption" time="15.752" classname="com.focus.testcases.BatchNegativeTestingOptionsTest"/>
  <testcase name="checkEraseAllTransactionsLogoutAndLoginAfterAllowNegativeBatchQuantityOption" time="32.12" classname="com.focus.testcases.BatchNegativeTestingOptionsTest"/>
  <testcase name="checkSavingPurchaseVoucherVATVoucher1With2Rows" time="52.445" classname="com.focus.testcases.BatchNegativeTestingOptionsTest"/>
  <testcase name="checkBatchPopupIsDisplayingWithValuesInSalesInvoiceVATVoucher1WithQuantity11" time="42.455" classname="com.focus.testcases.BatchNegativeTestingOptionsTest"/>
  <testcase name="checkSavingSalesInvoiceVATVoucher1WithQuantity11" time="13.182" classname="com.focus.testcases.BatchNegativeTestingOptionsTest"/>
  <testcase name="checkReSavingPurchaseVoucherVATVoucher1WithDateNextToCurrentDate" time="60.593" classname="com.focus.testcases.BatchNegativeTestingOptionsTest">
    <failure type="java.lang.AssertionError" message="expected [true] but found [false]">
      <![CDATA[java.lang.AssertionError: expected [true] but found [false]
	at com.focus.testcases.BatchNegativeTestingOptionsTest.checkReSavingPurchaseVoucherVATVoucher1WithDateNextToCurrentDate(BatchNegativeTestingOptionsTest.java:1549)
... Removed 30 stack frames]]>
    </failure>
  </testcase> <!-- checkReSavingPurchaseVoucherVATVoucher1WithDateNextToCurrentDate -->
  <testcase name="checkSuspendingSalesInvoiceVATVoucher1ForFortySixthScenario" time="14.751" classname="com.focus.testcases.BatchNegativeTestingOptionsTest"/>
  <testcase name="checkReSavingPurchaseVoucherVATVoucher1WithDateNextToCurrentDateAfterSuspendingSalesInvoice" time="21.182" classname="com.focus.testcases.BatchNegativeTestingOptionsTest">
    <failure type="java.lang.AssertionError" message="expected [true] but found [false]">
      <![CDATA[java.lang.AssertionError: expected [true] but found [false]
	at com.focus.testcases.BatchNegativeTestingOptionsTest.checkReSavingPurchaseVoucherVATVoucher1WithDateNextToCurrentDateAfterSuspendingSalesInvoice(BatchNegativeTestingOptionsTest.java:1570)
... Removed 30 stack frames]]>
    </failure>
  </testcase> <!-- checkReSavingPurchaseVoucherVATVoucher1WithDateNextToCurrentDateAfterSuspendingSalesInvoice -->
  <testcase name="checkReSavingSalesInvoiceVATVoucherAfterChangingDateNextToCurrentDateInPurchaseVoucherVAT1" time="20.998" classname="com.focus.testcases.BatchNegativeTestingOptionsTest"/>
  <testcase name="checkReSavingPurchaseVoucherVATVoucher1WithCurrentDate" time="21.335" classname="com.focus.testcases.BatchNegativeTestingOptionsTest">
    <failure type="java.lang.AssertionError" message="expected [true] but found [false]">
      <![CDATA[java.lang.AssertionError: expected [true] but found [false]
	at com.focus.testcases.BatchNegativeTestingOptionsTest.checkReSavingPurchaseVoucherVATVoucher1WithCurrentDate(BatchNegativeTestingOptionsTest.java:1594)
... Removed 30 stack frames]]>
    </failure>
  </testcase> <!-- checkReSavingPurchaseVoucherVATVoucher1WithCurrentDate -->
  <testcase name="checkReSavingSalesInvoiceVATVoucher1AfterResavingPurchaseVoucherVAT1WithCurrentDate" time="18.931" classname="com.focus.testcases.BatchNegativeTestingOptionsTest"/>
  <testcase name="checkReSavingPurchaseVoucherVATVoucher1ByChangingWarehouseFromHyderabadToSecunderabad" time="31.771" classname="com.focus.testcases.BatchNegativeTestingOptionsTest"/>
  <testcase name="checkSuspendingSalesInvoiceVATVoucher1ForFortyEightScenario" time="13.858" classname="com.focus.testcases.BatchNegativeTestingOptionsTest"/>
  <testcase name="checkReSavingPurchaseVoucherVATVoucher1ByChangingWarehouseFromHyderabadToSecunderabadAfterSuspendingSalesInvoice" time="33.561" classname="com.focus.testcases.BatchNegativeTestingOptionsTest"/>
  <testcase name="checkReSavingSalesInvoiceVATVoucherAfterChangingWarehouseToSecunderabadInPurchaseVoucherVAT1" time="17.745" classname="com.focus.testcases.BatchNegativeTestingOptionsTest"/>
  <testcase name="checkReSavingPurchaseVoucherVATVoucher1ByChangingWarehouseFromSecunderabadToHyderabad" time="33.983" classname="com.focus.testcases.BatchNegativeTestingOptionsTest"/>
  <testcase name="checkDeletingSalesInvoiceVATVoucher1AfterChangingWarehouseInPurchaseVoucher" time="15.83" classname="com.focus.testcases.BatchNegativeTestingOptionsTest"/>
  <testcase name="checkSavingSalesInvoiceVATVoucher1WithQuantity180" time="45.15" classname="com.focus.testcases.BatchNegativeTestingOptionsTest"/>
  <testcase name="checkReSavingPurchaseVoucherVATVoucher1ByChangingQuantityTo12In1stRow" time="25.127" classname="com.focus.testcases.BatchNegativeTestingOptionsTest"/>
  <testcase name="checkReSavingPurchaseVoucherVATVoucher1ByChangingQuantityTo12In2ndRow" time="21.206" classname="com.focus.testcases.BatchNegativeTestingOptionsTest"/>
  <testcase name="checkReSavingPurchaseVoucherVATVoucher1ByChangingItemToBATCHBRITEMIn1stRow" time="27.156" classname="com.focus.testcases.BatchNegativeTestingOptionsTest"/>
  <testcase name="checkReSavingPurchaseVoucherVATVoucher1ByChangingItemToBATCHBRITEMIn2ndRow" time="25.319" classname="com.focus.testcases.BatchNegativeTestingOptionsTest"/>
  <testcase name="checkReSavingPurchaseVoucherVATVoucher1ByDeleting1stRow" time="38.227" classname="com.focus.testcases.BatchNegativeTestingOptionsTest"/>
  <testcase name="checkReSavingPurchaseVoucherVATVoucher1ByDeleting2ndRow" time="40.525" classname="com.focus.testcases.BatchNegativeTestingOptionsTest"/>
  <testcase name="checkReSavingPurchaseVoucherVATVoucher1ByBatchNoIn1stRow" time="19.069" classname="com.focus.testcases.BatchNegativeTestingOptionsTest"/>
  <testcase name="checkReSavingPurchaseVoucherVATVoucher1ByBatchNoIn2ndRow" time="19.165" classname="com.focus.testcases.BatchNegativeTestingOptionsTest"/>
  <testcase name="checkEraseAllTransactionsLogoutAndLoginAfterConsolidateBatchesByBatchNoOption" time="31.893" classname="com.focus.testcases.BatchNegativeTestingOptionsTest"/>
  <testcase name="checkSavingPurchaseVoucherVATVoucher1WithExpiryDate4DaysMoreThanCurrentDate" time="41.159" classname="com.focus.testcases.BatchNegativeTestingOptionsTest"/>
  <testcase name="checkSavingSalesInvoiceVATVoucher1ByConsumingPartialQuantity" time="57.553" classname="com.focus.testcases.BatchNegativeTestingOptionsTest"/>
  <testcase name="checkReSavingPurchaseVoucherVATVoucher1ByChangingExpiryDate" time="16.485" classname="com.focus.testcases.BatchNegativeTestingOptionsTest"/>
  <testcase name="checkReSavingSalesInvoiceVATVoucher1ByConsumingFullQuantity" time="31.363" classname="com.focus.testcases.BatchNegativeTestingOptionsTest"/>
  <testcase name="checkReSavingPurchaseVoucherVATVoucher1ByChangingExpiryDateAfterConsumingFullQuantityInSalesInvoice" time="15.091" classname="com.focus.testcases.BatchNegativeTestingOptionsTest"/>
  <testcase name="checkEraseAllTransactionsLogoutAndLoginAfterExpiryDatesForBatchOption" time="31.297" classname="com.focus.testcases.BatchNegativeTestingOptionsTest"/>
  <testcase name="checkSavingPurchaseVoucherVATVoucher1ForFiftyNinthScenario" time="39.863" classname="com.focus.testcases.BatchNegativeTestingOptionsTest"/>
  <testcase name="checkBatchPopupIsDisplayingWithValuesInSalesInvoiceVATVoucher1AfterSavingPurchaseVoucher1" time="84.293" classname="com.focus.testcases.BatchNegativeTestingOptionsTest"/>
  <testcase name="checkSavingSalesInvoiceVATVoucher1ByConsumingFullQuantityAfterSavingPurchaseVoucher1" time="12.522" classname="com.focus.testcases.BatchNegativeTestingOptionsTest"/>
  <testcase name="checkSavingPurchaseReturnsVoucher1AfterConsumingFullQuantityInSalesInvoiceVoucher1" time="31.835" classname="com.focus.testcases.BatchNegativeTestingOptionsTest"/>
  <testcase name="checkSuspendingSalesInvoiceVATVoucher1ForSixtiethScenario" time="14.287" classname="com.focus.testcases.BatchNegativeTestingOptionsTest"/>
  <testcase name="checkSavingPurchaseReturnsVoucher1AfterSuspendingSalesInvoiceVoucher1" time="32.033" classname="com.focus.testcases.BatchNegativeTestingOptionsTest"/>
  <testcase name="checkReSavingSalesInvoiceVATVoucherAfterConsumingFullQuantityInPurchaseReturnsVoucher1" time="18.779" classname="com.focus.testcases.BatchNegativeTestingOptionsTest"/>
  <testcase name="checkSuspendingPurchaseReturnsVoucher1ForSixtiethOneScenario" time="14.217" classname="com.focus.testcases.BatchNegativeTestingOptionsTest"/>
  <testcase name="checkSavingPurchaseReturnsVoucher2AfterSuspendingPurchaseReturnsVoucher1" time="25.17" classname="com.focus.testcases.BatchNegativeTestingOptionsTest"/>
  <testcase name="checkReSavingPurchaseReturnsVoucher1AfterConsumingFullQuantityInPurchaseReturnsVoucher2" time="7.769" classname="com.focus.testcases.BatchNegativeTestingOptionsTest"/>
  <testcase name="checkDeletingPurchaseReturnsVoucher1And2" time="22.456" classname="com.focus.testcases.BatchNegativeTestingOptionsTest"/>
  <testcase name="checkDeletingSalesInvoiceVATVoucher1ForSavingWithConsumingPartially" time="15.739" classname="com.focus.testcases.BatchNegativeTestingOptionsTest"/>
  <testcase name="checkSavingSalesInvoiceVATVoucher1ByConsumingPartialQuantity60" time="47.367" classname="com.focus.testcases.BatchNegativeTestingOptionsTest"/>
  <testcase name="checkSavingPurchaseReturnsVoucher1AfterPartiallyConsumingQuantityInSalesInvoiceVoucher1" time="29.919" classname="com.focus.testcases.BatchNegativeTestingOptionsTest"/>
  <testcase name="checkAddingLinkFromPurchaseVoucherVATToSalesInvoiceN" time="30.762" classname="com.focus.testcases.BatchNegativeTestingOptionsTest"/>
  <testcase name="checkDeletingSalesInvoiceVATVoucher1AfterAddingSalesInvoiceNInDesignWorkFlow" time="17.475" classname="com.focus.testcases.BatchNegativeTestingOptionsTest"/>
  <testcase name="checkSavingPurchaseVoucherVATVoucher1AfterAddingLinkFromPurchasesVoucherVATToSalesInvoiceN" time="45.033" classname="com.focus.testcases.BatchNegativeTestingOptionsTest"/>
  <testcase name="checkSavingPurchaseReturnsVoucher1ByConsumingPartialQuantity" time="36.206" classname="com.focus.testcases.BatchNegativeTestingOptionsTest"/>
  <testcase name="checkSavingSalesInvoiceNVoucher1ByLoadingFromWorkflow" time="28.306" classname="com.focus.testcases.BatchNegativeTestingOptionsTest"/>
  <testcase name="checkDeletingSalesInvoiceNVoucher1ForSixtyFourthScenario" time="17.455" classname="com.focus.testcases.BatchNegativeTestingOptionsTest"/>
  <testcase name="checkSuspendingPurchaseReturnsVoucher1AfterDeletingSalesInvoiceNVoucher1" time="14.469" classname="com.focus.testcases.BatchNegativeTestingOptionsTest"/>
  <testcase name="checkSavingSalesInvoiceNVoucher1ByLoadingFromWorkflowByConsumingFullQuantity" time="24.03" classname="com.focus.testcases.BatchNegativeTestingOptionsTest"/>
  <testcase name="checkResavingPurchaseReturnsVoucher1AfterConsumingFullQuantityInSalesInvoiceN" time="18.189" classname="com.focus.testcases.BatchNegativeTestingOptionsTest"/>
  <testcase name="checkEraseAllTransactionsLogoutAndLoginForSixtyFifthScenario" time="31.071" classname="com.focus.testcases.BatchNegativeTestingOptionsTest"/>
  <testcase name="checkSavingPurchaseVoucherVATVoucher1ForSixtyFifthScenario" time="41.764" classname="com.focus.testcases.BatchNegativeTestingOptionsTest"/>
  <testcase name="checkBatchPopupValuesInDeliveryNoteVoucher1AfterSavingPurchaseVoucherVAT1" time="28.759" classname="com.focus.testcases.BatchNegativeTestingOptionsTest"/>
  <testcase name="checkSavingDeliveryNoteVoucher1AfterSavingPurchaseVoucherVAT1" time="6.156" classname="com.focus.testcases.BatchNegativeTestingOptionsTest"/>
  <testcase name="checkSuspendingDeliveryNotesVoucher1FromEntryPage" time="19.575" classname="com.focus.testcases.BatchNegativeTestingOptionsTest"/>
  <testcase name="checkSavingPurchaseReturnsVoucher1ByConsumingPartialQuantityAfterSuspendingDeliveryNotesVoucher1" time="35.158" classname="com.focus.testcases.BatchNegativeTestingOptionsTest"/>
  <testcase name="checkSavingSalesInvoiceNVoucher1ByLoadingFromWorkflowAfterSavingPurchaseReturns" time="22.826" classname="com.focus.testcases.BatchNegativeTestingOptionsTest"/>
  <testcase name="checkResavingDeliveryNotesVoucher1AfterConsumingFullQuantityInSalesInvoiceN" time="14.237" classname="com.focus.testcases.BatchNegativeTestingOptionsTest"/>
  <testcase name="checkEraseAllTransactionsLogoutAndLoginForSixtySixthScenario" time="31.426" classname="com.focus.testcases.BatchNegativeTestingOptionsTest"/>
  <testcase name="checkSavingPurchaseVoucherVATVoucher1ForSixtySixthScenario" time="41.308" classname="com.focus.testcases.BatchNegativeTestingOptionsTest"/>
  <testcase name="checkSavingPurchaseReturnsVoucher1ByConsumingFullQuantityAfterSavingPurchaseVoucher1" time="33.489" classname="com.focus.testcases.BatchNegativeTestingOptionsTest"/>
  <testcase name="checkLoadingWorkflowInSalesInvoiceNVoucher1AfterFullConsumingInPurchaseReturns" time="14.639" classname="com.focus.testcases.BatchNegativeTestingOptionsTest"/>
  <testcase name="checkSuspendingPurchaseReturnsVoucher1ForSixtySeventhScenario" time="13.425" classname="com.focus.testcases.BatchNegativeTestingOptionsTest"/>
  <testcase name="checkSavingSalesInvoiceNVoucher1ByLoadingFromWorkflowAfterSuspendingPurchaseReturns" time="23.525" classname="com.focus.testcases.BatchNegativeTestingOptionsTest"/>
  <testcase name="checkResavingPurchaseReturnsVoucher1AfterConsumingQuantityInSalesInvoiceN" time="18.453" classname="com.focus.testcases.BatchNegativeTestingOptionsTest"/>
  <testcase name="checkEnablingDoNotClubWithCommonBaseFromPurchaseVoucherVATToSalesInvoiceN" time="23.949" classname="com.focus.testcases.BatchNegativeTestingOptionsTest"/>
  <testcase name="checkEraseAllTransactionsLogoutAndLoginForSixtyEightScenario" time="31.414" classname="com.focus.testcases.BatchNegativeTestingOptionsTest"/>
  <testcase name="checkSavingPurchaseVoucherVATVoucher1AfterEnablingDoNotClubWithCommonBase" time="40.076" classname="com.focus.testcases.BatchNegativeTestingOptionsTest"/>
  <testcase name="checkSavingPurchaseReturnsVoucher1ByConsumingPartialQuantityAfterSavingPurchaseVoucherVATVoucher1" time="34.621" classname="com.focus.testcases.BatchNegativeTestingOptionsTest"/>
  <testcase name="checkSavingSalesInvoiceNVoucher1ByLoadingFromWorkflowAfterConsumingPartiallyQuantityInPurchaseReturns" time="27.041" classname="com.focus.testcases.BatchNegativeTestingOptionsTest"/>
  <testcase name="checkDeletingPurchaseReturnsVoucher1ForSixtyNinthScenario" time="15.701" classname="com.focus.testcases.BatchNegativeTestingOptionsTest"/>
  <testcase name="checkReSavingPurchaseReturnsVoucher1ByLoadingWorkFlow" time="21.351" classname="com.focus.testcases.BatchNegativeTestingOptionsTest"/>
  <testcase name="checkSavingSalesInvoiceNVoucher1ByLoadingFromWorkflowAfterConsumingFullQuantityInPurchaseReturns" time="24.959" classname="com.focus.testcases.BatchNegativeTestingOptionsTest"/>
  <testcase name="checkSuspendingPurchaseReturnsVoucher1ForSeventiethScenario" time="14.462" classname="com.focus.testcases.BatchNegativeTestingOptionsTest"/>
  <testcase name="checkSavingSalesInvoiceNVoucher1ByConvertingPendingVoucherAfterSuspendingPurchaseReturns" time="22.677" classname="com.focus.testcases.BatchNegativeTestingOptionsTest"/>
  <testcase name="checkResavingPurchaseReturnsVoucher1AfterConsumingQuantityInSalesInvoiceNWithDoNotConsolidateWithCommonBase" time="18.701" classname="com.focus.testcases.BatchNegativeTestingOptionsTest"/>
  <testcase name="checkEraseAllTransactionsLogoutAndLoginForSeventyOneScenario" time="30.824" classname="com.focus.testcases.BatchNegativeTestingOptionsTest"/>
  <testcase name="checkSavingPurchaseVoucherVATVoucher1ForSeventyOneScenario" time="39.862" classname="com.focus.testcases.BatchNegativeTestingOptionsTest"/>
  <testcase name="checkSavingSalesOrderVoucher1AfterSavingPurchaseVoucherVAT1" time="30.502" classname="com.focus.testcases.BatchNegativeTestingOptionsTest"/>
  <testcase name="checkSavingSalesOrderVoucher2AfterSavingPurchaseVoucherVAT1" time="20.627" classname="com.focus.testcases.BatchNegativeTestingOptionsTest"/>
  <testcase name="checkSavingSalesInvoiceVATVoucher1ByLoadingFromWorkflowAfterSavingSalesOrderDoc1AndDoc2" time="39.952" classname="com.focus.testcases.BatchNegativeTestingOptionsTest"/>
  <testcase name="checkSavingSalesInvoiceVATVoucher1ByLoadingFromWorkflowAndSelectingSalesOrderDoc1" time="121.877" classname="com.focus.testcases.BatchNegativeTestingOptionsTest"/>
  <testcase name="checkBatchPopupInSalesInvoiceVATVoucher2ByLoadingFromWorkflowAndSelectingSalesOrderDoc2" time="26.685" classname="com.focus.testcases.BatchNegativeTestingOptionsTest"/>
  <testcase name="checkSuspendingSalesInvoiceVATVoucher1ForSeventyThirdScenario" time="13.288" classname="com.focus.testcases.BatchNegativeTestingOptionsTest"/>
  <testcase name="checkSavingSalesInvoiceVATVoucher2ByLoadingFromWorkflowAndSelectingSalesOrderDoc2" time="32.654" classname="com.focus.testcases.BatchNegativeTestingOptionsTest"/>
  <testcase name="checkReSavingSalesInvoiceVATVoucherAfterSalesInvoiceVoucher2" time="9.942" classname="com.focus.testcases.BatchNegativeTestingOptionsTest"/>
  <testcase name="checkEraseAllTransactionsLogoutAndLoginForSeventyForthScenario" time="31.084" classname="com.focus.testcases.BatchNegativeTestingOptionsTest"/>
  <testcase name="checkSavingPurchaseVoucherVATVoucher1ForSeventyForthScenario" time="40.004" classname="com.focus.testcases.BatchNegativeTestingOptionsTest"/>
  <testcase name="checkEnablingInputBatchEvenIfStockIsNotUpdatedInSalesOrderVoucher" time="15.354" classname="com.focus.testcases.BatchNegativeTestingOptionsTest"/>
  <testcase name="checkSavingSalesOrderVoucher1AfterEnablingInputBatchEvenIfStockIsNotUpdated" time="68.609" classname="com.focus.testcases.BatchNegativeTestingOptionsTest"/>
  <testcase name="checkSavingSalesOrderVoucher2AfterEnablingInputBatchEvenIfStockIsNotUpdated" time="67.039" classname="com.focus.testcases.BatchNegativeTestingOptionsTest"/>
  <testcase name="checkSavingSalesInvoiceVATVoucher1ByLoadingFromWorkflowAfterSavingSalesOrderDoc1AndDoc2AfterEnablingInputBatchEvenIfStockIsNotUpdated" time="38.872" classname="com.focus.testcases.BatchNegativeTestingOptionsTest"/>
  <testcase name="checkSavingSalesInvoiceVATVoucher1ByLoadingFromWorkflowAndSelectingSalesOrderDoc1AfterEnablingInputBatchEvenIfStockIsNotUpdated" time="117.108" classname="com.focus.testcases.BatchNegativeTestingOptionsTest"/>
  <testcase name="checkBatchPopupInSalesInvoiceVATVoucher2ByLoadingFromWorkflowAndSelectingSalesOrderDoc2AfterEnablingInputBatchEvenIfStockIsNotUpdated" time="26.771" classname="com.focus.testcases.BatchNegativeTestingOptionsTest"/>
  <testcase name="checkSuspendingSalesInvoiceVATVoucher1ForSeventySixthScenario" time="14.33" classname="com.focus.testcases.BatchNegativeTestingOptionsTest"/>
  <testcase name="checkSavingSalesInvoiceVATVoucher1ByLoadingFromWorkflowAndSelectingSalesOrderDoc2AfterSuspendingSalesInvoiceVoucher1" time="29.448" classname="com.focus.testcases.BatchNegativeTestingOptionsTest"/>
  <testcase name="checkReSavingSalesInvoiceVATVoucher1AfterSalesInvoiceVoucher2BySelectingSalesOrderVoucher2" time="7.975" classname="com.focus.testcases.BatchNegativeTestingOptionsTest"/>
  <testcase name="checkEraseAllTransactionsLogoutAndLoginSeventySixthScenario" time="31.737" classname="com.focus.testcases.BatchNegativeTestingOptionsTest"/>
  <testcase name="checkSavingPurchaseVoucherVATWithCurrentdate" time="40.332" classname="com.focus.testcases.BatchNegativeTestingOptionsTest"/>
  <testcase name="checkAuthorisationOFSalesInvoiceDocumentWithoutEnablingInventoryOptionUnderkeepUnposted" time="35.557" classname="com.focus.testcases.BatchNegativeTestingOptionsTest"/>
  <testcase name="checkSalesInvoiceVAT1WithFutureDateAfterSavingAuthorisationOnSales" time="190.411" classname="com.focus.testcases.BatchNegativeTestingOptionsTest"/>
  <testcase name="checkSavingSalesInvoiceVAT1WithCurrentDateAfterBatchConsumed" time="88.416" classname="com.focus.testcases.BatchNegativeTestingOptionsTest"/>
  <testcase name="checkLoginToAuthoriseUserForSalesAuthorisation" time="40.277" classname="com.focus.testcases.BatchNegativeTestingOptionsTest"/>
  <testcase name="checkLoginToSuperUserAndSavingSalesInvioceVAT2AfterAuthorisation" time="109.76" classname="com.focus.testcases.BatchNegativeTestingOptionsTest"/>
  <testcase name="checkSuspendingVoucherInSalesInvoiceVAT" time="17.755" classname="com.focus.testcases.BatchNegativeTestingOptionsTest"/>
  <testcase name="checkSavingSalesVoucher2AfterSuspending1stVoucher" time="114.098" classname="com.focus.testcases.BatchNegativeTestingOptionsTest"/>
  <testcase name="checkResavingSales1stVoucherAfterBatchConsumedIn2ndVoucher" time="21.897" classname="com.focus.testcases.BatchNegativeTestingOptionsTest"/>
  <testcase name="checkDeletingPurchaseVoucherVATAfterBatchConsumedInSalesInvoiceVat" time="12.884" classname="com.focus.testcases.BatchNegativeTestingOptionsTest"/>
  <testcase name="checkSuspendingVoucherInPurchaseVoucherVAT" time="11.455" classname="com.focus.testcases.BatchNegativeTestingOptionsTest"/>
  <testcase name="checkChangingQuantityInPurchaseVoucherAfterBatchConsumed" time="26.764" classname="com.focus.testcases.BatchNegativeTestingOptionsTest"/>
  <testcase name="checkDeletingVoucherInSalesInvoiceVATWhenStatusInPending" time="11.912" classname="com.focus.testcases.BatchNegativeTestingOptionsTest"/>
  <testcase name="checkEnablingInventoryoptionUnderkeepUnpostedInTransdactionAuthorisationOfSalesType" time="29.329" classname="com.focus.testcases.BatchNegativeTestingOptionsTest"/>
  <testcase name="checkSavingVoucherinSalesInvoiceVATAfterEnablingInventoryOption" time="111.34" classname="com.focus.testcases.BatchNegativeTestingOptionsTest"/>
  <testcase name="checkSavingSalesINvoiceVAT2AfterFullBatchConsumedIn1stVoucher" time="116.061" classname="com.focus.testcases.BatchNegativeTestingOptionsTest"/>
  <testcase name="checkLoginToUserAllOptionsToAuthoriseSalesVouchers1" time="43.716" classname="com.focus.testcases.BatchNegativeTestingOptionsTest"/>
  <testcase name="chechAuthoriseVoucher2AfterAuthorisation1stVoucher" time="14.651" classname="com.focus.testcases.BatchNegativeTestingOptionsTest"/>
  <testcase name="checkLogintoSuperUseAndSavingSalesInvoice2After1stVoucherAuthorised" time="111.428" classname="com.focus.testcases.BatchNegativeTestingOptionsTest"/>
  <testcase name="checkDeletingVoucherInSalesInvoiceWithAuthorisationStatusPending" time="9.986" classname="com.focus.testcases.BatchNegativeTestingOptionsTest"/>
  <testcase name="checkSuspendingSalesVoucher1AfterAuthorisation" time="9.715" classname="com.focus.testcases.BatchNegativeTestingOptionsTest"/>
  <testcase name="checkSavingVoucherInSalesInvoice2AfterSusoendingVocher1" time="116.835" classname="com.focus.testcases.BatchNegativeTestingOptionsTest"/>
  <testcase name="checkResavingSalesInvoice1VoucherAfterBatchConsumedinVoucher2" time="20.819" classname="com.focus.testcases.BatchNegativeTestingOptionsTest"/>
  <testcase name="checkDeletingPurchasVatVoucherAfterBatchConsumedinSalesInvoice" time="14.884" classname="com.focus.testcases.BatchNegativeTestingOptionsTest"/>
  <testcase name="checkSuspendingPurchasVatVoucherAfterBatchConsumedinSalesInvoice" time="14.248" classname="com.focus.testcases.BatchNegativeTestingOptionsTest"/>
  <testcase name="checkChangingQunatityInPurchaseVoucherAfterConsumed" time="29.224" classname="com.focus.testcases.BatchNegativeTestingOptionsTest"/>
  <testcase name="checkEraseAllDATA" time="4.725" classname="com.focus.testcases.BatchNegativeTestingOptionsTest"/>
  <testcase name="checkSavingPurchaseVoucherVATForReservation" time="43.112" classname="com.focus.testcases.BatchNegativeTestingOptionsTest"/>
  <testcase name="checkSalesOrderInReservationTypeIsManualAndinputBatchEvenIfStockNoyUpdatedChkbox" time="24.649" classname="com.focus.testcases.BatchNegativeTestingOptionsTest"/>
  <testcase name="checkSavingSalesOrderVoucher1" time="41.413" classname="com.focus.testcases.BatchNegativeTestingOptionsTest"/>
  <testcase name="checkResavingSalesOrderWithGraeterQtyThanInward" time="31.621" classname="com.focus.testcases.BatchNegativeTestingOptionsTest"/>
  <testcase name="checkDeletingVoucherInsalesOrder" time="16.942" classname="com.focus.testcases.BatchNegativeTestingOptionsTest"/>
  <testcase name="checkSavingSalesOrderWithFullConsumptionInward" time="47.021" classname="com.focus.testcases.BatchNegativeTestingOptionsTest"/>
  <testcase name="checkReservedPopAfterBatchFullConsumedinSalesOrder" time="30.924" classname="com.focus.testcases.BatchNegativeTestingOptionsTest"/>
  <testcase name="checkSuspendingVoucherInsalesOrder1" time="12.025" classname="com.focus.testcases.BatchNegativeTestingOptionsTest"/>
  <testcase name="checkSavingSalesOrder2AfterSuspendingVoucher1" time="43.632" classname="com.focus.testcases.BatchNegativeTestingOptionsTest"/>
  <testcase name="checkResavingSalesOrder1AfterSavingVoucher2WithFullBatchConsumption" time="12.971" classname="com.focus.testcases.BatchNegativeTestingOptionsTest"/>
  <testcase name="checkLinksInSalesInvoiceAfterSavingSalesOrder" time="16.916" classname="com.focus.testcases.BatchNegativeTestingOptionsTest"/>
  <testcase name="checkSavingPurchaseVoucherVAT" time="49.38" classname="com.focus.testcases.BatchNegativeTestingOptionsTest"/>
  <testcase name="checkEnableInputBatchEvenStockIsNotUpdatedOptionInSalesOrder" time="21.436" classname="com.focus.testcases.BatchNegativeTestingOptionsTest"/>
  <testcase name="checkSavingSalesOrderVoucherAfterEnableInputBatchEvenIfStockNotUpdatedChkbox" time="58.221" classname="com.focus.testcases.BatchNegativeTestingOptionsTest"/>
  <testcase name="checkSavingSalesOrdervoucher2AfterConsumedBatchInVoucher1" time="42.126" classname="com.focus.testcases.BatchNegativeTestingOptionsTest"/>
  <testcase name="checkSuspendingSalesVou1AfterEnablingOptions" time="14.15" classname="com.focus.testcases.BatchNegativeTestingOptionsTest"/>
  <testcase name="checkSavingSalesVou2AfterSuspendingVou1" time="57.826" classname="com.focus.testcases.BatchNegativeTestingOptionsTest"/>
  <testcase name="checkResavingSalesOrderVou1AfterVou2Saved" time="17.347" classname="com.focus.testcases.BatchNegativeTestingOptionsTest"/>
  <testcase name="checkSavingSalesInvoiceVoucherWithLinks" time="131.244" classname="com.focus.testcases.BatchNegativeTestingOptionsTest">
    <failure type="org.openqa.selenium.UnhandledAlertException" message="unexpected alert open: {Alert text : You are trying to issues batch quantity which is not reserved against this link. 

 Are you sure you want to continue?}
  (Session info: chrome=108.0.5359.125): You are trying to issues batch quantity which is not reserved against this link. 

 Are you sure you want to continue?
Build info: version: &amp;apos;3.12.0&amp;apos;, revision: &amp;apos;7c6e0b3&amp;apos;, time: &amp;apos;2018-05-08T14:04:26.12Z&amp;apos;
System info: host: &amp;apos;FOCUS-QA-133&amp;apos;, ip: &amp;apos;192.168.4.108&amp;apos;, os.name: &amp;apos;Windows 10&amp;apos;, os.arch: &amp;apos;amd64&amp;apos;, os.version: &amp;apos;10.0&amp;apos;, java.version: &amp;apos;1.8.0_111&amp;apos;
Driver info: org.openqa.selenium.chrome.ChromeDriver
Capabilities {acceptInsecureCerts: false, browserName: chrome, browserVersion: 108.0.5359.125, chrome: {chromedriverVersion: 108.0.5359.71 (1e0e3868ee06..., userDataDir: C:\Users\Sanjeev\AppData\Lo...}, goog:chromeOptions: {debuggerAddress: localhost:52065}, javascriptEnabled: true, networkConnectionEnabled: false, pageLoadStrategy: normal, platform: WINDOWS, platformName: WINDOWS, proxy: Proxy(), setWindowRect: true, strictFileInteractability: false, timeouts: {implicit: 0, pageLoad: 300000, script: 30000}, unhandledPromptBehavior: dismiss and notify, webauthn:extension:credBlob: true, webauthn:extension:largeBlob: true, webauthn:virtualAuthenticators: true}
Session ID: 420938ad11b9dfc00575674499c66038
*** Element info: {Using=xpath, value=//*[@id=&amp;apos;id_transaction_entry_detail_table_body&amp;apos;]/tr[1]/td[20]}">
      <![CDATA[org.openqa.selenium.UnhandledAlertException: unexpected alert open: {Alert text : You are trying to issues batch quantity which is not reserved against this link. 

 Are you sure you want to continue?}
  (Session info: chrome=108.0.5359.125): You are trying to issues batch quantity which is not reserved against this link. 

 Are you sure you want to continue?
Build info: version: '3.12.0', revision: '7c6e0b3', time: '2018-05-08T14:04:26.12Z'
System info: host: 'FOCUS-QA-133', ip: '192.168.4.108', os.name: 'Windows 10', os.arch: 'amd64', os.version: '10.0', java.version: '1.8.0_111'
Driver info: org.openqa.selenium.chrome.ChromeDriver
Capabilities {acceptInsecureCerts: false, browserName: chrome, browserVersion: 108.0.5359.125, chrome: {chromedriverVersion: 108.0.5359.71 (1e0e3868ee06..., userDataDir: C:\Users\Sanjeev\AppData\Lo...}, goog:chromeOptions: {debuggerAddress: localhost:52065}, javascriptEnabled: true, networkConnectionEnabled: false, pageLoadStrategy: normal, platform: WINDOWS, platformName: WINDOWS, proxy: Proxy(), setWindowRect: true, strictFileInteractability: false, timeouts: {implicit: 0, pageLoad: 300000, script: 30000}, unhandledPromptBehavior: dismiss and notify, webauthn:extension:credBlob: true, webauthn:extension:largeBlob: true, webauthn:virtualAuthenticators: true}
Session ID: 420938ad11b9dfc00575674499c66038
*** Element info: {Using=xpath, value=//*[@id='id_transaction_entry_detail_table_body']/tr[1]/td[20]}
	at org.openqa.selenium.remote.http.W3CHttpResponseCodec.decode(W3CHttpResponseCodec.java:120)
	at org.openqa.selenium.remote.http.W3CHttpResponseCodec.decode(W3CHttpResponseCodec.java:49)
	at org.openqa.selenium.remote.HttpCommandExecutor.execute(HttpCommandExecutor.java:158)
	at org.openqa.selenium.remote.service.DriverCommandExecutor.execute(DriverCommandExecutor.java:83)
	at org.openqa.selenium.remote.RemoteWebDriver.execute(RemoteWebDriver.java:543)
	at org.openqa.selenium.remote.RemoteWebDriver.findElement(RemoteWebDriver.java:317)
	at org.openqa.selenium.remote.RemoteWebDriver.findElementByXPath(RemoteWebDriver.java:419)
	at org.openqa.selenium.By$ByXPath.findElement(By.java:353)
	at org.openqa.selenium.remote.RemoteWebDriver.findElement(RemoteWebDriver.java:309)
	at org.openqa.selenium.support.pagefactory.DefaultElementLocator.findElement(DefaultElementLocator.java:69)
	at org.openqa.selenium.support.pagefactory.internal.LocatingElementHandler.invoke(LocatingElementHandler.java:38)
	at com.sun.proxy.$Proxy12.isDisplayed(Unknown Source)
	at org.openqa.selenium.support.ui.ExpectedConditions.elementIfVisible(ExpectedConditions.java:315)
	at org.openqa.selenium.support.ui.ExpectedConditions.access$100(ExpectedConditions.java:44)
	at org.openqa.selenium.support.ui.ExpectedConditions$10.apply(ExpectedConditions.java:301)
	at org.openqa.selenium.support.ui.ExpectedConditions$10.apply(ExpectedConditions.java:298)
	at org.openqa.selenium.support.ui.ExpectedConditions$23.apply(ExpectedConditions.java:686)
	at org.openqa.selenium.support.ui.ExpectedConditions$23.apply(ExpectedConditions.java:682)
	at org.openqa.selenium.support.ui.FluentWait.until(FluentWait.java:248)
	at com.focus.Pages.BatchNegativeTestingOptionsPage.checkSavingSalesInvoiceVoucherWithLinks(BatchNegativeTestingOptionsPage.java:41739)
	at com.focus.testcases.BatchNegativeTestingOptionsTest.checkSavingSalesInvoiceVoucherWithLinks(BatchNegativeTestingOptionsTest.java:2851)
... Removed 24 stack frames]]>
    </failure>
  </testcase> <!-- checkSavingSalesInvoiceVoucherWithLinks -->
  <testcase name="checkSavingPurchaseVoucherVATWithQty20" time="53.489" classname="com.focus.testcases.BatchNegativeTestingOptionsTest"/>
  <testcase name="checkSavingSalesOrderWithConsumingHalfQtyFromPurVouVat" time="53.496" classname="com.focus.testcases.BatchNegativeTestingOptionsTest"/>
  <testcase name="checkChangingQtyInPurVouVATAfterSavingSalesOrder" time="29.058" classname="com.focus.testcases.BatchNegativeTestingOptionsTest"/>
  <testcase name="checkSuspendingVoucherInSalesOrder" time="13.949" classname="com.focus.testcases.BatchNegativeTestingOptionsTest"/>
  <testcase name="checkChangingQtyinPurVoucherAfterSalesOrderVouSuspended" time="29.776" classname="com.focus.testcases.BatchNegativeTestingOptionsTest"/>
  <testcase name="checkReSavingSalesOrder" time="18.308" classname="com.focus.testcases.BatchNegativeTestingOptionsTest"/>
  <testcase name="checkSavingPurchaseVoucherVATWithChangingItemAfterBatchConsumed" time="38.542" classname="com.focus.testcases.BatchNegativeTestingOptionsTest"/>
  <testcase name="checkChangingBatchInPurchaseVoucherVATAfterAfterBatchConsumed" time="30.958" classname="com.focus.testcases.BatchNegativeTestingOptionsTest"/>
  <testcase name="checkSuspendingVoucherInSalesOrderAndChangingBatchNameInPurchaseVouVAT" time="42.626" classname="com.focus.testcases.BatchNegativeTestingOptionsTest"/>
  <testcase name="checkSavingPVWithChangingWareHouseAfterVoucherConsumed" time="30.943" classname="com.focus.testcases.BatchNegativeTestingOptionsTest"/>
  <testcase name="checkDefineAuthorizationWithoutKeepunpostingOptionOnInventoryDocumentInSalesOrder" time="28.766" classname="com.focus.testcases.BatchNegativeTestingOptionsTest"/>
  <testcase name="checkSavingSalOrdVou1AfterAuthorisation" time="140.701" classname="com.focus.testcases.BatchNegativeTestingOptionsTest"/>
  <testcase name="checkSavingVoucherInsalesOrderafterBatchConsumed" time="40.455" classname="com.focus.testcases.BatchNegativeTestingOptionsTest"/>
  <testcase name="checkSavingSalesInvoiceWithLoadingLinks" time="76.258" classname="com.focus.testcases.BatchNegativeTestingOptionsTest"/>
  <testcase name="checkEditingQtyInPVVATAfterSavingSalesInvoiceVAT" time="25.52" classname="com.focus.testcases.BatchNegativeTestingOptionsTest"/>
  <testcase name="checkChangingItemInPvVAT" time="38.488" classname="com.focus.testcases.BatchNegativeTestingOptionsTest"/>
  <testcase name="checkChangingBatchNameInPVVATAfterBatchConsumed" time="33.335" classname="com.focus.testcases.BatchNegativeTestingOptionsTest"/>
  <testcase name="checkChangingWarehouseInPVVATAfterAfterBatchConsumed" time="33.049" classname="com.focus.testcases.BatchNegativeTestingOptionsTest"/>
  <testcase name="checkDeletingVoucherInSIAndSuspendingVoucherInSO" time="20.178" classname="com.focus.testcases.BatchNegativeTestingOptionsTest"/>
  <testcase name="checkSavingVoucherInSO2AfterSuspendingVoucherSO1" time="80.748" classname="com.focus.testcases.BatchNegativeTestingOptionsTest"/>
  <testcase name="checkResavingSalesOrd1AfterSavingSalesOrd2" time="18.617" classname="com.focus.testcases.BatchNegativeTestingOptionsTest"/>
  <testcase name="checkSavingSIWithLoadingLinks" time="45.771" classname="com.focus.testcases.BatchNegativeTestingOptionsTest">
    <failure type="org.openqa.selenium.UnhandledAlertException" message="unexpected alert open: {Alert text : You are trying to issues batch quantity which is not reserved against this link. 

 Are you sure you want to continue?}
  (Session info: chrome=108.0.5359.125): You are trying to issues batch quantity which is not reserved against this link. 

 Are you sure you want to continue?
Build info: version: &amp;apos;3.12.0&amp;apos;, revision: &amp;apos;7c6e0b3&amp;apos;, time: &amp;apos;2018-05-08T14:04:26.12Z&amp;apos;
System info: host: &amp;apos;FOCUS-QA-133&amp;apos;, ip: &amp;apos;192.168.4.108&amp;apos;, os.name: &amp;apos;Windows 10&amp;apos;, os.arch: &amp;apos;amd64&amp;apos;, os.version: &amp;apos;10.0&amp;apos;, java.version: &amp;apos;1.8.0_111&amp;apos;
Driver info: org.openqa.selenium.chrome.ChromeDriver
Capabilities {acceptInsecureCerts: false, browserName: chrome, browserVersion: 108.0.5359.125, chrome: {chromedriverVersion: 108.0.5359.71 (1e0e3868ee06..., userDataDir: C:\Users\Sanjeev\AppData\Lo...}, goog:chromeOptions: {debuggerAddress: localhost:52065}, javascriptEnabled: true, networkConnectionEnabled: false, pageLoadStrategy: normal, platform: WINDOWS, platformName: WINDOWS, proxy: Proxy(), setWindowRect: true, strictFileInteractability: false, timeouts: {implicit: 0, pageLoad: 300000, script: 30000}, unhandledPromptBehavior: dismiss and notify, webauthn:extension:credBlob: true, webauthn:extension:largeBlob: true, webauthn:virtualAuthenticators: true}
Session ID: 420938ad11b9dfc00575674499c66038
*** Element info: {Using=xpath, value=//*[@id=&amp;apos;id_transaction_entry_detail_table_body&amp;apos;]/tr[1]/td[20]}">
      <![CDATA[org.openqa.selenium.UnhandledAlertException: unexpected alert open: {Alert text : You are trying to issues batch quantity which is not reserved against this link. 

 Are you sure you want to continue?}
  (Session info: chrome=108.0.5359.125): You are trying to issues batch quantity which is not reserved against this link. 

 Are you sure you want to continue?
Build info: version: '3.12.0', revision: '7c6e0b3', time: '2018-05-08T14:04:26.12Z'
System info: host: 'FOCUS-QA-133', ip: '192.168.4.108', os.name: 'Windows 10', os.arch: 'amd64', os.version: '10.0', java.version: '1.8.0_111'
Driver info: org.openqa.selenium.chrome.ChromeDriver
Capabilities {acceptInsecureCerts: false, browserName: chrome, browserVersion: 108.0.5359.125, chrome: {chromedriverVersion: 108.0.5359.71 (1e0e3868ee06..., userDataDir: C:\Users\Sanjeev\AppData\Lo...}, goog:chromeOptions: {debuggerAddress: localhost:52065}, javascriptEnabled: true, networkConnectionEnabled: false, pageLoadStrategy: normal, platform: WINDOWS, platformName: WINDOWS, proxy: Proxy(), setWindowRect: true, strictFileInteractability: false, timeouts: {implicit: 0, pageLoad: 300000, script: 30000}, unhandledPromptBehavior: dismiss and notify, webauthn:extension:credBlob: true, webauthn:extension:largeBlob: true, webauthn:virtualAuthenticators: true}
Session ID: 420938ad11b9dfc00575674499c66038
*** Element info: {Using=xpath, value=//*[@id='id_transaction_entry_detail_table_body']/tr[1]/td[20]}
	at org.openqa.selenium.remote.http.W3CHttpResponseCodec.decode(W3CHttpResponseCodec.java:120)
	at org.openqa.selenium.remote.http.W3CHttpResponseCodec.decode(W3CHttpResponseCodec.java:49)
	at org.openqa.selenium.remote.HttpCommandExecutor.execute(HttpCommandExecutor.java:158)
	at org.openqa.selenium.remote.service.DriverCommandExecutor.execute(DriverCommandExecutor.java:83)
	at org.openqa.selenium.remote.RemoteWebDriver.execute(RemoteWebDriver.java:543)
	at org.openqa.selenium.remote.RemoteWebDriver.findElement(RemoteWebDriver.java:317)
	at org.openqa.selenium.remote.RemoteWebDriver.findElementByXPath(RemoteWebDriver.java:419)
	at org.openqa.selenium.By$ByXPath.findElement(By.java:353)
	at org.openqa.selenium.remote.RemoteWebDriver.findElement(RemoteWebDriver.java:309)
	at org.openqa.selenium.support.pagefactory.DefaultElementLocator.findElement(DefaultElementLocator.java:69)
	at org.openqa.selenium.support.pagefactory.internal.LocatingElementHandler.invoke(LocatingElementHandler.java:38)
	at com.sun.proxy.$Proxy12.isDisplayed(Unknown Source)
	at org.openqa.selenium.support.ui.ExpectedConditions.elementIfVisible(ExpectedConditions.java:315)
	at org.openqa.selenium.support.ui.ExpectedConditions.access$100(ExpectedConditions.java:44)
	at org.openqa.selenium.support.ui.ExpectedConditions$10.apply(ExpectedConditions.java:301)
	at org.openqa.selenium.support.ui.ExpectedConditions$10.apply(ExpectedConditions.java:298)
	at org.openqa.selenium.support.ui.ExpectedConditions$23.apply(ExpectedConditions.java:686)
	at org.openqa.selenium.support.ui.ExpectedConditions$23.apply(ExpectedConditions.java:682)
	at org.openqa.selenium.support.ui.FluentWait.until(FluentWait.java:248)
	at com.focus.Pages.BatchNegativeTestingOptionsPage.checkSavingSIWithLoadingLinks(BatchNegativeTestingOptionsPage.java:44166)
	at com.focus.testcases.BatchNegativeTestingOptionsTest.checkSavingSIWithLoadingLinks(BatchNegativeTestingOptionsTest.java:3009)
... Removed 24 stack frames]]>
    </failure>
  </testcase> <!-- checkSavingSIWithLoadingLinks -->
  <testcase name="checkDefineAuthorizationOnSalesOrderDocumentWithKeepUnpostingReservationsOption" time="38.514" classname="com.focus.testcases.BatchNegativeTestingOptionsTest"/>
  <testcase name="checkSavingPVVATAndSOVoucherAfterAuthorisation" time="66.631" classname="com.focus.testcases.BatchNegativeTestingOptionsTest"/>
  <testcase name="checkSavingSO1AfterChangingInAuthorisation" time="66.674" classname="com.focus.testcases.BatchNegativeTestingOptionsTest"/>
  <testcase name="checkSavingSO2AfterChangingInAuthorisation" time="66.361" classname="com.focus.testcases.BatchNegativeTestingOptionsTest"/>
  <testcase name="checkSavingSalesInvoiceVATWihLoadingLinks" time="11.221" classname="com.focus.testcases.BatchNegativeTestingOptionsTest"/>
  <testcase name="checksavingPVVATAndSavingSalesOrder" time="148.459" classname="com.focus.testcases.BatchNegativeTestingOptionsTest"/>
  <testcase name="checkSavingSalesOrderVopucher2" time="66.747" classname="com.focus.testcases.BatchNegativeTestingOptionsTest"/>
  <testcase name="checkLoginToUserForAuthorisationINSalesOrder" time="53.653" classname="com.focus.testcases.BatchNegativeTestingOptionsTest"/>
  <testcase name="checkAuthorisedVoucherInSalesOrder" time="36.14" classname="com.focus.testcases.BatchNegativeTestingOptionsTest">
    <failure type="java.lang.AssertionError" message="expected [true] but found [false]">
      <![CDATA[java.lang.AssertionError: expected [true] but found [false]
	at com.focus.testcases.BatchNegativeTestingOptionsTest.checkAuthorisedVoucherInSalesOrder(BatchNegativeTestingOptionsTest.java:3076)
... Removed 30 stack frames]]>
    </failure>
  </testcase> <!-- checkAuthorisedVoucherInSalesOrder -->
  <testcase name="checksavingsalesInvoiceVATAfterTwoVouchersAuthorised" time="14.634" classname="com.focus.testcases.BatchNegativeTestingOptionsTest">
    <failure type="java.lang.AssertionError" message="expected [true] but found [false]">
      <![CDATA[java.lang.AssertionError: expected [true] but found [false]
	at com.focus.testcases.BatchNegativeTestingOptionsTest.checksavingsalesInvoiceVATAfterTwoVouchersAuthorised(BatchNegativeTestingOptionsTest.java:3083)
... Removed 30 stack frames]]>
    </failure>
  </testcase> <!-- checksavingsalesInvoiceVATAfterTwoVouchersAuthorised -->
  <testcase name="checkSavingPVVatAndSO" time="142.518" classname="com.focus.testcases.BatchNegativeTestingOptionsTest"/>
  <testcase name="checkLoginToUserallOptionsForAuthoriseSalesOrder" time="47.019" classname="com.focus.testcases.BatchNegativeTestingOptionsTest"/>
  <testcase name="checkSavingVou2AfterAuthorisationInsalesOrder" time="64.833" classname="com.focus.testcases.BatchNegativeTestingOptionsTest"/>
  <testcase name="checkChangingItemAndBatchAndWareHouseInConsumedPVVAT" time="106.833" classname="com.focus.testcases.BatchNegativeTestingOptionsTest"/>
</testsuite> <!-- Test -->
