<!DOCTYPE html PUBLIC "-//W3C//DTD XHTML 1.1//EN" "http://www.w3.org/TR/xhtml11/DTD/xhtml11.dtd">
<html xmlns="http://www.w3.org/1999/xhtml"><head><title>TestNG Report</title><style type="text/css">table {margin-bottom:10px;border-collapse:collapse;empty-cells:show}th,td {border:1px solid #009;padding:.25em .5em}th {vertical-align:bottom}td {vertical-align:top}table a {font-weight:bold}.stripe td {background-color: #E6EBF9}.num {text-align:right}.passedodd td {background-color: #3F3}.passedeven td {background-color: #0A0}.skippedodd td {background-color: #DDD}.skippedeven td {background-color: #CCC}.failedodd td,.attn {background-color: #F33}.failedeven td,.stripe .attn {background-color: #D00}.stacktrace {white-space:pre;font-family:monospace}.totop {font-size:85%;text-align:center;border-bottom:2px solid #000}</style></head><body><table><tr><th>Test</th><th># Passed</th><th># Skipped</th><th># Failed</th><th>Time (ms)</th><th>Included Groups</th><th>Excluded Groups</th></tr><tr><th colspan="7">Suite</th></tr><tr><td><a href="#t0">Test</a></td><td class="num">195</td><td class="num">0</td><td class="num attn">7</td><td class="num">7,407,424</td><td></td><td></td></tr></table><table><thead><tr><th>Class</th><th>Method</th><th>Start</th><th>Time (ms)</th></tr></thead><tbody><tr><th colspan="4">Suite</th></tr></tbody><tbody id="t0"><tr><th colspan="4">Test &#8212; failed</th></tr><tr class="failedeven"><td rowspan="7">com.focus.testcases.BatchNegativeTestingOptionsTest</td><td><a href="#m0">checkAuthorisedVoucherInSalesOrder</a></td><td rowspan="1">1672646374925</td><td rowspan="1">36140</td></tr><tr class="failedeven"><td><a href="#m1">checkReSavingPurchaseVoucherVATVoucher1WithCurrentDate</a></td><td rowspan="1">1672640045159</td><td rowspan="1">21335</td></tr><tr class="failedeven"><td><a href="#m2">checkReSavingPurchaseVoucherVATVoucher1WithDateNextToCurrentDate</a></td><td rowspan="1">1672639927283</td><td rowspan="1">60593</td></tr><tr class="failedeven"><td><a href="#m3">checkReSavingPurchaseVoucherVATVoucher1WithDateNextToCurrentDateAfterSuspendingSalesInvoice</a></td><td rowspan="1">1672640002853</td><td rowspan="1">21182</td></tr><tr class="failedeven"><td><a href="#m4">checkSavingSIWithLoadingLinks</a></td><td rowspan="1">1672645810682</td><td rowspan="1">45771</td></tr><tr class="failedeven"><td><a href="#m5">checkSavingSalesInvoiceVoucherWithLinks</a></td><td rowspan="1">1672644801993</td><td rowspan="1">131244</td></tr><tr class="failedeven"><td><a href="#m6">checksavingsalesInvoiceVATAfterTwoVouchersAuthorised</a></td><td rowspan="1">1672646411174</td><td rowspan="1">14634</td></tr><tr><th colspan="4">Test &#8212; passed</th></tr><tr class="passedeven"><td rowspan="189">com.focus.testcases.BatchNegativeTestingOptionsTest</td><td><a href="#m7">chechAuthoriseVoucher2AfterAuthorisation1stVoucher</a></td><td rowspan="1">1672643873720</td><td rowspan="1">14651</td></tr><tr class="passedeven"><td><a href="#m8">checkAddingLinkFromPurchaseVoucherVATToSalesInvoiceN</a></td><td rowspan="1">1672641114403</td><td rowspan="1">30762</td></tr><tr class="passedeven"><td><a href="#m9">checkAuthorisationOFSalesInvoiceDocumentWithoutEnablingInventoryOptionUnderkeepUnposted</a></td><td rowspan="1">1672642892065</td><td rowspan="1">35557</td></tr><tr class="passedeven"><td><a href="#m10">checkBatchPopupInSalesInvoiceVATVoucher2ByLoadingFromWorkflowAndSelectingSalesOrderDoc2</a></td><td rowspan="1">1672642280807</td><td rowspan="1">26685</td></tr><tr class="passedeven"><td><a href="#m11">checkBatchPopupInSalesInvoiceVATVoucher2ByLoadingFromWorkflowAndSelectingSalesOrderDoc2AfterEnablingInputBatchEvenIfStockIsNotUpdated</a></td><td rowspan="1">1672642741464</td><td rowspan="1">26771</td></tr><tr class="passedeven"><td><a href="#m12">checkBatchPopupIsDisplayingWithValuesInSalesInvoiceVATVoucher1AfterEnablingAllowBatchNegativeQuantityOption</a></td><td rowspan="1">1672639659225</td><td rowspan="1">43666</td></tr><tr class="passedeven"><td><a href="#m13">checkBatchPopupIsDisplayingWithValuesInSalesInvoiceVATVoucher1AfterSavingPurchaseVoucher1</a></td><td rowspan="1">1672640757992</td><td rowspan="1">84293</td></tr><tr class="passedeven"><td><a href="#m14">checkBatchPopupIsDisplayingWithValuesInSalesInvoiceVATVoucher1WithQuantity11</a></td><td rowspan="1">1672639871644</td><td rowspan="1">42455</td></tr><tr class="passedeven"><td><a href="#m15">checkBatchPopupValuesInDeliveryNoteVoucher1AfterSavingPurchaseVoucherVAT1</a></td><td rowspan="1">1672641419179</td><td rowspan="1">28759</td></tr><tr class="passedeven"><td><a href="#m16">checkChangingBatchInPurchaseVoucherVATAfterAfterBatchConsumed</a></td><td rowspan="1">1672645170023</td><td rowspan="1">30958</td></tr><tr class="passedeven"><td><a href="#m17">checkChangingBatchNameInPVVATAfterBatchConsumed</a></td><td rowspan="1">1672645624749</td><td rowspan="1">33335</td></tr><tr class="passedeven"><td><a href="#m18">checkChangingItemAndBatchAndWareHouseInConsumedPVVAT</a></td><td rowspan="1">1672646680297</td><td rowspan="1">106833</td></tr><tr class="passedeven"><td><a href="#m19">checkChangingItemInPvVAT</a></td><td rowspan="1">1672645586260</td><td rowspan="1">38488</td></tr><tr class="passedeven"><td><a href="#m20">checkChangingQtyInPurVouVATAfterSavingSalesOrder</a></td><td rowspan="1">1672645040382</td><td rowspan="1">29058</td></tr><tr class="passedeven"><td><a href="#m21">checkChangingQtyinPurVoucherAfterSalesOrderVouSuspended</a></td><td rowspan="1">1672645083393</td><td rowspan="1">29776</td></tr><tr class="passedeven"><td><a href="#m22">checkChangingQuantityInPurchaseVoucherAfterBatchConsumed</a></td><td rowspan="1">1672643534590</td><td rowspan="1">26764</td></tr><tr class="passedeven"><td><a href="#m23">checkChangingQunatityInPurchaseVoucherAfterConsumed</a></td><td rowspan="1">1672644186300</td><td rowspan="1">29224</td></tr><tr class="passedeven"><td><a href="#m24">checkChangingWarehouseInPVVATAfterAfterBatchConsumed</a></td><td rowspan="1">1672645658085</td><td rowspan="1">33049</td></tr><tr class="passedeven"><td><a href="#m25">checkDefineAuthorizationOnSalesOrderDocumentWithKeepUnpostingReservationsOption</a></td><td rowspan="1">1672645856654</td><td rowspan="1">38514</td></tr><tr class="passedeven"><td><a href="#m26">checkDefineAuthorizationWithoutKeepunpostingOptionOnInventoryDocumentInSalesOrder</a></td><td rowspan="1">1672645274554</td><td rowspan="1">28766</td></tr><tr class="passedeven"><td><a href="#m27">checkDeletingPurchasVatVoucherAfterBatchConsumedinSalesInvoice</a></td><td rowspan="1">1672644157164</td><td rowspan="1">14884</td></tr><tr class="passedeven"><td><a href="#m28">checkDeletingPurchaseReturnsVoucher1And2</a></td><td rowspan="1">1672640998914</td><td rowspan="1">22456</td></tr><tr class="passedeven"><td><a href="#m29">checkDeletingPurchaseReturnsVoucher1ForSixtyNinthScenario</a></td><td rowspan="1">1672641879293</td><td rowspan="1">15701</td></tr><tr class="passedeven"><td><a href="#m30">checkDeletingPurchaseVoucherVATAfterBatchConsumedInSalesInvoiceVat</a></td><td rowspan="1">1672643510249</td><td rowspan="1">12884</td></tr><tr class="passedeven"><td><a href="#m31">checkDeletingSalesInvoiceNVoucher1ForSixtyFourthScenario</a></td><td rowspan="1">1672641272192</td><td rowspan="1">17455</td></tr><tr class="passedeven"><td><a href="#m32">checkDeletingSalesInvoiceVATVoucher1AfterAddingSalesInvoiceNInDesignWorkFlow</a></td><td rowspan="1">1672641145166</td><td rowspan="1">17475</td></tr><tr class="passedeven"><td><a href="#m33">checkDeletingSalesInvoiceVATVoucher1AfterChangingWarehouseInPurchaseVoucher</a></td><td rowspan="1">1672640216478</td><td rowspan="1">15830</td></tr><tr class="passedeven"><td><a href="#m34">checkDeletingSalesInvoiceVATVoucher1ForSavingWithConsumingPartially</a></td><td rowspan="1">1672641021371</td><td rowspan="1">15739</td></tr><tr class="passedeven"><td><a href="#m35">checkDeletingVoucherInSIAndSuspendingVoucherInSO</a></td><td rowspan="1">1672645691136</td><td rowspan="1">20178</td></tr><tr class="passedeven"><td><a href="#m36">checkDeletingVoucherInSalesInvoiceVATWhenStatusInPending</a></td><td rowspan="1">1672643561355</td><td rowspan="1">11912</td></tr><tr class="passedeven"><td><a href="#m37">checkDeletingVoucherInSalesInvoiceWithAuthorisationStatusPending</a></td><td rowspan="1">1672643999804</td><td rowspan="1">9986</td></tr><tr class="passedeven"><td><a href="#m38">checkDeletingVoucherInsalesOrder</a></td><td rowspan="1">1672644361052</td><td rowspan="1">16942</td></tr><tr class="passedeven"><td><a href="#m39">checkDisablingAllowNegativeBatchQuantityOption</a></td><td rowspan="1">1672639738291</td><td rowspan="1">8942</td></tr><tr class="passedeven"><td><a href="#m40">checkEditingQtyInPVVATAfterSavingSalesInvoiceVAT</a></td><td rowspan="1">1672645560739</td><td rowspan="1">25520</td></tr><tr class="passedeven"><td><a href="#m41">checkEnableInputBatchEvenStockIsNotUpdatedOptionInSalesOrder</a></td><td rowspan="1">1672644590878</td><td rowspan="1">21436</td></tr><tr class="passedeven"><td><a href="#m42">checkEnablingAllowNegativeBatchQuantityOption</a></td><td rowspan="1">1672639602132</td><td rowspan="1">23305</td></tr><tr class="passedeven"><td><a href="#m43">checkEnablingDoNotClubWithCommonBaseFromPurchaseVoucherVATToSalesInvoiceN</a></td><td rowspan="1">1672641722183</td><td rowspan="1">23949</td></tr><tr class="passedeven"><td><a href="#m44">checkEnablingInputBatchEvenIfStockIsNotUpdatedInSalesOrderVoucher</a></td><td rowspan="1">1672642434472</td><td rowspan="1">15354</td></tr><tr class="passedeven"><td><a href="#m45">checkEnablingInventoryoptionUnderkeepUnpostedInTransdactionAuthorisationOfSalesType</a></td><td rowspan="1">1672643573268</td><td rowspan="1">29329</td></tr><tr class="passedeven"><td><a href="#m46">checkEraseAllDATA</a></td><td rowspan="1">1672644215525</td><td rowspan="1">4725</td></tr><tr class="passedeven"><td><a href="#m47">checkEraseAllTransactionsLogoutAndLogin</a></td><td rowspan="1">1672639423099</td><td rowspan="1">39737</td></tr><tr class="passedeven"><td><a href="#m48">checkEraseAllTransactionsLogoutAndLoginAfterAllowNegativeBatchQuantityOption</a></td><td rowspan="1">1672639787074</td><td rowspan="1">32120</td></tr><tr class="passedeven"><td><a href="#m49">checkEraseAllTransactionsLogoutAndLoginAfterConsolidateBatchesByBatchNoOption</a></td><td rowspan="1">1672640493273</td><td rowspan="1">31893</td></tr><tr class="passedeven"><td><a href="#m50">checkEraseAllTransactionsLogoutAndLoginAfterExpiryDatesForBatchOption</a></td><td rowspan="1">1672640686828</td><td rowspan="1">31297</td></tr><tr class="passedeven"><td><a href="#m51">checkEraseAllTransactionsLogoutAndLoginForSeventyForthScenario</a></td><td rowspan="1">1672642363382</td><td rowspan="1">31084</td></tr><tr class="passedeven"><td><a href="#m52">checkEraseAllTransactionsLogoutAndLoginForSeventyOneScenario</a></td><td rowspan="1">1672641997155</td><td rowspan="1">30824</td></tr><tr class="passedeven"><td><a href="#m53">checkEraseAllTransactionsLogoutAndLoginForSixtyEightScenario</a></td><td rowspan="1">1672641746134</td><td rowspan="1">31414</td></tr><tr class="passedeven"><td><a href="#m54">checkEraseAllTransactionsLogoutAndLoginForSixtyFifthScenario</a></td><td rowspan="1">1672641346341</td><td rowspan="1">31071</td></tr><tr class="passedeven"><td><a href="#m55">checkEraseAllTransactionsLogoutAndLoginForSixtySixthScenario</a></td><td rowspan="1">1672641545907</td><td rowspan="1">31426</td></tr><tr class="passedeven"><td><a href="#m56">checkEraseAllTransactionsLogoutAndLoginSeventySixthScenario</a></td><td rowspan="1">1672642819994</td><td rowspan="1">31737</td></tr><tr class="passedeven"><td><a href="#m57">checkLinksInSalesInvoiceAfterSavingSalesOrder</a></td><td rowspan="1">1672644524577</td><td rowspan="1">16916</td></tr><tr class="passedeven"><td><a href="#m58">checkLoadingWorkflowInSalesInvoiceNVoucher1AfterFullConsumingInPurchaseReturns</a></td><td rowspan="1">1672641652134</td><td rowspan="1">14639</td></tr><tr class="passedeven"><td><a href="#m59">checkLoginToAuthoriseUserForSalesAuthorisation</a></td><td rowspan="1">1672643206453</td><td rowspan="1">40277</td></tr><tr class="passedeven"><td><a href="#m60">checkLoginToSuperUserAndSavingSalesInvioceVAT2AfterAuthorisation</a></td><td rowspan="1">1672643246732</td><td rowspan="1">109760</td></tr><tr class="passedeven"><td><a href="#m61">checkLoginToUserAllOptionsToAuthoriseSalesVouchers1</a></td><td rowspan="1">1672643830002</td><td rowspan="1">43716</td></tr><tr class="passedeven"><td><a href="#m62">checkLoginToUserForAuthorisationINSalesOrder</a></td><td rowspan="1">1672646321271</td><td rowspan="1">53653</td></tr><tr class="passedeven"><td><a href="#m63">checkLoginToUserallOptionsForAuthoriseSalesOrder</a></td><td rowspan="1">1672646568442</td><td rowspan="1">47019</td></tr><tr class="passedeven"><td><a href="#m64">checkLogintoSuperUseAndSavingSalesInvoice2After1stVoucherAuthorised</a></td><td rowspan="1">1672643888375</td><td rowspan="1">111428</td></tr><tr class="passedeven"><td><a href="#m65">checkLogoutAndLogin</a></td><td rowspan="1">1672639625439</td><td rowspan="1">33784</td></tr><tr class="passedeven"><td><a href="#m66">checkLogoutAndLoginAfterDisablingAllowNegativeBatchQuantityOption</a></td><td rowspan="1">1672639747235</td><td rowspan="1">24083</td></tr><tr class="passedeven"><td><a href="#m67">checkReSavingPurchaseReturnsVoucher1AfterConsumingFullQuantityInPurchaseReturnsVoucher2</a></td><td rowspan="1">1672640991143</td><td rowspan="1">7769</td></tr><tr class="passedeven"><td><a href="#m68">checkReSavingPurchaseReturnsVoucher1ByLoadingWorkFlow</a></td><td rowspan="1">1672641894997</td><td rowspan="1">21351</td></tr><tr class="passedeven"><td><a href="#m69">checkReSavingPurchaseVoucherVATVoucher1ByBatchNoIn1stRow</a></td><td rowspan="1">1672640455034</td><td rowspan="1">19069</td></tr><tr class="passedeven"><td><a href="#m70">checkReSavingPurchaseVoucherVATVoucher1ByBatchNoIn2ndRow</a></td><td rowspan="1">1672640474105</td><td rowspan="1">19165</td></tr><tr class="passedeven"><td><a href="#m71">checkReSavingPurchaseVoucherVATVoucher1ByChangingExpiryDate</a></td><td rowspan="1">1672640623884</td><td rowspan="1">16485</td></tr><tr class="passedeven"><td><a href="#m72">checkReSavingPurchaseVoucherVATVoucher1ByChangingExpiryDateAfterConsumingFullQuantityInSalesInvoice</a></td><td rowspan="1">1672640671735</td><td rowspan="1">15091</td></tr><tr class="passedeven"><td><a href="#m73">checkReSavingPurchaseVoucherVATVoucher1ByChangingItemToBATCHBRITEMIn1stRow</a></td><td rowspan="1">1672640323799</td><td rowspan="1">27156</td></tr><tr class="passedeven"><td><a href="#m74">checkReSavingPurchaseVoucherVATVoucher1ByChangingItemToBATCHBRITEMIn2ndRow</a></td><td rowspan="1">1672640350957</td><td rowspan="1">25319</td></tr><tr class="passedeven"><td><a href="#m75">checkReSavingPurchaseVoucherVATVoucher1ByChangingQuantityTo12In1stRow</a></td><td rowspan="1">1672640277462</td><td rowspan="1">25127</td></tr><tr class="passedeven"><td><a href="#m76">checkReSavingPurchaseVoucherVATVoucher1ByChangingQuantityTo12In2ndRow</a></td><td rowspan="1">1672640302591</td><td rowspan="1">21206</td></tr><tr class="passedeven"><td><a href="#m77">checkReSavingPurchaseVoucherVATVoucher1ByChangingWarehouseFromHyderabadToSecunderabad</a></td><td rowspan="1">1672640085551</td><td rowspan="1">31771</td></tr><tr class="passedeven"><td><a href="#m78">checkReSavingPurchaseVoucherVATVoucher1ByChangingWarehouseFromHyderabadToSecunderabadAfterSuspendingSalesInvoice</a></td><td rowspan="1">1672640131184</td><td rowspan="1">33561</td></tr><tr class="passedeven"><td><a href="#m79">checkReSavingPurchaseVoucherVATVoucher1ByChangingWarehouseFromSecunderabadToHyderabad</a></td><td rowspan="1">1672640182493</td><td rowspan="1">33983</td></tr><tr class="passedeven"><td><a href="#m80">checkReSavingPurchaseVoucherVATVoucher1ByDeleting1stRow</a></td><td rowspan="1">1672640376278</td><td rowspan="1">38227</td></tr><tr class="passedeven"><td><a href="#m81">checkReSavingPurchaseVoucherVATVoucher1ByDeleting2ndRow</a></td><td rowspan="1">1672640414507</td><td rowspan="1">40525</td></tr><tr class="passedeven"><td><a href="#m82">checkReSavingSalesInvoiceVATVoucher1AfterResavingPurchaseVoucherVAT1WithCurrentDate</a></td><td rowspan="1">1672640066618</td><td rowspan="1">18931</td></tr><tr class="passedeven"><td><a href="#m83">checkReSavingSalesInvoiceVATVoucher1AfterSalesInvoiceVoucher2BySelectingSalesOrderVoucher2</a></td><td rowspan="1">1672642812017</td><td rowspan="1">7975</td></tr><tr class="passedeven"><td><a href="#m84">checkReSavingSalesInvoiceVATVoucher1ByConsumingFullQuantity</a></td><td rowspan="1">1672640640370</td><td rowspan="1">31363</td></tr><tr class="passedeven"><td><a href="#m85">checkReSavingSalesInvoiceVATVoucherAfterChangingDateNextToCurrentDateInPurchaseVoucherVAT1</a></td><td rowspan="1">1672640024159</td><td rowspan="1">20998</td></tr><tr class="passedeven"><td><a href="#m86">checkReSavingSalesInvoiceVATVoucherAfterChangingWarehouseToSecunderabadInPurchaseVoucherVAT1</a></td><td rowspan="1">1672640164747</td><td rowspan="1">17745</td></tr><tr class="passedeven"><td><a href="#m87">checkReSavingSalesInvoiceVATVoucherAfterConsumingFullQuantityInPurchaseReturnsVoucher1</a></td><td rowspan="1">1672640932971</td><td rowspan="1">18779</td></tr><tr class="passedeven"><td><a href="#m88">checkReSavingSalesInvoiceVATVoucherAfterSalesInvoiceVoucher2</a></td><td rowspan="1">1672642353439</td><td rowspan="1">9942</td></tr><tr class="passedeven"><td><a href="#m89">checkReSavingSalesOrder</a></td><td rowspan="1">1672645113171</td><td rowspan="1">18308</td></tr><tr class="passedeven"><td><a href="#m90">checkResavingDeliveryNotesVoucher1AfterConsumingFullQuantityInSalesInvoiceN</a></td><td rowspan="1">1672641531668</td><td rowspan="1">14237</td></tr><tr class="passedeven"><td><a href="#m91">checkResavingPurchaseReturnsVoucher1AfterConsumingFullQuantityInSalesInvoiceN</a></td><td rowspan="1">1672641328151</td><td rowspan="1">18189</td></tr><tr class="passedeven"><td><a href="#m92">checkResavingPurchaseReturnsVoucher1AfterConsumingQuantityInSalesInvoiceN</a></td><td rowspan="1">1672641703728</td><td rowspan="1">18453</td></tr><tr class="passedeven"><td><a href="#m93">checkResavingPurchaseReturnsVoucher1AfterConsumingQuantityInSalesInvoiceNWithDoNotConsolidateWithCommonBase</a></td><td rowspan="1">1672641978453</td><td rowspan="1">18701</td></tr><tr class="passedeven"><td><a href="#m94">checkResavingSales1stVoucherAfterBatchConsumedIn2ndVoucher</a></td><td rowspan="1">1672643488350</td><td rowspan="1">21897</td></tr><tr class="passedeven"><td><a href="#m95">checkResavingSalesInvoice1VoucherAfterBatchConsumedinVoucher2</a></td><td rowspan="1">1672644136344</td><td rowspan="1">20819</td></tr><tr class="passedeven"><td><a href="#m96">checkResavingSalesOrd1AfterSavingSalesOrd2</a></td><td rowspan="1">1672645792064</td><td rowspan="1">18617</td></tr><tr class="passedeven"><td><a href="#m97">checkResavingSalesOrder1AfterSavingVoucher2WithFullBatchConsumption</a></td><td rowspan="1">1672644511605</td><td rowspan="1">12971</td></tr><tr class="passedeven"><td><a href="#m98">checkResavingSalesOrderVou1AfterVou2Saved</a></td><td rowspan="1">1672644784645</td><td rowspan="1">17347</td></tr><tr class="passedeven"><td><a href="#m99">checkResavingSalesOrderWithGraeterQtyThanInward</a></td><td rowspan="1">1672644329430</td><td rowspan="1">31621</td></tr><tr class="passedeven"><td><a href="#m100">checkReservedPopAfterBatchFullConsumedinSalesOrder</a></td><td rowspan="1">1672644425018</td><td rowspan="1">30924</td></tr><tr class="passedeven"><td><a href="#m101">checkSalesInvoiceVAT1WithFutureDateAfterSavingAuthorisationOnSales</a></td><td rowspan="1">1672642927623</td><td rowspan="1">190411</td></tr><tr class="passedeven"><td><a href="#m102">checkSalesOrderInReservationTypeIsManualAndinputBatchEvenIfStockNoyUpdatedChkbox</a></td><td rowspan="1">1672644263365</td><td rowspan="1">24649</td></tr><tr class="passedeven"><td><a href="#m103">checkSavingDeliveryNoteVoucher1AfterSavingPurchaseVoucherVAT1</a></td><td rowspan="1">1672641447948</td><td rowspan="1">6156</td></tr><tr class="passedeven"><td><a href="#m104">checkSavingPVVATAndSOVoucherAfterAuthorisation</a></td><td rowspan="1">1672645895170</td><td rowspan="1">66631</td></tr><tr class="passedeven"><td><a href="#m105">checkSavingPVVatAndSO</a></td><td rowspan="1">1672646425923</td><td rowspan="1">142518</td></tr><tr class="passedeven"><td><a href="#m106">checkSavingPVWithChangingWareHouseAfterVoucherConsumed</a></td><td rowspan="1">1672645243610</td><td rowspan="1">30943</td></tr><tr class="passedeven"><td><a href="#m107">checkSavingPurchaseReturnsVoucher1AfterConsumingFullQuantityInSalesInvoiceVoucher1</a></td><td rowspan="1">1672640854811</td><td rowspan="1">31835</td></tr><tr class="passedeven"><td><a href="#m108">checkSavingPurchaseReturnsVoucher1AfterPartiallyConsumingQuantityInSalesInvoiceVoucher1</a></td><td rowspan="1">1672641084482</td><td rowspan="1">29919</td></tr><tr class="passedeven"><td><a href="#m109">checkSavingPurchaseReturnsVoucher1AfterSuspendingSalesInvoiceVoucher1</a></td><td rowspan="1">1672640900936</td><td rowspan="1">32033</td></tr><tr class="passedeven"><td><a href="#m110">checkSavingPurchaseReturnsVoucher1ByConsumingFullQuantityAfterSavingPurchaseVoucher1</a></td><td rowspan="1">1672641618644</td><td rowspan="1">33489</td></tr><tr class="passedeven"><td><a href="#m111">checkSavingPurchaseReturnsVoucher1ByConsumingPartialQuantity</a></td><td rowspan="1">1672641207678</td><td rowspan="1">36206</td></tr><tr class="passedeven"><td><a href="#m112">checkSavingPurchaseReturnsVoucher1ByConsumingPartialQuantityAfterSavingPurchaseVoucherVATVoucher1</a></td><td rowspan="1">1672641817627</td><td rowspan="1">34621</td></tr><tr class="passedeven"><td><a href="#m113">checkSavingPurchaseReturnsVoucher1ByConsumingPartialQuantityAfterSuspendingDeliveryNotesVoucher1</a></td><td rowspan="1">1672641473681</td><td rowspan="1">35158</td></tr><tr class="passedeven"><td><a href="#m114">checkSavingPurchaseReturnsVoucher2AfterSuspendingPurchaseReturnsVoucher1</a></td><td rowspan="1">1672640965970</td><td rowspan="1">25170</td></tr><tr class="passedeven"><td><a href="#m115">checkSavingPurchaseVoucherVAT</a></td><td rowspan="1">1672644541496</td><td rowspan="1">49380</td></tr><tr class="passedeven"><td><a href="#m116">checkSavingPurchaseVoucherVATForReservation</a></td><td rowspan="1">1672644220252</td><td rowspan="1">43112</td></tr><tr class="passedeven"><td><a href="#m117">checkSavingPurchaseVoucherVATVoucher</a></td><td rowspan="1">1672639462838</td><td rowspan="1">93223</td></tr><tr class="passedeven"><td><a href="#m118">checkSavingPurchaseVoucherVATVoucher1AfterAddingLinkFromPurchasesVoucherVATToSalesInvoiceN</a></td><td rowspan="1">1672641162643</td><td rowspan="1">45033</td></tr><tr class="passedeven"><td><a href="#m119">checkSavingPurchaseVoucherVATVoucher1AfterEnablingDoNotClubWithCommonBase</a></td><td rowspan="1">1672641777550</td><td rowspan="1">40076</td></tr><tr class="passedeven"><td><a href="#m120">checkSavingPurchaseVoucherVATVoucher1ForFiftyNinthScenario</a></td><td rowspan="1">1672640718127</td><td rowspan="1">39863</td></tr><tr class="passedeven"><td><a href="#m121">checkSavingPurchaseVoucherVATVoucher1ForSeventyForthScenario</a></td><td rowspan="1">1672642394467</td><td rowspan="1">40004</td></tr><tr class="passedeven"><td><a href="#m122">checkSavingPurchaseVoucherVATVoucher1ForSeventyOneScenario</a></td><td rowspan="1">1672642027980</td><td rowspan="1">39862</td></tr><tr class="passedeven"><td><a href="#m123">checkSavingPurchaseVoucherVATVoucher1ForSixtyFifthScenario</a></td><td rowspan="1">1672641377413</td><td rowspan="1">41764</td></tr><tr class="passedeven"><td><a href="#m124">checkSavingPurchaseVoucherVATVoucher1ForSixtySixthScenario</a></td><td rowspan="1">1672641577335</td><td rowspan="1">41308</td></tr><tr class="passedeven"><td><a href="#m125">checkSavingPurchaseVoucherVATVoucher1With2Rows</a></td><td rowspan="1">1672639819196</td><td rowspan="1">52445</td></tr><tr class="passedeven"><td><a href="#m126">checkSavingPurchaseVoucherVATVoucher1WithExpiryDate4DaysMoreThanCurrentDate</a></td><td rowspan="1">1672640525168</td><td rowspan="1">41159</td></tr><tr class="passedeven"><td><a href="#m127">checkSavingPurchaseVoucherVATWithChangingItemAfterBatchConsumed</a></td><td rowspan="1">1672645131480</td><td rowspan="1">38542</td></tr><tr class="passedeven"><td><a href="#m128">checkSavingPurchaseVoucherVATWithCurrentdate</a></td><td rowspan="1">1672642851732</td><td rowspan="1">40332</td></tr><tr class="passedeven"><td><a href="#m129">checkSavingPurchaseVoucherVATWithQty20</a></td><td rowspan="1">1672644933393</td><td rowspan="1">53489</td></tr><tr class="passedeven"><td><a href="#m130">checkSavingSO1AfterChangingInAuthorisation</a></td><td rowspan="1">1672645961802</td><td rowspan="1">66674</td></tr><tr class="passedeven"><td><a href="#m131">checkSavingSO2AfterChangingInAuthorisation</a></td><td rowspan="1">1672646028477</td><td rowspan="1">66361</td></tr><tr class="passedeven"><td><a href="#m132">checkSavingSalOrdVou1AfterAuthorisation</a></td><td rowspan="1">1672645303321</td><td rowspan="1">140701</td></tr><tr class="passedeven"><td><a href="#m133">checkSavingSalesINvoiceVAT2AfterFullBatchConsumedIn1stVoucher</a></td><td rowspan="1">1672643713940</td><td rowspan="1">116061</td></tr><tr class="passedeven"><td><a href="#m134">checkSavingSalesInvoiceNVoucher1ByConvertingPendingVoucherAfterSuspendingPurchaseReturns</a></td><td rowspan="1">1672641955775</td><td rowspan="1">22677</td></tr><tr class="passedeven"><td><a href="#m135">checkSavingSalesInvoiceNVoucher1ByLoadingFromWorkflow</a></td><td rowspan="1">1672641243885</td><td rowspan="1">28306</td></tr><tr class="passedeven"><td><a href="#m136">checkSavingSalesInvoiceNVoucher1ByLoadingFromWorkflowAfterConsumingFullQuantityInPurchaseReturns</a></td><td rowspan="1">1672641916350</td><td rowspan="1">24959</td></tr><tr class="passedeven"><td><a href="#m137">checkSavingSalesInvoiceNVoucher1ByLoadingFromWorkflowAfterConsumingPartiallyQuantityInPurchaseReturns</a></td><td rowspan="1">1672641852250</td><td rowspan="1">27041</td></tr><tr class="passedeven"><td><a href="#m138">checkSavingSalesInvoiceNVoucher1ByLoadingFromWorkflowAfterSavingPurchaseReturns</a></td><td rowspan="1">1672641508841</td><td rowspan="1">22826</td></tr><tr class="passedeven"><td><a href="#m139">checkSavingSalesInvoiceNVoucher1ByLoadingFromWorkflowAfterSuspendingPurchaseReturns</a></td><td rowspan="1">1672641680202</td><td rowspan="1">23525</td></tr><tr class="passedeven"><td><a href="#m140">checkSavingSalesInvoiceNVoucher1ByLoadingFromWorkflowByConsumingFullQuantity</a></td><td rowspan="1">1672641304119</td><td rowspan="1">24030</td></tr><tr class="passedeven"><td><a href="#m141">checkSavingSalesInvoiceVAT1WithCurrentDateAfterBatchConsumed</a></td><td rowspan="1">1672643118035</td><td rowspan="1">88416</td></tr><tr class="passedeven"><td><a href="#m142">checkSavingSalesInvoiceVATVoucher1AfterEnablingAllowBatchNegativeQuantityOption</a></td><td rowspan="1">1672639702895</td><td rowspan="1">17622</td></tr><tr class="passedeven"><td><a href="#m143">checkSavingSalesInvoiceVATVoucher1ByConsumingFullQuantityAfterSavingPurchaseVoucher1</a></td><td rowspan="1">1672640842287</td><td rowspan="1">12522</td></tr><tr class="passedeven"><td><a href="#m144">checkSavingSalesInvoiceVATVoucher1ByConsumingPartialQuantity</a></td><td rowspan="1">1672640566329</td><td rowspan="1">57553</td></tr><tr class="passedeven"><td><a href="#m145">checkSavingSalesInvoiceVATVoucher1ByConsumingPartialQuantity60</a></td><td rowspan="1">1672641037113</td><td rowspan="1">47367</td></tr><tr class="passedeven"><td><a href="#m146">checkSavingSalesInvoiceVATVoucher1ByLoadingFromWorkflowAfterSavingSalesOrderDoc1AndDoc2</a></td><td rowspan="1">1672642118975</td><td rowspan="1">39952</td></tr><tr class="passedeven"><td><a href="#m147">checkSavingSalesInvoiceVATVoucher1ByLoadingFromWorkflowAfterSavingSalesOrderDoc1AndDoc2AfterEnablingInputBatchEvenIfStockIsNotUpdated</a></td><td rowspan="1">1672642585480</td><td rowspan="1">38872</td></tr><tr class="passedeven"><td><a href="#m148">checkSavingSalesInvoiceVATVoucher1ByLoadingFromWorkflowAndSelectingSalesOrderDoc1</a></td><td rowspan="1">1672642158929</td><td rowspan="1">121877</td></tr><tr class="passedeven"><td><a href="#m149">checkSavingSalesInvoiceVATVoucher1ByLoadingFromWorkflowAndSelectingSalesOrderDoc1AfterEnablingInputBatchEvenIfStockIsNotUpdated</a></td><td rowspan="1">1672642624354</td><td rowspan="1">117108</td></tr><tr class="passedeven"><td><a href="#m150">checkSavingSalesInvoiceVATVoucher1ByLoadingFromWorkflowAndSelectingSalesOrderDoc2AfterSuspendingSalesInvoiceVoucher1</a></td><td rowspan="1">1672642782567</td><td rowspan="1">29448</td></tr><tr class="passedeven"><td><a href="#m151">checkSavingSalesInvoiceVATVoucher1WithMoreThanAvailableQuantityInPurchaseVoucherWithoutEnablingAllowNegativeBatchQuantities</a></td><td rowspan="1">1672639556064</td><td rowspan="1">46066</td></tr><tr class="passedeven"><td><a href="#m152">checkSavingSalesInvoiceVATVoucher1WithQuantity11</a></td><td rowspan="1">1672639914100</td><td rowspan="1">13182</td></tr><tr class="passedeven"><td><a href="#m153">checkSavingSalesInvoiceVATVoucher1WithQuantity180</a></td><td rowspan="1">1672640232311</td><td rowspan="1">45150</td></tr><tr class="passedeven"><td><a href="#m154">checkSavingSalesInvoiceVATVoucher2ByLoadingFromWorkflowAndSelectingSalesOrderDoc2</a></td><td rowspan="1">1672642320784</td><td rowspan="1">32654</td></tr><tr class="passedeven"><td><a href="#m155">checkSavingSalesInvoiceVATWihLoadingLinks</a></td><td rowspan="1">1672646094840</td><td rowspan="1">11221</td></tr><tr class="passedeven"><td><a href="#m156">checkSavingSalesInvoiceWithLoadingLinks</a></td><td rowspan="1">1672645484480</td><td rowspan="1">76258</td></tr><tr class="passedeven"><td><a href="#m157">checkSavingSalesOrder2AfterSuspendingVoucher1</a></td><td rowspan="1">1672644467971</td><td rowspan="1">43632</td></tr><tr class="passedeven"><td><a href="#m158">checkSavingSalesOrderVopucher2</a></td><td rowspan="1">1672646254522</td><td rowspan="1">66747</td></tr><tr class="passedeven"><td><a href="#m159">checkSavingSalesOrderVoucher1</a></td><td rowspan="1">1672644288016</td><td rowspan="1">41413</td></tr><tr class="passedeven"><td><a href="#m160">checkSavingSalesOrderVoucher1AfterEnablingInputBatchEvenIfStockIsNotUpdated</a></td><td rowspan="1">1672642449828</td><td rowspan="1">68609</td></tr><tr class="passedeven"><td><a href="#m161">checkSavingSalesOrderVoucher1AfterSavingPurchaseVoucherVAT1</a></td><td rowspan="1">1672642067844</td><td rowspan="1">30502</td></tr><tr class="passedeven"><td><a href="#m162">checkSavingSalesOrderVoucher2AfterEnablingInputBatchEvenIfStockIsNotUpdated</a></td><td rowspan="1">1672642518439</td><td rowspan="1">67039</td></tr><tr class="passedeven"><td><a href="#m163">checkSavingSalesOrderVoucher2AfterSavingPurchaseVoucherVAT1</a></td><td rowspan="1">1672642098347</td><td rowspan="1">20627</td></tr><tr class="passedeven"><td><a href="#m164">checkSavingSalesOrderVoucherAfterEnableInputBatchEvenIfStockNotUpdatedChkbox</a></td><td rowspan="1">1672644612316</td><td rowspan="1">58221</td></tr><tr class="passedeven"><td><a href="#m165">checkSavingSalesOrderWithConsumingHalfQtyFromPurVouVat</a></td><td rowspan="1">1672644986884</td><td rowspan="1">53496</td></tr><tr class="passedeven"><td><a href="#m166">checkSavingSalesOrderWithFullConsumptionInward</a></td><td rowspan="1">1672644377996</td><td rowspan="1">47021</td></tr><tr class="passedeven"><td><a href="#m167">checkSavingSalesOrdervoucher2AfterConsumedBatchInVoucher1</a></td><td rowspan="1">1672644670538</td><td rowspan="1">42126</td></tr><tr class="passedeven"><td><a href="#m168">checkSavingSalesVou2AfterSuspendingVou1</a></td><td rowspan="1">1672644726818</td><td rowspan="1">57826</td></tr><tr class="passedeven"><td><a href="#m169">checkSavingSalesVoucher2AfterSuspending1stVoucher</a></td><td rowspan="1">1672643374250</td><td rowspan="1">114098</td></tr><tr class="passedeven"><td><a href="#m170">checkSavingVou2AfterAuthorisationInsalesOrder</a></td><td rowspan="1">1672646615462</td><td rowspan="1">64833</td></tr><tr class="passedeven"><td><a href="#m171">checkSavingVoucherInSO2AfterSuspendingVoucherSO1</a></td><td rowspan="1">1672645711315</td><td rowspan="1">80748</td></tr><tr class="passedeven"><td><a href="#m172">checkSavingVoucherInSalesInvoice2AfterSusoendingVocher1</a></td><td rowspan="1">1672644019507</td><td rowspan="1">116835</td></tr><tr class="passedeven"><td><a href="#m173">checkSavingVoucherInsalesOrderafterBatchConsumed</a></td><td rowspan="1">1672645444023</td><td rowspan="1">40455</td></tr><tr class="passedeven"><td><a href="#m174">checkSavingVoucherinSalesInvoiceVATAfterEnablingInventoryOption</a></td><td rowspan="1">1672643602599</td><td rowspan="1">111340</td></tr><tr class="passedeven"><td><a href="#m175">checkSuspendingDeliveryNotesVoucher1FromEntryPage</a></td><td rowspan="1">1672641454105</td><td rowspan="1">19575</td></tr><tr class="passedeven"><td><a href="#m176">checkSuspendingPurchasVatVoucherAfterBatchConsumedinSalesInvoice</a></td><td rowspan="1">1672644172050</td><td rowspan="1">14248</td></tr><tr class="passedeven"><td><a href="#m177">checkSuspendingPurchaseReturnsVoucher1AfterDeletingSalesInvoiceNVoucher1</a></td><td rowspan="1">1672641289649</td><td rowspan="1">14469</td></tr><tr class="passedeven"><td><a href="#m178">checkSuspendingPurchaseReturnsVoucher1ForSeventiethScenario</a></td><td rowspan="1">1672641941311</td><td rowspan="1">14462</td></tr><tr class="passedeven"><td><a href="#m179">checkSuspendingPurchaseReturnsVoucher1ForSixtiethOneScenario</a></td><td rowspan="1">1672640951751</td><td rowspan="1">14217</td></tr><tr class="passedeven"><td><a href="#m180">checkSuspendingPurchaseReturnsVoucher1ForSixtySeventhScenario</a></td><td rowspan="1">1672641666775</td><td rowspan="1">13425</td></tr><tr class="passedeven"><td><a href="#m181">checkSuspendingSalesInvoiceVATVoucher1ForFortyEightScenario</a></td><td rowspan="1">1672640117324</td><td rowspan="1">13858</td></tr><tr class="passedeven"><td><a href="#m182">checkSuspendingSalesInvoiceVATVoucher1ForFortySixthScenario</a></td><td rowspan="1">1672639988100</td><td rowspan="1">14751</td></tr><tr class="passedeven"><td><a href="#m183">checkSuspendingSalesInvoiceVATVoucher1ForSeventySixthScenario</a></td><td rowspan="1">1672642768236</td><td rowspan="1">14330</td></tr><tr class="passedeven"><td><a href="#m184">checkSuspendingSalesInvoiceVATVoucher1ForSeventyThirdScenario</a></td><td rowspan="1">1672642307493</td><td rowspan="1">13288</td></tr><tr class="passedeven"><td><a href="#m185">checkSuspendingSalesInvoiceVATVoucher1ForSixtiethScenario</a></td><td rowspan="1">1672640886648</td><td rowspan="1">14287</td></tr><tr class="passedeven"><td><a href="#m186">checkSuspendingSalesVou1AfterEnablingOptions</a></td><td rowspan="1">1672644712666</td><td rowspan="1">14150</td></tr><tr class="passedeven"><td><a href="#m187">checkSuspendingSalesVoucher1AfterAuthorisation</a></td><td rowspan="1">1672644009791</td><td rowspan="1">9715</td></tr><tr class="passedeven"><td><a href="#m188">checkSuspendingVoucherInPurchaseVoucherVAT</a></td><td rowspan="1">1672643523134</td><td rowspan="1">11455</td></tr><tr class="passedeven"><td><a href="#m189">checkSuspendingVoucherInSalesInvoiceVAT</a></td><td rowspan="1">1672643356493</td><td rowspan="1">17755</td></tr><tr class="passedeven"><td><a href="#m190">checkSuspendingVoucherInSalesOrder</a></td><td rowspan="1">1672645069442</td><td rowspan="1">13949</td></tr><tr class="passedeven"><td><a href="#m191">checkSuspendingVoucherInSalesOrderAndChangingBatchNameInPurchaseVouVAT</a></td><td rowspan="1">1672645200982</td><td rowspan="1">42626</td></tr><tr class="passedeven"><td><a href="#m192">checkSuspendingVoucherInsalesOrder1</a></td><td rowspan="1">1672644455944</td><td rowspan="1">12025</td></tr><tr class="passedeven"><td><a href="#m193">checkValidatingQuantityInEntryPageAndBatchPopupAfterSavingWithQuantityGreaterThanAvailableQuantity</a></td><td rowspan="1">1672639720520</td><td rowspan="1">17769</td></tr><tr class="passedeven"><td><a href="#m194">checkValidatingQuantityInEntryPageAndBatchPopupInSalesInvoice1AfterDisablingAllowNegativeBatchQuantityOption</a></td><td rowspan="1">1672639771320</td><td rowspan="1">15752</td></tr><tr class="passedeven"><td><a href="#m195">checksavingPVVATAndSavingSalesOrder</a></td><td rowspan="1">1672646106062</td><td rowspan="1">148459</td></tr><tr class="passedodd"><td rowspan="4">com.focus.testcases.LoginPageTest</td><td><a href="#m196">checkCompanyTextDisplayInCompanyListDropdown</a></td><td rowspan="1">1672639397192</td><td rowspan="1">270</td></tr><tr class="passedodd"><td><a href="#m197">checkLoginPageAvailablityOfFields</a></td><td rowspan="1">1672639396008</td><td rowspan="1">1182</td></tr><tr class="passedodd"><td><a href="#m198">checkSignInBtnWithValidUserNameAndValidPassword</a></td><td rowspan="1">1672639397464</td><td rowspan="1">25120</td></tr><tr class="passedodd"><td><a href="#m199">checkUserNameInfoInHomePage</a></td><td rowspan="1">1672639422587</td><td rowspan="1">507</td></tr><tr class="passedeven"><td rowspan="2">com.focus.testcases.URLBrowserTest</td><td><a href="#m200">checkLoginPageTitleByURLInputInBrowser</a></td><td rowspan="1">1672639390307</td><td rowspan="1">5693</td></tr><tr class="passedeven"><td><a href="#m201">verifyBrowserOpen</a></td><td rowspan="1">1672639380374</td><td rowspan="1">9929</td></tr></tbody></table><h2>Test</h2><h3 id="m0">com.focus.testcases.BatchNegativeTestingOptionsTest#checkAuthorisedVoucherInSalesOrder</h3><table class="result"><tr><th>Messages</th></tr><tr><td><div class="messages">Completed executing following method : BatchNegativeTestingOptionsTest.checkAuthorisedVoucherInSalesOrder<br/>Test Method resides in com.focus.testcases.BatchNegativeTestingOptionsTest<br/>Test Status: Failed<br/>About to begin executing following method : BaseEngine.afterMethodExecution</div></td></tr><tr><th>Exception</th></tr><tr><td><div class="stacktrace">java.lang.AssertionError: expected [true] but found [false]
	at com.focus.testcases.BatchNegativeTestingOptionsTest.checkAuthorisedVoucherInSalesOrder(BatchNegativeTestingOptionsTest.java:3076)
... Removed 30 stack frames</div></td></tr></table><p class="totop"><a href="#summary">back to summary</a></p><h3 id="m1">com.focus.testcases.BatchNegativeTestingOptionsTest#checkReSavingPurchaseVoucherVATVoucher1WithCurrentDate</h3><table class="result"><tr><th>Messages</th></tr><tr><td><div class="messages">Completed executing following method : BatchNegativeTestingOptionsTest.checkReSavingPurchaseVoucherVATVoucher1WithCurrentDate<br/>Test Method resides in com.focus.testcases.BatchNegativeTestingOptionsTest<br/>Test Status: Failed<br/>About to begin executing following method : BaseEngine.afterMethodExecution</div></td></tr><tr><th>Exception</th></tr><tr><td><div class="stacktrace">java.lang.AssertionError: expected [true] but found [false]
	at com.focus.testcases.BatchNegativeTestingOptionsTest.checkReSavingPurchaseVoucherVATVoucher1WithCurrentDate(BatchNegativeTestingOptionsTest.java:1594)
... Removed 30 stack frames</div></td></tr></table><p class="totop"><a href="#summary">back to summary</a></p><h3 id="m2">com.focus.testcases.BatchNegativeTestingOptionsTest#checkReSavingPurchaseVoucherVATVoucher1WithDateNextToCurrentDate</h3><table class="result"><tr><th>Messages</th></tr><tr><td><div class="messages">Completed executing following method : BatchNegativeTestingOptionsTest.checkReSavingPurchaseVoucherVATVoucher1WithDateNextToCurrentDate<br/>Test Method resides in com.focus.testcases.BatchNegativeTestingOptionsTest<br/>Test Status: Failed<br/>About to begin executing following method : BaseEngine.afterMethodExecution</div></td></tr><tr><th>Exception</th></tr><tr><td><div class="stacktrace">java.lang.AssertionError: expected [true] but found [false]
	at com.focus.testcases.BatchNegativeTestingOptionsTest.checkReSavingPurchaseVoucherVATVoucher1WithDateNextToCurrentDate(BatchNegativeTestingOptionsTest.java:1549)
... Removed 30 stack frames</div></td></tr></table><p class="totop"><a href="#summary">back to summary</a></p><h3 id="m3">com.focus.testcases.BatchNegativeTestingOptionsTest#checkReSavingPurchaseVoucherVATVoucher1WithDateNextToCurrentDateAfterSuspendingSalesInvoice</h3><table class="result"><tr><th>Messages</th></tr><tr><td><div class="messages">Completed executing following method : BatchNegativeTestingOptionsTest.checkReSavingPurchaseVoucherVATVoucher1WithDateNextToCurrentDateAfterSuspendingSalesInvoice<br/>Test Method resides in com.focus.testcases.BatchNegativeTestingOptionsTest<br/>Test Status: Failed<br/>About to begin executing following method : BaseEngine.afterMethodExecution</div></td></tr><tr><th>Exception</th></tr><tr><td><div class="stacktrace">java.lang.AssertionError: expected [true] but found [false]
	at com.focus.testcases.BatchNegativeTestingOptionsTest.checkReSavingPurchaseVoucherVATVoucher1WithDateNextToCurrentDateAfterSuspendingSalesInvoice(BatchNegativeTestingOptionsTest.java:1570)
... Removed 30 stack frames</div></td></tr></table><p class="totop"><a href="#summary">back to summary</a></p><h3 id="m4">com.focus.testcases.BatchNegativeTestingOptionsTest#checkSavingSIWithLoadingLinks</h3><table class="result"><tr><th>Messages</th></tr><tr><td><div class="messages">Completed executing following method : BatchNegativeTestingOptionsTest.checkSavingSIWithLoadingLinks<br/>Test Method resides in com.focus.testcases.BatchNegativeTestingOptionsTest<br/>Test Status: Failed<br/>About to begin executing following method : BaseEngine.afterMethodExecution</div></td></tr><tr><th>Exception</th></tr><tr><td><div class="stacktrace">org.openqa.selenium.UnhandledAlertException: unexpected alert open: {Alert text : You are trying to issues batch quantity which is not reserved against this link. 

 Are you sure you want to continue?}
  (Session info: chrome=108.0.5359.125): You are trying to issues batch quantity which is not reserved against this link. 

 Are you sure you want to continue?
Build info: version: &apos;3.12.0&apos;, revision: &apos;7c6e0b3&apos;, time: &apos;2018-05-08T14:04:26.12Z&apos;
System info: host: &apos;FOCUS-QA-133&apos;, ip: &apos;192.168.4.108&apos;, os.name: &apos;Windows 10&apos;, os.arch: &apos;amd64&apos;, os.version: &apos;10.0&apos;, java.version: &apos;1.8.0_111&apos;
Driver info: org.openqa.selenium.chrome.ChromeDriver
Capabilities {acceptInsecureCerts: false, browserName: chrome, browserVersion: 108.0.5359.125, chrome: {chromedriverVersion: 108.0.5359.71 (1e0e3868ee06..., userDataDir: C:\Users\Sanjeev\AppData\Lo...}, goog:chromeOptions: {debuggerAddress: localhost:52065}, javascriptEnabled: true, networkConnectionEnabled: false, pageLoadStrategy: normal, platform: WINDOWS, platformName: WINDOWS, proxy: Proxy(), setWindowRect: true, strictFileInteractability: false, timeouts: {implicit: 0, pageLoad: 300000, script: 30000}, unhandledPromptBehavior: dismiss and notify, webauthn:extension:credBlob: true, webauthn:extension:largeBlob: true, webauthn:virtualAuthenticators: true}
Session ID: 420938ad11b9dfc00575674499c66038
*** Element info: {Using=xpath, value=//*[@id=&apos;id_transaction_entry_detail_table_body&apos;]/tr[1]/td[20]}
	at org.openqa.selenium.remote.http.W3CHttpResponseCodec.decode(W3CHttpResponseCodec.java:120)
	at org.openqa.selenium.remote.http.W3CHttpResponseCodec.decode(W3CHttpResponseCodec.java:49)
	at org.openqa.selenium.remote.HttpCommandExecutor.execute(HttpCommandExecutor.java:158)
	at org.openqa.selenium.remote.service.DriverCommandExecutor.execute(DriverCommandExecutor.java:83)
	at org.openqa.selenium.remote.RemoteWebDriver.execute(RemoteWebDriver.java:543)
	at org.openqa.selenium.remote.RemoteWebDriver.findElement(RemoteWebDriver.java:317)
	at org.openqa.selenium.remote.RemoteWebDriver.findElementByXPath(RemoteWebDriver.java:419)
	at org.openqa.selenium.By$ByXPath.findElement(By.java:353)
	at org.openqa.selenium.remote.RemoteWebDriver.findElement(RemoteWebDriver.java:309)
	at org.openqa.selenium.support.pagefactory.DefaultElementLocator.findElement(DefaultElementLocator.java:69)
	at org.openqa.selenium.support.pagefactory.internal.LocatingElementHandler.invoke(LocatingElementHandler.java:38)
	at com.sun.proxy.$Proxy12.isDisplayed(Unknown Source)
	at org.openqa.selenium.support.ui.ExpectedConditions.elementIfVisible(ExpectedConditions.java:315)
	at org.openqa.selenium.support.ui.ExpectedConditions.access$100(ExpectedConditions.java:44)
	at org.openqa.selenium.support.ui.ExpectedConditions$10.apply(ExpectedConditions.java:301)
	at org.openqa.selenium.support.ui.ExpectedConditions$10.apply(ExpectedConditions.java:298)
	at org.openqa.selenium.support.ui.ExpectedConditions$23.apply(ExpectedConditions.java:686)
	at org.openqa.selenium.support.ui.ExpectedConditions$23.apply(ExpectedConditions.java:682)
	at org.openqa.selenium.support.ui.FluentWait.until(FluentWait.java:248)
	at com.focus.Pages.BatchNegativeTestingOptionsPage.checkSavingSIWithLoadingLinks(BatchNegativeTestingOptionsPage.java:44166)
	at com.focus.testcases.BatchNegativeTestingOptionsTest.checkSavingSIWithLoadingLinks(BatchNegativeTestingOptionsTest.java:3009)
... Removed 24 stack frames</div></td></tr></table><p class="totop"><a href="#summary">back to summary</a></p><h3 id="m5">com.focus.testcases.BatchNegativeTestingOptionsTest#checkSavingSalesInvoiceVoucherWithLinks</h3><table class="result"><tr><th>Messages</th></tr><tr><td><div class="messages">Completed executing following method : BatchNegativeTestingOptionsTest.checkSavingSalesInvoiceVoucherWithLinks<br/>Test Method resides in com.focus.testcases.BatchNegativeTestingOptionsTest<br/>Test Status: Failed<br/>About to begin executing following method : BaseEngine.afterMethodExecution</div></td></tr><tr><th>Exception</th></tr><tr><td><div class="stacktrace">org.openqa.selenium.UnhandledAlertException: unexpected alert open: {Alert text : You are trying to issues batch quantity which is not reserved against this link. 

 Are you sure you want to continue?}
  (Session info: chrome=108.0.5359.125): You are trying to issues batch quantity which is not reserved against this link. 

 Are you sure you want to continue?
Build info: version: &apos;3.12.0&apos;, revision: &apos;7c6e0b3&apos;, time: &apos;2018-05-08T14:04:26.12Z&apos;
System info: host: &apos;FOCUS-QA-133&apos;, ip: &apos;192.168.4.108&apos;, os.name: &apos;Windows 10&apos;, os.arch: &apos;amd64&apos;, os.version: &apos;10.0&apos;, java.version: &apos;1.8.0_111&apos;
Driver info: org.openqa.selenium.chrome.ChromeDriver
Capabilities {acceptInsecureCerts: false, browserName: chrome, browserVersion: 108.0.5359.125, chrome: {chromedriverVersion: 108.0.5359.71 (1e0e3868ee06..., userDataDir: C:\Users\Sanjeev\AppData\Lo...}, goog:chromeOptions: {debuggerAddress: localhost:52065}, javascriptEnabled: true, networkConnectionEnabled: false, pageLoadStrategy: normal, platform: WINDOWS, platformName: WINDOWS, proxy: Proxy(), setWindowRect: true, strictFileInteractability: false, timeouts: {implicit: 0, pageLoad: 300000, script: 30000}, unhandledPromptBehavior: dismiss and notify, webauthn:extension:credBlob: true, webauthn:extension:largeBlob: true, webauthn:virtualAuthenticators: true}
Session ID: 420938ad11b9dfc00575674499c66038
*** Element info: {Using=xpath, value=//*[@id=&apos;id_transaction_entry_detail_table_body&apos;]/tr[1]/td[20]}
	at org.openqa.selenium.remote.http.W3CHttpResponseCodec.decode(W3CHttpResponseCodec.java:120)
	at org.openqa.selenium.remote.http.W3CHttpResponseCodec.decode(W3CHttpResponseCodec.java:49)
	at org.openqa.selenium.remote.HttpCommandExecutor.execute(HttpCommandExecutor.java:158)
	at org.openqa.selenium.remote.service.DriverCommandExecutor.execute(DriverCommandExecutor.java:83)
	at org.openqa.selenium.remote.RemoteWebDriver.execute(RemoteWebDriver.java:543)
	at org.openqa.selenium.remote.RemoteWebDriver.findElement(RemoteWebDriver.java:317)
	at org.openqa.selenium.remote.RemoteWebDriver.findElementByXPath(RemoteWebDriver.java:419)
	at org.openqa.selenium.By$ByXPath.findElement(By.java:353)
	at org.openqa.selenium.remote.RemoteWebDriver.findElement(RemoteWebDriver.java:309)
	at org.openqa.selenium.support.pagefactory.DefaultElementLocator.findElement(DefaultElementLocator.java:69)
	at org.openqa.selenium.support.pagefactory.internal.LocatingElementHandler.invoke(LocatingElementHandler.java:38)
	at com.sun.proxy.$Proxy12.isDisplayed(Unknown Source)
	at org.openqa.selenium.support.ui.ExpectedConditions.elementIfVisible(ExpectedConditions.java:315)
	at org.openqa.selenium.support.ui.ExpectedConditions.access$100(ExpectedConditions.java:44)
	at org.openqa.selenium.support.ui.ExpectedConditions$10.apply(ExpectedConditions.java:301)
	at org.openqa.selenium.support.ui.ExpectedConditions$10.apply(ExpectedConditions.java:298)
	at org.openqa.selenium.support.ui.ExpectedConditions$23.apply(ExpectedConditions.java:686)
	at org.openqa.selenium.support.ui.ExpectedConditions$23.apply(ExpectedConditions.java:682)
	at org.openqa.selenium.support.ui.FluentWait.until(FluentWait.java:248)
	at com.focus.Pages.BatchNegativeTestingOptionsPage.checkSavingSalesInvoiceVoucherWithLinks(BatchNegativeTestingOptionsPage.java:41739)
	at com.focus.testcases.BatchNegativeTestingOptionsTest.checkSavingSalesInvoiceVoucherWithLinks(BatchNegativeTestingOptionsTest.java:2851)
... Removed 24 stack frames</div></td></tr></table><p class="totop"><a href="#summary">back to summary</a></p><h3 id="m6">com.focus.testcases.BatchNegativeTestingOptionsTest#checksavingsalesInvoiceVATAfterTwoVouchersAuthorised</h3><table class="result"><tr><th>Messages</th></tr><tr><td><div class="messages">Completed executing following method : BatchNegativeTestingOptionsTest.checksavingsalesInvoiceVATAfterTwoVouchersAuthorised<br/>Test Method resides in com.focus.testcases.BatchNegativeTestingOptionsTest<br/>Test Status: Failed<br/>About to begin executing following method : BaseEngine.afterMethodExecution</div></td></tr><tr><th>Exception</th></tr><tr><td><div class="stacktrace">java.lang.AssertionError: expected [true] but found [false]
	at com.focus.testcases.BatchNegativeTestingOptionsTest.checksavingsalesInvoiceVATAfterTwoVouchersAuthorised(BatchNegativeTestingOptionsTest.java:3083)
... Removed 30 stack frames</div></td></tr></table><p class="totop"><a href="#summary">back to summary</a></p><h3 id="m7">com.focus.testcases.BatchNegativeTestingOptionsTest#chechAuthoriseVoucher2AfterAuthorisation1stVoucher</h3><table class="result"><tr><th>Messages</th></tr><tr><td><div class="messages">Completed executing following method : BatchNegativeTestingOptionsTest.chechAuthoriseVoucher2AfterAuthorisation1stVoucher<br/>Test Method resides in com.focus.testcases.BatchNegativeTestingOptionsTest<br/>Test Status: Pass<br/>About to begin executing following method : BaseEngine.afterMethodExecution</div></td></tr></table><p class="totop"><a href="#summary">back to summary</a></p><h3 id="m8">com.focus.testcases.BatchNegativeTestingOptionsTest#checkAddingLinkFromPurchaseVoucherVATToSalesInvoiceN</h3><table class="result"><tr><th>Messages</th></tr><tr><td><div class="messages">Completed executing following method : BatchNegativeTestingOptionsTest.checkAddingLinkFromPurchaseVoucherVATToSalesInvoiceN<br/>Test Method resides in com.focus.testcases.BatchNegativeTestingOptionsTest<br/>Test Status: Pass<br/>About to begin executing following method : BaseEngine.afterMethodExecution</div></td></tr></table><p class="totop"><a href="#summary">back to summary</a></p><h3 id="m9">com.focus.testcases.BatchNegativeTestingOptionsTest#checkAuthorisationOFSalesInvoiceDocumentWithoutEnablingInventoryOptionUnderkeepUnposted</h3><table class="result"><tr><th>Messages</th></tr><tr><td><div class="messages">Completed executing following method : BatchNegativeTestingOptionsTest.checkAuthorisationOFSalesInvoiceDocumentWithoutEnablingInventoryOptionUnderkeepUnposted<br/>Test Method resides in com.focus.testcases.BatchNegativeTestingOptionsTest<br/>Test Status: Pass<br/>About to begin executing following method : BaseEngine.afterMethodExecution</div></td></tr></table><p class="totop"><a href="#summary">back to summary</a></p><h3 id="m10">com.focus.testcases.BatchNegativeTestingOptionsTest#checkBatchPopupInSalesInvoiceVATVoucher2ByLoadingFromWorkflowAndSelectingSalesOrderDoc2</h3><table class="result"><tr><th>Messages</th></tr><tr><td><div class="messages">Completed executing following method : BatchNegativeTestingOptionsTest.checkBatchPopupInSalesInvoiceVATVoucher2ByLoadingFromWorkflowAndSelectingSalesOrderDoc2<br/>Test Method resides in com.focus.testcases.BatchNegativeTestingOptionsTest<br/>Test Status: Pass<br/>About to begin executing following method : BaseEngine.afterMethodExecution</div></td></tr></table><p class="totop"><a href="#summary">back to summary</a></p><h3 id="m11">com.focus.testcases.BatchNegativeTestingOptionsTest#checkBatchPopupInSalesInvoiceVATVoucher2ByLoadingFromWorkflowAndSelectingSalesOrderDoc2AfterEnablingInputBatchEvenIfStockIsNotUpdated</h3><table class="result"><tr><th>Messages</th></tr><tr><td><div class="messages">Completed executing following method : BatchNegativeTestingOptionsTest.checkBatchPopupInSalesInvoiceVATVoucher2ByLoadingFromWorkflowAndSelectingSalesOrderDoc2AfterEnablingInputBatchEvenIfStockIsNotUpdated<br/>Test Method resides in com.focus.testcases.BatchNegativeTestingOptionsTest<br/>Test Status: Pass<br/>About to begin executing following method : BaseEngine.afterMethodExecution</div></td></tr></table><p class="totop"><a href="#summary">back to summary</a></p><h3 id="m12">com.focus.testcases.BatchNegativeTestingOptionsTest#checkBatchPopupIsDisplayingWithValuesInSalesInvoiceVATVoucher1AfterEnablingAllowBatchNegativeQuantityOption</h3><table class="result"><tr><th>Messages</th></tr><tr><td><div class="messages">Completed executing following method : BatchNegativeTestingOptionsTest.checkBatchPopupIsDisplayingWithValuesInSalesInvoiceVATVoucher1AfterEnablingAllowBatchNegativeQuantityOption<br/>Test Method resides in com.focus.testcases.BatchNegativeTestingOptionsTest<br/>Test Status: Pass<br/>About to begin executing following method : BaseEngine.afterMethodExecution</div></td></tr></table><p class="totop"><a href="#summary">back to summary</a></p><h3 id="m13">com.focus.testcases.BatchNegativeTestingOptionsTest#checkBatchPopupIsDisplayingWithValuesInSalesInvoiceVATVoucher1AfterSavingPurchaseVoucher1</h3><table class="result"><tr><th>Messages</th></tr><tr><td><div class="messages">Completed executing following method : BatchNegativeTestingOptionsTest.checkBatchPopupIsDisplayingWithValuesInSalesInvoiceVATVoucher1AfterSavingPurchaseVoucher1<br/>Test Method resides in com.focus.testcases.BatchNegativeTestingOptionsTest<br/>Test Status: Pass<br/>About to begin executing following method : BaseEngine.afterMethodExecution</div></td></tr></table><p class="totop"><a href="#summary">back to summary</a></p><h3 id="m14">com.focus.testcases.BatchNegativeTestingOptionsTest#checkBatchPopupIsDisplayingWithValuesInSalesInvoiceVATVoucher1WithQuantity11</h3><table class="result"><tr><th>Messages</th></tr><tr><td><div class="messages">Completed executing following method : BatchNegativeTestingOptionsTest.checkBatchPopupIsDisplayingWithValuesInSalesInvoiceVATVoucher1WithQuantity11<br/>Test Method resides in com.focus.testcases.BatchNegativeTestingOptionsTest<br/>Test Status: Pass<br/>About to begin executing following method : BaseEngine.afterMethodExecution</div></td></tr></table><p class="totop"><a href="#summary">back to summary</a></p><h3 id="m15">com.focus.testcases.BatchNegativeTestingOptionsTest#checkBatchPopupValuesInDeliveryNoteVoucher1AfterSavingPurchaseVoucherVAT1</h3><table class="result"><tr><th>Messages</th></tr><tr><td><div class="messages">Completed executing following method : BatchNegativeTestingOptionsTest.checkBatchPopupValuesInDeliveryNoteVoucher1AfterSavingPurchaseVoucherVAT1<br/>Test Method resides in com.focus.testcases.BatchNegativeTestingOptionsTest<br/>Test Status: Pass<br/>About to begin executing following method : BaseEngine.afterMethodExecution</div></td></tr></table><p class="totop"><a href="#summary">back to summary</a></p><h3 id="m16">com.focus.testcases.BatchNegativeTestingOptionsTest#checkChangingBatchInPurchaseVoucherVATAfterAfterBatchConsumed</h3><table class="result"><tr><th>Messages</th></tr><tr><td><div class="messages">Completed executing following method : BatchNegativeTestingOptionsTest.checkChangingBatchInPurchaseVoucherVATAfterAfterBatchConsumed<br/>Test Method resides in com.focus.testcases.BatchNegativeTestingOptionsTest<br/>Test Status: Pass<br/>About to begin executing following method : BaseEngine.afterMethodExecution</div></td></tr></table><p class="totop"><a href="#summary">back to summary</a></p><h3 id="m17">com.focus.testcases.BatchNegativeTestingOptionsTest#checkChangingBatchNameInPVVATAfterBatchConsumed</h3><table class="result"><tr><th>Messages</th></tr><tr><td><div class="messages">Completed executing following method : BatchNegativeTestingOptionsTest.checkChangingBatchNameInPVVATAfterBatchConsumed<br/>Test Method resides in com.focus.testcases.BatchNegativeTestingOptionsTest<br/>Test Status: Pass<br/>About to begin executing following method : BaseEngine.afterMethodExecution</div></td></tr></table><p class="totop"><a href="#summary">back to summary</a></p><h3 id="m18">com.focus.testcases.BatchNegativeTestingOptionsTest#checkChangingItemAndBatchAndWareHouseInConsumedPVVAT</h3><table class="result"><tr><th>Messages</th></tr><tr><td><div class="messages">Completed executing following method : BatchNegativeTestingOptionsTest.checkChangingItemAndBatchAndWareHouseInConsumedPVVAT<br/>Test Method resides in com.focus.testcases.BatchNegativeTestingOptionsTest<br/>Test Status: Pass<br/>About to begin executing following method : BaseEngine.afterMethodExecution</div></td></tr></table><p class="totop"><a href="#summary">back to summary</a></p><h3 id="m19">com.focus.testcases.BatchNegativeTestingOptionsTest#checkChangingItemInPvVAT</h3><table class="result"><tr><th>Messages</th></tr><tr><td><div class="messages">Completed executing following method : BatchNegativeTestingOptionsTest.checkChangingItemInPvVAT<br/>Test Method resides in com.focus.testcases.BatchNegativeTestingOptionsTest<br/>Test Status: Pass<br/>About to begin executing following method : BaseEngine.afterMethodExecution</div></td></tr></table><p class="totop"><a href="#summary">back to summary</a></p><h3 id="m20">com.focus.testcases.BatchNegativeTestingOptionsTest#checkChangingQtyInPurVouVATAfterSavingSalesOrder</h3><table class="result"><tr><th>Messages</th></tr><tr><td><div class="messages">Completed executing following method : BatchNegativeTestingOptionsTest.checkChangingQtyInPurVouVATAfterSavingSalesOrder<br/>Test Method resides in com.focus.testcases.BatchNegativeTestingOptionsTest<br/>Test Status: Pass<br/>About to begin executing following method : BaseEngine.afterMethodExecution</div></td></tr></table><p class="totop"><a href="#summary">back to summary</a></p><h3 id="m21">com.focus.testcases.BatchNegativeTestingOptionsTest#checkChangingQtyinPurVoucherAfterSalesOrderVouSuspended</h3><table class="result"><tr><th>Messages</th></tr><tr><td><div class="messages">Completed executing following method : BatchNegativeTestingOptionsTest.checkChangingQtyinPurVoucherAfterSalesOrderVouSuspended<br/>Test Method resides in com.focus.testcases.BatchNegativeTestingOptionsTest<br/>Test Status: Pass<br/>About to begin executing following method : BaseEngine.afterMethodExecution</div></td></tr></table><p class="totop"><a href="#summary">back to summary</a></p><h3 id="m22">com.focus.testcases.BatchNegativeTestingOptionsTest#checkChangingQuantityInPurchaseVoucherAfterBatchConsumed</h3><table class="result"><tr><th>Messages</th></tr><tr><td><div class="messages">Completed executing following method : BatchNegativeTestingOptionsTest.checkChangingQuantityInPurchaseVoucherAfterBatchConsumed<br/>Test Method resides in com.focus.testcases.BatchNegativeTestingOptionsTest<br/>Test Status: Pass<br/>About to begin executing following method : BaseEngine.afterMethodExecution</div></td></tr></table><p class="totop"><a href="#summary">back to summary</a></p><h3 id="m23">com.focus.testcases.BatchNegativeTestingOptionsTest#checkChangingQunatityInPurchaseVoucherAfterConsumed</h3><table class="result"><tr><th>Messages</th></tr><tr><td><div class="messages">Completed executing following method : BatchNegativeTestingOptionsTest.checkChangingQunatityInPurchaseVoucherAfterConsumed<br/>Test Method resides in com.focus.testcases.BatchNegativeTestingOptionsTest<br/>Test Status: Pass<br/>About to begin executing following method : BaseEngine.afterMethodExecution</div></td></tr></table><p class="totop"><a href="#summary">back to summary</a></p><h3 id="m24">com.focus.testcases.BatchNegativeTestingOptionsTest#checkChangingWarehouseInPVVATAfterAfterBatchConsumed</h3><table class="result"><tr><th>Messages</th></tr><tr><td><div class="messages">Completed executing following method : BatchNegativeTestingOptionsTest.checkChangingWarehouseInPVVATAfterAfterBatchConsumed<br/>Test Method resides in com.focus.testcases.BatchNegativeTestingOptionsTest<br/>Test Status: Pass<br/>About to begin executing following method : BaseEngine.afterMethodExecution</div></td></tr></table><p class="totop"><a href="#summary">back to summary</a></p><h3 id="m25">com.focus.testcases.BatchNegativeTestingOptionsTest#checkDefineAuthorizationOnSalesOrderDocumentWithKeepUnpostingReservationsOption</h3><table class="result"><tr><th>Messages</th></tr><tr><td><div class="messages">Completed executing following method : BatchNegativeTestingOptionsTest.checkDefineAuthorizationOnSalesOrderDocumentWithKeepUnpostingReservationsOption<br/>Test Method resides in com.focus.testcases.BatchNegativeTestingOptionsTest<br/>Test Status: Pass<br/>About to begin executing following method : BaseEngine.afterMethodExecution</div></td></tr></table><p class="totop"><a href="#summary">back to summary</a></p><h3 id="m26">com.focus.testcases.BatchNegativeTestingOptionsTest#checkDefineAuthorizationWithoutKeepunpostingOptionOnInventoryDocumentInSalesOrder</h3><table class="result"><tr><th>Messages</th></tr><tr><td><div class="messages">Completed executing following method : BatchNegativeTestingOptionsTest.checkDefineAuthorizationWithoutKeepunpostingOptionOnInventoryDocumentInSalesOrder<br/>Test Method resides in com.focus.testcases.BatchNegativeTestingOptionsTest<br/>Test Status: Pass<br/>About to begin executing following method : BaseEngine.afterMethodExecution</div></td></tr></table><p class="totop"><a href="#summary">back to summary</a></p><h3 id="m27">com.focus.testcases.BatchNegativeTestingOptionsTest#checkDeletingPurchasVatVoucherAfterBatchConsumedinSalesInvoice</h3><table class="result"><tr><th>Messages</th></tr><tr><td><div class="messages">Completed executing following method : BatchNegativeTestingOptionsTest.checkDeletingPurchasVatVoucherAfterBatchConsumedinSalesInvoice<br/>Test Method resides in com.focus.testcases.BatchNegativeTestingOptionsTest<br/>Test Status: Pass<br/>About to begin executing following method : BaseEngine.afterMethodExecution</div></td></tr></table><p class="totop"><a href="#summary">back to summary</a></p><h3 id="m28">com.focus.testcases.BatchNegativeTestingOptionsTest#checkDeletingPurchaseReturnsVoucher1And2</h3><table class="result"><tr><th>Messages</th></tr><tr><td><div class="messages">Completed executing following method : BatchNegativeTestingOptionsTest.checkDeletingPurchaseReturnsVoucher1And2<br/>Test Method resides in com.focus.testcases.BatchNegativeTestingOptionsTest<br/>Test Status: Pass<br/>About to begin executing following method : BaseEngine.afterMethodExecution</div></td></tr></table><p class="totop"><a href="#summary">back to summary</a></p><h3 id="m29">com.focus.testcases.BatchNegativeTestingOptionsTest#checkDeletingPurchaseReturnsVoucher1ForSixtyNinthScenario</h3><table class="result"><tr><th>Messages</th></tr><tr><td><div class="messages">Completed executing following method : BatchNegativeTestingOptionsTest.checkDeletingPurchaseReturnsVoucher1ForSixtyNinthScenario<br/>Test Method resides in com.focus.testcases.BatchNegativeTestingOptionsTest<br/>Test Status: Pass<br/>About to begin executing following method : BaseEngine.afterMethodExecution</div></td></tr></table><p class="totop"><a href="#summary">back to summary</a></p><h3 id="m30">com.focus.testcases.BatchNegativeTestingOptionsTest#checkDeletingPurchaseVoucherVATAfterBatchConsumedInSalesInvoiceVat</h3><table class="result"><tr><th>Messages</th></tr><tr><td><div class="messages">Completed executing following method : BatchNegativeTestingOptionsTest.checkDeletingPurchaseVoucherVATAfterBatchConsumedInSalesInvoiceVat<br/>Test Method resides in com.focus.testcases.BatchNegativeTestingOptionsTest<br/>Test Status: Pass<br/>About to begin executing following method : BaseEngine.afterMethodExecution</div></td></tr></table><p class="totop"><a href="#summary">back to summary</a></p><h3 id="m31">com.focus.testcases.BatchNegativeTestingOptionsTest#checkDeletingSalesInvoiceNVoucher1ForSixtyFourthScenario</h3><table class="result"><tr><th>Messages</th></tr><tr><td><div class="messages">Completed executing following method : BatchNegativeTestingOptionsTest.checkDeletingSalesInvoiceNVoucher1ForSixtyFourthScenario<br/>Test Method resides in com.focus.testcases.BatchNegativeTestingOptionsTest<br/>Test Status: Pass<br/>About to begin executing following method : BaseEngine.afterMethodExecution</div></td></tr></table><p class="totop"><a href="#summary">back to summary</a></p><h3 id="m32">com.focus.testcases.BatchNegativeTestingOptionsTest#checkDeletingSalesInvoiceVATVoucher1AfterAddingSalesInvoiceNInDesignWorkFlow</h3><table class="result"><tr><th>Messages</th></tr><tr><td><div class="messages">Completed executing following method : BatchNegativeTestingOptionsTest.checkDeletingSalesInvoiceVATVoucher1AfterAddingSalesInvoiceNInDesignWorkFlow<br/>Test Method resides in com.focus.testcases.BatchNegativeTestingOptionsTest<br/>Test Status: Pass<br/>About to begin executing following method : BaseEngine.afterMethodExecution</div></td></tr></table><p class="totop"><a href="#summary">back to summary</a></p><h3 id="m33">com.focus.testcases.BatchNegativeTestingOptionsTest#checkDeletingSalesInvoiceVATVoucher1AfterChangingWarehouseInPurchaseVoucher</h3><table class="result"><tr><th>Messages</th></tr><tr><td><div class="messages">Completed executing following method : BatchNegativeTestingOptionsTest.checkDeletingSalesInvoiceVATVoucher1AfterChangingWarehouseInPurchaseVoucher<br/>Test Method resides in com.focus.testcases.BatchNegativeTestingOptionsTest<br/>Test Status: Pass<br/>About to begin executing following method : BaseEngine.afterMethodExecution</div></td></tr></table><p class="totop"><a href="#summary">back to summary</a></p><h3 id="m34">com.focus.testcases.BatchNegativeTestingOptionsTest#checkDeletingSalesInvoiceVATVoucher1ForSavingWithConsumingPartially</h3><table class="result"><tr><th>Messages</th></tr><tr><td><div class="messages">Completed executing following method : BatchNegativeTestingOptionsTest.checkDeletingSalesInvoiceVATVoucher1ForSavingWithConsumingPartially<br/>Test Method resides in com.focus.testcases.BatchNegativeTestingOptionsTest<br/>Test Status: Pass<br/>About to begin executing following method : BaseEngine.afterMethodExecution</div></td></tr></table><p class="totop"><a href="#summary">back to summary</a></p><h3 id="m35">com.focus.testcases.BatchNegativeTestingOptionsTest#checkDeletingVoucherInSIAndSuspendingVoucherInSO</h3><table class="result"><tr><th>Messages</th></tr><tr><td><div class="messages">Completed executing following method : BatchNegativeTestingOptionsTest.checkDeletingVoucherInSIAndSuspendingVoucherInSO<br/>Test Method resides in com.focus.testcases.BatchNegativeTestingOptionsTest<br/>Test Status: Pass<br/>About to begin executing following method : BaseEngine.afterMethodExecution</div></td></tr></table><p class="totop"><a href="#summary">back to summary</a></p><h3 id="m36">com.focus.testcases.BatchNegativeTestingOptionsTest#checkDeletingVoucherInSalesInvoiceVATWhenStatusInPending</h3><table class="result"><tr><th>Messages</th></tr><tr><td><div class="messages">Completed executing following method : BatchNegativeTestingOptionsTest.checkDeletingVoucherInSalesInvoiceVATWhenStatusInPending<br/>Test Method resides in com.focus.testcases.BatchNegativeTestingOptionsTest<br/>Test Status: Pass<br/>About to begin executing following method : BaseEngine.afterMethodExecution</div></td></tr></table><p class="totop"><a href="#summary">back to summary</a></p><h3 id="m37">com.focus.testcases.BatchNegativeTestingOptionsTest#checkDeletingVoucherInSalesInvoiceWithAuthorisationStatusPending</h3><table class="result"><tr><th>Messages</th></tr><tr><td><div class="messages">Completed executing following method : BatchNegativeTestingOptionsTest.checkDeletingVoucherInSalesInvoiceWithAuthorisationStatusPending<br/>Test Method resides in com.focus.testcases.BatchNegativeTestingOptionsTest<br/>Test Status: Pass<br/>About to begin executing following method : BaseEngine.afterMethodExecution</div></td></tr></table><p class="totop"><a href="#summary">back to summary</a></p><h3 id="m38">com.focus.testcases.BatchNegativeTestingOptionsTest#checkDeletingVoucherInsalesOrder</h3><table class="result"><tr><th>Messages</th></tr><tr><td><div class="messages">Completed executing following method : BatchNegativeTestingOptionsTest.checkDeletingVoucherInsalesOrder<br/>Test Method resides in com.focus.testcases.BatchNegativeTestingOptionsTest<br/>Test Status: Pass<br/>About to begin executing following method : BaseEngine.afterMethodExecution</div></td></tr></table><p class="totop"><a href="#summary">back to summary</a></p><h3 id="m39">com.focus.testcases.BatchNegativeTestingOptionsTest#checkDisablingAllowNegativeBatchQuantityOption</h3><table class="result"><tr><th>Messages</th></tr><tr><td><div class="messages">Completed executing following method : BatchNegativeTestingOptionsTest.checkDisablingAllowNegativeBatchQuantityOption<br/>Test Method resides in com.focus.testcases.BatchNegativeTestingOptionsTest<br/>Test Status: Pass<br/>About to begin executing following method : BaseEngine.afterMethodExecution</div></td></tr></table><p class="totop"><a href="#summary">back to summary</a></p><h3 id="m40">com.focus.testcases.BatchNegativeTestingOptionsTest#checkEditingQtyInPVVATAfterSavingSalesInvoiceVAT</h3><table class="result"><tr><th>Messages</th></tr><tr><td><div class="messages">Completed executing following method : BatchNegativeTestingOptionsTest.checkEditingQtyInPVVATAfterSavingSalesInvoiceVAT<br/>Test Method resides in com.focus.testcases.BatchNegativeTestingOptionsTest<br/>Test Status: Pass<br/>About to begin executing following method : BaseEngine.afterMethodExecution</div></td></tr></table><p class="totop"><a href="#summary">back to summary</a></p><h3 id="m41">com.focus.testcases.BatchNegativeTestingOptionsTest#checkEnableInputBatchEvenStockIsNotUpdatedOptionInSalesOrder</h3><table class="result"><tr><th>Messages</th></tr><tr><td><div class="messages">Completed executing following method : BatchNegativeTestingOptionsTest.checkEnableInputBatchEvenStockIsNotUpdatedOptionInSalesOrder<br/>Test Method resides in com.focus.testcases.BatchNegativeTestingOptionsTest<br/>Test Status: Pass<br/>About to begin executing following method : BaseEngine.afterMethodExecution</div></td></tr></table><p class="totop"><a href="#summary">back to summary</a></p><h3 id="m42">com.focus.testcases.BatchNegativeTestingOptionsTest#checkEnablingAllowNegativeBatchQuantityOption</h3><table class="result"><tr><th>Messages</th></tr><tr><td><div class="messages">Completed executing following method : BatchNegativeTestingOptionsTest.checkEnablingAllowNegativeBatchQuantityOption<br/>Test Method resides in com.focus.testcases.BatchNegativeTestingOptionsTest<br/>Test Status: Pass<br/>About to begin executing following method : BaseEngine.afterMethodExecution</div></td></tr></table><p class="totop"><a href="#summary">back to summary</a></p><h3 id="m43">com.focus.testcases.BatchNegativeTestingOptionsTest#checkEnablingDoNotClubWithCommonBaseFromPurchaseVoucherVATToSalesInvoiceN</h3><table class="result"><tr><th>Messages</th></tr><tr><td><div class="messages">Completed executing following method : BatchNegativeTestingOptionsTest.checkEnablingDoNotClubWithCommonBaseFromPurchaseVoucherVATToSalesInvoiceN<br/>Test Method resides in com.focus.testcases.BatchNegativeTestingOptionsTest<br/>Test Status: Pass<br/>About to begin executing following method : BaseEngine.afterMethodExecution</div></td></tr></table><p class="totop"><a href="#summary">back to summary</a></p><h3 id="m44">com.focus.testcases.BatchNegativeTestingOptionsTest#checkEnablingInputBatchEvenIfStockIsNotUpdatedInSalesOrderVoucher</h3><table class="result"><tr><th>Messages</th></tr><tr><td><div class="messages">Completed executing following method : BatchNegativeTestingOptionsTest.checkEnablingInputBatchEvenIfStockIsNotUpdatedInSalesOrderVoucher<br/>Test Method resides in com.focus.testcases.BatchNegativeTestingOptionsTest<br/>Test Status: Pass<br/>About to begin executing following method : BaseEngine.afterMethodExecution</div></td></tr></table><p class="totop"><a href="#summary">back to summary</a></p><h3 id="m45">com.focus.testcases.BatchNegativeTestingOptionsTest#checkEnablingInventoryoptionUnderkeepUnpostedInTransdactionAuthorisationOfSalesType</h3><table class="result"><tr><th>Messages</th></tr><tr><td><div class="messages">Completed executing following method : BatchNegativeTestingOptionsTest.checkEnablingInventoryoptionUnderkeepUnpostedInTransdactionAuthorisationOfSalesType<br/>Test Method resides in com.focus.testcases.BatchNegativeTestingOptionsTest<br/>Test Status: Pass<br/>About to begin executing following method : BaseEngine.afterMethodExecution</div></td></tr></table><p class="totop"><a href="#summary">back to summary</a></p><h3 id="m46">com.focus.testcases.BatchNegativeTestingOptionsTest#checkEraseAllDATA</h3><table class="result"><tr><th>Messages</th></tr><tr><td><div class="messages">Completed executing following method : BatchNegativeTestingOptionsTest.checkEraseAllDATA<br/>Test Method resides in com.focus.testcases.BatchNegativeTestingOptionsTest<br/>Test Status: Pass<br/>About to begin executing following method : BaseEngine.afterMethodExecution</div></td></tr></table><p class="totop"><a href="#summary">back to summary</a></p><h3 id="m47">com.focus.testcases.BatchNegativeTestingOptionsTest#checkEraseAllTransactionsLogoutAndLogin</h3><table class="result"><tr><th>Messages</th></tr><tr><td><div class="messages">Completed executing following method : BatchNegativeTestingOptionsTest.checkEraseAllTransactionsLogoutAndLogin<br/>Test Method resides in com.focus.testcases.BatchNegativeTestingOptionsTest<br/>Test Status: Pass<br/>About to begin executing following method : BaseEngine.afterMethodExecution</div></td></tr></table><p class="totop"><a href="#summary">back to summary</a></p><h3 id="m48">com.focus.testcases.BatchNegativeTestingOptionsTest#checkEraseAllTransactionsLogoutAndLoginAfterAllowNegativeBatchQuantityOption</h3><table class="result"><tr><th>Messages</th></tr><tr><td><div class="messages">Completed executing following method : BatchNegativeTestingOptionsTest.checkEraseAllTransactionsLogoutAndLoginAfterAllowNegativeBatchQuantityOption<br/>Test Method resides in com.focus.testcases.BatchNegativeTestingOptionsTest<br/>Test Status: Pass<br/>About to begin executing following method : BaseEngine.afterMethodExecution</div></td></tr></table><p class="totop"><a href="#summary">back to summary</a></p><h3 id="m49">com.focus.testcases.BatchNegativeTestingOptionsTest#checkEraseAllTransactionsLogoutAndLoginAfterConsolidateBatchesByBatchNoOption</h3><table class="result"><tr><th>Messages</th></tr><tr><td><div class="messages">Completed executing following method : BatchNegativeTestingOptionsTest.checkEraseAllTransactionsLogoutAndLoginAfterConsolidateBatchesByBatchNoOption<br/>Test Method resides in com.focus.testcases.BatchNegativeTestingOptionsTest<br/>Test Status: Pass<br/>About to begin executing following method : BaseEngine.afterMethodExecution</div></td></tr></table><p class="totop"><a href="#summary">back to summary</a></p><h3 id="m50">com.focus.testcases.BatchNegativeTestingOptionsTest#checkEraseAllTransactionsLogoutAndLoginAfterExpiryDatesForBatchOption</h3><table class="result"><tr><th>Messages</th></tr><tr><td><div class="messages">Completed executing following method : BatchNegativeTestingOptionsTest.checkEraseAllTransactionsLogoutAndLoginAfterExpiryDatesForBatchOption<br/>Test Method resides in com.focus.testcases.BatchNegativeTestingOptionsTest<br/>Test Status: Pass<br/>About to begin executing following method : BaseEngine.afterMethodExecution</div></td></tr></table><p class="totop"><a href="#summary">back to summary</a></p><h3 id="m51">com.focus.testcases.BatchNegativeTestingOptionsTest#checkEraseAllTransactionsLogoutAndLoginForSeventyForthScenario</h3><table class="result"><tr><th>Messages</th></tr><tr><td><div class="messages">Completed executing following method : BatchNegativeTestingOptionsTest.checkEraseAllTransactionsLogoutAndLoginForSeventyForthScenario<br/>Test Method resides in com.focus.testcases.BatchNegativeTestingOptionsTest<br/>Test Status: Pass<br/>About to begin executing following method : BaseEngine.afterMethodExecution</div></td></tr></table><p class="totop"><a href="#summary">back to summary</a></p><h3 id="m52">com.focus.testcases.BatchNegativeTestingOptionsTest#checkEraseAllTransactionsLogoutAndLoginForSeventyOneScenario</h3><table class="result"><tr><th>Messages</th></tr><tr><td><div class="messages">Completed executing following method : BatchNegativeTestingOptionsTest.checkEraseAllTransactionsLogoutAndLoginForSeventyOneScenario<br/>Test Method resides in com.focus.testcases.BatchNegativeTestingOptionsTest<br/>Test Status: Pass<br/>About to begin executing following method : BaseEngine.afterMethodExecution</div></td></tr></table><p class="totop"><a href="#summary">back to summary</a></p><h3 id="m53">com.focus.testcases.BatchNegativeTestingOptionsTest#checkEraseAllTransactionsLogoutAndLoginForSixtyEightScenario</h3><table class="result"><tr><th>Messages</th></tr><tr><td><div class="messages">Completed executing following method : BatchNegativeTestingOptionsTest.checkEraseAllTransactionsLogoutAndLoginForSixtyEightScenario<br/>Test Method resides in com.focus.testcases.BatchNegativeTestingOptionsTest<br/>Test Status: Pass<br/>About to begin executing following method : BaseEngine.afterMethodExecution</div></td></tr></table><p class="totop"><a href="#summary">back to summary</a></p><h3 id="m54">com.focus.testcases.BatchNegativeTestingOptionsTest#checkEraseAllTransactionsLogoutAndLoginForSixtyFifthScenario</h3><table class="result"><tr><th>Messages</th></tr><tr><td><div class="messages">Completed executing following method : BatchNegativeTestingOptionsTest.checkEraseAllTransactionsLogoutAndLoginForSixtyFifthScenario<br/>Test Method resides in com.focus.testcases.BatchNegativeTestingOptionsTest<br/>Test Status: Pass<br/>About to begin executing following method : BaseEngine.afterMethodExecution</div></td></tr></table><p class="totop"><a href="#summary">back to summary</a></p><h3 id="m55">com.focus.testcases.BatchNegativeTestingOptionsTest#checkEraseAllTransactionsLogoutAndLoginForSixtySixthScenario</h3><table class="result"><tr><th>Messages</th></tr><tr><td><div class="messages">Completed executing following method : BatchNegativeTestingOptionsTest.checkEraseAllTransactionsLogoutAndLoginForSixtySixthScenario<br/>Test Method resides in com.focus.testcases.BatchNegativeTestingOptionsTest<br/>Test Status: Pass<br/>About to begin executing following method : BaseEngine.afterMethodExecution</div></td></tr></table><p class="totop"><a href="#summary">back to summary</a></p><h3 id="m56">com.focus.testcases.BatchNegativeTestingOptionsTest#checkEraseAllTransactionsLogoutAndLoginSeventySixthScenario</h3><table class="result"><tr><th>Messages</th></tr><tr><td><div class="messages">Completed executing following method : BatchNegativeTestingOptionsTest.checkEraseAllTransactionsLogoutAndLoginSeventySixthScenario<br/>Test Method resides in com.focus.testcases.BatchNegativeTestingOptionsTest<br/>Test Status: Pass<br/>About to begin executing following method : BaseEngine.afterMethodExecution</div></td></tr></table><p class="totop"><a href="#summary">back to summary</a></p><h3 id="m57">com.focus.testcases.BatchNegativeTestingOptionsTest#checkLinksInSalesInvoiceAfterSavingSalesOrder</h3><table class="result"><tr><th>Messages</th></tr><tr><td><div class="messages">Completed executing following method : BatchNegativeTestingOptionsTest.checkLinksInSalesInvoiceAfterSavingSalesOrder<br/>Test Method resides in com.focus.testcases.BatchNegativeTestingOptionsTest<br/>Test Status: Pass<br/>About to begin executing following method : BaseEngine.afterMethodExecution</div></td></tr></table><p class="totop"><a href="#summary">back to summary</a></p><h3 id="m58">com.focus.testcases.BatchNegativeTestingOptionsTest#checkLoadingWorkflowInSalesInvoiceNVoucher1AfterFullConsumingInPurchaseReturns</h3><table class="result"><tr><th>Messages</th></tr><tr><td><div class="messages">Completed executing following method : BatchNegativeTestingOptionsTest.checkLoadingWorkflowInSalesInvoiceNVoucher1AfterFullConsumingInPurchaseReturns<br/>Test Method resides in com.focus.testcases.BatchNegativeTestingOptionsTest<br/>Test Status: Pass<br/>About to begin executing following method : BaseEngine.afterMethodExecution</div></td></tr></table><p class="totop"><a href="#summary">back to summary</a></p><h3 id="m59">com.focus.testcases.BatchNegativeTestingOptionsTest#checkLoginToAuthoriseUserForSalesAuthorisation</h3><table class="result"><tr><th>Messages</th></tr><tr><td><div class="messages">Completed executing following method : BatchNegativeTestingOptionsTest.checkLoginToAuthoriseUserForSalesAuthorisation<br/>Test Method resides in com.focus.testcases.BatchNegativeTestingOptionsTest<br/>Test Status: Pass<br/>About to begin executing following method : BaseEngine.afterMethodExecution</div></td></tr></table><p class="totop"><a href="#summary">back to summary</a></p><h3 id="m60">com.focus.testcases.BatchNegativeTestingOptionsTest#checkLoginToSuperUserAndSavingSalesInvioceVAT2AfterAuthorisation</h3><table class="result"><tr><th>Messages</th></tr><tr><td><div class="messages">Completed executing following method : BatchNegativeTestingOptionsTest.checkLoginToSuperUserAndSavingSalesInvioceVAT2AfterAuthorisation<br/>Test Method resides in com.focus.testcases.BatchNegativeTestingOptionsTest<br/>Test Status: Pass<br/>About to begin executing following method : BaseEngine.afterMethodExecution</div></td></tr></table><p class="totop"><a href="#summary">back to summary</a></p><h3 id="m61">com.focus.testcases.BatchNegativeTestingOptionsTest#checkLoginToUserAllOptionsToAuthoriseSalesVouchers1</h3><table class="result"><tr><th>Messages</th></tr><tr><td><div class="messages">Completed executing following method : BatchNegativeTestingOptionsTest.checkLoginToUserAllOptionsToAuthoriseSalesVouchers1<br/>Test Method resides in com.focus.testcases.BatchNegativeTestingOptionsTest<br/>Test Status: Pass<br/>About to begin executing following method : BaseEngine.afterMethodExecution</div></td></tr></table><p class="totop"><a href="#summary">back to summary</a></p><h3 id="m62">com.focus.testcases.BatchNegativeTestingOptionsTest#checkLoginToUserForAuthorisationINSalesOrder</h3><table class="result"><tr><th>Messages</th></tr><tr><td><div class="messages">Completed executing following method : BatchNegativeTestingOptionsTest.checkLoginToUserForAuthorisationINSalesOrder<br/>Test Method resides in com.focus.testcases.BatchNegativeTestingOptionsTest<br/>Test Status: Pass<br/>About to begin executing following method : BaseEngine.afterMethodExecution</div></td></tr></table><p class="totop"><a href="#summary">back to summary</a></p><h3 id="m63">com.focus.testcases.BatchNegativeTestingOptionsTest#checkLoginToUserallOptionsForAuthoriseSalesOrder</h3><table class="result"><tr><th>Messages</th></tr><tr><td><div class="messages">Completed executing following method : BatchNegativeTestingOptionsTest.checkLoginToUserallOptionsForAuthoriseSalesOrder<br/>Test Method resides in com.focus.testcases.BatchNegativeTestingOptionsTest<br/>Test Status: Pass<br/>About to begin executing following method : BaseEngine.afterMethodExecution</div></td></tr></table><p class="totop"><a href="#summary">back to summary</a></p><h3 id="m64">com.focus.testcases.BatchNegativeTestingOptionsTest#checkLogintoSuperUseAndSavingSalesInvoice2After1stVoucherAuthorised</h3><table class="result"><tr><th>Messages</th></tr><tr><td><div class="messages">Completed executing following method : BatchNegativeTestingOptionsTest.checkLogintoSuperUseAndSavingSalesInvoice2After1stVoucherAuthorised<br/>Test Method resides in com.focus.testcases.BatchNegativeTestingOptionsTest<br/>Test Status: Pass<br/>About to begin executing following method : BaseEngine.afterMethodExecution</div></td></tr></table><p class="totop"><a href="#summary">back to summary</a></p><h3 id="m65">com.focus.testcases.BatchNegativeTestingOptionsTest#checkLogoutAndLogin</h3><table class="result"><tr><th>Messages</th></tr><tr><td><div class="messages">Completed executing following method : BatchNegativeTestingOptionsTest.checkLogoutAndLogin<br/>Test Method resides in com.focus.testcases.BatchNegativeTestingOptionsTest<br/>Test Status: Pass<br/>About to begin executing following method : BaseEngine.afterMethodExecution</div></td></tr></table><p class="totop"><a href="#summary">back to summary</a></p><h3 id="m66">com.focus.testcases.BatchNegativeTestingOptionsTest#checkLogoutAndLoginAfterDisablingAllowNegativeBatchQuantityOption</h3><table class="result"><tr><th>Messages</th></tr><tr><td><div class="messages">Completed executing following method : BatchNegativeTestingOptionsTest.checkLogoutAndLoginAfterDisablingAllowNegativeBatchQuantityOption<br/>Test Method resides in com.focus.testcases.BatchNegativeTestingOptionsTest<br/>Test Status: Pass<br/>About to begin executing following method : BaseEngine.afterMethodExecution</div></td></tr></table><p class="totop"><a href="#summary">back to summary</a></p><h3 id="m67">com.focus.testcases.BatchNegativeTestingOptionsTest#checkReSavingPurchaseReturnsVoucher1AfterConsumingFullQuantityInPurchaseReturnsVoucher2</h3><table class="result"><tr><th>Messages</th></tr><tr><td><div class="messages">Completed executing following method : BatchNegativeTestingOptionsTest.checkReSavingPurchaseReturnsVoucher1AfterConsumingFullQuantityInPurchaseReturnsVoucher2<br/>Test Method resides in com.focus.testcases.BatchNegativeTestingOptionsTest<br/>Test Status: Pass<br/>About to begin executing following method : BaseEngine.afterMethodExecution</div></td></tr></table><p class="totop"><a href="#summary">back to summary</a></p><h3 id="m68">com.focus.testcases.BatchNegativeTestingOptionsTest#checkReSavingPurchaseReturnsVoucher1ByLoadingWorkFlow</h3><table class="result"><tr><th>Messages</th></tr><tr><td><div class="messages">Completed executing following method : BatchNegativeTestingOptionsTest.checkReSavingPurchaseReturnsVoucher1ByLoadingWorkFlow<br/>Test Method resides in com.focus.testcases.BatchNegativeTestingOptionsTest<br/>Test Status: Pass<br/>About to begin executing following method : BaseEngine.afterMethodExecution</div></td></tr></table><p class="totop"><a href="#summary">back to summary</a></p><h3 id="m69">com.focus.testcases.BatchNegativeTestingOptionsTest#checkReSavingPurchaseVoucherVATVoucher1ByBatchNoIn1stRow</h3><table class="result"><tr><th>Messages</th></tr><tr><td><div class="messages">Completed executing following method : BatchNegativeTestingOptionsTest.checkReSavingPurchaseVoucherVATVoucher1ByBatchNoIn1stRow<br/>Test Method resides in com.focus.testcases.BatchNegativeTestingOptionsTest<br/>Test Status: Pass<br/>About to begin executing following method : BaseEngine.afterMethodExecution</div></td></tr></table><p class="totop"><a href="#summary">back to summary</a></p><h3 id="m70">com.focus.testcases.BatchNegativeTestingOptionsTest#checkReSavingPurchaseVoucherVATVoucher1ByBatchNoIn2ndRow</h3><table class="result"><tr><th>Messages</th></tr><tr><td><div class="messages">Completed executing following method : BatchNegativeTestingOptionsTest.checkReSavingPurchaseVoucherVATVoucher1ByBatchNoIn2ndRow<br/>Test Method resides in com.focus.testcases.BatchNegativeTestingOptionsTest<br/>Test Status: Pass<br/>About to begin executing following method : BaseEngine.afterMethodExecution</div></td></tr></table><p class="totop"><a href="#summary">back to summary</a></p><h3 id="m71">com.focus.testcases.BatchNegativeTestingOptionsTest#checkReSavingPurchaseVoucherVATVoucher1ByChangingExpiryDate</h3><table class="result"><tr><th>Messages</th></tr><tr><td><div class="messages">Completed executing following method : BatchNegativeTestingOptionsTest.checkReSavingPurchaseVoucherVATVoucher1ByChangingExpiryDate<br/>Test Method resides in com.focus.testcases.BatchNegativeTestingOptionsTest<br/>Test Status: Pass<br/>About to begin executing following method : BaseEngine.afterMethodExecution</div></td></tr></table><p class="totop"><a href="#summary">back to summary</a></p><h3 id="m72">com.focus.testcases.BatchNegativeTestingOptionsTest#checkReSavingPurchaseVoucherVATVoucher1ByChangingExpiryDateAfterConsumingFullQuantityInSalesInvoice</h3><table class="result"><tr><th>Messages</th></tr><tr><td><div class="messages">Completed executing following method : BatchNegativeTestingOptionsTest.checkReSavingPurchaseVoucherVATVoucher1ByChangingExpiryDateAfterConsumingFullQuantityInSalesInvoice<br/>Test Method resides in com.focus.testcases.BatchNegativeTestingOptionsTest<br/>Test Status: Pass<br/>About to begin executing following method : BaseEngine.afterMethodExecution</div></td></tr></table><p class="totop"><a href="#summary">back to summary</a></p><h3 id="m73">com.focus.testcases.BatchNegativeTestingOptionsTest#checkReSavingPurchaseVoucherVATVoucher1ByChangingItemToBATCHBRITEMIn1stRow</h3><table class="result"><tr><th>Messages</th></tr><tr><td><div class="messages">Completed executing following method : BatchNegativeTestingOptionsTest.checkReSavingPurchaseVoucherVATVoucher1ByChangingItemToBATCHBRITEMIn1stRow<br/>Test Method resides in com.focus.testcases.BatchNegativeTestingOptionsTest<br/>Test Status: Pass<br/>About to begin executing following method : BaseEngine.afterMethodExecution</div></td></tr></table><p class="totop"><a href="#summary">back to summary</a></p><h3 id="m74">com.focus.testcases.BatchNegativeTestingOptionsTest#checkReSavingPurchaseVoucherVATVoucher1ByChangingItemToBATCHBRITEMIn2ndRow</h3><table class="result"><tr><th>Messages</th></tr><tr><td><div class="messages">Completed executing following method : BatchNegativeTestingOptionsTest.checkReSavingPurchaseVoucherVATVoucher1ByChangingItemToBATCHBRITEMIn2ndRow<br/>Test Method resides in com.focus.testcases.BatchNegativeTestingOptionsTest<br/>Test Status: Pass<br/>About to begin executing following method : BaseEngine.afterMethodExecution</div></td></tr></table><p class="totop"><a href="#summary">back to summary</a></p><h3 id="m75">com.focus.testcases.BatchNegativeTestingOptionsTest#checkReSavingPurchaseVoucherVATVoucher1ByChangingQuantityTo12In1stRow</h3><table class="result"><tr><th>Messages</th></tr><tr><td><div class="messages">Completed executing following method : BatchNegativeTestingOptionsTest.checkReSavingPurchaseVoucherVATVoucher1ByChangingQuantityTo12In1stRow<br/>Test Method resides in com.focus.testcases.BatchNegativeTestingOptionsTest<br/>Test Status: Pass<br/>About to begin executing following method : BaseEngine.afterMethodExecution</div></td></tr></table><p class="totop"><a href="#summary">back to summary</a></p><h3 id="m76">com.focus.testcases.BatchNegativeTestingOptionsTest#checkReSavingPurchaseVoucherVATVoucher1ByChangingQuantityTo12In2ndRow</h3><table class="result"><tr><th>Messages</th></tr><tr><td><div class="messages">Completed executing following method : BatchNegativeTestingOptionsTest.checkReSavingPurchaseVoucherVATVoucher1ByChangingQuantityTo12In2ndRow<br/>Test Method resides in com.focus.testcases.BatchNegativeTestingOptionsTest<br/>Test Status: Pass<br/>About to begin executing following method : BaseEngine.afterMethodExecution</div></td></tr></table><p class="totop"><a href="#summary">back to summary</a></p><h3 id="m77">com.focus.testcases.BatchNegativeTestingOptionsTest#checkReSavingPurchaseVoucherVATVoucher1ByChangingWarehouseFromHyderabadToSecunderabad</h3><table class="result"><tr><th>Messages</th></tr><tr><td><div class="messages">Completed executing following method : BatchNegativeTestingOptionsTest.checkReSavingPurchaseVoucherVATVoucher1ByChangingWarehouseFromHyderabadToSecunderabad<br/>Test Method resides in com.focus.testcases.BatchNegativeTestingOptionsTest<br/>Test Status: Pass<br/>About to begin executing following method : BaseEngine.afterMethodExecution</div></td></tr></table><p class="totop"><a href="#summary">back to summary</a></p><h3 id="m78">com.focus.testcases.BatchNegativeTestingOptionsTest#checkReSavingPurchaseVoucherVATVoucher1ByChangingWarehouseFromHyderabadToSecunderabadAfterSuspendingSalesInvoice</h3><table class="result"><tr><th>Messages</th></tr><tr><td><div class="messages">Completed executing following method : BatchNegativeTestingOptionsTest.checkReSavingPurchaseVoucherVATVoucher1ByChangingWarehouseFromHyderabadToSecunderabadAfterSuspendingSalesInvoice<br/>Test Method resides in com.focus.testcases.BatchNegativeTestingOptionsTest<br/>Test Status: Pass<br/>About to begin executing following method : BaseEngine.afterMethodExecution</div></td></tr></table><p class="totop"><a href="#summary">back to summary</a></p><h3 id="m79">com.focus.testcases.BatchNegativeTestingOptionsTest#checkReSavingPurchaseVoucherVATVoucher1ByChangingWarehouseFromSecunderabadToHyderabad</h3><table class="result"><tr><th>Messages</th></tr><tr><td><div class="messages">Completed executing following method : BatchNegativeTestingOptionsTest.checkReSavingPurchaseVoucherVATVoucher1ByChangingWarehouseFromSecunderabadToHyderabad<br/>Test Method resides in com.focus.testcases.BatchNegativeTestingOptionsTest<br/>Test Status: Pass<br/>About to begin executing following method : BaseEngine.afterMethodExecution</div></td></tr></table><p class="totop"><a href="#summary">back to summary</a></p><h3 id="m80">com.focus.testcases.BatchNegativeTestingOptionsTest#checkReSavingPurchaseVoucherVATVoucher1ByDeleting1stRow</h3><table class="result"><tr><th>Messages</th></tr><tr><td><div class="messages">Completed executing following method : BatchNegativeTestingOptionsTest.checkReSavingPurchaseVoucherVATVoucher1ByDeleting1stRow<br/>Test Method resides in com.focus.testcases.BatchNegativeTestingOptionsTest<br/>Test Status: Pass<br/>About to begin executing following method : BaseEngine.afterMethodExecution</div></td></tr></table><p class="totop"><a href="#summary">back to summary</a></p><h3 id="m81">com.focus.testcases.BatchNegativeTestingOptionsTest#checkReSavingPurchaseVoucherVATVoucher1ByDeleting2ndRow</h3><table class="result"><tr><th>Messages</th></tr><tr><td><div class="messages">Completed executing following method : BatchNegativeTestingOptionsTest.checkReSavingPurchaseVoucherVATVoucher1ByDeleting2ndRow<br/>Test Method resides in com.focus.testcases.BatchNegativeTestingOptionsTest<br/>Test Status: Pass<br/>About to begin executing following method : BaseEngine.afterMethodExecution</div></td></tr></table><p class="totop"><a href="#summary">back to summary</a></p><h3 id="m82">com.focus.testcases.BatchNegativeTestingOptionsTest#checkReSavingSalesInvoiceVATVoucher1AfterResavingPurchaseVoucherVAT1WithCurrentDate</h3><table class="result"><tr><th>Messages</th></tr><tr><td><div class="messages">Completed executing following method : BatchNegativeTestingOptionsTest.checkReSavingSalesInvoiceVATVoucher1AfterResavingPurchaseVoucherVAT1WithCurrentDate<br/>Test Method resides in com.focus.testcases.BatchNegativeTestingOptionsTest<br/>Test Status: Pass<br/>About to begin executing following method : BaseEngine.afterMethodExecution</div></td></tr></table><p class="totop"><a href="#summary">back to summary</a></p><h3 id="m83">com.focus.testcases.BatchNegativeTestingOptionsTest#checkReSavingSalesInvoiceVATVoucher1AfterSalesInvoiceVoucher2BySelectingSalesOrderVoucher2</h3><table class="result"><tr><th>Messages</th></tr><tr><td><div class="messages">Completed executing following method : BatchNegativeTestingOptionsTest.checkReSavingSalesInvoiceVATVoucher1AfterSalesInvoiceVoucher2BySelectingSalesOrderVoucher2<br/>Test Method resides in com.focus.testcases.BatchNegativeTestingOptionsTest<br/>Test Status: Pass<br/>About to begin executing following method : BaseEngine.afterMethodExecution</div></td></tr></table><p class="totop"><a href="#summary">back to summary</a></p><h3 id="m84">com.focus.testcases.BatchNegativeTestingOptionsTest#checkReSavingSalesInvoiceVATVoucher1ByConsumingFullQuantity</h3><table class="result"><tr><th>Messages</th></tr><tr><td><div class="messages">Completed executing following method : BatchNegativeTestingOptionsTest.checkReSavingSalesInvoiceVATVoucher1ByConsumingFullQuantity<br/>Test Method resides in com.focus.testcases.BatchNegativeTestingOptionsTest<br/>Test Status: Pass<br/>About to begin executing following method : BaseEngine.afterMethodExecution</div></td></tr></table><p class="totop"><a href="#summary">back to summary</a></p><h3 id="m85">com.focus.testcases.BatchNegativeTestingOptionsTest#checkReSavingSalesInvoiceVATVoucherAfterChangingDateNextToCurrentDateInPurchaseVoucherVAT1</h3><table class="result"><tr><th>Messages</th></tr><tr><td><div class="messages">Completed executing following method : BatchNegativeTestingOptionsTest.checkReSavingSalesInvoiceVATVoucherAfterChangingDateNextToCurrentDateInPurchaseVoucherVAT1<br/>Test Method resides in com.focus.testcases.BatchNegativeTestingOptionsTest<br/>Test Status: Pass<br/>About to begin executing following method : BaseEngine.afterMethodExecution</div></td></tr></table><p class="totop"><a href="#summary">back to summary</a></p><h3 id="m86">com.focus.testcases.BatchNegativeTestingOptionsTest#checkReSavingSalesInvoiceVATVoucherAfterChangingWarehouseToSecunderabadInPurchaseVoucherVAT1</h3><table class="result"><tr><th>Messages</th></tr><tr><td><div class="messages">Completed executing following method : BatchNegativeTestingOptionsTest.checkReSavingSalesInvoiceVATVoucherAfterChangingWarehouseToSecunderabadInPurchaseVoucherVAT1<br/>Test Method resides in com.focus.testcases.BatchNegativeTestingOptionsTest<br/>Test Status: Pass<br/>About to begin executing following method : BaseEngine.afterMethodExecution</div></td></tr></table><p class="totop"><a href="#summary">back to summary</a></p><h3 id="m87">com.focus.testcases.BatchNegativeTestingOptionsTest#checkReSavingSalesInvoiceVATVoucherAfterConsumingFullQuantityInPurchaseReturnsVoucher1</h3><table class="result"><tr><th>Messages</th></tr><tr><td><div class="messages">Completed executing following method : BatchNegativeTestingOptionsTest.checkReSavingSalesInvoiceVATVoucherAfterConsumingFullQuantityInPurchaseReturnsVoucher1<br/>Test Method resides in com.focus.testcases.BatchNegativeTestingOptionsTest<br/>Test Status: Pass<br/>About to begin executing following method : BaseEngine.afterMethodExecution</div></td></tr></table><p class="totop"><a href="#summary">back to summary</a></p><h3 id="m88">com.focus.testcases.BatchNegativeTestingOptionsTest#checkReSavingSalesInvoiceVATVoucherAfterSalesInvoiceVoucher2</h3><table class="result"><tr><th>Messages</th></tr><tr><td><div class="messages">Completed executing following method : BatchNegativeTestingOptionsTest.checkReSavingSalesInvoiceVATVoucherAfterSalesInvoiceVoucher2<br/>Test Method resides in com.focus.testcases.BatchNegativeTestingOptionsTest<br/>Test Status: Pass<br/>About to begin executing following method : BaseEngine.afterMethodExecution</div></td></tr></table><p class="totop"><a href="#summary">back to summary</a></p><h3 id="m89">com.focus.testcases.BatchNegativeTestingOptionsTest#checkReSavingSalesOrder</h3><table class="result"><tr><th>Messages</th></tr><tr><td><div class="messages">Completed executing following method : BatchNegativeTestingOptionsTest.checkReSavingSalesOrder<br/>Test Method resides in com.focus.testcases.BatchNegativeTestingOptionsTest<br/>Test Status: Pass<br/>About to begin executing following method : BaseEngine.afterMethodExecution</div></td></tr></table><p class="totop"><a href="#summary">back to summary</a></p><h3 id="m90">com.focus.testcases.BatchNegativeTestingOptionsTest#checkResavingDeliveryNotesVoucher1AfterConsumingFullQuantityInSalesInvoiceN</h3><table class="result"><tr><th>Messages</th></tr><tr><td><div class="messages">Completed executing following method : BatchNegativeTestingOptionsTest.checkResavingDeliveryNotesVoucher1AfterConsumingFullQuantityInSalesInvoiceN<br/>Test Method resides in com.focus.testcases.BatchNegativeTestingOptionsTest<br/>Test Status: Pass<br/>About to begin executing following method : BaseEngine.afterMethodExecution</div></td></tr></table><p class="totop"><a href="#summary">back to summary</a></p><h3 id="m91">com.focus.testcases.BatchNegativeTestingOptionsTest#checkResavingPurchaseReturnsVoucher1AfterConsumingFullQuantityInSalesInvoiceN</h3><table class="result"><tr><th>Messages</th></tr><tr><td><div class="messages">Completed executing following method : BatchNegativeTestingOptionsTest.checkResavingPurchaseReturnsVoucher1AfterConsumingFullQuantityInSalesInvoiceN<br/>Test Method resides in com.focus.testcases.BatchNegativeTestingOptionsTest<br/>Test Status: Pass<br/>About to begin executing following method : BaseEngine.afterMethodExecution</div></td></tr></table><p class="totop"><a href="#summary">back to summary</a></p><h3 id="m92">com.focus.testcases.BatchNegativeTestingOptionsTest#checkResavingPurchaseReturnsVoucher1AfterConsumingQuantityInSalesInvoiceN</h3><table class="result"><tr><th>Messages</th></tr><tr><td><div class="messages">Completed executing following method : BatchNegativeTestingOptionsTest.checkResavingPurchaseReturnsVoucher1AfterConsumingQuantityInSalesInvoiceN<br/>Test Method resides in com.focus.testcases.BatchNegativeTestingOptionsTest<br/>Test Status: Pass<br/>About to begin executing following method : BaseEngine.afterMethodExecution</div></td></tr></table><p class="totop"><a href="#summary">back to summary</a></p><h3 id="m93">com.focus.testcases.BatchNegativeTestingOptionsTest#checkResavingPurchaseReturnsVoucher1AfterConsumingQuantityInSalesInvoiceNWithDoNotConsolidateWithCommonBase</h3><table class="result"><tr><th>Messages</th></tr><tr><td><div class="messages">Completed executing following method : BatchNegativeTestingOptionsTest.checkResavingPurchaseReturnsVoucher1AfterConsumingQuantityInSalesInvoiceNWithDoNotConsolidateWithCommonBase<br/>Test Method resides in com.focus.testcases.BatchNegativeTestingOptionsTest<br/>Test Status: Pass<br/>About to begin executing following method : BaseEngine.afterMethodExecution</div></td></tr></table><p class="totop"><a href="#summary">back to summary</a></p><h3 id="m94">com.focus.testcases.BatchNegativeTestingOptionsTest#checkResavingSales1stVoucherAfterBatchConsumedIn2ndVoucher</h3><table class="result"><tr><th>Messages</th></tr><tr><td><div class="messages">Completed executing following method : BatchNegativeTestingOptionsTest.checkResavingSales1stVoucherAfterBatchConsumedIn2ndVoucher<br/>Test Method resides in com.focus.testcases.BatchNegativeTestingOptionsTest<br/>Test Status: Pass<br/>About to begin executing following method : BaseEngine.afterMethodExecution</div></td></tr></table><p class="totop"><a href="#summary">back to summary</a></p><h3 id="m95">com.focus.testcases.BatchNegativeTestingOptionsTest#checkResavingSalesInvoice1VoucherAfterBatchConsumedinVoucher2</h3><table class="result"><tr><th>Messages</th></tr><tr><td><div class="messages">Completed executing following method : BatchNegativeTestingOptionsTest.checkResavingSalesInvoice1VoucherAfterBatchConsumedinVoucher2<br/>Test Method resides in com.focus.testcases.BatchNegativeTestingOptionsTest<br/>Test Status: Pass<br/>About to begin executing following method : BaseEngine.afterMethodExecution</div></td></tr></table><p class="totop"><a href="#summary">back to summary</a></p><h3 id="m96">com.focus.testcases.BatchNegativeTestingOptionsTest#checkResavingSalesOrd1AfterSavingSalesOrd2</h3><table class="result"><tr><th>Messages</th></tr><tr><td><div class="messages">Completed executing following method : BatchNegativeTestingOptionsTest.checkResavingSalesOrd1AfterSavingSalesOrd2<br/>Test Method resides in com.focus.testcases.BatchNegativeTestingOptionsTest<br/>Test Status: Pass<br/>About to begin executing following method : BaseEngine.afterMethodExecution</div></td></tr></table><p class="totop"><a href="#summary">back to summary</a></p><h3 id="m97">com.focus.testcases.BatchNegativeTestingOptionsTest#checkResavingSalesOrder1AfterSavingVoucher2WithFullBatchConsumption</h3><table class="result"><tr><th>Messages</th></tr><tr><td><div class="messages">Completed executing following method : BatchNegativeTestingOptionsTest.checkResavingSalesOrder1AfterSavingVoucher2WithFullBatchConsumption<br/>Test Method resides in com.focus.testcases.BatchNegativeTestingOptionsTest<br/>Test Status: Pass<br/>About to begin executing following method : BaseEngine.afterMethodExecution</div></td></tr></table><p class="totop"><a href="#summary">back to summary</a></p><h3 id="m98">com.focus.testcases.BatchNegativeTestingOptionsTest#checkResavingSalesOrderVou1AfterVou2Saved</h3><table class="result"><tr><th>Messages</th></tr><tr><td><div class="messages">Completed executing following method : BatchNegativeTestingOptionsTest.checkResavingSalesOrderVou1AfterVou2Saved<br/>Test Method resides in com.focus.testcases.BatchNegativeTestingOptionsTest<br/>Test Status: Pass<br/>About to begin executing following method : BaseEngine.afterMethodExecution</div></td></tr></table><p class="totop"><a href="#summary">back to summary</a></p><h3 id="m99">com.focus.testcases.BatchNegativeTestingOptionsTest#checkResavingSalesOrderWithGraeterQtyThanInward</h3><table class="result"><tr><th>Messages</th></tr><tr><td><div class="messages">Completed executing following method : BatchNegativeTestingOptionsTest.checkResavingSalesOrderWithGraeterQtyThanInward<br/>Test Method resides in com.focus.testcases.BatchNegativeTestingOptionsTest<br/>Test Status: Pass<br/>About to begin executing following method : BaseEngine.afterMethodExecution</div></td></tr></table><p class="totop"><a href="#summary">back to summary</a></p><h3 id="m100">com.focus.testcases.BatchNegativeTestingOptionsTest#checkReservedPopAfterBatchFullConsumedinSalesOrder</h3><table class="result"><tr><th>Messages</th></tr><tr><td><div class="messages">Completed executing following method : BatchNegativeTestingOptionsTest.checkReservedPopAfterBatchFullConsumedinSalesOrder<br/>Test Method resides in com.focus.testcases.BatchNegativeTestingOptionsTest<br/>Test Status: Pass<br/>About to begin executing following method : BaseEngine.afterMethodExecution</div></td></tr></table><p class="totop"><a href="#summary">back to summary</a></p><h3 id="m101">com.focus.testcases.BatchNegativeTestingOptionsTest#checkSalesInvoiceVAT1WithFutureDateAfterSavingAuthorisationOnSales</h3><table class="result"><tr><th>Messages</th></tr><tr><td><div class="messages">Completed executing following method : BatchNegativeTestingOptionsTest.checkSalesInvoiceVAT1WithFutureDateAfterSavingAuthorisationOnSales<br/>Test Method resides in com.focus.testcases.BatchNegativeTestingOptionsTest<br/>Test Status: Pass<br/>About to begin executing following method : BaseEngine.afterMethodExecution</div></td></tr></table><p class="totop"><a href="#summary">back to summary</a></p><h3 id="m102">com.focus.testcases.BatchNegativeTestingOptionsTest#checkSalesOrderInReservationTypeIsManualAndinputBatchEvenIfStockNoyUpdatedChkbox</h3><table class="result"><tr><th>Messages</th></tr><tr><td><div class="messages">Completed executing following method : BatchNegativeTestingOptionsTest.checkSalesOrderInReservationTypeIsManualAndinputBatchEvenIfStockNoyUpdatedChkbox<br/>Test Method resides in com.focus.testcases.BatchNegativeTestingOptionsTest<br/>Test Status: Pass<br/>About to begin executing following method : BaseEngine.afterMethodExecution</div></td></tr></table><p class="totop"><a href="#summary">back to summary</a></p><h3 id="m103">com.focus.testcases.BatchNegativeTestingOptionsTest#checkSavingDeliveryNoteVoucher1AfterSavingPurchaseVoucherVAT1</h3><table class="result"><tr><th>Messages</th></tr><tr><td><div class="messages">Completed executing following method : BatchNegativeTestingOptionsTest.checkSavingDeliveryNoteVoucher1AfterSavingPurchaseVoucherVAT1<br/>Test Method resides in com.focus.testcases.BatchNegativeTestingOptionsTest<br/>Test Status: Pass<br/>About to begin executing following method : BaseEngine.afterMethodExecution</div></td></tr></table><p class="totop"><a href="#summary">back to summary</a></p><h3 id="m104">com.focus.testcases.BatchNegativeTestingOptionsTest#checkSavingPVVATAndSOVoucherAfterAuthorisation</h3><table class="result"><tr><th>Messages</th></tr><tr><td><div class="messages">Completed executing following method : BatchNegativeTestingOptionsTest.checkSavingPVVATAndSOVoucherAfterAuthorisation<br/>Test Method resides in com.focus.testcases.BatchNegativeTestingOptionsTest<br/>Test Status: Pass<br/>About to begin executing following method : BaseEngine.afterMethodExecution</div></td></tr></table><p class="totop"><a href="#summary">back to summary</a></p><h3 id="m105">com.focus.testcases.BatchNegativeTestingOptionsTest#checkSavingPVVatAndSO</h3><table class="result"><tr><th>Messages</th></tr><tr><td><div class="messages">Completed executing following method : BatchNegativeTestingOptionsTest.checkSavingPVVatAndSO<br/>Test Method resides in com.focus.testcases.BatchNegativeTestingOptionsTest<br/>Test Status: Pass<br/>About to begin executing following method : BaseEngine.afterMethodExecution</div></td></tr></table><p class="totop"><a href="#summary">back to summary</a></p><h3 id="m106">com.focus.testcases.BatchNegativeTestingOptionsTest#checkSavingPVWithChangingWareHouseAfterVoucherConsumed</h3><table class="result"><tr><th>Messages</th></tr><tr><td><div class="messages">Completed executing following method : BatchNegativeTestingOptionsTest.checkSavingPVWithChangingWareHouseAfterVoucherConsumed<br/>Test Method resides in com.focus.testcases.BatchNegativeTestingOptionsTest<br/>Test Status: Pass<br/>About to begin executing following method : BaseEngine.afterMethodExecution</div></td></tr></table><p class="totop"><a href="#summary">back to summary</a></p><h3 id="m107">com.focus.testcases.BatchNegativeTestingOptionsTest#checkSavingPurchaseReturnsVoucher1AfterConsumingFullQuantityInSalesInvoiceVoucher1</h3><table class="result"><tr><th>Messages</th></tr><tr><td><div class="messages">Completed executing following method : BatchNegativeTestingOptionsTest.checkSavingPurchaseReturnsVoucher1AfterConsumingFullQuantityInSalesInvoiceVoucher1<br/>Test Method resides in com.focus.testcases.BatchNegativeTestingOptionsTest<br/>Test Status: Pass<br/>About to begin executing following method : BaseEngine.afterMethodExecution</div></td></tr></table><p class="totop"><a href="#summary">back to summary</a></p><h3 id="m108">com.focus.testcases.BatchNegativeTestingOptionsTest#checkSavingPurchaseReturnsVoucher1AfterPartiallyConsumingQuantityInSalesInvoiceVoucher1</h3><table class="result"><tr><th>Messages</th></tr><tr><td><div class="messages">Completed executing following method : BatchNegativeTestingOptionsTest.checkSavingPurchaseReturnsVoucher1AfterPartiallyConsumingQuantityInSalesInvoiceVoucher1<br/>Test Method resides in com.focus.testcases.BatchNegativeTestingOptionsTest<br/>Test Status: Pass<br/>About to begin executing following method : BaseEngine.afterMethodExecution</div></td></tr></table><p class="totop"><a href="#summary">back to summary</a></p><h3 id="m109">com.focus.testcases.BatchNegativeTestingOptionsTest#checkSavingPurchaseReturnsVoucher1AfterSuspendingSalesInvoiceVoucher1</h3><table class="result"><tr><th>Messages</th></tr><tr><td><div class="messages">Completed executing following method : BatchNegativeTestingOptionsTest.checkSavingPurchaseReturnsVoucher1AfterSuspendingSalesInvoiceVoucher1<br/>Test Method resides in com.focus.testcases.BatchNegativeTestingOptionsTest<br/>Test Status: Pass<br/>About to begin executing following method : BaseEngine.afterMethodExecution</div></td></tr></table><p class="totop"><a href="#summary">back to summary</a></p><h3 id="m110">com.focus.testcases.BatchNegativeTestingOptionsTest#checkSavingPurchaseReturnsVoucher1ByConsumingFullQuantityAfterSavingPurchaseVoucher1</h3><table class="result"><tr><th>Messages</th></tr><tr><td><div class="messages">Completed executing following method : BatchNegativeTestingOptionsTest.checkSavingPurchaseReturnsVoucher1ByConsumingFullQuantityAfterSavingPurchaseVoucher1<br/>Test Method resides in com.focus.testcases.BatchNegativeTestingOptionsTest<br/>Test Status: Pass<br/>About to begin executing following method : BaseEngine.afterMethodExecution</div></td></tr></table><p class="totop"><a href="#summary">back to summary</a></p><h3 id="m111">com.focus.testcases.BatchNegativeTestingOptionsTest#checkSavingPurchaseReturnsVoucher1ByConsumingPartialQuantity</h3><table class="result"><tr><th>Messages</th></tr><tr><td><div class="messages">Completed executing following method : BatchNegativeTestingOptionsTest.checkSavingPurchaseReturnsVoucher1ByConsumingPartialQuantity<br/>Test Method resides in com.focus.testcases.BatchNegativeTestingOptionsTest<br/>Test Status: Pass<br/>About to begin executing following method : BaseEngine.afterMethodExecution</div></td></tr></table><p class="totop"><a href="#summary">back to summary</a></p><h3 id="m112">com.focus.testcases.BatchNegativeTestingOptionsTest#checkSavingPurchaseReturnsVoucher1ByConsumingPartialQuantityAfterSavingPurchaseVoucherVATVoucher1</h3><table class="result"><tr><th>Messages</th></tr><tr><td><div class="messages">Completed executing following method : BatchNegativeTestingOptionsTest.checkSavingPurchaseReturnsVoucher1ByConsumingPartialQuantityAfterSavingPurchaseVoucherVATVoucher1<br/>Test Method resides in com.focus.testcases.BatchNegativeTestingOptionsTest<br/>Test Status: Pass<br/>About to begin executing following method : BaseEngine.afterMethodExecution</div></td></tr></table><p class="totop"><a href="#summary">back to summary</a></p><h3 id="m113">com.focus.testcases.BatchNegativeTestingOptionsTest#checkSavingPurchaseReturnsVoucher1ByConsumingPartialQuantityAfterSuspendingDeliveryNotesVoucher1</h3><table class="result"><tr><th>Messages</th></tr><tr><td><div class="messages">Completed executing following method : BatchNegativeTestingOptionsTest.checkSavingPurchaseReturnsVoucher1ByConsumingPartialQuantityAfterSuspendingDeliveryNotesVoucher1<br/>Test Method resides in com.focus.testcases.BatchNegativeTestingOptionsTest<br/>Test Status: Pass<br/>About to begin executing following method : BaseEngine.afterMethodExecution</div></td></tr></table><p class="totop"><a href="#summary">back to summary</a></p><h3 id="m114">com.focus.testcases.BatchNegativeTestingOptionsTest#checkSavingPurchaseReturnsVoucher2AfterSuspendingPurchaseReturnsVoucher1</h3><table class="result"><tr><th>Messages</th></tr><tr><td><div class="messages">Completed executing following method : BatchNegativeTestingOptionsTest.checkSavingPurchaseReturnsVoucher2AfterSuspendingPurchaseReturnsVoucher1<br/>Test Method resides in com.focus.testcases.BatchNegativeTestingOptionsTest<br/>Test Status: Pass<br/>About to begin executing following method : BaseEngine.afterMethodExecution</div></td></tr></table><p class="totop"><a href="#summary">back to summary</a></p><h3 id="m115">com.focus.testcases.BatchNegativeTestingOptionsTest#checkSavingPurchaseVoucherVAT</h3><table class="result"><tr><th>Messages</th></tr><tr><td><div class="messages">Completed executing following method : BatchNegativeTestingOptionsTest.checkSavingPurchaseVoucherVAT<br/>Test Method resides in com.focus.testcases.BatchNegativeTestingOptionsTest<br/>Test Status: Pass<br/>About to begin executing following method : BaseEngine.afterMethodExecution</div></td></tr></table><p class="totop"><a href="#summary">back to summary</a></p><h3 id="m116">com.focus.testcases.BatchNegativeTestingOptionsTest#checkSavingPurchaseVoucherVATForReservation</h3><table class="result"><tr><th>Messages</th></tr><tr><td><div class="messages">Completed executing following method : BatchNegativeTestingOptionsTest.checkSavingPurchaseVoucherVATForReservation<br/>Test Method resides in com.focus.testcases.BatchNegativeTestingOptionsTest<br/>Test Status: Pass<br/>About to begin executing following method : BaseEngine.afterMethodExecution</div></td></tr></table><p class="totop"><a href="#summary">back to summary</a></p><h3 id="m117">com.focus.testcases.BatchNegativeTestingOptionsTest#checkSavingPurchaseVoucherVATVoucher</h3><table class="result"><tr><th>Messages</th></tr><tr><td><div class="messages">Completed executing following method : BatchNegativeTestingOptionsTest.checkSavingPurchaseVoucherVATVoucher<br/>Test Method resides in com.focus.testcases.BatchNegativeTestingOptionsTest<br/>Test Status: Pass<br/>About to begin executing following method : BaseEngine.afterMethodExecution</div></td></tr></table><p class="totop"><a href="#summary">back to summary</a></p><h3 id="m118">com.focus.testcases.BatchNegativeTestingOptionsTest#checkSavingPurchaseVoucherVATVoucher1AfterAddingLinkFromPurchasesVoucherVATToSalesInvoiceN</h3><table class="result"><tr><th>Messages</th></tr><tr><td><div class="messages">Completed executing following method : BatchNegativeTestingOptionsTest.checkSavingPurchaseVoucherVATVoucher1AfterAddingLinkFromPurchasesVoucherVATToSalesInvoiceN<br/>Test Method resides in com.focus.testcases.BatchNegativeTestingOptionsTest<br/>Test Status: Pass<br/>About to begin executing following method : BaseEngine.afterMethodExecution</div></td></tr></table><p class="totop"><a href="#summary">back to summary</a></p><h3 id="m119">com.focus.testcases.BatchNegativeTestingOptionsTest#checkSavingPurchaseVoucherVATVoucher1AfterEnablingDoNotClubWithCommonBase</h3><table class="result"><tr><th>Messages</th></tr><tr><td><div class="messages">Completed executing following method : BatchNegativeTestingOptionsTest.checkSavingPurchaseVoucherVATVoucher1AfterEnablingDoNotClubWithCommonBase<br/>Test Method resides in com.focus.testcases.BatchNegativeTestingOptionsTest<br/>Test Status: Pass<br/>About to begin executing following method : BaseEngine.afterMethodExecution</div></td></tr></table><p class="totop"><a href="#summary">back to summary</a></p><h3 id="m120">com.focus.testcases.BatchNegativeTestingOptionsTest#checkSavingPurchaseVoucherVATVoucher1ForFiftyNinthScenario</h3><table class="result"><tr><th>Messages</th></tr><tr><td><div class="messages">Completed executing following method : BatchNegativeTestingOptionsTest.checkSavingPurchaseVoucherVATVoucher1ForFiftyNinthScenario<br/>Test Method resides in com.focus.testcases.BatchNegativeTestingOptionsTest<br/>Test Status: Pass<br/>About to begin executing following method : BaseEngine.afterMethodExecution</div></td></tr></table><p class="totop"><a href="#summary">back to summary</a></p><h3 id="m121">com.focus.testcases.BatchNegativeTestingOptionsTest#checkSavingPurchaseVoucherVATVoucher1ForSeventyForthScenario</h3><table class="result"><tr><th>Messages</th></tr><tr><td><div class="messages">Completed executing following method : BatchNegativeTestingOptionsTest.checkSavingPurchaseVoucherVATVoucher1ForSeventyForthScenario<br/>Test Method resides in com.focus.testcases.BatchNegativeTestingOptionsTest<br/>Test Status: Pass<br/>About to begin executing following method : BaseEngine.afterMethodExecution</div></td></tr></table><p class="totop"><a href="#summary">back to summary</a></p><h3 id="m122">com.focus.testcases.BatchNegativeTestingOptionsTest#checkSavingPurchaseVoucherVATVoucher1ForSeventyOneScenario</h3><table class="result"><tr><th>Messages</th></tr><tr><td><div class="messages">Completed executing following method : BatchNegativeTestingOptionsTest.checkSavingPurchaseVoucherVATVoucher1ForSeventyOneScenario<br/>Test Method resides in com.focus.testcases.BatchNegativeTestingOptionsTest<br/>Test Status: Pass<br/>About to begin executing following method : BaseEngine.afterMethodExecution</div></td></tr></table><p class="totop"><a href="#summary">back to summary</a></p><h3 id="m123">com.focus.testcases.BatchNegativeTestingOptionsTest#checkSavingPurchaseVoucherVATVoucher1ForSixtyFifthScenario</h3><table class="result"><tr><th>Messages</th></tr><tr><td><div class="messages">Completed executing following method : BatchNegativeTestingOptionsTest.checkSavingPurchaseVoucherVATVoucher1ForSixtyFifthScenario<br/>Test Method resides in com.focus.testcases.BatchNegativeTestingOptionsTest<br/>Test Status: Pass<br/>About to begin executing following method : BaseEngine.afterMethodExecution</div></td></tr></table><p class="totop"><a href="#summary">back to summary</a></p><h3 id="m124">com.focus.testcases.BatchNegativeTestingOptionsTest#checkSavingPurchaseVoucherVATVoucher1ForSixtySixthScenario</h3><table class="result"><tr><th>Messages</th></tr><tr><td><div class="messages">Completed executing following method : BatchNegativeTestingOptionsTest.checkSavingPurchaseVoucherVATVoucher1ForSixtySixthScenario<br/>Test Method resides in com.focus.testcases.BatchNegativeTestingOptionsTest<br/>Test Status: Pass<br/>About to begin executing following method : BaseEngine.afterMethodExecution</div></td></tr></table><p class="totop"><a href="#summary">back to summary</a></p><h3 id="m125">com.focus.testcases.BatchNegativeTestingOptionsTest#checkSavingPurchaseVoucherVATVoucher1With2Rows</h3><table class="result"><tr><th>Messages</th></tr><tr><td><div class="messages">Completed executing following method : BatchNegativeTestingOptionsTest.checkSavingPurchaseVoucherVATVoucher1With2Rows<br/>Test Method resides in com.focus.testcases.BatchNegativeTestingOptionsTest<br/>Test Status: Pass<br/>About to begin executing following method : BaseEngine.afterMethodExecution</div></td></tr></table><p class="totop"><a href="#summary">back to summary</a></p><h3 id="m126">com.focus.testcases.BatchNegativeTestingOptionsTest#checkSavingPurchaseVoucherVATVoucher1WithExpiryDate4DaysMoreThanCurrentDate</h3><table class="result"><tr><th>Messages</th></tr><tr><td><div class="messages">Completed executing following method : BatchNegativeTestingOptionsTest.checkSavingPurchaseVoucherVATVoucher1WithExpiryDate4DaysMoreThanCurrentDate<br/>Test Method resides in com.focus.testcases.BatchNegativeTestingOptionsTest<br/>Test Status: Pass<br/>About to begin executing following method : BaseEngine.afterMethodExecution</div></td></tr></table><p class="totop"><a href="#summary">back to summary</a></p><h3 id="m127">com.focus.testcases.BatchNegativeTestingOptionsTest#checkSavingPurchaseVoucherVATWithChangingItemAfterBatchConsumed</h3><table class="result"><tr><th>Messages</th></tr><tr><td><div class="messages">Completed executing following method : BatchNegativeTestingOptionsTest.checkSavingPurchaseVoucherVATWithChangingItemAfterBatchConsumed<br/>Test Method resides in com.focus.testcases.BatchNegativeTestingOptionsTest<br/>Test Status: Pass<br/>About to begin executing following method : BaseEngine.afterMethodExecution</div></td></tr></table><p class="totop"><a href="#summary">back to summary</a></p><h3 id="m128">com.focus.testcases.BatchNegativeTestingOptionsTest#checkSavingPurchaseVoucherVATWithCurrentdate</h3><table class="result"><tr><th>Messages</th></tr><tr><td><div class="messages">Completed executing following method : BatchNegativeTestingOptionsTest.checkSavingPurchaseVoucherVATWithCurrentdate<br/>Test Method resides in com.focus.testcases.BatchNegativeTestingOptionsTest<br/>Test Status: Pass<br/>About to begin executing following method : BaseEngine.afterMethodExecution</div></td></tr></table><p class="totop"><a href="#summary">back to summary</a></p><h3 id="m129">com.focus.testcases.BatchNegativeTestingOptionsTest#checkSavingPurchaseVoucherVATWithQty20</h3><table class="result"><tr><th>Messages</th></tr><tr><td><div class="messages">Completed executing following method : BatchNegativeTestingOptionsTest.checkSavingPurchaseVoucherVATWithQty20<br/>Test Method resides in com.focus.testcases.BatchNegativeTestingOptionsTest<br/>Test Status: Pass<br/>About to begin executing following method : BaseEngine.afterMethodExecution</div></td></tr></table><p class="totop"><a href="#summary">back to summary</a></p><h3 id="m130">com.focus.testcases.BatchNegativeTestingOptionsTest#checkSavingSO1AfterChangingInAuthorisation</h3><table class="result"><tr><th>Messages</th></tr><tr><td><div class="messages">Completed executing following method : BatchNegativeTestingOptionsTest.checkSavingSO1AfterChangingInAuthorisation<br/>Test Method resides in com.focus.testcases.BatchNegativeTestingOptionsTest<br/>Test Status: Pass<br/>About to begin executing following method : BaseEngine.afterMethodExecution</div></td></tr></table><p class="totop"><a href="#summary">back to summary</a></p><h3 id="m131">com.focus.testcases.BatchNegativeTestingOptionsTest#checkSavingSO2AfterChangingInAuthorisation</h3><table class="result"><tr><th>Messages</th></tr><tr><td><div class="messages">Completed executing following method : BatchNegativeTestingOptionsTest.checkSavingSO2AfterChangingInAuthorisation<br/>Test Method resides in com.focus.testcases.BatchNegativeTestingOptionsTest<br/>Test Status: Pass<br/>About to begin executing following method : BaseEngine.afterMethodExecution</div></td></tr></table><p class="totop"><a href="#summary">back to summary</a></p><h3 id="m132">com.focus.testcases.BatchNegativeTestingOptionsTest#checkSavingSalOrdVou1AfterAuthorisation</h3><table class="result"><tr><th>Messages</th></tr><tr><td><div class="messages">Completed executing following method : BatchNegativeTestingOptionsTest.checkSavingSalOrdVou1AfterAuthorisation<br/>Test Method resides in com.focus.testcases.BatchNegativeTestingOptionsTest<br/>Test Status: Pass<br/>About to begin executing following method : BaseEngine.afterMethodExecution</div></td></tr></table><p class="totop"><a href="#summary">back to summary</a></p><h3 id="m133">com.focus.testcases.BatchNegativeTestingOptionsTest#checkSavingSalesINvoiceVAT2AfterFullBatchConsumedIn1stVoucher</h3><table class="result"><tr><th>Messages</th></tr><tr><td><div class="messages">Completed executing following method : BatchNegativeTestingOptionsTest.checkSavingSalesINvoiceVAT2AfterFullBatchConsumedIn1stVoucher<br/>Test Method resides in com.focus.testcases.BatchNegativeTestingOptionsTest<br/>Test Status: Pass<br/>About to begin executing following method : BaseEngine.afterMethodExecution</div></td></tr></table><p class="totop"><a href="#summary">back to summary</a></p><h3 id="m134">com.focus.testcases.BatchNegativeTestingOptionsTest#checkSavingSalesInvoiceNVoucher1ByConvertingPendingVoucherAfterSuspendingPurchaseReturns</h3><table class="result"><tr><th>Messages</th></tr><tr><td><div class="messages">Completed executing following method : BatchNegativeTestingOptionsTest.checkSavingSalesInvoiceNVoucher1ByConvertingPendingVoucherAfterSuspendingPurchaseReturns<br/>Test Method resides in com.focus.testcases.BatchNegativeTestingOptionsTest<br/>Test Status: Pass<br/>About to begin executing following method : BaseEngine.afterMethodExecution</div></td></tr></table><p class="totop"><a href="#summary">back to summary</a></p><h3 id="m135">com.focus.testcases.BatchNegativeTestingOptionsTest#checkSavingSalesInvoiceNVoucher1ByLoadingFromWorkflow</h3><table class="result"><tr><th>Messages</th></tr><tr><td><div class="messages">Completed executing following method : BatchNegativeTestingOptionsTest.checkSavingSalesInvoiceNVoucher1ByLoadingFromWorkflow<br/>Test Method resides in com.focus.testcases.BatchNegativeTestingOptionsTest<br/>Test Status: Pass<br/>About to begin executing following method : BaseEngine.afterMethodExecution</div></td></tr></table><p class="totop"><a href="#summary">back to summary</a></p><h3 id="m136">com.focus.testcases.BatchNegativeTestingOptionsTest#checkSavingSalesInvoiceNVoucher1ByLoadingFromWorkflowAfterConsumingFullQuantityInPurchaseReturns</h3><table class="result"><tr><th>Messages</th></tr><tr><td><div class="messages">Completed executing following method : BatchNegativeTestingOptionsTest.checkSavingSalesInvoiceNVoucher1ByLoadingFromWorkflowAfterConsumingFullQuantityInPurchaseReturns<br/>Test Method resides in com.focus.testcases.BatchNegativeTestingOptionsTest<br/>Test Status: Pass<br/>About to begin executing following method : BaseEngine.afterMethodExecution</div></td></tr></table><p class="totop"><a href="#summary">back to summary</a></p><h3 id="m137">com.focus.testcases.BatchNegativeTestingOptionsTest#checkSavingSalesInvoiceNVoucher1ByLoadingFromWorkflowAfterConsumingPartiallyQuantityInPurchaseReturns</h3><table class="result"><tr><th>Messages</th></tr><tr><td><div class="messages">Completed executing following method : BatchNegativeTestingOptionsTest.checkSavingSalesInvoiceNVoucher1ByLoadingFromWorkflowAfterConsumingPartiallyQuantityInPurchaseReturns<br/>Test Method resides in com.focus.testcases.BatchNegativeTestingOptionsTest<br/>Test Status: Pass<br/>About to begin executing following method : BaseEngine.afterMethodExecution</div></td></tr></table><p class="totop"><a href="#summary">back to summary</a></p><h3 id="m138">com.focus.testcases.BatchNegativeTestingOptionsTest#checkSavingSalesInvoiceNVoucher1ByLoadingFromWorkflowAfterSavingPurchaseReturns</h3><table class="result"><tr><th>Messages</th></tr><tr><td><div class="messages">Completed executing following method : BatchNegativeTestingOptionsTest.checkSavingSalesInvoiceNVoucher1ByLoadingFromWorkflowAfterSavingPurchaseReturns<br/>Test Method resides in com.focus.testcases.BatchNegativeTestingOptionsTest<br/>Test Status: Pass<br/>About to begin executing following method : BaseEngine.afterMethodExecution</div></td></tr></table><p class="totop"><a href="#summary">back to summary</a></p><h3 id="m139">com.focus.testcases.BatchNegativeTestingOptionsTest#checkSavingSalesInvoiceNVoucher1ByLoadingFromWorkflowAfterSuspendingPurchaseReturns</h3><table class="result"><tr><th>Messages</th></tr><tr><td><div class="messages">Completed executing following method : BatchNegativeTestingOptionsTest.checkSavingSalesInvoiceNVoucher1ByLoadingFromWorkflowAfterSuspendingPurchaseReturns<br/>Test Method resides in com.focus.testcases.BatchNegativeTestingOptionsTest<br/>Test Status: Pass<br/>About to begin executing following method : BaseEngine.afterMethodExecution</div></td></tr></table><p class="totop"><a href="#summary">back to summary</a></p><h3 id="m140">com.focus.testcases.BatchNegativeTestingOptionsTest#checkSavingSalesInvoiceNVoucher1ByLoadingFromWorkflowByConsumingFullQuantity</h3><table class="result"><tr><th>Messages</th></tr><tr><td><div class="messages">Completed executing following method : BatchNegativeTestingOptionsTest.checkSavingSalesInvoiceNVoucher1ByLoadingFromWorkflowByConsumingFullQuantity<br/>Test Method resides in com.focus.testcases.BatchNegativeTestingOptionsTest<br/>Test Status: Pass<br/>About to begin executing following method : BaseEngine.afterMethodExecution</div></td></tr></table><p class="totop"><a href="#summary">back to summary</a></p><h3 id="m141">com.focus.testcases.BatchNegativeTestingOptionsTest#checkSavingSalesInvoiceVAT1WithCurrentDateAfterBatchConsumed</h3><table class="result"><tr><th>Messages</th></tr><tr><td><div class="messages">Completed executing following method : BatchNegativeTestingOptionsTest.checkSavingSalesInvoiceVAT1WithCurrentDateAfterBatchConsumed<br/>Test Method resides in com.focus.testcases.BatchNegativeTestingOptionsTest<br/>Test Status: Pass<br/>About to begin executing following method : BaseEngine.afterMethodExecution</div></td></tr></table><p class="totop"><a href="#summary">back to summary</a></p><h3 id="m142">com.focus.testcases.BatchNegativeTestingOptionsTest#checkSavingSalesInvoiceVATVoucher1AfterEnablingAllowBatchNegativeQuantityOption</h3><table class="result"><tr><th>Messages</th></tr><tr><td><div class="messages">Completed executing following method : BatchNegativeTestingOptionsTest.checkSavingSalesInvoiceVATVoucher1AfterEnablingAllowBatchNegativeQuantityOption<br/>Test Method resides in com.focus.testcases.BatchNegativeTestingOptionsTest<br/>Test Status: Pass<br/>About to begin executing following method : BaseEngine.afterMethodExecution</div></td></tr></table><p class="totop"><a href="#summary">back to summary</a></p><h3 id="m143">com.focus.testcases.BatchNegativeTestingOptionsTest#checkSavingSalesInvoiceVATVoucher1ByConsumingFullQuantityAfterSavingPurchaseVoucher1</h3><table class="result"><tr><th>Messages</th></tr><tr><td><div class="messages">Completed executing following method : BatchNegativeTestingOptionsTest.checkSavingSalesInvoiceVATVoucher1ByConsumingFullQuantityAfterSavingPurchaseVoucher1<br/>Test Method resides in com.focus.testcases.BatchNegativeTestingOptionsTest<br/>Test Status: Pass<br/>About to begin executing following method : BaseEngine.afterMethodExecution</div></td></tr></table><p class="totop"><a href="#summary">back to summary</a></p><h3 id="m144">com.focus.testcases.BatchNegativeTestingOptionsTest#checkSavingSalesInvoiceVATVoucher1ByConsumingPartialQuantity</h3><table class="result"><tr><th>Messages</th></tr><tr><td><div class="messages">Completed executing following method : BatchNegativeTestingOptionsTest.checkSavingSalesInvoiceVATVoucher1ByConsumingPartialQuantity<br/>Test Method resides in com.focus.testcases.BatchNegativeTestingOptionsTest<br/>Test Status: Pass<br/>About to begin executing following method : BaseEngine.afterMethodExecution</div></td></tr></table><p class="totop"><a href="#summary">back to summary</a></p><h3 id="m145">com.focus.testcases.BatchNegativeTestingOptionsTest#checkSavingSalesInvoiceVATVoucher1ByConsumingPartialQuantity60</h3><table class="result"><tr><th>Messages</th></tr><tr><td><div class="messages">Completed executing following method : BatchNegativeTestingOptionsTest.checkSavingSalesInvoiceVATVoucher1ByConsumingPartialQuantity60<br/>Test Method resides in com.focus.testcases.BatchNegativeTestingOptionsTest<br/>Test Status: Pass<br/>About to begin executing following method : BaseEngine.afterMethodExecution</div></td></tr></table><p class="totop"><a href="#summary">back to summary</a></p><h3 id="m146">com.focus.testcases.BatchNegativeTestingOptionsTest#checkSavingSalesInvoiceVATVoucher1ByLoadingFromWorkflowAfterSavingSalesOrderDoc1AndDoc2</h3><table class="result"><tr><th>Messages</th></tr><tr><td><div class="messages">Completed executing following method : BatchNegativeTestingOptionsTest.checkSavingSalesInvoiceVATVoucher1ByLoadingFromWorkflowAfterSavingSalesOrderDoc1AndDoc2<br/>Test Method resides in com.focus.testcases.BatchNegativeTestingOptionsTest<br/>Test Status: Pass<br/>About to begin executing following method : BaseEngine.afterMethodExecution</div></td></tr></table><p class="totop"><a href="#summary">back to summary</a></p><h3 id="m147">com.focus.testcases.BatchNegativeTestingOptionsTest#checkSavingSalesInvoiceVATVoucher1ByLoadingFromWorkflowAfterSavingSalesOrderDoc1AndDoc2AfterEnablingInputBatchEvenIfStockIsNotUpdated</h3><table class="result"><tr><th>Messages</th></tr><tr><td><div class="messages">Completed executing following method : BatchNegativeTestingOptionsTest.checkSavingSalesInvoiceVATVoucher1ByLoadingFromWorkflowAfterSavingSalesOrderDoc1AndDoc2AfterEnablingInputBatchEvenIfStockIsNotUpdated<br/>Test Method resides in com.focus.testcases.BatchNegativeTestingOptionsTest<br/>Test Status: Pass<br/>About to begin executing following method : BaseEngine.afterMethodExecution</div></td></tr></table><p class="totop"><a href="#summary">back to summary</a></p><h3 id="m148">com.focus.testcases.BatchNegativeTestingOptionsTest#checkSavingSalesInvoiceVATVoucher1ByLoadingFromWorkflowAndSelectingSalesOrderDoc1</h3><table class="result"><tr><th>Messages</th></tr><tr><td><div class="messages">Completed executing following method : BatchNegativeTestingOptionsTest.checkSavingSalesInvoiceVATVoucher1ByLoadingFromWorkflowAndSelectingSalesOrderDoc1<br/>Test Method resides in com.focus.testcases.BatchNegativeTestingOptionsTest<br/>Test Status: Pass<br/>About to begin executing following method : BaseEngine.afterMethodExecution</div></td></tr></table><p class="totop"><a href="#summary">back to summary</a></p><h3 id="m149">com.focus.testcases.BatchNegativeTestingOptionsTest#checkSavingSalesInvoiceVATVoucher1ByLoadingFromWorkflowAndSelectingSalesOrderDoc1AfterEnablingInputBatchEvenIfStockIsNotUpdated</h3><table class="result"><tr><th>Messages</th></tr><tr><td><div class="messages">Completed executing following method : BatchNegativeTestingOptionsTest.checkSavingSalesInvoiceVATVoucher1ByLoadingFromWorkflowAndSelectingSalesOrderDoc1AfterEnablingInputBatchEvenIfStockIsNotUpdated<br/>Test Method resides in com.focus.testcases.BatchNegativeTestingOptionsTest<br/>Test Status: Pass<br/>About to begin executing following method : BaseEngine.afterMethodExecution</div></td></tr></table><p class="totop"><a href="#summary">back to summary</a></p><h3 id="m150">com.focus.testcases.BatchNegativeTestingOptionsTest#checkSavingSalesInvoiceVATVoucher1ByLoadingFromWorkflowAndSelectingSalesOrderDoc2AfterSuspendingSalesInvoiceVoucher1</h3><table class="result"><tr><th>Messages</th></tr><tr><td><div class="messages">Completed executing following method : BatchNegativeTestingOptionsTest.checkSavingSalesInvoiceVATVoucher1ByLoadingFromWorkflowAndSelectingSalesOrderDoc2AfterSuspendingSalesInvoiceVoucher1<br/>Test Method resides in com.focus.testcases.BatchNegativeTestingOptionsTest<br/>Test Status: Pass<br/>About to begin executing following method : BaseEngine.afterMethodExecution</div></td></tr></table><p class="totop"><a href="#summary">back to summary</a></p><h3 id="m151">com.focus.testcases.BatchNegativeTestingOptionsTest#checkSavingSalesInvoiceVATVoucher1WithMoreThanAvailableQuantityInPurchaseVoucherWithoutEnablingAllowNegativeBatchQuantities</h3><table class="result"><tr><th>Messages</th></tr><tr><td><div class="messages">Completed executing following method : BatchNegativeTestingOptionsTest.checkSavingSalesInvoiceVATVoucher1WithMoreThanAvailableQuantityInPurchaseVoucherWithoutEnablingAllowNegativeBatchQuantities<br/>Test Method resides in com.focus.testcases.BatchNegativeTestingOptionsTest<br/>Test Status: Pass<br/>About to begin executing following method : BaseEngine.afterMethodExecution</div></td></tr></table><p class="totop"><a href="#summary">back to summary</a></p><h3 id="m152">com.focus.testcases.BatchNegativeTestingOptionsTest#checkSavingSalesInvoiceVATVoucher1WithQuantity11</h3><table class="result"><tr><th>Messages</th></tr><tr><td><div class="messages">Completed executing following method : BatchNegativeTestingOptionsTest.checkSavingSalesInvoiceVATVoucher1WithQuantity11<br/>Test Method resides in com.focus.testcases.BatchNegativeTestingOptionsTest<br/>Test Status: Pass<br/>About to begin executing following method : BaseEngine.afterMethodExecution</div></td></tr></table><p class="totop"><a href="#summary">back to summary</a></p><h3 id="m153">com.focus.testcases.BatchNegativeTestingOptionsTest#checkSavingSalesInvoiceVATVoucher1WithQuantity180</h3><table class="result"><tr><th>Messages</th></tr><tr><td><div class="messages">Completed executing following method : BatchNegativeTestingOptionsTest.checkSavingSalesInvoiceVATVoucher1WithQuantity180<br/>Test Method resides in com.focus.testcases.BatchNegativeTestingOptionsTest<br/>Test Status: Pass<br/>About to begin executing following method : BaseEngine.afterMethodExecution</div></td></tr></table><p class="totop"><a href="#summary">back to summary</a></p><h3 id="m154">com.focus.testcases.BatchNegativeTestingOptionsTest#checkSavingSalesInvoiceVATVoucher2ByLoadingFromWorkflowAndSelectingSalesOrderDoc2</h3><table class="result"><tr><th>Messages</th></tr><tr><td><div class="messages">Completed executing following method : BatchNegativeTestingOptionsTest.checkSavingSalesInvoiceVATVoucher2ByLoadingFromWorkflowAndSelectingSalesOrderDoc2<br/>Test Method resides in com.focus.testcases.BatchNegativeTestingOptionsTest<br/>Test Status: Pass<br/>About to begin executing following method : BaseEngine.afterMethodExecution</div></td></tr></table><p class="totop"><a href="#summary">back to summary</a></p><h3 id="m155">com.focus.testcases.BatchNegativeTestingOptionsTest#checkSavingSalesInvoiceVATWihLoadingLinks</h3><table class="result"><tr><th>Messages</th></tr><tr><td><div class="messages">Completed executing following method : BatchNegativeTestingOptionsTest.checkSavingSalesInvoiceVATWihLoadingLinks<br/>Test Method resides in com.focus.testcases.BatchNegativeTestingOptionsTest<br/>Test Status: Pass<br/>About to begin executing following method : BaseEngine.afterMethodExecution</div></td></tr></table><p class="totop"><a href="#summary">back to summary</a></p><h3 id="m156">com.focus.testcases.BatchNegativeTestingOptionsTest#checkSavingSalesInvoiceWithLoadingLinks</h3><table class="result"><tr><th>Messages</th></tr><tr><td><div class="messages">Completed executing following method : BatchNegativeTestingOptionsTest.checkSavingSalesInvoiceWithLoadingLinks<br/>Test Method resides in com.focus.testcases.BatchNegativeTestingOptionsTest<br/>Test Status: Pass<br/>About to begin executing following method : BaseEngine.afterMethodExecution</div></td></tr></table><p class="totop"><a href="#summary">back to summary</a></p><h3 id="m157">com.focus.testcases.BatchNegativeTestingOptionsTest#checkSavingSalesOrder2AfterSuspendingVoucher1</h3><table class="result"><tr><th>Messages</th></tr><tr><td><div class="messages">Completed executing following method : BatchNegativeTestingOptionsTest.checkSavingSalesOrder2AfterSuspendingVoucher1<br/>Test Method resides in com.focus.testcases.BatchNegativeTestingOptionsTest<br/>Test Status: Pass<br/>About to begin executing following method : BaseEngine.afterMethodExecution</div></td></tr></table><p class="totop"><a href="#summary">back to summary</a></p><h3 id="m158">com.focus.testcases.BatchNegativeTestingOptionsTest#checkSavingSalesOrderVopucher2</h3><table class="result"><tr><th>Messages</th></tr><tr><td><div class="messages">Completed executing following method : BatchNegativeTestingOptionsTest.checkSavingSalesOrderVopucher2<br/>Test Method resides in com.focus.testcases.BatchNegativeTestingOptionsTest<br/>Test Status: Pass<br/>About to begin executing following method : BaseEngine.afterMethodExecution</div></td></tr></table><p class="totop"><a href="#summary">back to summary</a></p><h3 id="m159">com.focus.testcases.BatchNegativeTestingOptionsTest#checkSavingSalesOrderVoucher1</h3><table class="result"><tr><th>Messages</th></tr><tr><td><div class="messages">Completed executing following method : BatchNegativeTestingOptionsTest.checkSavingSalesOrderVoucher1<br/>Test Method resides in com.focus.testcases.BatchNegativeTestingOptionsTest<br/>Test Status: Pass<br/>About to begin executing following method : BaseEngine.afterMethodExecution</div></td></tr></table><p class="totop"><a href="#summary">back to summary</a></p><h3 id="m160">com.focus.testcases.BatchNegativeTestingOptionsTest#checkSavingSalesOrderVoucher1AfterEnablingInputBatchEvenIfStockIsNotUpdated</h3><table class="result"><tr><th>Messages</th></tr><tr><td><div class="messages">Completed executing following method : BatchNegativeTestingOptionsTest.checkSavingSalesOrderVoucher1AfterEnablingInputBatchEvenIfStockIsNotUpdated<br/>Test Method resides in com.focus.testcases.BatchNegativeTestingOptionsTest<br/>Test Status: Pass<br/>About to begin executing following method : BaseEngine.afterMethodExecution</div></td></tr></table><p class="totop"><a href="#summary">back to summary</a></p><h3 id="m161">com.focus.testcases.BatchNegativeTestingOptionsTest#checkSavingSalesOrderVoucher1AfterSavingPurchaseVoucherVAT1</h3><table class="result"><tr><th>Messages</th></tr><tr><td><div class="messages">Completed executing following method : BatchNegativeTestingOptionsTest.checkSavingSalesOrderVoucher1AfterSavingPurchaseVoucherVAT1<br/>Test Method resides in com.focus.testcases.BatchNegativeTestingOptionsTest<br/>Test Status: Pass<br/>About to begin executing following method : BaseEngine.afterMethodExecution</div></td></tr></table><p class="totop"><a href="#summary">back to summary</a></p><h3 id="m162">com.focus.testcases.BatchNegativeTestingOptionsTest#checkSavingSalesOrderVoucher2AfterEnablingInputBatchEvenIfStockIsNotUpdated</h3><table class="result"><tr><th>Messages</th></tr><tr><td><div class="messages">Completed executing following method : BatchNegativeTestingOptionsTest.checkSavingSalesOrderVoucher2AfterEnablingInputBatchEvenIfStockIsNotUpdated<br/>Test Method resides in com.focus.testcases.BatchNegativeTestingOptionsTest<br/>Test Status: Pass<br/>About to begin executing following method : BaseEngine.afterMethodExecution</div></td></tr></table><p class="totop"><a href="#summary">back to summary</a></p><h3 id="m163">com.focus.testcases.BatchNegativeTestingOptionsTest#checkSavingSalesOrderVoucher2AfterSavingPurchaseVoucherVAT1</h3><table class="result"><tr><th>Messages</th></tr><tr><td><div class="messages">Completed executing following method : BatchNegativeTestingOptionsTest.checkSavingSalesOrderVoucher2AfterSavingPurchaseVoucherVAT1<br/>Test Method resides in com.focus.testcases.BatchNegativeTestingOptionsTest<br/>Test Status: Pass<br/>About to begin executing following method : BaseEngine.afterMethodExecution</div></td></tr></table><p class="totop"><a href="#summary">back to summary</a></p><h3 id="m164">com.focus.testcases.BatchNegativeTestingOptionsTest#checkSavingSalesOrderVoucherAfterEnableInputBatchEvenIfStockNotUpdatedChkbox</h3><table class="result"><tr><th>Messages</th></tr><tr><td><div class="messages">Completed executing following method : BatchNegativeTestingOptionsTest.checkSavingSalesOrderVoucherAfterEnableInputBatchEvenIfStockNotUpdatedChkbox<br/>Test Method resides in com.focus.testcases.BatchNegativeTestingOptionsTest<br/>Test Status: Pass<br/>About to begin executing following method : BaseEngine.afterMethodExecution</div></td></tr></table><p class="totop"><a href="#summary">back to summary</a></p><h3 id="m165">com.focus.testcases.BatchNegativeTestingOptionsTest#checkSavingSalesOrderWithConsumingHalfQtyFromPurVouVat</h3><table class="result"><tr><th>Messages</th></tr><tr><td><div class="messages">Completed executing following method : BatchNegativeTestingOptionsTest.checkSavingSalesOrderWithConsumingHalfQtyFromPurVouVat<br/>Test Method resides in com.focus.testcases.BatchNegativeTestingOptionsTest<br/>Test Status: Pass<br/>About to begin executing following method : BaseEngine.afterMethodExecution</div></td></tr></table><p class="totop"><a href="#summary">back to summary</a></p><h3 id="m166">com.focus.testcases.BatchNegativeTestingOptionsTest#checkSavingSalesOrderWithFullConsumptionInward</h3><table class="result"><tr><th>Messages</th></tr><tr><td><div class="messages">Completed executing following method : BatchNegativeTestingOptionsTest.checkSavingSalesOrderWithFullConsumptionInward<br/>Test Method resides in com.focus.testcases.BatchNegativeTestingOptionsTest<br/>Test Status: Pass<br/>About to begin executing following method : BaseEngine.afterMethodExecution</div></td></tr></table><p class="totop"><a href="#summary">back to summary</a></p><h3 id="m167">com.focus.testcases.BatchNegativeTestingOptionsTest#checkSavingSalesOrdervoucher2AfterConsumedBatchInVoucher1</h3><table class="result"><tr><th>Messages</th></tr><tr><td><div class="messages">Completed executing following method : BatchNegativeTestingOptionsTest.checkSavingSalesOrdervoucher2AfterConsumedBatchInVoucher1<br/>Test Method resides in com.focus.testcases.BatchNegativeTestingOptionsTest<br/>Test Status: Pass<br/>About to begin executing following method : BaseEngine.afterMethodExecution</div></td></tr></table><p class="totop"><a href="#summary">back to summary</a></p><h3 id="m168">com.focus.testcases.BatchNegativeTestingOptionsTest#checkSavingSalesVou2AfterSuspendingVou1</h3><table class="result"><tr><th>Messages</th></tr><tr><td><div class="messages">Completed executing following method : BatchNegativeTestingOptionsTest.checkSavingSalesVou2AfterSuspendingVou1<br/>Test Method resides in com.focus.testcases.BatchNegativeTestingOptionsTest<br/>Test Status: Pass<br/>About to begin executing following method : BaseEngine.afterMethodExecution</div></td></tr></table><p class="totop"><a href="#summary">back to summary</a></p><h3 id="m169">com.focus.testcases.BatchNegativeTestingOptionsTest#checkSavingSalesVoucher2AfterSuspending1stVoucher</h3><table class="result"><tr><th>Messages</th></tr><tr><td><div class="messages">Completed executing following method : BatchNegativeTestingOptionsTest.checkSavingSalesVoucher2AfterSuspending1stVoucher<br/>Test Method resides in com.focus.testcases.BatchNegativeTestingOptionsTest<br/>Test Status: Pass<br/>About to begin executing following method : BaseEngine.afterMethodExecution</div></td></tr></table><p class="totop"><a href="#summary">back to summary</a></p><h3 id="m170">com.focus.testcases.BatchNegativeTestingOptionsTest#checkSavingVou2AfterAuthorisationInsalesOrder</h3><table class="result"><tr><th>Messages</th></tr><tr><td><div class="messages">Completed executing following method : BatchNegativeTestingOptionsTest.checkSavingVou2AfterAuthorisationInsalesOrder<br/>Test Method resides in com.focus.testcases.BatchNegativeTestingOptionsTest<br/>Test Status: Pass<br/>About to begin executing following method : BaseEngine.afterMethodExecution</div></td></tr></table><p class="totop"><a href="#summary">back to summary</a></p><h3 id="m171">com.focus.testcases.BatchNegativeTestingOptionsTest#checkSavingVoucherInSO2AfterSuspendingVoucherSO1</h3><table class="result"><tr><th>Messages</th></tr><tr><td><div class="messages">Completed executing following method : BatchNegativeTestingOptionsTest.checkSavingVoucherInSO2AfterSuspendingVoucherSO1<br/>Test Method resides in com.focus.testcases.BatchNegativeTestingOptionsTest<br/>Test Status: Pass<br/>About to begin executing following method : BaseEngine.afterMethodExecution</div></td></tr></table><p class="totop"><a href="#summary">back to summary</a></p><h3 id="m172">com.focus.testcases.BatchNegativeTestingOptionsTest#checkSavingVoucherInSalesInvoice2AfterSusoendingVocher1</h3><table class="result"><tr><th>Messages</th></tr><tr><td><div class="messages">Completed executing following method : BatchNegativeTestingOptionsTest.checkSavingVoucherInSalesInvoice2AfterSusoendingVocher1<br/>Test Method resides in com.focus.testcases.BatchNegativeTestingOptionsTest<br/>Test Status: Pass<br/>About to begin executing following method : BaseEngine.afterMethodExecution</div></td></tr></table><p class="totop"><a href="#summary">back to summary</a></p><h3 id="m173">com.focus.testcases.BatchNegativeTestingOptionsTest#checkSavingVoucherInsalesOrderafterBatchConsumed</h3><table class="result"><tr><th>Messages</th></tr><tr><td><div class="messages">Completed executing following method : BatchNegativeTestingOptionsTest.checkSavingVoucherInsalesOrderafterBatchConsumed<br/>Test Method resides in com.focus.testcases.BatchNegativeTestingOptionsTest<br/>Test Status: Pass<br/>About to begin executing following method : BaseEngine.afterMethodExecution</div></td></tr></table><p class="totop"><a href="#summary">back to summary</a></p><h3 id="m174">com.focus.testcases.BatchNegativeTestingOptionsTest#checkSavingVoucherinSalesInvoiceVATAfterEnablingInventoryOption</h3><table class="result"><tr><th>Messages</th></tr><tr><td><div class="messages">Completed executing following method : BatchNegativeTestingOptionsTest.checkSavingVoucherinSalesInvoiceVATAfterEnablingInventoryOption<br/>Test Method resides in com.focus.testcases.BatchNegativeTestingOptionsTest<br/>Test Status: Pass<br/>About to begin executing following method : BaseEngine.afterMethodExecution</div></td></tr></table><p class="totop"><a href="#summary">back to summary</a></p><h3 id="m175">com.focus.testcases.BatchNegativeTestingOptionsTest#checkSuspendingDeliveryNotesVoucher1FromEntryPage</h3><table class="result"><tr><th>Messages</th></tr><tr><td><div class="messages">Completed executing following method : BatchNegativeTestingOptionsTest.checkSuspendingDeliveryNotesVoucher1FromEntryPage<br/>Test Method resides in com.focus.testcases.BatchNegativeTestingOptionsTest<br/>Test Status: Pass<br/>About to begin executing following method : BaseEngine.afterMethodExecution</div></td></tr></table><p class="totop"><a href="#summary">back to summary</a></p><h3 id="m176">com.focus.testcases.BatchNegativeTestingOptionsTest#checkSuspendingPurchasVatVoucherAfterBatchConsumedinSalesInvoice</h3><table class="result"><tr><th>Messages</th></tr><tr><td><div class="messages">Completed executing following method : BatchNegativeTestingOptionsTest.checkSuspendingPurchasVatVoucherAfterBatchConsumedinSalesInvoice<br/>Test Method resides in com.focus.testcases.BatchNegativeTestingOptionsTest<br/>Test Status: Pass<br/>About to begin executing following method : BaseEngine.afterMethodExecution</div></td></tr></table><p class="totop"><a href="#summary">back to summary</a></p><h3 id="m177">com.focus.testcases.BatchNegativeTestingOptionsTest#checkSuspendingPurchaseReturnsVoucher1AfterDeletingSalesInvoiceNVoucher1</h3><table class="result"><tr><th>Messages</th></tr><tr><td><div class="messages">Completed executing following method : BatchNegativeTestingOptionsTest.checkSuspendingPurchaseReturnsVoucher1AfterDeletingSalesInvoiceNVoucher1<br/>Test Method resides in com.focus.testcases.BatchNegativeTestingOptionsTest<br/>Test Status: Pass<br/>About to begin executing following method : BaseEngine.afterMethodExecution</div></td></tr></table><p class="totop"><a href="#summary">back to summary</a></p><h3 id="m178">com.focus.testcases.BatchNegativeTestingOptionsTest#checkSuspendingPurchaseReturnsVoucher1ForSeventiethScenario</h3><table class="result"><tr><th>Messages</th></tr><tr><td><div class="messages">Completed executing following method : BatchNegativeTestingOptionsTest.checkSuspendingPurchaseReturnsVoucher1ForSeventiethScenario<br/>Test Method resides in com.focus.testcases.BatchNegativeTestingOptionsTest<br/>Test Status: Pass<br/>About to begin executing following method : BaseEngine.afterMethodExecution</div></td></tr></table><p class="totop"><a href="#summary">back to summary</a></p><h3 id="m179">com.focus.testcases.BatchNegativeTestingOptionsTest#checkSuspendingPurchaseReturnsVoucher1ForSixtiethOneScenario</h3><table class="result"><tr><th>Messages</th></tr><tr><td><div class="messages">Completed executing following method : BatchNegativeTestingOptionsTest.checkSuspendingPurchaseReturnsVoucher1ForSixtiethOneScenario<br/>Test Method resides in com.focus.testcases.BatchNegativeTestingOptionsTest<br/>Test Status: Pass<br/>About to begin executing following method : BaseEngine.afterMethodExecution</div></td></tr></table><p class="totop"><a href="#summary">back to summary</a></p><h3 id="m180">com.focus.testcases.BatchNegativeTestingOptionsTest#checkSuspendingPurchaseReturnsVoucher1ForSixtySeventhScenario</h3><table class="result"><tr><th>Messages</th></tr><tr><td><div class="messages">Completed executing following method : BatchNegativeTestingOptionsTest.checkSuspendingPurchaseReturnsVoucher1ForSixtySeventhScenario<br/>Test Method resides in com.focus.testcases.BatchNegativeTestingOptionsTest<br/>Test Status: Pass<br/>About to begin executing following method : BaseEngine.afterMethodExecution</div></td></tr></table><p class="totop"><a href="#summary">back to summary</a></p><h3 id="m181">com.focus.testcases.BatchNegativeTestingOptionsTest#checkSuspendingSalesInvoiceVATVoucher1ForFortyEightScenario</h3><table class="result"><tr><th>Messages</th></tr><tr><td><div class="messages">Completed executing following method : BatchNegativeTestingOptionsTest.checkSuspendingSalesInvoiceVATVoucher1ForFortyEightScenario<br/>Test Method resides in com.focus.testcases.BatchNegativeTestingOptionsTest<br/>Test Status: Pass<br/>About to begin executing following method : BaseEngine.afterMethodExecution</div></td></tr></table><p class="totop"><a href="#summary">back to summary</a></p><h3 id="m182">com.focus.testcases.BatchNegativeTestingOptionsTest#checkSuspendingSalesInvoiceVATVoucher1ForFortySixthScenario</h3><table class="result"><tr><th>Messages</th></tr><tr><td><div class="messages">Completed executing following method : BatchNegativeTestingOptionsTest.checkSuspendingSalesInvoiceVATVoucher1ForFortySixthScenario<br/>Test Method resides in com.focus.testcases.BatchNegativeTestingOptionsTest<br/>Test Status: Pass<br/>About to begin executing following method : BaseEngine.afterMethodExecution</div></td></tr></table><p class="totop"><a href="#summary">back to summary</a></p><h3 id="m183">com.focus.testcases.BatchNegativeTestingOptionsTest#checkSuspendingSalesInvoiceVATVoucher1ForSeventySixthScenario</h3><table class="result"><tr><th>Messages</th></tr><tr><td><div class="messages">Completed executing following method : BatchNegativeTestingOptionsTest.checkSuspendingSalesInvoiceVATVoucher1ForSeventySixthScenario<br/>Test Method resides in com.focus.testcases.BatchNegativeTestingOptionsTest<br/>Test Status: Pass<br/>About to begin executing following method : BaseEngine.afterMethodExecution</div></td></tr></table><p class="totop"><a href="#summary">back to summary</a></p><h3 id="m184">com.focus.testcases.BatchNegativeTestingOptionsTest#checkSuspendingSalesInvoiceVATVoucher1ForSeventyThirdScenario</h3><table class="result"><tr><th>Messages</th></tr><tr><td><div class="messages">Completed executing following method : BatchNegativeTestingOptionsTest.checkSuspendingSalesInvoiceVATVoucher1ForSeventyThirdScenario<br/>Test Method resides in com.focus.testcases.BatchNegativeTestingOptionsTest<br/>Test Status: Pass<br/>About to begin executing following method : BaseEngine.afterMethodExecution</div></td></tr></table><p class="totop"><a href="#summary">back to summary</a></p><h3 id="m185">com.focus.testcases.BatchNegativeTestingOptionsTest#checkSuspendingSalesInvoiceVATVoucher1ForSixtiethScenario</h3><table class="result"><tr><th>Messages</th></tr><tr><td><div class="messages">Completed executing following method : BatchNegativeTestingOptionsTest.checkSuspendingSalesInvoiceVATVoucher1ForSixtiethScenario<br/>Test Method resides in com.focus.testcases.BatchNegativeTestingOptionsTest<br/>Test Status: Pass<br/>About to begin executing following method : BaseEngine.afterMethodExecution</div></td></tr></table><p class="totop"><a href="#summary">back to summary</a></p><h3 id="m186">com.focus.testcases.BatchNegativeTestingOptionsTest#checkSuspendingSalesVou1AfterEnablingOptions</h3><table class="result"><tr><th>Messages</th></tr><tr><td><div class="messages">Completed executing following method : BatchNegativeTestingOptionsTest.checkSuspendingSalesVou1AfterEnablingOptions<br/>Test Method resides in com.focus.testcases.BatchNegativeTestingOptionsTest<br/>Test Status: Pass<br/>About to begin executing following method : BaseEngine.afterMethodExecution</div></td></tr></table><p class="totop"><a href="#summary">back to summary</a></p><h3 id="m187">com.focus.testcases.BatchNegativeTestingOptionsTest#checkSuspendingSalesVoucher1AfterAuthorisation</h3><table class="result"><tr><th>Messages</th></tr><tr><td><div class="messages">Completed executing following method : BatchNegativeTestingOptionsTest.checkSuspendingSalesVoucher1AfterAuthorisation<br/>Test Method resides in com.focus.testcases.BatchNegativeTestingOptionsTest<br/>Test Status: Pass<br/>About to begin executing following method : BaseEngine.afterMethodExecution</div></td></tr></table><p class="totop"><a href="#summary">back to summary</a></p><h3 id="m188">com.focus.testcases.BatchNegativeTestingOptionsTest#checkSuspendingVoucherInPurchaseVoucherVAT</h3><table class="result"><tr><th>Messages</th></tr><tr><td><div class="messages">Completed executing following method : BatchNegativeTestingOptionsTest.checkSuspendingVoucherInPurchaseVoucherVAT<br/>Test Method resides in com.focus.testcases.BatchNegativeTestingOptionsTest<br/>Test Status: Pass<br/>About to begin executing following method : BaseEngine.afterMethodExecution</div></td></tr></table><p class="totop"><a href="#summary">back to summary</a></p><h3 id="m189">com.focus.testcases.BatchNegativeTestingOptionsTest#checkSuspendingVoucherInSalesInvoiceVAT</h3><table class="result"><tr><th>Messages</th></tr><tr><td><div class="messages">Completed executing following method : BatchNegativeTestingOptionsTest.checkSuspendingVoucherInSalesInvoiceVAT<br/>Test Method resides in com.focus.testcases.BatchNegativeTestingOptionsTest<br/>Test Status: Pass<br/>About to begin executing following method : BaseEngine.afterMethodExecution</div></td></tr></table><p class="totop"><a href="#summary">back to summary</a></p><h3 id="m190">com.focus.testcases.BatchNegativeTestingOptionsTest#checkSuspendingVoucherInSalesOrder</h3><table class="result"><tr><th>Messages</th></tr><tr><td><div class="messages">Completed executing following method : BatchNegativeTestingOptionsTest.checkSuspendingVoucherInSalesOrder<br/>Test Method resides in com.focus.testcases.BatchNegativeTestingOptionsTest<br/>Test Status: Pass<br/>About to begin executing following method : BaseEngine.afterMethodExecution</div></td></tr></table><p class="totop"><a href="#summary">back to summary</a></p><h3 id="m191">com.focus.testcases.BatchNegativeTestingOptionsTest#checkSuspendingVoucherInSalesOrderAndChangingBatchNameInPurchaseVouVAT</h3><table class="result"><tr><th>Messages</th></tr><tr><td><div class="messages">Completed executing following method : BatchNegativeTestingOptionsTest.checkSuspendingVoucherInSalesOrderAndChangingBatchNameInPurchaseVouVAT<br/>Test Method resides in com.focus.testcases.BatchNegativeTestingOptionsTest<br/>Test Status: Pass<br/>About to begin executing following method : BaseEngine.afterMethodExecution</div></td></tr></table><p class="totop"><a href="#summary">back to summary</a></p><h3 id="m192">com.focus.testcases.BatchNegativeTestingOptionsTest#checkSuspendingVoucherInsalesOrder1</h3><table class="result"><tr><th>Messages</th></tr><tr><td><div class="messages">Completed executing following method : BatchNegativeTestingOptionsTest.checkSuspendingVoucherInsalesOrder1<br/>Test Method resides in com.focus.testcases.BatchNegativeTestingOptionsTest<br/>Test Status: Pass<br/>About to begin executing following method : BaseEngine.afterMethodExecution</div></td></tr></table><p class="totop"><a href="#summary">back to summary</a></p><h3 id="m193">com.focus.testcases.BatchNegativeTestingOptionsTest#checkValidatingQuantityInEntryPageAndBatchPopupAfterSavingWithQuantityGreaterThanAvailableQuantity</h3><table class="result"><tr><th>Messages</th></tr><tr><td><div class="messages">Completed executing following method : BatchNegativeTestingOptionsTest.checkValidatingQuantityInEntryPageAndBatchPopupAfterSavingWithQuantityGreaterThanAvailableQuantity<br/>Test Method resides in com.focus.testcases.BatchNegativeTestingOptionsTest<br/>Test Status: Pass<br/>About to begin executing following method : BaseEngine.afterMethodExecution</div></td></tr></table><p class="totop"><a href="#summary">back to summary</a></p><h3 id="m194">com.focus.testcases.BatchNegativeTestingOptionsTest#checkValidatingQuantityInEntryPageAndBatchPopupInSalesInvoice1AfterDisablingAllowNegativeBatchQuantityOption</h3><table class="result"><tr><th>Messages</th></tr><tr><td><div class="messages">Completed executing following method : BatchNegativeTestingOptionsTest.checkValidatingQuantityInEntryPageAndBatchPopupInSalesInvoice1AfterDisablingAllowNegativeBatchQuantityOption<br/>Test Method resides in com.focus.testcases.BatchNegativeTestingOptionsTest<br/>Test Status: Pass<br/>About to begin executing following method : BaseEngine.afterMethodExecution</div></td></tr></table><p class="totop"><a href="#summary">back to summary</a></p><h3 id="m195">com.focus.testcases.BatchNegativeTestingOptionsTest#checksavingPVVATAndSavingSalesOrder</h3><table class="result"><tr><th>Messages</th></tr><tr><td><div class="messages">Completed executing following method : BatchNegativeTestingOptionsTest.checksavingPVVATAndSavingSalesOrder<br/>Test Method resides in com.focus.testcases.BatchNegativeTestingOptionsTest<br/>Test Status: Pass<br/>About to begin executing following method : BaseEngine.afterMethodExecution</div></td></tr></table><p class="totop"><a href="#summary">back to summary</a></p><h3 id="m196">com.focus.testcases.LoginPageTest#checkCompanyTextDisplayInCompanyListDropdown</h3><table class="result"><tr><th>Messages</th></tr><tr><td><div class="messages">Completed executing following method : LoginPageTest.checkCompanyTextDisplayInCompanyListDropdown<br/>Test Method resides in com.focus.testcases.LoginPageTest<br/>Test Status: Pass<br/>About to begin executing following method : BaseEngine.afterMethodExecution</div></td></tr></table><p class="totop"><a href="#summary">back to summary</a></p><h3 id="m197">com.focus.testcases.LoginPageTest#checkLoginPageAvailablityOfFields</h3><table class="result"><tr><th>Messages</th></tr><tr><td><div class="messages">Completed executing following method : LoginPageTest.checkLoginPageAvailablityOfFields<br/>Test Method resides in com.focus.testcases.LoginPageTest<br/>Test Status: Pass<br/>About to begin executing following method : BaseEngine.afterMethodExecution</div></td></tr></table><p class="totop"><a href="#summary">back to summary</a></p><h3 id="m198">com.focus.testcases.LoginPageTest#checkSignInBtnWithValidUserNameAndValidPassword</h3><table class="result"><tr><th>Messages</th></tr><tr><td><div class="messages">Completed executing following method : LoginPageTest.checkSignInBtnWithValidUserNameAndValidPassword<br/>Test Method resides in com.focus.testcases.LoginPageTest<br/>Test Status: Pass<br/>About to begin executing following method : BaseEngine.afterMethodExecution</div></td></tr></table><p class="totop"><a href="#summary">back to summary</a></p><h3 id="m199">com.focus.testcases.LoginPageTest#checkUserNameInfoInHomePage</h3><table class="result"><tr><th>Messages</th></tr><tr><td><div class="messages">Completed executing following method : LoginPageTest.checkUserNameInfoInHomePage<br/>Test Method resides in com.focus.testcases.LoginPageTest<br/>Test Status: Pass<br/>About to begin executing following method : BaseEngine.afterMethodExecution</div></td></tr></table><p class="totop"><a href="#summary">back to summary</a></p><h3 id="m200">com.focus.testcases.URLBrowserTest#checkLoginPageTitleByURLInputInBrowser</h3><table class="result"><tr><th>Messages</th></tr><tr><td><div class="messages">Completed executing following method : URLBrowserTest.checkLoginPageTitleByURLInputInBrowser<br/>Test Method resides in com.focus.testcases.URLBrowserTest<br/>Test Status: Pass<br/>About to begin executing following method : BaseEngine.afterMethodExecution</div></td></tr></table><p class="totop"><a href="#summary">back to summary</a></p><h3 id="m201">com.focus.testcases.URLBrowserTest#verifyBrowserOpen</h3><table class="result"><tr><th>Messages</th></tr><tr><td><div class="messages">Completed executing following method : URLBrowserTest.verifyBrowserOpen<br/>Test Method resides in com.focus.testcases.URLBrowserTest<br/>Test Status: Pass<br/>About to begin executing following method : BaseEngine.afterMethodExecution</div></td></tr></table><p class="totop"><a href="#summary">back to summary</a></p></body></html>