<?xml version="1.0" encoding="UTF-8"?>
<!-- Generated by org.testng.reporters.JUnitReportReporter -->
<testsuite hostname="FOCUS-QA-4" name="com.focus.testcases.InventoryReportsTest" tests="100" failures="13" timestamp="10 May 2021 17:19:23 GMT" time="1874.183" errors="0">
  <testcase name="checkSlowMovingItemsReportWithFilterOption" time="33.720" classname="com.focus.testcases.InventoryReportsTest"/>
  <testcase name="checkPeakAndLowBalancesReport" time="12.085" classname="com.focus.testcases.InventoryReportsTest">
    <failure type="java.lang.AssertionError" message="expected [true] but found [false]">
      <![CDATA[java.lang.AssertionError: expected [true] but found [false]
	at org.testng.Assert.fail(Assert.java:94)
	at org.testng.Assert.failNotEquals(Assert.java:513)
	at org.testng.Assert.assertEqualsImpl(Assert.java:135)
	at org.testng.Assert.assertEquals(Assert.java:116)
	at org.testng.Assert.assertEquals(Assert.java:305)
	at org.testng.Assert.assertEquals(Assert.java:315)
	at com.focus.testcases.InventoryReportsTest.checkPeakAndLowBalancesReport(InventoryReportsTest.java:695)
	at sun.reflect.NativeMethodAccessorImpl.invoke0(Native Method)
	at sun.reflect.NativeMethodAccessorImpl.invoke(Unknown Source)
	at sun.reflect.DelegatingMethodAccessorImpl.invoke(Unknown Source)
	at java.lang.reflect.Method.invoke(Unknown Source)
	at org.testng.internal.MethodInvocationHelper.invokeMethod(MethodInvocationHelper.java:86)
	at org.testng.internal.Invoker.invokeMethod(Invoker.java:643)
	at org.testng.internal.Invoker.invokeTestMethod(Invoker.java:820)
	at org.testng.internal.Invoker.invokeTestMethods(Invoker.java:1128)
	at org.testng.internal.TestMethodWorker.invokeTestMethods(TestMethodWorker.java:129)
	at org.testng.internal.TestMethodWorker.run(TestMethodWorker.java:112)
	at org.testng.TestRunner.privateRun(TestRunner.java:782)
	at org.testng.TestRunner.run(TestRunner.java:632)
	at org.testng.SuiteRunner.runTest(SuiteRunner.java:366)
	at org.testng.SuiteRunner.runSequentially(SuiteRunner.java:361)
	at org.testng.SuiteRunner.privateRun(SuiteRunner.java:319)
	at org.testng.SuiteRunner.run(SuiteRunner.java:268)
	at org.testng.SuiteRunnerWorker.runSuite(SuiteRunnerWorker.java:52)
	at org.testng.SuiteRunnerWorker.run(SuiteRunnerWorker.java:86)
	at org.testng.TestNG.runSuitesSequentially(TestNG.java:1244)
	at org.testng.TestNG.runSuitesLocally(TestNG.java:1169)
	at org.testng.TestNG.run(TestNG.java:1064)
	at org.testng.remote.AbstractRemoteTestNG.run(AbstractRemoteTestNG.java:114)
	at org.testng.remote.RemoteTestNG.initAndRun(RemoteTestNG.java:251)
	at org.testng.remote.RemoteTestNG.main(RemoteTestNG.java:77)
]]>
    </failure>
  </testcase> <!-- checkPeakAndLowBalancesReport -->
  <testcase name="checkStockReservationRegisterReportWithFilterOption" time="36.837" classname="com.focus.testcases.InventoryReportsTest"/>
  <testcase name="checkAgeingAnalysisByBinReportWithWarehouseAndIgnoreInternalTransferForAgeingOptions" time="6.202" classname="com.focus.testcases.InventoryReportsTest"/>
  <testcase name="checkStockBalanceByWarehouseReportBackTrackOption" time="20.322" classname="com.focus.testcases.InventoryReportsTest"/>
  <testcase name="checkBestSellingItemReport" time="10.965" classname="com.focus.testcases.InventoryReportsTest"/>
  <testcase name="checkStockBalancesByItemByBinsReports" time="17.997" classname="com.focus.testcases.InventoryReportsTest"/>
  <testcase name="checkOpeningStockRegisterReportBackTrackOption" time="8.537" classname="com.focus.testcases.InventoryReportsTest"/>
  <testcase name="checkAgeingAnalysisByRMAReportWithWarehouseAndIgnoreInternalTransferForAgeingOptions" time="4.798" classname="com.focus.testcases.InventoryReportsTest"/>
  <testcase name="checkStockByItemByBinReportWithFilterOption" time="35.175" classname="com.focus.testcases.InventoryReportsTest"/>
  <testcase name="checkStockAnalysisByBatchReport" time="11.581" classname="com.focus.testcases.InventoryReportsTest">
    <failure type="java.lang.AssertionError" message="expected [true] but found [false]">
      <![CDATA[java.lang.AssertionError: expected [true] but found [false]
	at org.testng.Assert.fail(Assert.java:94)
	at org.testng.Assert.failNotEquals(Assert.java:513)
	at org.testng.Assert.assertEqualsImpl(Assert.java:135)
	at org.testng.Assert.assertEquals(Assert.java:116)
	at org.testng.Assert.assertEquals(Assert.java:305)
	at org.testng.Assert.assertEquals(Assert.java:315)
	at com.focus.testcases.InventoryReportsTest.checkStockAnalysisByBatchReport(InventoryReportsTest.java:286)
	at sun.reflect.NativeMethodAccessorImpl.invoke0(Native Method)
	at sun.reflect.NativeMethodAccessorImpl.invoke(Unknown Source)
	at sun.reflect.DelegatingMethodAccessorImpl.invoke(Unknown Source)
	at java.lang.reflect.Method.invoke(Unknown Source)
	at org.testng.internal.MethodInvocationHelper.invokeMethod(MethodInvocationHelper.java:86)
	at org.testng.internal.Invoker.invokeMethod(Invoker.java:643)
	at org.testng.internal.Invoker.invokeTestMethod(Invoker.java:820)
	at org.testng.internal.Invoker.invokeTestMethods(Invoker.java:1128)
	at org.testng.internal.TestMethodWorker.invokeTestMethods(TestMethodWorker.java:129)
	at org.testng.internal.TestMethodWorker.run(TestMethodWorker.java:112)
	at org.testng.TestRunner.privateRun(TestRunner.java:782)
	at org.testng.TestRunner.run(TestRunner.java:632)
	at org.testng.SuiteRunner.runTest(SuiteRunner.java:366)
	at org.testng.SuiteRunner.runSequentially(SuiteRunner.java:361)
	at org.testng.SuiteRunner.privateRun(SuiteRunner.java:319)
	at org.testng.SuiteRunner.run(SuiteRunner.java:268)
	at org.testng.SuiteRunnerWorker.runSuite(SuiteRunnerWorker.java:52)
	at org.testng.SuiteRunnerWorker.run(SuiteRunnerWorker.java:86)
	at org.testng.TestNG.runSuitesSequentially(TestNG.java:1244)
	at org.testng.TestNG.runSuitesLocally(TestNG.java:1169)
	at org.testng.TestNG.run(TestNG.java:1064)
	at org.testng.remote.AbstractRemoteTestNG.run(AbstractRemoteTestNG.java:114)
	at org.testng.remote.RemoteTestNG.initAndRun(RemoteTestNG.java:251)
	at org.testng.remote.RemoteTestNG.main(RemoteTestNG.java:77)
]]>
    </failure>
  </testcase> <!-- checkStockAnalysisByBatchReport -->
  <testcase name="checkStockDetailsByBinsReportFilterOption" time="34.568" classname="com.focus.testcases.InventoryReportsTest"/>
  <testcase name="checkStockReportbyTagReportPrintOption" time="5.377" classname="com.focus.testcases.InventoryReportsTest"/>
  <testcase name="checkVirtualStockAnalysisReports" time="12.929" classname="com.focus.testcases.InventoryReportsTest"/>
  <testcase name="checkVirtualStockAnalysisReportBackTrackOption" time="18.250" classname="com.focus.testcases.InventoryReportsTest"/>
  <testcase name="checkStockAnalysisByBatchReportFilterOption" time="35.321" classname="com.focus.testcases.InventoryReportsTest"/>
  <testcase name="checkStockStatementReportWithIncludeServiceTypeItem" time="6.458" classname="com.focus.testcases.InventoryReportsTest"/>
  <testcase name="checkPeakAndLowBalancesReportWithFilterOption" time="33.583" classname="com.focus.testcases.InventoryReportsTest">
    <failure type="java.lang.AssertionError" message="expected [true] but found [false]">
      <![CDATA[java.lang.AssertionError: expected [true] but found [false]
	at org.testng.Assert.fail(Assert.java:94)
	at org.testng.Assert.failNotEquals(Assert.java:513)
	at org.testng.Assert.assertEqualsImpl(Assert.java:135)
	at org.testng.Assert.assertEquals(Assert.java:116)
	at org.testng.Assert.assertEquals(Assert.java:305)
	at org.testng.Assert.assertEquals(Assert.java:315)
	at com.focus.testcases.InventoryReportsTest.checkPeakAndLowBalancesReportWithFilterOption(InventoryReportsTest.java:702)
	at sun.reflect.NativeMethodAccessorImpl.invoke0(Native Method)
	at sun.reflect.NativeMethodAccessorImpl.invoke(Unknown Source)
	at sun.reflect.DelegatingMethodAccessorImpl.invoke(Unknown Source)
	at java.lang.reflect.Method.invoke(Unknown Source)
	at org.testng.internal.MethodInvocationHelper.invokeMethod(MethodInvocationHelper.java:86)
	at org.testng.internal.Invoker.invokeMethod(Invoker.java:643)
	at org.testng.internal.Invoker.invokeTestMethod(Invoker.java:820)
	at org.testng.internal.Invoker.invokeTestMethods(Invoker.java:1128)
	at org.testng.internal.TestMethodWorker.invokeTestMethods(TestMethodWorker.java:129)
	at org.testng.internal.TestMethodWorker.run(TestMethodWorker.java:112)
	at org.testng.TestRunner.privateRun(TestRunner.java:782)
	at org.testng.TestRunner.run(TestRunner.java:632)
	at org.testng.SuiteRunner.runTest(SuiteRunner.java:366)
	at org.testng.SuiteRunner.runSequentially(SuiteRunner.java:361)
	at org.testng.SuiteRunner.privateRun(SuiteRunner.java:319)
	at org.testng.SuiteRunner.run(SuiteRunner.java:268)
	at org.testng.SuiteRunnerWorker.runSuite(SuiteRunnerWorker.java:52)
	at org.testng.SuiteRunnerWorker.run(SuiteRunnerWorker.java:86)
	at org.testng.TestNG.runSuitesSequentially(TestNG.java:1244)
	at org.testng.TestNG.runSuitesLocally(TestNG.java:1169)
	at org.testng.TestNG.run(TestNG.java:1064)
	at org.testng.remote.AbstractRemoteTestNG.run(AbstractRemoteTestNG.java:114)
	at org.testng.remote.RemoteTestNG.initAndRun(RemoteTestNG.java:251)
	at org.testng.remote.RemoteTestNG.main(RemoteTestNG.java:77)
]]>
    </failure>
  </testcase> <!-- checkPeakAndLowBalancesReportWithFilterOption -->
  <testcase name="checkStockBalanaceByBinsReportBackTrackOption" time="17.913" classname="com.focus.testcases.InventoryReportsTest"/>
  <testcase name="checkAgeingAnalysisByRMAReportBackTrackOption" time="26.414" classname="com.focus.testcases.InventoryReportsTest"/>
  <testcase name="checkMultiLevelStockMovementReportBackTrackOption" time="17.344" classname="com.focus.testcases.InventoryReportsTest"/>
  <testcase name="checkStockTransferRegisterReportWithFromAndToWarehouseAndDetailsOptions" time="11.223" classname="com.focus.testcases.InventoryReportsTest"/>
  <testcase name="checkExpiredStockByBinsReportCustomizationOption" time="14.700" classname="com.focus.testcases.InventoryReportsTest"/>
  <testcase name="checkSlowMovingItemsReportBackTrackOption" time="18.225" classname="com.focus.testcases.InventoryReportsTest"/>
  <testcase name="checkStockLedgerReport" time="15.587" classname="com.focus.testcases.InventoryReportsTest"/>
  <testcase name="checkOpeningStockRegisterReport" time="13.639" classname="com.focus.testcases.InventoryReportsTest"/>
  <testcase name="checkStockTransferRegisterReportBackTrackOption" time="18.509" classname="com.focus.testcases.InventoryReportsTest"/>
  <testcase name="checkItemQueryReport" time="26.561" classname="com.focus.testcases.InventoryReportsTest">
    <failure type="java.lang.AssertionError" message="expected [true] but found [false]">
      <![CDATA[java.lang.AssertionError: expected [true] but found [false]
	at org.testng.Assert.fail(Assert.java:94)
	at org.testng.Assert.failNotEquals(Assert.java:513)
	at org.testng.Assert.assertEqualsImpl(Assert.java:135)
	at org.testng.Assert.assertEquals(Assert.java:116)
	at org.testng.Assert.assertEquals(Assert.java:305)
	at org.testng.Assert.assertEquals(Assert.java:315)
	at com.focus.testcases.InventoryReportsTest.checkItemQueryReport(InventoryReportsTest.java:23)
	at sun.reflect.NativeMethodAccessorImpl.invoke0(Native Method)
	at sun.reflect.NativeMethodAccessorImpl.invoke(Unknown Source)
	at sun.reflect.DelegatingMethodAccessorImpl.invoke(Unknown Source)
	at java.lang.reflect.Method.invoke(Unknown Source)
	at org.testng.internal.MethodInvocationHelper.invokeMethod(MethodInvocationHelper.java:86)
	at org.testng.internal.Invoker.invokeMethod(Invoker.java:643)
	at org.testng.internal.Invoker.invokeTestMethod(Invoker.java:820)
	at org.testng.internal.Invoker.invokeTestMethods(Invoker.java:1128)
	at org.testng.internal.TestMethodWorker.invokeTestMethods(TestMethodWorker.java:129)
	at org.testng.internal.TestMethodWorker.run(TestMethodWorker.java:112)
	at org.testng.TestRunner.privateRun(TestRunner.java:782)
	at org.testng.TestRunner.run(TestRunner.java:632)
	at org.testng.SuiteRunner.runTest(SuiteRunner.java:366)
	at org.testng.SuiteRunner.runSequentially(SuiteRunner.java:361)
	at org.testng.SuiteRunner.privateRun(SuiteRunner.java:319)
	at org.testng.SuiteRunner.run(SuiteRunner.java:268)
	at org.testng.SuiteRunnerWorker.runSuite(SuiteRunnerWorker.java:52)
	at org.testng.SuiteRunnerWorker.run(SuiteRunnerWorker.java:86)
	at org.testng.TestNG.runSuitesSequentially(TestNG.java:1244)
	at org.testng.TestNG.runSuitesLocally(TestNG.java:1169)
	at org.testng.TestNG.run(TestNG.java:1064)
	at org.testng.remote.AbstractRemoteTestNG.run(AbstractRemoteTestNG.java:114)
	at org.testng.remote.RemoteTestNG.initAndRun(RemoteTestNG.java:251)
	at org.testng.remote.RemoteTestNG.main(RemoteTestNG.java:77)
]]>
    </failure>
  </testcase> <!-- checkItemQueryReport -->
  <testcase name="checkStockLedgerReportWithMovedItemsOnlyAndIncludeServiceTypeItemsCheckBoxs" time="8.554" classname="com.focus.testcases.InventoryReportsTest"/>
  <testcase name="checkReorderReportPrintOption" time="0.807" classname="com.focus.testcases.InventoryReportsTest"/>
  <testcase name="checkMultiLevelStockMovementReports" time="15.239" classname="com.focus.testcases.InventoryReportsTest"/>
  <testcase name="checkVirtualStockAnalysisReportWithIncludeServiceTypeItemOption" time="4.042" classname="com.focus.testcases.InventoryReportsTest"/>
  <testcase name="checkAgeingAnalysisByBinReportBackTrackOption" time="26.120" classname="com.focus.testcases.InventoryReportsTest"/>
  <testcase name="checkStockStatementReportPrintOption" time="5.619" classname="com.focus.testcases.InventoryReportsTest"/>
  <testcase name="checkStockBalanaceByBinsReports" time="17.928" classname="com.focus.testcases.InventoryReportsTest"/>
  <testcase name="checkMultiLevelStockMovementReportWithIncludeServiceTypeItemOption" time="5.244" classname="com.focus.testcases.InventoryReportsTest"/>
  <testcase name="checkStockReservationRegisterReportBackTrackOption" time="8.395" classname="com.focus.testcases.InventoryReportsTest"/>
  <testcase name="checkStockAgeingAnalysisReports" time="19.915" classname="com.focus.testcases.InventoryReportsTest"/>
  <testcase name="checkStockMovementReports" time="14.087" classname="com.focus.testcases.InventoryReportsTest"/>
  <testcase name="checkStockValuationCustomizationReport" time="101.294" classname="com.focus.testcases.InventoryReportsTest">
    <failure type="java.lang.AssertionError" message="expected [true] but found [false]">
      <![CDATA[java.lang.AssertionError: expected [true] but found [false]
	at org.testng.Assert.fail(Assert.java:94)
	at org.testng.Assert.failNotEquals(Assert.java:513)
	at org.testng.Assert.assertEqualsImpl(Assert.java:135)
	at org.testng.Assert.assertEquals(Assert.java:116)
	at org.testng.Assert.assertEquals(Assert.java:305)
	at org.testng.Assert.assertEquals(Assert.java:315)
	at com.focus.testcases.InventoryReportsTest.checkStockValuationCustomizationReport(InventoryReportsTest.java:214)
	at sun.reflect.NativeMethodAccessorImpl.invoke0(Native Method)
	at sun.reflect.NativeMethodAccessorImpl.invoke(Unknown Source)
	at sun.reflect.DelegatingMethodAccessorImpl.invoke(Unknown Source)
	at java.lang.reflect.Method.invoke(Unknown Source)
	at org.testng.internal.MethodInvocationHelper.invokeMethod(MethodInvocationHelper.java:86)
	at org.testng.internal.Invoker.invokeMethod(Invoker.java:643)
	at org.testng.internal.Invoker.invokeTestMethod(Invoker.java:820)
	at org.testng.internal.Invoker.invokeTestMethods(Invoker.java:1128)
	at org.testng.internal.TestMethodWorker.invokeTestMethods(TestMethodWorker.java:129)
	at org.testng.internal.TestMethodWorker.run(TestMethodWorker.java:112)
	at org.testng.TestRunner.privateRun(TestRunner.java:782)
	at org.testng.TestRunner.run(TestRunner.java:632)
	at org.testng.SuiteRunner.runTest(SuiteRunner.java:366)
	at org.testng.SuiteRunner.runSequentially(SuiteRunner.java:361)
	at org.testng.SuiteRunner.privateRun(SuiteRunner.java:319)
	at org.testng.SuiteRunner.run(SuiteRunner.java:268)
	at org.testng.SuiteRunnerWorker.runSuite(SuiteRunnerWorker.java:52)
	at org.testng.SuiteRunnerWorker.run(SuiteRunnerWorker.java:86)
	at org.testng.TestNG.runSuitesSequentially(TestNG.java:1244)
	at org.testng.TestNG.runSuitesLocally(TestNG.java:1169)
	at org.testng.TestNG.run(TestNG.java:1064)
	at org.testng.remote.AbstractRemoteTestNG.run(AbstractRemoteTestNG.java:114)
	at org.testng.remote.RemoteTestNG.initAndRun(RemoteTestNG.java:251)
	at org.testng.remote.RemoteTestNG.main(RemoteTestNG.java:77)
]]>
    </failure>
  </testcase> <!-- checkStockValuationCustomizationReport -->
  <testcase name="checkStockReportbyTagReports" time="16.113" classname="com.focus.testcases.InventoryReportsTest"/>
  <testcase name="checkStockValuationReportWithStockValuationDisplayLinearReportIncludeServiceTypeItemOption" time="4.487" classname="com.focus.testcases.InventoryReportsTest">
    <failure type="java.lang.AssertionError" message="expected [true] but found [false]">
      <![CDATA[java.lang.AssertionError: expected [true] but found [false]
	at org.testng.Assert.fail(Assert.java:94)
	at org.testng.Assert.failNotEquals(Assert.java:513)
	at org.testng.Assert.assertEqualsImpl(Assert.java:135)
	at org.testng.Assert.assertEquals(Assert.java:116)
	at org.testng.Assert.assertEquals(Assert.java:305)
	at org.testng.Assert.assertEquals(Assert.java:315)
	at com.focus.testcases.InventoryReportsTest.checkStockValuationReportWithStockValuationDisplayLinearReportIncludeServiceTypeItemOption(InventoryReportsTest.java:221)
	at sun.reflect.NativeMethodAccessorImpl.invoke0(Native Method)
	at sun.reflect.NativeMethodAccessorImpl.invoke(Unknown Source)
	at sun.reflect.DelegatingMethodAccessorImpl.invoke(Unknown Source)
	at java.lang.reflect.Method.invoke(Unknown Source)
	at org.testng.internal.MethodInvocationHelper.invokeMethod(MethodInvocationHelper.java:86)
	at org.testng.internal.Invoker.invokeMethod(Invoker.java:643)
	at org.testng.internal.Invoker.invokeTestMethod(Invoker.java:820)
	at org.testng.internal.Invoker.invokeTestMethods(Invoker.java:1128)
	at org.testng.internal.TestMethodWorker.invokeTestMethods(TestMethodWorker.java:129)
	at org.testng.internal.TestMethodWorker.run(TestMethodWorker.java:112)
	at org.testng.TestRunner.privateRun(TestRunner.java:782)
	at org.testng.TestRunner.run(TestRunner.java:632)
	at org.testng.SuiteRunner.runTest(SuiteRunner.java:366)
	at org.testng.SuiteRunner.runSequentially(SuiteRunner.java:361)
	at org.testng.SuiteRunner.privateRun(SuiteRunner.java:319)
	at org.testng.SuiteRunner.run(SuiteRunner.java:268)
	at org.testng.SuiteRunnerWorker.runSuite(SuiteRunnerWorker.java:52)
	at org.testng.SuiteRunnerWorker.run(SuiteRunnerWorker.java:86)
	at org.testng.TestNG.runSuitesSequentially(TestNG.java:1244)
	at org.testng.TestNG.runSuitesLocally(TestNG.java:1169)
	at org.testng.TestNG.run(TestNG.java:1064)
	at org.testng.remote.AbstractRemoteTestNG.run(AbstractRemoteTestNG.java:114)
	at org.testng.remote.RemoteTestNG.initAndRun(RemoteTestNG.java:251)
	at org.testng.remote.RemoteTestNG.main(RemoteTestNG.java:77)
]]>
    </failure>
  </testcase> <!-- checkStockValuationReportWithStockValuationDisplayLinearReportIncludeServiceTypeItemOption -->
  <testcase name="checkActualConsumptionReport" time="15.056" classname="com.focus.testcases.InventoryReportsTest"/>
  <testcase name="checkStockReportbyTagReportBackTrackOption" time="18.698" classname="com.focus.testcases.InventoryReportsTest"/>
  <testcase name="checkTransactionTypeWiseStockReport" time="18.585" classname="com.focus.testcases.InventoryReportsTest">
    <failure type="java.lang.AssertionError" message="expected [true] but found [false]">
      <![CDATA[java.lang.AssertionError: expected [true] but found [false]
	at org.testng.Assert.fail(Assert.java:94)
	at org.testng.Assert.failNotEquals(Assert.java:513)
	at org.testng.Assert.assertEqualsImpl(Assert.java:135)
	at org.testng.Assert.assertEquals(Assert.java:116)
	at org.testng.Assert.assertEquals(Assert.java:305)
	at org.testng.Assert.assertEquals(Assert.java:315)
	at com.focus.testcases.InventoryReportsTest.checkTransactionTypeWiseStockReport(InventoryReportsTest.java:808)
	at sun.reflect.NativeMethodAccessorImpl.invoke0(Native Method)
	at sun.reflect.NativeMethodAccessorImpl.invoke(Unknown Source)
	at sun.reflect.DelegatingMethodAccessorImpl.invoke(Unknown Source)
	at java.lang.reflect.Method.invoke(Unknown Source)
	at org.testng.internal.MethodInvocationHelper.invokeMethod(MethodInvocationHelper.java:86)
	at org.testng.internal.Invoker.invokeMethod(Invoker.java:643)
	at org.testng.internal.Invoker.invokeTestMethod(Invoker.java:820)
	at org.testng.internal.Invoker.invokeTestMethods(Invoker.java:1128)
	at org.testng.internal.TestMethodWorker.invokeTestMethods(TestMethodWorker.java:129)
	at org.testng.internal.TestMethodWorker.run(TestMethodWorker.java:112)
	at org.testng.TestRunner.privateRun(TestRunner.java:782)
	at org.testng.TestRunner.run(TestRunner.java:632)
	at org.testng.SuiteRunner.runTest(SuiteRunner.java:366)
	at org.testng.SuiteRunner.runSequentially(SuiteRunner.java:361)
	at org.testng.SuiteRunner.privateRun(SuiteRunner.java:319)
	at org.testng.SuiteRunner.run(SuiteRunner.java:268)
	at org.testng.SuiteRunnerWorker.runSuite(SuiteRunnerWorker.java:52)
	at org.testng.SuiteRunnerWorker.run(SuiteRunnerWorker.java:86)
	at org.testng.TestNG.runSuitesSequentially(TestNG.java:1244)
	at org.testng.TestNG.runSuitesLocally(TestNG.java:1169)
	at org.testng.TestNG.run(TestNG.java:1064)
	at org.testng.remote.AbstractRemoteTestNG.run(AbstractRemoteTestNG.java:114)
	at org.testng.remote.RemoteTestNG.initAndRun(RemoteTestNG.java:251)
	at org.testng.remote.RemoteTestNG.main(RemoteTestNG.java:77)
]]>
    </failure>
  </testcase> <!-- checkTransactionTypeWiseStockReport -->
  <testcase name="checkFastMovingItemsReportWithFilterOption" time="37.821" classname="com.focus.testcases.InventoryReportsTest"/>
  <testcase name="checkStockTransferRegisterReport" time="15.168" classname="com.focus.testcases.InventoryReportsTest"/>
  <testcase name="checkStockMovementReportWithFilterOption" time="33.431" classname="com.focus.testcases.InventoryReportsTest">
    <failure type="java.lang.AssertionError" message="expected [true] but found [false]">
      <![CDATA[java.lang.AssertionError: expected [true] but found [false]
	at org.testng.Assert.fail(Assert.java:94)
	at org.testng.Assert.failNotEquals(Assert.java:513)
	at org.testng.Assert.assertEqualsImpl(Assert.java:135)
	at org.testng.Assert.assertEquals(Assert.java:116)
	at org.testng.Assert.assertEquals(Assert.java:305)
	at org.testng.Assert.assertEquals(Assert.java:315)
	at com.focus.testcases.InventoryReportsTest.checkStockMovementReportWithFilterOption(InventoryReportsTest.java:131)
	at sun.reflect.NativeMethodAccessorImpl.invoke0(Native Method)
	at sun.reflect.NativeMethodAccessorImpl.invoke(Unknown Source)
	at sun.reflect.DelegatingMethodAccessorImpl.invoke(Unknown Source)
	at java.lang.reflect.Method.invoke(Unknown Source)
	at org.testng.internal.MethodInvocationHelper.invokeMethod(MethodInvocationHelper.java:86)
	at org.testng.internal.Invoker.invokeMethod(Invoker.java:643)
	at org.testng.internal.Invoker.invokeTestMethod(Invoker.java:820)
	at org.testng.internal.Invoker.invokeTestMethods(Invoker.java:1128)
	at org.testng.internal.TestMethodWorker.invokeTestMethods(TestMethodWorker.java:129)
	at org.testng.internal.TestMethodWorker.run(TestMethodWorker.java:112)
	at org.testng.TestRunner.privateRun(TestRunner.java:782)
	at org.testng.TestRunner.run(TestRunner.java:632)
	at org.testng.SuiteRunner.runTest(SuiteRunner.java:366)
	at org.testng.SuiteRunner.runSequentially(SuiteRunner.java:361)
	at org.testng.SuiteRunner.privateRun(SuiteRunner.java:319)
	at org.testng.SuiteRunner.run(SuiteRunner.java:268)
	at org.testng.SuiteRunnerWorker.runSuite(SuiteRunnerWorker.java:52)
	at org.testng.SuiteRunnerWorker.run(SuiteRunnerWorker.java:86)
	at org.testng.TestNG.runSuitesSequentially(TestNG.java:1244)
	at org.testng.TestNG.runSuitesLocally(TestNG.java:1169)
	at org.testng.TestNG.run(TestNG.java:1064)
	at org.testng.remote.AbstractRemoteTestNG.run(AbstractRemoteTestNG.java:114)
	at org.testng.remote.RemoteTestNG.initAndRun(RemoteTestNG.java:251)
	at org.testng.remote.RemoteTestNG.main(RemoteTestNG.java:77)
]]>
    </failure>
  </testcase> <!-- checkStockMovementReportWithFilterOption -->
  <testcase name="checkLoginWithSU" time="11.631" classname="com.focus.testcases.InventoryReportsTest"/>
  <testcase name="checkTransactionTypeWiseStockReportBackTrackOption" time="20.405" classname="com.focus.testcases.InventoryReportsTest"/>
  <testcase name="checkExpiredStockByBinsReports" time="17.047" classname="com.focus.testcases.InventoryReportsTest"/>
  <testcase name="checkStockMovementReportsWithStockMovementByWarehouseAndIncludeServiceTypeItemOptions" time="8.759" classname="com.focus.testcases.InventoryReportsTest"/>
  <testcase name="checkAgeingAnalysisByBatchReportWithWarehouseAndIgnoreInternalTransferForAgeingOptions" time="8.179" classname="com.focus.testcases.InventoryReportsTest"/>
  <testcase name="checkMultiLevelStockMovementReportFilterOption" time="34.793" classname="com.focus.testcases.InventoryReportsTest">
    <failure type="java.lang.AssertionError" message="expected [true] but found [false]">
      <![CDATA[java.lang.AssertionError: expected [true] but found [false]
	at org.testng.Assert.fail(Assert.java:94)
	at org.testng.Assert.failNotEquals(Assert.java:513)
	at org.testng.Assert.assertEqualsImpl(Assert.java:135)
	at org.testng.Assert.assertEquals(Assert.java:116)
	at org.testng.Assert.assertEquals(Assert.java:305)
	at org.testng.Assert.assertEquals(Assert.java:315)
	at com.focus.testcases.InventoryReportsTest.checkMultiLevelStockMovementReportFilterOption(InventoryReportsTest.java:157)
	at sun.reflect.NativeMethodAccessorImpl.invoke0(Native Method)
	at sun.reflect.NativeMethodAccessorImpl.invoke(Unknown Source)
	at sun.reflect.DelegatingMethodAccessorImpl.invoke(Unknown Source)
	at java.lang.reflect.Method.invoke(Unknown Source)
	at org.testng.internal.MethodInvocationHelper.invokeMethod(MethodInvocationHelper.java:86)
	at org.testng.internal.Invoker.invokeMethod(Invoker.java:643)
	at org.testng.internal.Invoker.invokeTestMethod(Invoker.java:820)
	at org.testng.internal.Invoker.invokeTestMethods(Invoker.java:1128)
	at org.testng.internal.TestMethodWorker.invokeTestMethods(TestMethodWorker.java:129)
	at org.testng.internal.TestMethodWorker.run(TestMethodWorker.java:112)
	at org.testng.TestRunner.privateRun(TestRunner.java:782)
	at org.testng.TestRunner.run(TestRunner.java:632)
	at org.testng.SuiteRunner.runTest(SuiteRunner.java:366)
	at org.testng.SuiteRunner.runSequentially(SuiteRunner.java:361)
	at org.testng.SuiteRunner.privateRun(SuiteRunner.java:319)
	at org.testng.SuiteRunner.run(SuiteRunner.java:268)
	at org.testng.SuiteRunnerWorker.runSuite(SuiteRunnerWorker.java:52)
	at org.testng.SuiteRunnerWorker.run(SuiteRunnerWorker.java:86)
	at org.testng.TestNG.runSuitesSequentially(TestNG.java:1244)
	at org.testng.TestNG.runSuitesLocally(TestNG.java:1169)
	at org.testng.TestNG.run(TestNG.java:1064)
	at org.testng.remote.AbstractRemoteTestNG.run(AbstractRemoteTestNG.java:114)
	at org.testng.remote.RemoteTestNG.initAndRun(RemoteTestNG.java:251)
	at org.testng.remote.RemoteTestNG.main(RemoteTestNG.java:77)
]]>
    </failure>
  </testcase> <!-- checkMultiLevelStockMovementReportFilterOption -->
  <testcase name="checkStockDetailsByBinsReports" time="16.962" classname="com.focus.testcases.InventoryReportsTest"/>
  <testcase name="checkFastMovingItemsReportBackTrackOption" time="18.720" classname="com.focus.testcases.InventoryReportsTest"/>
  <testcase name="checkStockAgeingAnalysisReportFilterOption" time="37.867" classname="com.focus.testcases.InventoryReportsTest"/>
  <testcase name="checkSlowMovingItemsReport" time="13.406" classname="com.focus.testcases.InventoryReportsTest"/>
  <testcase name="checkAgeingByItemByBinReportBackTrackOption" time="25.940" classname="com.focus.testcases.InventoryReportsTest"/>
  <testcase name="checkFastMovingItemsReport" time="13.311" classname="com.focus.testcases.InventoryReportsTest"/>
  <testcase name="checkStockStatementReport" time="14.329" classname="com.focus.testcases.InventoryReportsTest"/>
  <testcase name="checkStockTransferRegisterReportPrintOption" time="5.601" classname="com.focus.testcases.InventoryReportsTest"/>
  <testcase name="checkStockLedgerCustomizationReport" time="23.065" classname="com.focus.testcases.InventoryReportsTest"/>
  <testcase name="checkStockAnalysisByRmaReportsPrintOption" time="5.319" classname="com.focus.testcases.InventoryReportsTest"/>
  <testcase name="checkBestSellingItemReportBackTrackOption" time="16.828" classname="com.focus.testcases.InventoryReportsTest"/>
  <testcase name="checkStockAnalysisByRmaReports" time="23.416" classname="com.focus.testcases.InventoryReportsTest"/>
  <testcase name="checkBestSellingItemReportWithSortingOnAndIncludeAllVouchersChkBox" time="4.094" classname="com.focus.testcases.InventoryReportsTest">
    <failure type="java.lang.AssertionError" message="expected [true] but found [false]">
      <![CDATA[java.lang.AssertionError: expected [true] but found [false]
	at org.testng.Assert.fail(Assert.java:94)
	at org.testng.Assert.failNotEquals(Assert.java:513)
	at org.testng.Assert.assertEqualsImpl(Assert.java:135)
	at org.testng.Assert.assertEquals(Assert.java:116)
	at org.testng.Assert.assertEquals(Assert.java:305)
	at org.testng.Assert.assertEquals(Assert.java:315)
	at com.focus.testcases.InventoryReportsTest.checkBestSellingItemReportWithSortingOnAndIncludeAllVouchersChkBox(InventoryReportsTest.java:729)
	at sun.reflect.NativeMethodAccessorImpl.invoke0(Native Method)
	at sun.reflect.NativeMethodAccessorImpl.invoke(Unknown Source)
	at sun.reflect.DelegatingMethodAccessorImpl.invoke(Unknown Source)
	at java.lang.reflect.Method.invoke(Unknown Source)
	at org.testng.internal.MethodInvocationHelper.invokeMethod(MethodInvocationHelper.java:86)
	at org.testng.internal.Invoker.invokeMethod(Invoker.java:643)
	at org.testng.internal.Invoker.invokeTestMethod(Invoker.java:820)
	at org.testng.internal.Invoker.invokeTestMethods(Invoker.java:1128)
	at org.testng.internal.TestMethodWorker.invokeTestMethods(TestMethodWorker.java:129)
	at org.testng.internal.TestMethodWorker.run(TestMethodWorker.java:112)
	at org.testng.TestRunner.privateRun(TestRunner.java:782)
	at org.testng.TestRunner.run(TestRunner.java:632)
	at org.testng.SuiteRunner.runTest(SuiteRunner.java:366)
	at org.testng.SuiteRunner.runSequentially(SuiteRunner.java:361)
	at org.testng.SuiteRunner.privateRun(SuiteRunner.java:319)
	at org.testng.SuiteRunner.run(SuiteRunner.java:268)
	at org.testng.SuiteRunnerWorker.runSuite(SuiteRunnerWorker.java:52)
	at org.testng.SuiteRunnerWorker.run(SuiteRunnerWorker.java:86)
	at org.testng.TestNG.runSuitesSequentially(TestNG.java:1244)
	at org.testng.TestNG.runSuitesLocally(TestNG.java:1169)
	at org.testng.TestNG.run(TestNG.java:1064)
	at org.testng.remote.AbstractRemoteTestNG.run(AbstractRemoteTestNG.java:114)
	at org.testng.remote.RemoteTestNG.initAndRun(RemoteTestNG.java:251)
	at org.testng.remote.RemoteTestNG.main(RemoteTestNG.java:77)
]]>
    </failure>
  </testcase> <!-- checkBestSellingItemReportWithSortingOnAndIncludeAllVouchersChkBox -->
  <testcase name="checkStockAgeingAnalysisReportWithOptions" time="8.702" classname="com.focus.testcases.InventoryReportsTest"/>
  <testcase name="checkStockReservationRegisterReport" time="17.654" classname="com.focus.testcases.InventoryReportsTest">
    <failure type="java.lang.AssertionError" message="expected [true] but found [false]">
      <![CDATA[java.lang.AssertionError: expected [true] but found [false]
	at org.testng.Assert.fail(Assert.java:94)
	at org.testng.Assert.failNotEquals(Assert.java:513)
	at org.testng.Assert.assertEqualsImpl(Assert.java:135)
	at org.testng.Assert.assertEquals(Assert.java:116)
	at org.testng.Assert.assertEquals(Assert.java:305)
	at org.testng.Assert.assertEquals(Assert.java:315)
	at com.focus.testcases.InventoryReportsTest.checkStockReservationRegisterReport(InventoryReportsTest.java:781)
	at sun.reflect.NativeMethodAccessorImpl.invoke0(Native Method)
	at sun.reflect.NativeMethodAccessorImpl.invoke(Unknown Source)
	at sun.reflect.DelegatingMethodAccessorImpl.invoke(Unknown Source)
	at java.lang.reflect.Method.invoke(Unknown Source)
	at org.testng.internal.MethodInvocationHelper.invokeMethod(MethodInvocationHelper.java:86)
	at org.testng.internal.Invoker.invokeMethod(Invoker.java:643)
	at org.testng.internal.Invoker.invokeTestMethod(Invoker.java:820)
	at org.testng.internal.Invoker.invokeTestMethods(Invoker.java:1128)
	at org.testng.internal.TestMethodWorker.invokeTestMethods(TestMethodWorker.java:129)
	at org.testng.internal.TestMethodWorker.run(TestMethodWorker.java:112)
	at org.testng.TestRunner.privateRun(TestRunner.java:782)
	at org.testng.TestRunner.run(TestRunner.java:632)
	at org.testng.SuiteRunner.runTest(SuiteRunner.java:366)
	at org.testng.SuiteRunner.runSequentially(SuiteRunner.java:361)
	at org.testng.SuiteRunner.privateRun(SuiteRunner.java:319)
	at org.testng.SuiteRunner.run(SuiteRunner.java:268)
	at org.testng.SuiteRunnerWorker.runSuite(SuiteRunnerWorker.java:52)
	at org.testng.SuiteRunnerWorker.run(SuiteRunnerWorker.java:86)
	at org.testng.TestNG.runSuitesSequentially(TestNG.java:1244)
	at org.testng.TestNG.runSuitesLocally(TestNG.java:1169)
	at org.testng.TestNG.run(TestNG.java:1064)
	at org.testng.remote.AbstractRemoteTestNG.run(AbstractRemoteTestNG.java:114)
	at org.testng.remote.RemoteTestNG.initAndRun(RemoteTestNG.java:251)
	at org.testng.remote.RemoteTestNG.main(RemoteTestNG.java:77)
]]>
    </failure>
  </testcase> <!-- checkStockReservationRegisterReport -->
  <testcase name="checkStockBalanceByWarehouseReportIncludeServiceTypeItemOption" time="4.377" classname="com.focus.testcases.InventoryReportsTest"/>
  <testcase name="checkStockValuationReportBackTrackOption" time="18.271" classname="com.focus.testcases.InventoryReportsTest"/>
  <testcase name="checkABCAnalysisReports" time="13.150" classname="com.focus.testcases.InventoryReportsTest"/>
  <testcase name="checkReorderReports" time="10.404" classname="com.focus.testcases.InventoryReportsTest"/>
  <testcase name="checkStockBalanceByWarehouseReports" time="11.556" classname="com.focus.testcases.InventoryReportsTest"/>
  <testcase name="checkStockAnalysisByBatchReportPrintOption" time="5.576" classname="com.focus.testcases.InventoryReportsTest"/>
  <testcase name="checkStockAnalysisByBatchReportBackTrackOption" time="17.950" classname="com.focus.testcases.InventoryReportsTest"/>
  <testcase name="checkActualConsumptionReportBackTrackOption" time="20.702" classname="com.focus.testcases.InventoryReportsTest"/>
  <testcase name="checkStockLedgerReportBackTrackOption" time="8.901" classname="com.focus.testcases.InventoryReportsTest"/>
  <testcase name="checkAgeingByItemByBinReportWithWarehouseAndIgnoreInternalTransferForAgeingOptions" time="6.185" classname="com.focus.testcases.InventoryReportsTest"/>
  <testcase name="checkStockBalancesByItemByBinsReportPrintOption" time="5.775" classname="com.focus.testcases.InventoryReportsTest"/>
  <testcase name="checkABCAnalysisReportWithClassificationAndCriteriaOptions" time="3.924" classname="com.focus.testcases.InventoryReportsTest"/>
  <testcase name="checkAgeingAnalysisByBatchReports" time="19.497" classname="com.focus.testcases.InventoryReportsTest"/>
  <testcase name="checkTransactionTypeWiseStockReportWithFilterOption" time="38.620" classname="com.focus.testcases.InventoryReportsTest">
    <failure type="java.lang.AssertionError" message="expected [true] but found [false]">
      <![CDATA[java.lang.AssertionError: expected [true] but found [false]
	at org.testng.Assert.fail(Assert.java:94)
	at org.testng.Assert.failNotEquals(Assert.java:513)
	at org.testng.Assert.assertEqualsImpl(Assert.java:135)
	at org.testng.Assert.assertEquals(Assert.java:116)
	at org.testng.Assert.assertEquals(Assert.java:305)
	at org.testng.Assert.assertEquals(Assert.java:315)
	at com.focus.testcases.InventoryReportsTest.checkTransactionTypeWiseStockReportWithFilterOption(InventoryReportsTest.java:815)
	at sun.reflect.NativeMethodAccessorImpl.invoke0(Native Method)
	at sun.reflect.NativeMethodAccessorImpl.invoke(Unknown Source)
	at sun.reflect.DelegatingMethodAccessorImpl.invoke(Unknown Source)
	at java.lang.reflect.Method.invoke(Unknown Source)
	at org.testng.internal.MethodInvocationHelper.invokeMethod(MethodInvocationHelper.java:86)
	at org.testng.internal.Invoker.invokeMethod(Invoker.java:643)
	at org.testng.internal.Invoker.invokeTestMethod(Invoker.java:820)
	at org.testng.internal.Invoker.invokeTestMethods(Invoker.java:1128)
	at org.testng.internal.TestMethodWorker.invokeTestMethods(TestMethodWorker.java:129)
	at org.testng.internal.TestMethodWorker.run(TestMethodWorker.java:112)
	at org.testng.TestRunner.privateRun(TestRunner.java:782)
	at org.testng.TestRunner.run(TestRunner.java:632)
	at org.testng.SuiteRunner.runTest(SuiteRunner.java:366)
	at org.testng.SuiteRunner.runSequentially(SuiteRunner.java:361)
	at org.testng.SuiteRunner.privateRun(SuiteRunner.java:319)
	at org.testng.SuiteRunner.run(SuiteRunner.java:268)
	at org.testng.SuiteRunnerWorker.runSuite(SuiteRunnerWorker.java:52)
	at org.testng.SuiteRunnerWorker.run(SuiteRunnerWorker.java:86)
	at org.testng.TestNG.runSuitesSequentially(TestNG.java:1244)
	at org.testng.TestNG.runSuitesLocally(TestNG.java:1169)
	at org.testng.TestNG.run(TestNG.java:1064)
	at org.testng.remote.AbstractRemoteTestNG.run(AbstractRemoteTestNG.java:114)
	at org.testng.remote.RemoteTestNG.initAndRun(RemoteTestNG.java:251)
	at org.testng.remote.RemoteTestNG.main(RemoteTestNG.java:77)
]]>
    </failure>
  </testcase> <!-- checkTransactionTypeWiseStockReportWithFilterOption -->
  <testcase name="checkStockAnalysisByBinReportWithFilterOption" time="35.200" classname="com.focus.testcases.InventoryReportsTest"/>
  <testcase name="checkAgeingByItemByBinsReports" time="19.042" classname="com.focus.testcases.InventoryReportsTest"/>
  <testcase name="checkActualConsumptionReportWithFilterOption" time="34.917" classname="com.focus.testcases.InventoryReportsTest"/>
  <testcase name="checkStockAnalysisByBatchReportWithStockTypeGoodBatches" time="3.757" classname="com.focus.testcases.InventoryReportsTest">
    <failure type="java.lang.AssertionError" message="expected [true] but found [false]">
      <![CDATA[java.lang.AssertionError: expected [true] but found [false]
	at org.testng.Assert.fail(Assert.java:94)
	at org.testng.Assert.failNotEquals(Assert.java:513)
	at org.testng.Assert.assertEqualsImpl(Assert.java:135)
	at org.testng.Assert.assertEquals(Assert.java:116)
	at org.testng.Assert.assertEquals(Assert.java:305)
	at org.testng.Assert.assertEquals(Assert.java:315)
	at com.focus.testcases.InventoryReportsTest.checkStockAnalysisByBatchReportWithStockTypeGoodBatches(InventoryReportsTest.java:300)
	at sun.reflect.NativeMethodAccessorImpl.invoke0(Native Method)
	at sun.reflect.NativeMethodAccessorImpl.invoke(Unknown Source)
	at sun.reflect.DelegatingMethodAccessorImpl.invoke(Unknown Source)
	at java.lang.reflect.Method.invoke(Unknown Source)
	at org.testng.internal.MethodInvocationHelper.invokeMethod(MethodInvocationHelper.java:86)
	at org.testng.internal.Invoker.invokeMethod(Invoker.java:643)
	at org.testng.internal.Invoker.invokeTestMethod(Invoker.java:820)
	at org.testng.internal.Invoker.invokeTestMethods(Invoker.java:1128)
	at org.testng.internal.TestMethodWorker.invokeTestMethods(TestMethodWorker.java:129)
	at org.testng.internal.TestMethodWorker.run(TestMethodWorker.java:112)
	at org.testng.TestRunner.privateRun(TestRunner.java:782)
	at org.testng.TestRunner.run(TestRunner.java:632)
	at org.testng.SuiteRunner.runTest(SuiteRunner.java:366)
	at org.testng.SuiteRunner.runSequentially(SuiteRunner.java:361)
	at org.testng.SuiteRunner.privateRun(SuiteRunner.java:319)
	at org.testng.SuiteRunner.run(SuiteRunner.java:268)
	at org.testng.SuiteRunnerWorker.runSuite(SuiteRunnerWorker.java:52)
	at org.testng.SuiteRunnerWorker.run(SuiteRunnerWorker.java:86)
	at org.testng.TestNG.runSuitesSequentially(TestNG.java:1244)
	at org.testng.TestNG.runSuitesLocally(TestNG.java:1169)
	at org.testng.TestNG.run(TestNG.java:1064)
	at org.testng.remote.AbstractRemoteTestNG.run(AbstractRemoteTestNG.java:114)
	at org.testng.remote.RemoteTestNG.initAndRun(RemoteTestNG.java:251)
	at org.testng.remote.RemoteTestNG.main(RemoteTestNG.java:77)
]]>
    </failure>
  </testcase> <!-- checkStockAnalysisByBatchReportWithStockTypeGoodBatches -->
  <testcase name="checkAgeingStockByBinsReports" time="20.158" classname="com.focus.testcases.InventoryReportsTest"/>
  <testcase name="checkStockDetailsByBinsReportBackTrackOption" time="19.670" classname="com.focus.testcases.InventoryReportsTest"/>
  <testcase name="checkStockBalanaceByBinsReportFilterOption" time="32.493" classname="com.focus.testcases.InventoryReportsTest"/>
  <testcase name="checkAgeingAnalysisByBatchReportBackTrackOption" time="21.346" classname="com.focus.testcases.InventoryReportsTest"/>
  <testcase name="checkOpeningStockRegisterReportFilterOption" time="36.726" classname="com.focus.testcases.InventoryReportsTest"/>
  <testcase name="checkAgeingAnalysisByRMAReport" time="71.014" classname="com.focus.testcases.InventoryReportsTest"/>
  <testcase name="checkPeakAndLowBalancesReportBackTrackOption" time="18.812" classname="com.focus.testcases.InventoryReportsTest"/>
  <testcase name="checkStockReportbyTagReportsWithUserForItemRestriction" time="15.028" classname="com.focus.testcases.InventoryReportsTest"/>
  <testcase name="checkLoginWithUserForItemRestriction" time="11.783" classname="com.focus.testcases.InventoryReportsTest"/>
  <testcase name="checkStockMovementReportBackTrackOption" time="22.896" classname="com.focus.testcases.InventoryReportsTest"/>
  <testcase name="checkAgeingAnalysisByRMAReportWithFilterOption" time="35.352" classname="com.focus.testcases.InventoryReportsTest"/>
  <testcase name="checkStockValuationReports" time="13.741" classname="com.focus.testcases.InventoryReportsTest"/>
  <testcase name="checkStockAgeingAnalysisReportWithBackTrackOptions" time="19.909" classname="com.focus.testcases.InventoryReportsTest"/>
</testsuite> <!-- com.focus.testcases.InventoryReportsTest -->
