<?xml version="1.0" encoding="UTF-8"?>
<!-- Generated by org.testng.reporters.JUnitReportReporter -->
<testsuite hostname="FOCUS-QA-4" name="com.focus.testcases.SalesInvoiceVATVoucherTest" tests="18" failures="2" timestamp="10 May 2021 15:27:15 GMT" time="410.243" errors="0">
  <testcase name="checkSalesInvoiceVoucherSearchInLinkPopupScreenAndSaveWithBatchItem" time="21.804" classname="com.focus.testcases.SalesInvoiceVATVoucherTest"/>
  <testcase name="checkSuspendOptionInSalesInvoiceEntryPage" time="2.209" classname="com.focus.testcases.SalesInvoiceVATVoucherTest"/>
  <testcase name="checkSalesInvoiceVoucherLinewiseConsumingForBinItem" time="39.342" classname="com.focus.testcases.SalesInvoiceVATVoucherTest"/>
  <testcase name="checkVerifingDetailsOfSavedSalesInvoiceVATVoucherInHomepage" time="18.343" classname="com.focus.testcases.SalesInvoiceVATVoucherTest">
    <failure type="java.lang.AssertionError" message="expected [true] but found [false]">
      <![CDATA[java.lang.AssertionError: expected [true] but found [false]
	at org.testng.Assert.fail(Assert.java:94)
	at org.testng.Assert.failNotEquals(Assert.java:513)
	at org.testng.Assert.assertEqualsImpl(Assert.java:135)
	at org.testng.Assert.assertEquals(Assert.java:116)
	at org.testng.Assert.assertEquals(Assert.java:305)
	at org.testng.Assert.assertEquals(Assert.java:315)
	at com.focus.testcases.SalesInvoiceVATVoucherTest.checkVerifingDetailsOfSavedSalesInvoiceVATVoucherInHomepage(SalesInvoiceVATVoucherTest.java:139)
	at sun.reflect.NativeMethodAccessorImpl.invoke0(Native Method)
	at sun.reflect.NativeMethodAccessorImpl.invoke(Unknown Source)
	at sun.reflect.DelegatingMethodAccessorImpl.invoke(Unknown Source)
	at java.lang.reflect.Method.invoke(Unknown Source)
	at org.testng.internal.MethodInvocationHelper.invokeMethod(MethodInvocationHelper.java:86)
	at org.testng.internal.Invoker.invokeMethod(Invoker.java:643)
	at org.testng.internal.Invoker.invokeTestMethod(Invoker.java:820)
	at org.testng.internal.Invoker.invokeTestMethods(Invoker.java:1128)
	at org.testng.internal.TestMethodWorker.invokeTestMethods(TestMethodWorker.java:129)
	at org.testng.internal.TestMethodWorker.run(TestMethodWorker.java:112)
	at org.testng.TestRunner.privateRun(TestRunner.java:782)
	at org.testng.TestRunner.run(TestRunner.java:632)
	at org.testng.SuiteRunner.runTest(SuiteRunner.java:366)
	at org.testng.SuiteRunner.runSequentially(SuiteRunner.java:361)
	at org.testng.SuiteRunner.privateRun(SuiteRunner.java:319)
	at org.testng.SuiteRunner.run(SuiteRunner.java:268)
	at org.testng.SuiteRunnerWorker.runSuite(SuiteRunnerWorker.java:52)
	at org.testng.SuiteRunnerWorker.run(SuiteRunnerWorker.java:86)
	at org.testng.TestNG.runSuitesSequentially(TestNG.java:1244)
	at org.testng.TestNG.runSuitesLocally(TestNG.java:1169)
	at org.testng.TestNG.run(TestNG.java:1064)
	at org.testng.remote.AbstractRemoteTestNG.run(AbstractRemoteTestNG.java:114)
	at org.testng.remote.RemoteTestNG.initAndRun(RemoteTestNG.java:251)
	at org.testng.remote.RemoteTestNG.main(RemoteTestNG.java:77)
]]>
    </failure>
  </testcase> <!-- checkVerifingDetailsOfSavedSalesInvoiceVATVoucherInHomepage -->
  <testcase name="checkSavingSalesReturnsVoucherWithConvertOptions" time="21.657" classname="com.focus.testcases.SalesInvoiceVATVoucherTest"/>
  <testcase name="checkDeleteOptionInSalesInvoiceHomePage" time="3.560" classname="com.focus.testcases.SalesInvoiceVATVoucherTest"/>
  <testcase name="checkSalesInvoiceVoucherToCheckLinkPopUpScreenWithCRTlPlusL" time="29.137" classname="com.focus.testcases.SalesInvoiceVATVoucherTest"/>
  <testcase name="checkSalesInvoiceVoucherLinewiseConsumingForBatchItem" time="21.607" classname="com.focus.testcases.SalesInvoiceVATVoucherTest"/>
  <testcase name="checkVerifingDetailsOfSavedSalesReturnsVoucherInHomepage" time="3.559" classname="com.focus.testcases.SalesInvoiceVATVoucherTest"/>
  <testcase name="checkSalesInvoiceVoucherToCheckStockItemLinkPopUpScreenWithCRTlPlusL" time="22.260" classname="com.focus.testcases.SalesInvoiceVATVoucherTest"/>
  <testcase name="checkSalesInvoiceVoucherLinewiseConsumingForStockItem" time="22.864" classname="com.focus.testcases.SalesInvoiceVATVoucherTest"/>
  <testcase name="checkSalesInvoiceVoucherToCheckBinItemLinkPopUpScreenWithCRTlPlusL" time="36.464" classname="com.focus.testcases.SalesInvoiceVATVoucherTest"/>
  <testcase name="checkSuspendOptionInSalesInvoiceHomePage" time="3.797" classname="com.focus.testcases.SalesInvoiceVATVoucherTest"/>
  <testcase name="checkSalesInvoiceVoucherSavingSuspenigAndDeletingThroughConvertOption" time="17.666" classname="com.focus.testcases.SalesInvoiceVATVoucherTest"/>
  <testcase name="checkSavingSalesInvoiceWithhAllItemsOfTransferedStockInSingleVoucher" time="68.109" classname="com.focus.testcases.SalesInvoiceVATVoucherTest"/>
  <testcase name="checkDeleteOptionInSalesInvoiceEntryPage" time="3.985" classname="com.focus.testcases.SalesInvoiceVATVoucherTest"/>
  <testcase name="checkSalesInvoiceVoucherLinewiseConsumingForRmaItem" time="33.630" classname="com.focus.testcases.SalesInvoiceVATVoucherTest">
    <failure type="java.lang.AssertionError" message="expected [true] but found [false]">
      <![CDATA[java.lang.AssertionError: expected [true] but found [false]
	at org.testng.Assert.fail(Assert.java:94)
	at org.testng.Assert.failNotEquals(Assert.java:513)
	at org.testng.Assert.assertEqualsImpl(Assert.java:135)
	at org.testng.Assert.assertEquals(Assert.java:116)
	at org.testng.Assert.assertEquals(Assert.java:305)
	at org.testng.Assert.assertEquals(Assert.java:315)
	at com.focus.testcases.SalesInvoiceVATVoucherTest.checkSalesInvoiceVoucherLinewiseConsumingForRmaItem(SalesInvoiceVATVoucherTest.java:86)
	at sun.reflect.NativeMethodAccessorImpl.invoke0(Native Method)
	at sun.reflect.NativeMethodAccessorImpl.invoke(Unknown Source)
	at sun.reflect.DelegatingMethodAccessorImpl.invoke(Unknown Source)
	at java.lang.reflect.Method.invoke(Unknown Source)
	at org.testng.internal.MethodInvocationHelper.invokeMethod(MethodInvocationHelper.java:86)
	at org.testng.internal.Invoker.invokeMethod(Invoker.java:643)
	at org.testng.internal.Invoker.invokeTestMethod(Invoker.java:820)
	at org.testng.internal.Invoker.invokeTestMethods(Invoker.java:1128)
	at org.testng.internal.TestMethodWorker.invokeTestMethods(TestMethodWorker.java:129)
	at org.testng.internal.TestMethodWorker.run(TestMethodWorker.java:112)
	at org.testng.TestRunner.privateRun(TestRunner.java:782)
	at org.testng.TestRunner.run(TestRunner.java:632)
	at org.testng.SuiteRunner.runTest(SuiteRunner.java:366)
	at org.testng.SuiteRunner.runSequentially(SuiteRunner.java:361)
	at org.testng.SuiteRunner.privateRun(SuiteRunner.java:319)
	at org.testng.SuiteRunner.run(SuiteRunner.java:268)
	at org.testng.SuiteRunnerWorker.runSuite(SuiteRunnerWorker.java:52)
	at org.testng.SuiteRunnerWorker.run(SuiteRunnerWorker.java:86)
	at org.testng.TestNG.runSuitesSequentially(TestNG.java:1244)
	at org.testng.TestNG.runSuitesLocally(TestNG.java:1169)
	at org.testng.TestNG.run(TestNG.java:1064)
	at org.testng.remote.AbstractRemoteTestNG.run(AbstractRemoteTestNG.java:114)
	at org.testng.remote.RemoteTestNG.initAndRun(RemoteTestNG.java:251)
	at org.testng.remote.RemoteTestNG.main(RemoteTestNG.java:77)
]]>
    </failure>
  </testcase> <!-- checkSalesInvoiceVoucherLinewiseConsumingForRmaItem -->
  <testcase name="checkSalesInvoiceVoucherToCheckRMAItemLinkPopUpScreenWithCRTlPlusL" time="40.250" classname="com.focus.testcases.SalesInvoiceVATVoucherTest"/>
</testsuite> <!-- com.focus.testcases.SalesInvoiceVATVoucherTest -->
