<?xml version="1.0" encoding="UTF-8"?>
<!-- Generated by org.testng.reporters.JUnitReportReporter -->
<testsuite hostname="FOCUS-QA-4" name="com.focus.testcases.MastersTest" tests="55" failures="2" timestamp="10 May 2021 12:51:01 GMT" time="833.006" errors="0">
  <testcase name="checkDeleteUnitsInUnitsMaster" time="46.692" classname="com.focus.testcases.MastersTest"/>
  <testcase name="checkDeletingTestWorkFlow" time="4.437" classname="com.focus.testcases.MastersTest"/>
  <testcase name="checkSavingAccountINAccountMaster" time="6.912" classname="com.focus.testcases.MastersTest"/>
  <testcase name="checkUpdatingISOCurrencyCodeSLLCoinName" time="16.428" classname="com.focus.testcases.MastersTest"/>
  <testcase name="checkSavingTransactionAuthorizationInPurchaseReturns" time="30.611" classname="com.focus.testcases.MastersTest"/>
  <testcase name="checkDeletingUnitConversion" time="14.237" classname="com.focus.testcases.MastersTest"/>
  <testcase name="checkSavingMasterAuthorization" time="31.698" classname="com.focus.testcases.MastersTest"/>
  <testcase name="checkSavingWarehouseInWarehouseMaster" time="10.826" classname="com.focus.testcases.MastersTest"/>
  <testcase name="checkDeleteInDepartmentMaster" time="86.745" classname="com.focus.testcases.MastersTest"/>
  <testcase name="checkDeletingMasterAuthorization" time="9.893" classname="com.focus.testcases.MastersTest"/>
  <testcase name="CheckSavingAllProfileSTwithAlloptionsEnabled" time="26.802" classname="com.focus.testcases.MastersTest"/>
  <testcase name="checkDeleteItemInItemMaster" time="6.966" classname="com.focus.testcases.MastersTest"/>
  <testcase name="checkDeleteInWarehouseInWarehouseMaster" time="6.707" classname="com.focus.testcases.MastersTest"/>
  <testcase name="checkDeleteUpdatedProfile" time="5.759" classname="com.focus.testcases.MastersTest"/>
  <testcase name="checkUpdatingUnitConversion" time="8.007" classname="com.focus.testcases.MastersTest"/>
  <testcase name="checkDeletingSellerPriceBook" time="5.456" classname="com.focus.testcases.MastersTest"/>
  <testcase name="checkEditingTransactionAuthorizationInPurchaseReturns" time="27.714" classname="com.focus.testcases.MastersTest"/>
  <testcase name="checkDeleteAccountInAccountMaster" time="9.271" classname="com.focus.testcases.MastersTest"/>
  <testcase name="checkCompareAndDeleteUpdatedRole" time="7.940" classname="com.focus.testcases.MastersTest"/>
  <testcase name="verifyUpdateSimplePasswordPolicy" time="5.163" classname="com.focus.testcases.MastersTest"/>
  <testcase name="checkEditingInSavedItemINItemMaster" time="3.439" classname="com.focus.testcases.MastersTest"/>
  <testcase name="checkSavingItemInItemMaster" time="15.953" classname="com.focus.testcases.MastersTest"/>
  <testcase name="verifyPasswordPolicyTestSave" time="8.770" classname="com.focus.testcases.MastersTest"/>
  <testcase name="checkSavingBinsInBinsMaster" time="14.303" classname="com.focus.testcases.MastersTest"/>
  <testcase name="checkEditingInSavedDepartmentINDepartmentMaster" time="2.274" classname="com.focus.testcases.MastersTest"/>
  <testcase name="verifyAlertOnDeletePasswordPolicy" time="4.996" classname="com.focus.testcases.MastersTest"/>
  <testcase name="checkEditingInSavedUnitsINUnitsMaster" time="2.022" classname="com.focus.testcases.MastersTest"/>
  <testcase name="checkExchangeRateHistoryLoadButtonWithBaseCurrency" time="14.652" classname="com.focus.testcases.MastersTest">
    <failure type="java.lang.AssertionError" message="expected [true] but found [false]">
      <![CDATA[java.lang.AssertionError: expected [true] but found [false]
	at org.testng.Assert.fail(Assert.java:94)
	at org.testng.Assert.failNotEquals(Assert.java:513)
	at org.testng.Assert.assertEqualsImpl(Assert.java:135)
	at org.testng.Assert.assertEquals(Assert.java:116)
	at org.testng.Assert.assertEquals(Assert.java:305)
	at org.testng.Assert.assertEquals(Assert.java:315)
	at com.focus.testcases.MastersTest.checkExchangeRateHistoryLoadButtonWithBaseCurrency(MastersTest.java:218)
	at sun.reflect.NativeMethodAccessorImpl.invoke0(Native Method)
	at sun.reflect.NativeMethodAccessorImpl.invoke(Unknown Source)
	at sun.reflect.DelegatingMethodAccessorImpl.invoke(Unknown Source)
	at java.lang.reflect.Method.invoke(Unknown Source)
	at org.testng.internal.MethodInvocationHelper.invokeMethod(MethodInvocationHelper.java:86)
	at org.testng.internal.Invoker.invokeMethod(Invoker.java:643)
	at org.testng.internal.Invoker.invokeTestMethod(Invoker.java:820)
	at org.testng.internal.Invoker.invokeTestMethods(Invoker.java:1128)
	at org.testng.internal.TestMethodWorker.invokeTestMethods(TestMethodWorker.java:129)
	at org.testng.internal.TestMethodWorker.run(TestMethodWorker.java:112)
	at org.testng.TestRunner.privateRun(TestRunner.java:782)
	at org.testng.TestRunner.run(TestRunner.java:632)
	at org.testng.SuiteRunner.runTest(SuiteRunner.java:366)
	at org.testng.SuiteRunner.runSequentially(SuiteRunner.java:361)
	at org.testng.SuiteRunner.privateRun(SuiteRunner.java:319)
	at org.testng.SuiteRunner.run(SuiteRunner.java:268)
	at org.testng.SuiteRunnerWorker.runSuite(SuiteRunnerWorker.java:52)
	at org.testng.SuiteRunnerWorker.run(SuiteRunnerWorker.java:86)
	at org.testng.TestNG.runSuitesSequentially(TestNG.java:1244)
	at org.testng.TestNG.runSuitesLocally(TestNG.java:1169)
	at org.testng.TestNG.run(TestNG.java:1064)
	at org.testng.remote.AbstractRemoteTestNG.run(AbstractRemoteTestNG.java:114)
	at org.testng.remote.RemoteTestNG.initAndRun(RemoteTestNG.java:251)
	at org.testng.remote.RemoteTestNG.main(RemoteTestNG.java:77)
]]>
    </failure>
  </testcase> <!-- checkExchangeRateHistoryLoadButtonWithBaseCurrency -->
  <testcase name="checkUpdatingThreSavedProfile" time="19.030" classname="com.focus.testcases.MastersTest"/>
  <testcase name="checkUpdatingAgainISOCurrencyCodeSLLCoinName" time="3.397" classname="com.focus.testcases.MastersTest"/>
  <testcase name="checkSaveingRoleWithAllfieldsInAllTabs" time="21.552" classname="com.focus.testcases.MastersTest"/>
  <testcase name="checkSavingUnitsInUnitsMaster" time="20.512" classname="com.focus.testcases.MastersTest"/>
  <testcase name="checkSavingDepartmentInDepartmentMaster" time="14.025" classname="com.focus.testcases.MastersTest"/>
  <testcase name="checkEditingMasterAuthorization" time="25.980" classname="com.focus.testcases.MastersTest"/>
  <testcase name="checkSavingCurrencyExchnageRate" time="3.279" classname="com.focus.testcases.MastersTest"/>
  <testcase name="checkEditingInSavedBinsINBinsMaster" time="2.425" classname="com.focus.testcases.MastersTest"/>
  <testcase name="checkDeletingBuyerPriceBook" time="5.402" classname="com.focus.testcases.MastersTest"/>
  <testcase name="checkDeleteOptionInExchangeRate" time="14.841" classname="com.focus.testcases.MastersTest"/>
  <testcase name="checkDeleteInBinsInBinsMaster" time="46.265" classname="com.focus.testcases.MastersTest">
    <failure type="java.lang.AssertionError" message="expected [true] but found [false]">
      <![CDATA[java.lang.AssertionError: expected [true] but found [false]
	at org.testng.Assert.fail(Assert.java:94)
	at org.testng.Assert.failNotEquals(Assert.java:513)
	at org.testng.Assert.assertEqualsImpl(Assert.java:135)
	at org.testng.Assert.assertEquals(Assert.java:116)
	at org.testng.Assert.assertEquals(Assert.java:305)
	at org.testng.Assert.assertEquals(Assert.java:315)
	at com.focus.testcases.MastersTest.checkDeleteInBinsInBinsMaster(MastersTest.java:145)
	at sun.reflect.NativeMethodAccessorImpl.invoke0(Native Method)
	at sun.reflect.NativeMethodAccessorImpl.invoke(Unknown Source)
	at sun.reflect.DelegatingMethodAccessorImpl.invoke(Unknown Source)
	at java.lang.reflect.Method.invoke(Unknown Source)
	at org.testng.internal.MethodInvocationHelper.invokeMethod(MethodInvocationHelper.java:86)
	at org.testng.internal.Invoker.invokeMethod(Invoker.java:643)
	at org.testng.internal.Invoker.invokeTestMethod(Invoker.java:820)
	at org.testng.internal.Invoker.invokeTestMethods(Invoker.java:1128)
	at org.testng.internal.TestMethodWorker.invokeTestMethods(TestMethodWorker.java:129)
	at org.testng.internal.TestMethodWorker.run(TestMethodWorker.java:112)
	at org.testng.TestRunner.privateRun(TestRunner.java:782)
	at org.testng.TestRunner.run(TestRunner.java:632)
	at org.testng.SuiteRunner.runTest(SuiteRunner.java:366)
	at org.testng.SuiteRunner.runSequentially(SuiteRunner.java:361)
	at org.testng.SuiteRunner.privateRun(SuiteRunner.java:319)
	at org.testng.SuiteRunner.run(SuiteRunner.java:268)
	at org.testng.SuiteRunnerWorker.runSuite(SuiteRunnerWorker.java:52)
	at org.testng.SuiteRunnerWorker.run(SuiteRunnerWorker.java:86)
	at org.testng.TestNG.runSuitesSequentially(TestNG.java:1244)
	at org.testng.TestNG.runSuitesLocally(TestNG.java:1169)
	at org.testng.TestNG.run(TestNG.java:1064)
	at org.testng.remote.AbstractRemoteTestNG.run(AbstractRemoteTestNG.java:114)
	at org.testng.remote.RemoteTestNG.initAndRun(RemoteTestNG.java:251)
	at org.testng.remote.RemoteTestNG.main(RemoteTestNG.java:77)
]]>
    </failure>
  </testcase> <!-- checkDeleteInBinsInBinsMaster -->
  <testcase name="checkCreateUserWithRestrictionsForAccount" time="62.211" classname="com.focus.testcases.MastersTest"/>
  <testcase name="checkSavingSellerPriceBook" time="17.459" classname="com.focus.testcases.MastersTest"/>
  <testcase name="checkSavingBuyerPriceBook" time="16.134" classname="com.focus.testcases.MastersTest"/>
  <testcase name="checkSavingUnitConversion" time="5.533" classname="com.focus.testcases.MastersTest"/>
  <testcase name="checkUpdatingTheCreatedUser" time="8.495" classname="com.focus.testcases.MastersTest"/>
  <testcase name="checkDeletingTransactionAuthorizationInPurchaseReturns" time="12.144" classname="com.focus.testcases.MastersTest"/>
  <testcase name="checkUpdatingSellerPriceBook" time="5.962" classname="com.focus.testcases.MastersTest"/>
  <testcase name="checkEditAndUpdateSavedRole" time="10.474" classname="com.focus.testcases.MastersTest"/>
  <testcase name="checkEditingInSavedWarehouseINWarehouseMaster" time="2.467" classname="com.focus.testcases.MastersTest"/>
  <testcase name="checkUpdateExchangeRate" time="16.592" classname="com.focus.testcases.MastersTest"/>
  <testcase name="checkExchangeRateHistoryAfterUpdating" time="16.185" classname="com.focus.testcases.MastersTest"/>
  <testcase name="checkUpdatingBuyerPriceBook" time="6.010" classname="com.focus.testcases.MastersTest"/>
  <testcase name="checkEditingSavedTestWorkFlow" time="5.776" classname="com.focus.testcases.MastersTest"/>
  <testcase name="checkSavingTestWorkFlow" time="20.970" classname="com.focus.testcases.MastersTest"/>
  <testcase name="checkDeletingUpdatedUser" time="10.524" classname="com.focus.testcases.MastersTest"/>
  <testcase name="checkEditingInSavedAccountINAccountMaster" time="4.689" classname="com.focus.testcases.MastersTest"/>
</testsuite> <!-- com.focus.testcases.MastersTest -->
