<?xml version="1.0" encoding="UTF-8"?>
<!-- Generated by org.testng.reporters.JUnitReportReporter -->
<testsuite hostname="FOCUS-QA-4" name="com.focus.testcases.PurchaseVouchersVATTest" tests="21" failures="4" timestamp="10 May 2021 14:43:30 GMT" time="404.984" errors="0">
  <testcase name="checkVerifyingAndDeletingPurchaseVoucherVATVoucher5" time="12.993" classname="com.focus.testcases.PurchaseVouchersVATTest"/>
  <testcase name="checkSavingPurchaseVoucherVATVoucher1WithPurchaseOrderLink" time="31.411" classname="com.focus.testcases.PurchaseVouchersVATTest"/>
  <testcase name="checkEditingPurchaseVoucherVATVoucher5AddRow2AndUpdate" time="21.229" classname="com.focus.testcases.PurchaseVouchersVATTest"/>
  <testcase name="checkSavingPurchaseVoucherVATVoucher4WithBinItem" time="20.011" classname="com.focus.testcases.PurchaseVouchersVATTest">
    <failure type="java.lang.AssertionError" message="expected [true] but found [false]">
      <![CDATA[java.lang.AssertionError: expected [true] but found [false]
	at org.testng.Assert.fail(Assert.java:94)
	at org.testng.Assert.failNotEquals(Assert.java:513)
	at org.testng.Assert.assertEqualsImpl(Assert.java:135)
	at org.testng.Assert.assertEquals(Assert.java:116)
	at org.testng.Assert.assertEquals(Assert.java:305)
	at org.testng.Assert.assertEquals(Assert.java:315)
	at com.focus.testcases.PurchaseVouchersVATTest.checkSavingPurchaseVoucherVATVoucher4WithBinItem(PurchaseVouchersVATTest.java:106)
	at sun.reflect.NativeMethodAccessorImpl.invoke0(Native Method)
	at sun.reflect.NativeMethodAccessorImpl.invoke(Unknown Source)
	at sun.reflect.DelegatingMethodAccessorImpl.invoke(Unknown Source)
	at java.lang.reflect.Method.invoke(Unknown Source)
	at org.testng.internal.MethodInvocationHelper.invokeMethod(MethodInvocationHelper.java:86)
	at org.testng.internal.Invoker.invokeMethod(Invoker.java:643)
	at org.testng.internal.Invoker.invokeTestMethod(Invoker.java:820)
	at org.testng.internal.Invoker.invokeTestMethods(Invoker.java:1128)
	at org.testng.internal.TestMethodWorker.invokeTestMethods(TestMethodWorker.java:129)
	at org.testng.internal.TestMethodWorker.run(TestMethodWorker.java:112)
	at org.testng.TestRunner.privateRun(TestRunner.java:782)
	at org.testng.TestRunner.run(TestRunner.java:632)
	at org.testng.SuiteRunner.runTest(SuiteRunner.java:366)
	at org.testng.SuiteRunner.runSequentially(SuiteRunner.java:361)
	at org.testng.SuiteRunner.privateRun(SuiteRunner.java:319)
	at org.testng.SuiteRunner.run(SuiteRunner.java:268)
	at org.testng.SuiteRunnerWorker.runSuite(SuiteRunnerWorker.java:52)
	at org.testng.SuiteRunnerWorker.run(SuiteRunnerWorker.java:86)
	at org.testng.TestNG.runSuitesSequentially(TestNG.java:1244)
	at org.testng.TestNG.runSuitesLocally(TestNG.java:1169)
	at org.testng.TestNG.run(TestNG.java:1064)
	at org.testng.remote.AbstractRemoteTestNG.run(AbstractRemoteTestNG.java:114)
	at org.testng.remote.RemoteTestNG.initAndRun(RemoteTestNG.java:251)
	at org.testng.remote.RemoteTestNG.main(RemoteTestNG.java:77)
]]>
    </failure>
  </testcase> <!-- checkSavingPurchaseVoucherVATVoucher4WithBinItem -->
  <testcase name="checkVerifyingPurchaseVoucherVATVoucher4SavingVoucher5" time="32.893" classname="com.focus.testcases.PurchaseVouchersVATTest"/>
  <testcase name="checkEditingPurchaseVoucherVATVoucher2AddRow2AndUpdate" time="17.055" classname="com.focus.testcases.PurchaseVouchersVATTest"/>
  <testcase name="checkEditingPurchaseVoucherVATVoucher4AddRow3AndUpdate" time="22.678" classname="com.focus.testcases.PurchaseVouchersVATTest">
    <failure type="java.lang.AssertionError" message="expected [true] but found [false]">
      <![CDATA[java.lang.AssertionError: expected [true] but found [false]
	at org.testng.Assert.fail(Assert.java:94)
	at org.testng.Assert.failNotEquals(Assert.java:513)
	at org.testng.Assert.assertEqualsImpl(Assert.java:135)
	at org.testng.Assert.assertEquals(Assert.java:116)
	at org.testng.Assert.assertEquals(Assert.java:305)
	at org.testng.Assert.assertEquals(Assert.java:315)
	at com.focus.testcases.PurchaseVouchersVATTest.checkEditingPurchaseVoucherVATVoucher4AddRow3AndUpdate(PurchaseVouchersVATTest.java:120)
	at sun.reflect.NativeMethodAccessorImpl.invoke0(Native Method)
	at sun.reflect.NativeMethodAccessorImpl.invoke(Unknown Source)
	at sun.reflect.DelegatingMethodAccessorImpl.invoke(Unknown Source)
	at java.lang.reflect.Method.invoke(Unknown Source)
	at org.testng.internal.MethodInvocationHelper.invokeMethod(MethodInvocationHelper.java:86)
	at org.testng.internal.Invoker.invokeMethod(Invoker.java:643)
	at org.testng.internal.Invoker.invokeTestMethod(Invoker.java:820)
	at org.testng.internal.Invoker.invokeTestMethods(Invoker.java:1128)
	at org.testng.internal.TestMethodWorker.invokeTestMethods(TestMethodWorker.java:129)
	at org.testng.internal.TestMethodWorker.run(TestMethodWorker.java:112)
	at org.testng.TestRunner.privateRun(TestRunner.java:782)
	at org.testng.TestRunner.run(TestRunner.java:632)
	at org.testng.SuiteRunner.runTest(SuiteRunner.java:366)
	at org.testng.SuiteRunner.runSequentially(SuiteRunner.java:361)
	at org.testng.SuiteRunner.privateRun(SuiteRunner.java:319)
	at org.testng.SuiteRunner.run(SuiteRunner.java:268)
	at org.testng.SuiteRunnerWorker.runSuite(SuiteRunnerWorker.java:52)
	at org.testng.SuiteRunnerWorker.run(SuiteRunnerWorker.java:86)
	at org.testng.TestNG.runSuitesSequentially(TestNG.java:1244)
	at org.testng.TestNG.runSuitesLocally(TestNG.java:1169)
	at org.testng.TestNG.run(TestNG.java:1064)
	at org.testng.remote.AbstractRemoteTestNG.run(AbstractRemoteTestNG.java:114)
	at org.testng.remote.RemoteTestNG.initAndRun(RemoteTestNG.java:251)
	at org.testng.remote.RemoteTestNG.main(RemoteTestNG.java:77)
]]>
    </failure>
  </testcase> <!-- checkEditingPurchaseVoucherVATVoucher4AddRow3AndUpdate -->
  <testcase name="checkSavingPurchaseVoucherVATVoucher4With2RowsAndBinItem" time="19.291" classname="com.focus.testcases.PurchaseVouchersVATTest"/>
  <testcase name="checkVerifyingPurchaseVoucherVATVoucher2SavingVoucher3" time="23.873" classname="com.focus.testcases.PurchaseVouchersVATTest"/>
  <testcase name="checkVerifyingPurchaseVoucherVATVoucher3SavingVoucher4" time="23.794" classname="com.focus.testcases.PurchaseVouchersVATTest"/>
  <testcase name="checkVerifyingAndDeletingPurchaseVoucherVATVoucher4" time="10.986" classname="com.focus.testcases.PurchaseVouchersVATTest"/>
  <testcase name="checkSavingPurchaseVoucherVATVoucher2WithBatchItem" time="16.025" classname="com.focus.testcases.PurchaseVouchersVATTest"/>
  <testcase name="checkVerifyingAndDeletingPurchaseVoucherVATVoucher3" time="10.927" classname="com.focus.testcases.PurchaseVouchersVATTest"/>
  <testcase name="checkEditingPurchaseVoucherVATVoucher3AddRow2AndUpdate" time="16.359" classname="com.focus.testcases.PurchaseVouchersVATTest"/>
  <testcase name="checkRulesInPurchaseVoucherVat" time="19.921" classname="com.focus.testcases.PurchaseVouchersVATTest"/>
  <testcase name="checkVerifingTriggersOptionInPurchaseVAT" time="7.245" classname="com.focus.testcases.PurchaseVouchersVATTest">
    <failure type="java.lang.AssertionError" message="expected [true] but found [false]">
      <![CDATA[java.lang.AssertionError: expected [true] but found [false]
	at org.testng.Assert.fail(Assert.java:94)
	at org.testng.Assert.failNotEquals(Assert.java:513)
	at org.testng.Assert.assertEqualsImpl(Assert.java:135)
	at org.testng.Assert.assertEquals(Assert.java:116)
	at org.testng.Assert.assertEquals(Assert.java:305)
	at org.testng.Assert.assertEquals(Assert.java:315)
	at com.focus.testcases.PurchaseVouchersVATTest.checkVerifingTriggersOptionInPurchaseVAT(PurchaseVouchersVATTest.java:185)
	at sun.reflect.NativeMethodAccessorImpl.invoke0(Native Method)
	at sun.reflect.NativeMethodAccessorImpl.invoke(Unknown Source)
	at sun.reflect.DelegatingMethodAccessorImpl.invoke(Unknown Source)
	at java.lang.reflect.Method.invoke(Unknown Source)
	at org.testng.internal.MethodInvocationHelper.invokeMethod(MethodInvocationHelper.java:86)
	at org.testng.internal.Invoker.invokeMethod(Invoker.java:643)
	at org.testng.internal.Invoker.invokeTestMethod(Invoker.java:820)
	at org.testng.internal.Invoker.invokeTestMethods(Invoker.java:1128)
	at org.testng.internal.TestMethodWorker.invokeTestMethods(TestMethodWorker.java:129)
	at org.testng.internal.TestMethodWorker.run(TestMethodWorker.java:112)
	at org.testng.TestRunner.privateRun(TestRunner.java:782)
	at org.testng.TestRunner.run(TestRunner.java:632)
	at org.testng.SuiteRunner.runTest(SuiteRunner.java:366)
	at org.testng.SuiteRunner.runSequentially(SuiteRunner.java:361)
	at org.testng.SuiteRunner.privateRun(SuiteRunner.java:319)
	at org.testng.SuiteRunner.run(SuiteRunner.java:268)
	at org.testng.SuiteRunnerWorker.runSuite(SuiteRunnerWorker.java:52)
	at org.testng.SuiteRunnerWorker.run(SuiteRunnerWorker.java:86)
	at org.testng.TestNG.runSuitesSequentially(TestNG.java:1244)
	at org.testng.TestNG.runSuitesLocally(TestNG.java:1169)
	at org.testng.TestNG.run(TestNG.java:1064)
	at org.testng.remote.AbstractRemoteTestNG.run(AbstractRemoteTestNG.java:114)
	at org.testng.remote.RemoteTestNG.initAndRun(RemoteTestNG.java:251)
	at org.testng.remote.RemoteTestNG.main(RemoteTestNG.java:77)
]]>
    </failure>
  </testcase> <!-- checkVerifingTriggersOptionInPurchaseVAT -->
  <testcase name="checkVerifyingAndDeletingPurchaseVoucherVATVoucher6" time="12.354" classname="com.focus.testcases.PurchaseVouchersVATTest"/>
  <testcase name="checkVerifyingPurchaseVoucherVATVoucher5SavingVoucher6" time="31.693" classname="com.focus.testcases.PurchaseVouchersVATTest"/>
  <testcase name="checkVerifingDetailsOfSavedPurchaseVoucherVATInHomepage" time="16.986" classname="com.focus.testcases.PurchaseVouchersVATTest">
    <failure type="java.lang.AssertionError" message="expected [true] but found [false]">
      <![CDATA[java.lang.AssertionError: expected [true] but found [false]
	at org.testng.Assert.fail(Assert.java:94)
	at org.testng.Assert.failNotEquals(Assert.java:513)
	at org.testng.Assert.assertEqualsImpl(Assert.java:135)
	at org.testng.Assert.assertEquals(Assert.java:116)
	at org.testng.Assert.assertEquals(Assert.java:305)
	at org.testng.Assert.assertEquals(Assert.java:315)
	at com.focus.testcases.PurchaseVouchersVATTest.checkVerifingDetailsOfSavedPurchaseVoucherVATInHomepage(PurchaseVouchersVATTest.java:176)
	at sun.reflect.NativeMethodAccessorImpl.invoke0(Native Method)
	at sun.reflect.NativeMethodAccessorImpl.invoke(Unknown Source)
	at sun.reflect.DelegatingMethodAccessorImpl.invoke(Unknown Source)
	at java.lang.reflect.Method.invoke(Unknown Source)
	at org.testng.internal.MethodInvocationHelper.invokeMethod(MethodInvocationHelper.java:86)
	at org.testng.internal.Invoker.invokeMethod(Invoker.java:643)
	at org.testng.internal.Invoker.invokeTestMethod(Invoker.java:820)
	at org.testng.internal.Invoker.invokeTestMethods(Invoker.java:1128)
	at org.testng.internal.TestMethodWorker.invokeTestMethods(TestMethodWorker.java:129)
	at org.testng.internal.TestMethodWorker.run(TestMethodWorker.java:112)
	at org.testng.TestRunner.privateRun(TestRunner.java:782)
	at org.testng.TestRunner.run(TestRunner.java:632)
	at org.testng.SuiteRunner.runTest(SuiteRunner.java:366)
	at org.testng.SuiteRunner.runSequentially(SuiteRunner.java:361)
	at org.testng.SuiteRunner.privateRun(SuiteRunner.java:319)
	at org.testng.SuiteRunner.run(SuiteRunner.java:268)
	at org.testng.SuiteRunnerWorker.runSuite(SuiteRunnerWorker.java:52)
	at org.testng.SuiteRunnerWorker.run(SuiteRunnerWorker.java:86)
	at org.testng.TestNG.runSuitesSequentially(TestNG.java:1244)
	at org.testng.TestNG.runSuitesLocally(TestNG.java:1169)
	at org.testng.TestNG.run(TestNG.java:1064)
	at org.testng.remote.AbstractRemoteTestNG.run(AbstractRemoteTestNG.java:114)
	at org.testng.remote.RemoteTestNG.initAndRun(RemoteTestNG.java:251)
	at org.testng.remote.RemoteTestNG.main(RemoteTestNG.java:77)
]]>
    </failure>
  </testcase> <!-- checkVerifingDetailsOfSavedPurchaseVoucherVATInHomepage -->
  <testcase name="checkSavingPurchaseVoucherVATVoucher5WithRMAItem" time="20.579" classname="com.focus.testcases.PurchaseVouchersVATTest"/>
  <testcase name="checkSavingPurchaseVoucherVATVoucher3WithStockItem" time="16.681" classname="com.focus.testcases.PurchaseVouchersVATTest"/>
</testsuite> <!-- com.focus.testcases.PurchaseVouchersVATTest -->
