<?xml version="1.0" encoding="UTF-8"?>
<!-- Generated by org.testng.reporters.JUnitReportReporter -->
<testsuite hostname="FOCUS-QA-4" name="com.focus.testcases.BuyerSellerPricebookAndVoucherPrintPDFEmailValidationsTest" tests="46" failures="1" timestamp="10 May 2021 14:43:30 GMT" time="1598.378" errors="0">
  <testcase name="checkPrintPdfOfSalesInvoiceVATWithImportedXML" time="54.935" classname="com.focus.testcases.BuyerSellerPricebookAndVoucherPrintPDFEmailValidationsTest"/>
  <testcase name="checkSavingPurchaseVoucherVATVoucher2WithRateFormula" time="30.956" classname="com.focus.testcases.BuyerSellerPricebookAndVoucherPrintPDFEmailValidationsTest"/>
  <testcase name="checkSavedVoucherInSalesINvoiceVAT" time="5.837" classname="com.focus.testcases.BuyerSellerPricebookAndVoucherPrintPDFEmailValidationsTest"/>
  <testcase name="checkSavingPurchasesVatDesignLayout" time="208.367" classname="com.focus.testcases.BuyerSellerPricebookAndVoucherPrintPDFEmailValidationsTest"/>
  <testcase name="checkPrintPdfOfPurchaseVoucherVATWithImportedXML" time="54.857" classname="com.focus.testcases.BuyerSellerPricebookAndVoucherPrintPDFEmailValidationsTest"/>
  <testcase name="checkDragandDropHeaderFiledsAndBodyFiledsIntoLayout" time="189.496" classname="com.focus.testcases.BuyerSellerPricebookAndVoucherPrintPDFEmailValidationsTest"/>
  <testcase name="checkVerifyingPurchaseVoucherVATVoucher1" time="12.271" classname="com.focus.testcases.BuyerSellerPricebookAndVoucherPrintPDFEmailValidationsTest"/>
  <testcase name="checkSavedVoucher2InSalesINvoiceVATWithFormulaControl" time="5.688" classname="com.focus.testcases.BuyerSellerPricebookAndVoucherPrintPDFEmailValidationsTest"/>
  <testcase name="checkPrintPdfOfPurchaseVoucherVATWithCreatedLayout" time="36.950" classname="com.focus.testcases.BuyerSellerPricebookAndVoucherPrintPDFEmailValidationsTest"/>
  <testcase name="checkSavingPurchaseVoucherVATVoucher5WithStockItem" time="20.710" classname="com.focus.testcases.BuyerSellerPricebookAndVoucherPrintPDFEmailValidationsTest"/>
  <testcase name="checkSavingSalesInvoiceVATVoucher4WithRateAsLessThanCreditLimit" time="19.834" classname="com.focus.testcases.BuyerSellerPricebookAndVoucherPrintPDFEmailValidationsTest"/>
  <testcase name="checkUpdatingBuyerPricebookFormulaForSalesInvoiceVAT" time="12.256" classname="com.focus.testcases.BuyerSellerPricebookAndVoucherPrintPDFEmailValidationsTest"/>
  <testcase name="checkPostingDetailsWithRateLessThanStandardRate" time="8.743" classname="com.focus.testcases.BuyerSellerPricebookAndVoucherPrintPDFEmailValidationsTest"/>
  <testcase name="checkEraseAllTransactionsAfterCompletingAllValidations" time="8.686" classname="com.focus.testcases.BuyerSellerPricebookAndVoucherPrintPDFEmailValidationsTest"/>
  <testcase name="checkVerifyingPurchaseVoucherVATVoucher3" time="12.034" classname="com.focus.testcases.BuyerSellerPricebookAndVoucherPrintPDFEmailValidationsTest"/>
  <testcase name="checkUpdatingBuyerPricebookFormulaForSalesInvoiceVATVoucher3" time="12.435" classname="com.focus.testcases.BuyerSellerPricebookAndVoucherPrintPDFEmailValidationsTest"/>
  <testcase name="checkUpdatingBuyerPricebookFormulaForPurchaseVoucherVAT" time="10.440" classname="com.focus.testcases.BuyerSellerPricebookAndVoucherPrintPDFEmailValidationsTest"/>
  <testcase name="checkSavingSalesInvoiceVATVoucher3WithRateFormula" time="38.099" classname="com.focus.testcases.BuyerSellerPricebookAndVoucherPrintPDFEmailValidationsTest"/>
  <testcase name="checkPrintPdfOfPurchaseVoucherVAT" time="36.128" classname="com.focus.testcases.BuyerSellerPricebookAndVoucherPrintPDFEmailValidationsTest"/>
  <testcase name="checkLayoutOptions" time="2.337" classname="com.focus.testcases.BuyerSellerPricebookAndVoucherPrintPDFEmailValidationsTest"/>
  <testcase name="checkPrintPdfOfSalesInvoiceVAT" time="37.127" classname="com.focus.testcases.BuyerSellerPricebookAndVoucherPrintPDFEmailValidationsTest"/>
  <testcase name="checkChangeFieldPropertiesInLyout" time="102.196" classname="com.focus.testcases.BuyerSellerPricebookAndVoucherPrintPDFEmailValidationsTest"/>
  <testcase name="checkPurchaseVoucherVATWithBinItemAutoAllocateInBinPopup" time="26.701" classname="com.focus.testcases.BuyerSellerPricebookAndVoucherPrintPDFEmailValidationsTest">
    <failure type="java.lang.AssertionError" message="expected [true] but found [false]">
      <![CDATA[java.lang.AssertionError: expected [true] but found [false]
	at org.testng.Assert.fail(Assert.java:94)
	at org.testng.Assert.failNotEquals(Assert.java:513)
	at org.testng.Assert.assertEqualsImpl(Assert.java:135)
	at org.testng.Assert.assertEquals(Assert.java:116)
	at org.testng.Assert.assertEquals(Assert.java:305)
	at org.testng.Assert.assertEquals(Assert.java:315)
	at com.focus.testcases.BuyerSellerPricebookAndVoucherPrintPDFEmailValidationsTest.checkPurchaseVoucherVATWithBinItemAutoAllocateInBinPopup(BuyerSellerPricebookAndVoucherPrintPDFEmailValidationsTest.java:128)
	at sun.reflect.NativeMethodAccessorImpl.invoke0(Native Method)
	at sun.reflect.NativeMethodAccessorImpl.invoke(Unknown Source)
	at sun.reflect.DelegatingMethodAccessorImpl.invoke(Unknown Source)
	at java.lang.reflect.Method.invoke(Unknown Source)
	at org.testng.internal.MethodInvocationHelper.invokeMethod(MethodInvocationHelper.java:86)
	at org.testng.internal.Invoker.invokeMethod(Invoker.java:643)
	at org.testng.internal.Invoker.invokeTestMethod(Invoker.java:820)
	at org.testng.internal.Invoker.invokeTestMethods(Invoker.java:1128)
	at org.testng.internal.TestMethodWorker.invokeTestMethods(TestMethodWorker.java:129)
	at org.testng.internal.TestMethodWorker.run(TestMethodWorker.java:112)
	at org.testng.TestRunner.privateRun(TestRunner.java:782)
	at org.testng.TestRunner.run(TestRunner.java:632)
	at org.testng.SuiteRunner.runTest(SuiteRunner.java:366)
	at org.testng.SuiteRunner.runSequentially(SuiteRunner.java:361)
	at org.testng.SuiteRunner.privateRun(SuiteRunner.java:319)
	at org.testng.SuiteRunner.run(SuiteRunner.java:268)
	at org.testng.SuiteRunnerWorker.runSuite(SuiteRunnerWorker.java:52)
	at org.testng.SuiteRunnerWorker.run(SuiteRunnerWorker.java:86)
	at org.testng.TestNG.runSuitesSequentially(TestNG.java:1244)
	at org.testng.TestNG.runSuitesLocally(TestNG.java:1169)
	at org.testng.TestNG.run(TestNG.java:1064)
	at org.testng.remote.AbstractRemoteTestNG.run(AbstractRemoteTestNG.java:114)
	at org.testng.remote.RemoteTestNG.initAndRun(RemoteTestNG.java:251)
	at org.testng.remote.RemoteTestNG.main(RemoteTestNG.java:77)
]]>
    </failure>
  </testcase> <!-- checkPurchaseVoucherVATWithBinItemAutoAllocateInBinPopup -->
  <testcase name="checkPrintPdfOfPurchaseVoucherVATWithDocumentSetVendorB" time="36.234" classname="com.focus.testcases.BuyerSellerPricebookAndVoucherPrintPDFEmailValidationsTest"/>
  <testcase name="checkSavedVoucher4AndTryingToUpdateVoucherRateGreaterThanCreditLimit" time="7.780" classname="com.focus.testcases.BuyerSellerPricebookAndVoucherPrintPDFEmailValidationsTest"/>
  <testcase name="checkSavingPurchaseVoucherVATVoucher1WithoutRateFormula" time="47.653" classname="com.focus.testcases.BuyerSellerPricebookAndVoucherPrintPDFEmailValidationsTest"/>
  <testcase name="checksalesInvoiceVatWithBuyerSellerPriceBooklist" time="56.779" classname="com.focus.testcases.BuyerSellerPricebookAndVoucherPrintPDFEmailValidationsTest"/>
  <testcase name="checkRestoreCompanyForDocumentSet" time="31.270" classname="com.focus.testcases.BuyerSellerPricebookAndVoucherPrintPDFEmailValidationsTest"/>
  <testcase name="checkSavingSalesInvoiceVATVoucher2WithRateFormula" time="37.951" classname="com.focus.testcases.BuyerSellerPricebookAndVoucherPrintPDFEmailValidationsTest"/>
  <testcase name="checkPrintScreenOptions" time="2.703" classname="com.focus.testcases.BuyerSellerPricebookAndVoucherPrintPDFEmailValidationsTest"/>
  <testcase name="checkSavingPurchaseVoucherVATVoucher3WithRateFormulaWithAbbrevation" time="30.907" classname="com.focus.testcases.BuyerSellerPricebookAndVoucherPrintPDFEmailValidationsTest"/>
  <testcase name="checkFieldsTabOptions" time="0.438" classname="com.focus.testcases.BuyerSellerPricebookAndVoucherPrintPDFEmailValidationsTest"/>
  <testcase name="checkUpdatingBuyerPricebookFormulaWithAbbrivationForPurchaseVoucherVAT" time="12.298" classname="com.focus.testcases.BuyerSellerPricebookAndVoucherPrintPDFEmailValidationsTest"/>
  <testcase name="checkVerifyingPurchaseVoucherVATVoucher2" time="11.899" classname="com.focus.testcases.BuyerSellerPricebookAndVoucherPrintPDFEmailValidationsTest"/>
  <testcase name="checkUpdatedLayoutAndDeleteTheLayout" time="18.283" classname="com.focus.testcases.BuyerSellerPricebookAndVoucherPrintPDFEmailValidationsTest"/>
  <testcase name="checkInvoiceDesignOptions" time="6.593" classname="com.focus.testcases.BuyerSellerPricebookAndVoucherPrintPDFEmailValidationsTest"/>
  <testcase name="checkSavingPurchaseVoucherVATVoucher4WithStockItem" time="21.551" classname="com.focus.testcases.BuyerSellerPricebookAndVoucherPrintPDFEmailValidationsTest"/>
  <testcase name="checkChangingRatePreloadBehaviourToRateSalesInvoiceVAT" time="12.601" classname="com.focus.testcases.BuyerSellerPricebookAndVoucherPrintPDFEmailValidationsTest"/>
  <testcase name="checkEmailOptionInSalesInvoiceVAT" time="81.369" classname="com.focus.testcases.BuyerSellerPricebookAndVoucherPrintPDFEmailValidationsTest"/>
  <testcase name="checkPostingDetailsWithEqualsToAndUpdatingRateToGreaterThanStandardRate" time="18.206" classname="com.focus.testcases.BuyerSellerPricebookAndVoucherPrintPDFEmailValidationsTest"/>
  <testcase name="checkSavedVoucher3InSalesINvoiceVATWithFormulaControl" time="1.666" classname="com.focus.testcases.BuyerSellerPricebookAndVoucherPrintPDFEmailValidationsTest"/>
  <testcase name="checkEditingLayoutByAddingFields" time="54.057" classname="com.focus.testcases.BuyerSellerPricebookAndVoucherPrintPDFEmailValidationsTest"/>
  <testcase name="checkEmailOptionInPurchaseVoucherVAT" time="84.803" classname="com.focus.testcases.BuyerSellerPricebookAndVoucherPrintPDFEmailValidationsTest"/>
  <testcase name="checkPrintPdfOfPurchaseVoucherVATWithDocumentSetVendorA" time="49.929" classname="com.focus.testcases.BuyerSellerPricebookAndVoucherPrintPDFEmailValidationsTest"/>
  <testcase name="checkPostingDetailsWithGreaterThanAndUpdatingRateToLessThanStandardRate" time="15.277" classname="com.focus.testcases.BuyerSellerPricebookAndVoucherPrintPDFEmailValidationsTest"/>
  <testcase name="checkChangingRatePreloadBehaviourToRatePurchaseVoucherVAT" time="11.048" classname="com.focus.testcases.BuyerSellerPricebookAndVoucherPrintPDFEmailValidationsTest"/>
</testsuite> <!-- com.focus.testcases.BuyerSellerPricebookAndVoucherPrintPDFEmailValidationsTest -->
